#
# A fatal error has been detected by the Java Runtime Environment:
#
#  SIGSEGV (0xb) at pc=0x000000010648cb51, pid=553, tid=0x0000000000004303
#
# JRE version: OpenJDK Runtime Environment (8.0_152-b01) (build 1.8.0_152-release-1024-b01)
# Java VM: OpenJDK 64-Bit Server VM (25.152-b01 mixed mode bsd-amd64 compressed oops)
# Problematic frame:
# V  [libjvm.dylib+0x28cb51]
#
# Failed to write core dump. Core dumps have been disabled. To enable core dumping, try "ulimit -c unlimited" before starting Java again
#
# If you would like to submit a bug report, please visit:
#   http://bugreport.java.com/bugreport/crash.jsp
#

---------------  T H R E A D  ---------------

Current thread (0x00007f826880f800):  JavaThread "C2 CompilerThread2" daemon [_thread_in_native, id=17155, stack(0x0000700004f0a000,0x000070000500a000)]

siginfo: si_signo: 11 (SIGSEGV), si_code: 0 (unknown), si_addr: 0x0000000000000000

Registers:
RAX=0x0000000000000003, RBX=0x0000000000000001, RCX=0x0000000000000000, RDX=0x80007f8269d2c1e0
RSP=0x0000700005006930, RBP=0x0000700005006950, RSI=0x0000000000000100, RDI=0x0000700005006960
R8 =0x0000000055555555, R9 =0x0000000000000001, R10=0x000000000000000a, R11=0x0000000001643860
R12=0x00000001069f33f0, R13=0x00007000050082b8, R14=0x0000700005006960, R15=0x0000000000000100
RIP=0x000000010648cb51, EFLAGS=0x0000000000010246, ERR=0x0000000000000000
  TRAPNO=0x000000000000000d

Top of Stack: (sp=0x0000700005006930)
0x0000700005006930:   0000700005006bb0 0000000000010e28
0x0000700005006940:   0000000000000299 0000700005006960
0x0000700005006950:   00007000050069b0 0000000106488450
0x0000700005006960:   000000e200000000 0000000000000007
0x0000700005006970:   80007f8269d2c1e0 00007f8200000001
0x0000700005006980:   00007f82705fddc0 0000000000000003
0x0000700005006990:   00007f82705fddb0 00007f827025d810
0x00007000050069a0:   000000000000752f 0000000000000299
0x00007000050069b0:   0000700005006a50 000000010634b23f
0x00007000050069c0:   0000003900000000 000001d600000000
0x00007000050069d0:   00007f8200000008 00007f8269d2b9c0
0x00007000050069e0:   00007f8200000003 00007f82705fdd20
0x00007000050069f0:   00007f8200000003 00007f82705fdd10
0x0000700005006a00:   00007f827026e5d0 00007f827025d810
0x0000700005006a10:   0000000000010dc0 00000000f0761c78
0x0000700005006a20:   0000752fffffffff 0000700005006bf0
0x0000700005006a30:   00007000050083a0 00007000050082b8
0x0000700005006a40:   00007000050083a0 0000700005006b28
0x0000700005006a50:   0000700005006c80 0000000106349e07
0x0000700005006a60:   0000000000000029 00000001069afba0
0x0000700005006a70:   000070000000000d 0000700005009078
0x0000700005006a80:   00007000050082b8 0000000000000003
0x0000700005006a90:   0000700005006a98 00007f8269d29480
0x0000700005006aa0:   00000001069f33f0 00000001069f33f0
0x0000700005006ab0:   0000700005006bd0 0000000000000002
0x0000700005006ac0:   0000700005006af0 000000010634be59
0x0000700005006ad0:   00007f82702b0b90 000000000000008d
0x0000700005006ae0:   00007000050083e8 000000010670b7db
0x0000700005006af0:   0000000000007fd8 000000010670b847
0x0000700005006b00:   0000700005006b50 0000000106298b2e
0x0000700005006b10:   00007f8200000000 0000700000000003
0x0000700005006b20:   00007f826770b910 000000000000000a 

Instructions: (pc=0x000000010648cb51)
0x000000010648cb31:   08 4c 8d 25 b7 68 56 00 89 d9 49 8b 56 20 48 8b
0x000000010648cb41:   14 ca 4c 39 e2 74 2f 49 89 56 10 44 89 fe 31 c9
0x000000010648cb51:   83 3c 8a 00 75 44 48 ff c1 83 c6 20 48 83 f9 08
0x000000010648cb61:   72 ee 49 8b 7e 30 48 85 ff 74 0b 89 de e8 11 f9 

Register to memory mapping:

RAX=0x0000000000000003 is an unknown value
RBX=0x0000000000000001 is an unknown value
RCX=0x0000000000000000 is an unknown value
RDX=0x80007f8269d2c1e0 is an unknown value
RSP=0x0000700005006930 is pointing into the stack for thread: 0x00007f826880f800
RBP=0x0000700005006950 is pointing into the stack for thread: 0x00007f826880f800
RSI=0x0000000000000100 is an unknown value
RDI=0x0000700005006960 is pointing into the stack for thread: 0x00007f826880f800
R8 =0x0000000055555555 is an unknown value
R9 =0x0000000000000001 is an unknown value
R10=0x000000000000000a is an unknown value
R11=0x0000000001643860 is an unknown value
R12=0x00000001069f33f0: _ZN8IndexSet12_empty_blockE+0 in /Applications/Android Studio.app/Contents/jre/jdk/Contents/Home/jre/lib/server/libjvm.dylib at 0x0000000106200000
R13=0x00007000050082b8 is pointing into the stack for thread: 0x00007f826880f800
R14=0x0000700005006960 is pointing into the stack for thread: 0x00007f826880f800
R15=0x0000000000000100 is an unknown value


Stack: [0x0000700004f0a000,0x000070000500a000],  sp=0x0000700005006930,  free space=1010k
Native frames: (J=compiled Java code, j=interpreted, Vv=VM code, C=native code)
V  [libjvm.dylib+0x28cb51]
V  [libjvm.dylib+0x288450]
V  [libjvm.dylib+0x14b23f]
V  [libjvm.dylib+0x149e07]
V  [libjvm.dylib+0x1969a0]
V  [libjvm.dylib+0x195388]
V  [libjvm.dylib+0x13b9da]
V  [libjvm.dylib+0x1a067a]
V  [libjvm.dylib+0x19fc78]
V  [libjvm.dylib+0x505e88]
V  [libjvm.dylib+0x505d4d]
V  [libjvm.dylib+0x435709]
C  [libsystem_pthread.dylib+0x36c1]  _pthread_body+0x154
C  [libsystem_pthread.dylib+0x356d]  _pthread_body+0x0
C  [libsystem_pthread.dylib+0x2c5d]  thread_start+0xd
C  0x0000000000000000


Current CompileTask:
C2:1801107 8237       4       java.lang.AbstractStringBuilder::append (144 bytes)


---------------  P R O C E S S  ---------------

Java Threads: ( => current thread )
  0x00007f826a939800 JavaThread "Cache worker for Artifact transforms cache (/Users/annascott/.gradle/caches/transforms-1)" [_thread_blocked, id=43783, stack(0x0000700005e37000,0x0000700005f37000)]
  0x00007f826f35f800 JavaThread "Cache worker for file hash cache (/Users/annascott/ApacheLanguage/.gradle/4.4/fileHashes)" [_thread_blocked, id=30471, stack(0x0000700005d34000,0x0000700005e34000)]
  0x00007f826f556800 JavaThread "Stdin handler" [_thread_blocked, id=86535, stack(0x0000700005a2b000,0x0000700005b2b000)]
  0x00007f826f555800 JavaThread "Asynchronous log dispatcher for DefaultDaemonConnection: socket connection from /127.0.0.1:49385 to /127.0.0.1:49731" [_thread_blocked, id=30727, stack(0x0000700005928000,0x0000700005a28000)]
  0x00007f82704bb000 JavaThread "Daemon worker Thread 2" [_thread_in_Java, id=44039, stack(0x0000700005825000,0x0000700005925000)]
  0x00007f8269fe4800 JavaThread "Cancel handler" [_thread_blocked, id=41479, stack(0x0000700005722000,0x0000700005822000)]
  0x00007f82704ba000 JavaThread "Handler for socket connection from /127.0.0.1:49385 to /127.0.0.1:49731" [_thread_in_native, id=42247, stack(0x000070000561f000,0x000070000571f000)]
  0x00007f8269fe4000 JavaThread "Daemon Thread 2" [_thread_blocked, id=42507, stack(0x000070000551c000,0x000070000561c000)]
  0x00007f826c3a9800 JavaThread "Memory manager" [_thread_blocked, id=36355, stack(0x0000700006752000,0x0000700006852000)]
  0x00007f8268bb3800 JavaThread "File lock request listener" [_thread_in_native, id=40451, stack(0x0000700005c31000,0x0000700005d31000)]
  0x00007f8268bb6800 JavaThread "Cache worker for file hash cache (/Users/annascott/.gradle/caches/4.4/fileHashes)" [_thread_blocked, id=23555, stack(0x0000700005b2e000,0x0000700005c2e000)]
  0x00007f8268ab3000 JavaThread "Daemon periodic checks" [_thread_blocked, id=22019, stack(0x0000700005419000,0x0000700005519000)]
  0x00007f82684e8800 JavaThread "Incoming local TCP Connector on port 49385" [_thread_in_native, id=43267, stack(0x0000700005316000,0x0000700005416000)]
  0x00007f8267877800 JavaThread "Service Thread" daemon [_thread_blocked, id=15875, stack(0x0000700005110000,0x0000700005210000)]
  0x00007f8268000800 JavaThread "C1 CompilerThread3" daemon [_thread_in_vm, id=16899, stack(0x000070000500d000,0x000070000510d000)]
=>0x00007f826880f800 JavaThread "C2 CompilerThread2" daemon [_thread_in_native, id=17155, stack(0x0000700004f0a000,0x000070000500a000)]
  0x00007f826880e800 JavaThread "C2 CompilerThread1" daemon [_thread_in_native, id=17411, stack(0x0000700004e07000,0x0000700004f07000)]
  0x00007f8269815000 JavaThread "C2 CompilerThread0" daemon [_thread_in_native, id=17667, stack(0x0000700004d04000,0x0000700004e04000)]
  0x00007f8269804000 JavaThread "Signal Dispatcher" daemon [_thread_blocked, id=14859, stack(0x0000700004c01000,0x0000700004d01000)]
  0x00007f8268809000 JavaThread "Finalizer" daemon [_thread_blocked, id=12803, stack(0x0000700004afe000,0x0000700004bfe000)]
  0x00007f826785a000 JavaThread "Reference Handler" daemon [_thread_blocked, id=12547, stack(0x00007000049fb000,0x0000700004afb000)]
  0x00007f826a001800 JavaThread "main" [_thread_blocked, id=10243, stack(0x0000700003fdd000,0x00007000040dd000)]

Other Threads:
  0x00007f8268808800 VMThread [stack: 0x00007000048f8000,0x00007000049f8000] [id=19971]
  0x00007f8267878800 WatcherThread [stack: 0x0000700005213000,0x0000700005313000] [id=16131]

VM state:not at safepoint (normal execution)

VM Mutex/Monitor currently owned by a thread: None

Heap:
 PSYoungGen      total 213504K, used 93947K [0x00000007a0000000, 0x00000007b1480000, 0x00000007c0000000)
  eden space 194560K, 48% used [0x00000007a0000000,0x00000007a5bbee90,0x00000007abe00000)
  from space 18944K, 0% used [0x00000007abe00000,0x00000007abe00000,0x00000007ad080000)
  to   space 20480K, 0% used [0x00000007b0080000,0x00000007b0080000,0x00000007b1480000)
 ParOldGen       total 260096K, used 32935K [0x0000000760000000, 0x000000076fe00000, 0x00000007a0000000)
  object space 260096K, 12% used [0x0000000760000000,0x0000000762029ca0,0x000000076fe00000)
 Metaspace       used 58544K, capacity 60444K, committed 60692K, reserved 1101824K
  class space    used 7734K, capacity 8207K, committed 8252K, reserved 1048576K

Card table byte_map: [0x0000000107028000,0x0000000107329000] byte_map_base: 0x0000000103528000

Marking Bits: (ParMarkBitMap*) 0x00000001069f81c8
 Begin Bits: [0x00000001178b7000, 0x00000001190b7000)
 End Bits:   [0x00000001190b7000, 0x000000011a8b7000)

Polling page: 0x0000000105184000

CodeCache: size=245760Kb used=23268Kb max_used=23268Kb free=222491Kb
 bounds [0x00000001088b7000, 0x0000000109f97000, 0x00000001178b7000]
 total_blobs=7883 nmethods=7112 adapters=683
 compilation: enabled

Compilation events (10 events):
Event: 1801.087 Thread 0x00007f8268000800 nmethod 8468 0x0000000109f50510 code [0x0000000109f50680, 0x0000000109f50850]
Event: 1801.087 Thread 0x00007f8268000800 8469       3       com.sun.org.apache.xerces.internal.jaxp.DocumentBuilderImpl::<init> (601 bytes)
Event: 1801.090 Thread 0x00007f8268000800 nmethod 8469 0x0000000109f696d0 code [0x0000000109f69bc0, 0x0000000109f6c948]
Event: 1801.092 Thread 0x00007f8268000800 8471       3       com.sun.org.apache.xerces.internal.parsers.AbstractDOMParser::dropDocumentReferences (41 bytes)
Event: 1801.092 Thread 0x00007f8268000800 nmethod 8471 0x0000000109f50150 code [0x0000000109f502a0, 0x0000000109f50490]
Event: 1801.092 Thread 0x00007f8268000800 8472   !   3       com.sun.org.apache.xerces.internal.parsers.DOMParser::parse (207 bytes)
Event: 1801.093 Thread 0x00007f8268000800 nmethod 8472 0x0000000109f58a10 code [0x0000000109f58d20, 0x0000000109f5a948]
Event: 1801.093 Thread 0x00007f8268000800 8475       3       com.sun.org.apache.xerces.internal.impl.validation.ValidationManager::reset (18 bytes)
Event: 1801.093 Thread 0x00007f8268000800 nmethod 8475 0x0000000109f585d0 code [0x0000000109f58740, 0x0000000109f58968]
Event: 1801.093 Thread 0x00007f8268000800 8473       3       com.sun.org.apache.xerces.internal.parsers.AbstractDOMParser::reset (198 bytes)

GC Heap History (10 events):
Event: 4.255 GC heap before
{Heap before GC invocations=8 (full 2):
 PSYoungGen      total 152064K, used 9708K [0x00000007a0000000, 0x00000007ace80000, 0x00000007c0000000)
  eden space 141312K, 0% used [0x00000007a0000000,0x00000007a0000000,0x00000007a8a00000)
  from space 10752K, 90% used [0x00000007a9500000,0x00000007a9e7b328,0x00000007a9f80000)
  to   space 11264K, 0% used [0x00000007a8a00000,0x00000007a8a00000,0x00000007a9500000)
 ParOldGen       total 109056K, used 8527K [0x0000000760000000, 0x0000000766a80000, 0x00000007a0000000)
  object space 109056K, 7% used [0x0000000760000000,0x0000000760853d90,0x0000000766a80000)
 Metaspace       used 34496K, capacity 35186K, committed 35416K, reserved 1079296K
  class space    used 4721K, capacity 4965K, committed 4992K, reserved 1048576K
Event: 4.300 GC heap after
Heap after GC invocations=8 (full 2):
 PSYoungGen      total 152064K, used 0K [0x00000007a0000000, 0x00000007ace80000, 0x00000007c0000000)
  eden space 141312K, 0% used [0x00000007a0000000,0x00000007a0000000,0x00000007a8a00000)
  from space 10752K, 0% used [0x00000007a9500000,0x00000007a9500000,0x00000007a9f80000)
  to   space 11264K, 0% used [0x00000007a8a00000,0x00000007a8a00000,0x00000007a9500000)
 ParOldGen       total 175104K, used 16260K [0x0000000760000000, 0x000000076ab00000, 0x00000007a0000000)
  object space 175104K, 9% used [0x0000000760000000,0x0000000760fe11f0,0x000000076ab00000)
 Metaspace       used 34496K, capacity 35186K, committed 35416K, reserved 1079296K
  class space    used 4721K, capacity 4965K, committed 4992K, reserved 1048576K
}
Event: 5.744 GC heap before
{Heap before GC invocations=9 (full 2):
 PSYoungGen      total 152064K, used 141312K [0x00000007a0000000, 0x00000007ace80000, 0x00000007c0000000)
  eden space 141312K, 100% used [0x00000007a0000000,0x00000007a8a00000,0x00000007a8a00000)
  from space 10752K, 0% used [0x00000007a9500000,0x00000007a9500000,0x00000007a9f80000)
  to   space 11264K, 0% used [0x00000007a8a00000,0x00000007a8a00000,0x00000007a9500000)
 ParOldGen       total 175104K, used 16260K [0x0000000760000000, 0x000000076ab00000, 0x00000007a0000000)
  object space 175104K, 9% used [0x0000000760000000,0x0000000760fe11f0,0x000000076ab00000)
 Metaspace       used 44480K, capacity 45502K, committed 45784K, reserved 1089536K
  class space    used 6050K, capacity 6370K, committed 6400K, reserved 1048576K
Event: 5.759 GC heap after
Heap after GC invocations=9 (full 2):
 PSYoungGen      total 152576K, used 11261K [0x00000007a0000000, 0x00000007ade80000, 0x00000007c0000000)
  eden space 141312K, 0% used [0x00000007a0000000,0x00000007a0000000,0x00000007a8a00000)
  from space 11264K, 99% used [0x00000007a8a00000,0x00000007a94ff5c8,0x00000007a9500000)
  to   space 14336K, 0% used [0x00000007ad080000,0x00000007ad080000,0x00000007ade80000)
 ParOldGen       total 175104K, used 20633K [0x0000000760000000, 0x000000076ab00000, 0x00000007a0000000)
  object space 175104K, 11% used [0x0000000760000000,0x0000000761426660,0x000000076ab00000)
 Metaspace       used 44480K, capacity 45502K, committed 45784K, reserved 1089536K
  class space    used 6050K, capacity 6370K, committed 6400K, reserved 1048576K
}
Event: 7.549 GC heap before
{Heap before GC invocations=10 (full 2):
 PSYoungGen      total 152576K, used 152573K [0x00000007a0000000, 0x00000007ade80000, 0x00000007c0000000)
  eden space 141312K, 100% used [0x00000007a0000000,0x00000007a8a00000,0x00000007a8a00000)
  from space 11264K, 99% used [0x00000007a8a00000,0x00000007a94ff5c8,0x00000007a9500000)
  to   space 14336K, 0% used [0x00000007ad080000,0x00000007ad080000,0x00000007ade80000)
 ParOldGen       total 175104K, used 20633K [0x0000000760000000, 0x000000076ab00000, 0x00000007a0000000)
  object space 175104K, 11% used [0x0000000760000000,0x0000000761426660,0x000000076ab00000)
 Metaspace       used 53566K, capacity 55190K, committed 55384K, reserved 1097728K
  class space    used 7301K, capacity 7708K, committed 7808K, reserved 1048576K
Event: 7.573 GC heap after
Heap after GC invocations=10 (full 2):
 PSYoungGen      total 208896K, used 14334K [0x00000007a0000000, 0x00000007ae900000, 0x00000007c0000000)
  eden space 194560K, 0% used [0x00000007a0000000,0x00000007a0000000,0x00000007abe00000)
  from space 14336K, 99% used [0x00000007ad080000,0x00000007ade7fbd8,0x00000007ade80000)
  to   space 18944K, 0% used [0x00000007abe00000,0x00000007abe00000,0x00000007ad080000)
 ParOldGen       total 175104K, used 28144K [0x0000000760000000, 0x000000076ab00000, 0x00000007a0000000)
  object space 175104K, 16% used [0x0000000760000000,0x0000000761b7c1d8,0x000000076ab00000)
 Metaspace       used 53566K, capacity 55190K, committed 55384K, reserved 1097728K
  class space    used 7301K, capacity 7708K, committed 7808K, reserved 1048576K
}
Event: 9.270 GC heap before
{Heap before GC invocations=11 (full 2):
 PSYoungGen      total 208896K, used 107773K [0x00000007a0000000, 0x00000007ae900000, 0x00000007c0000000)
  eden space 194560K, 48% used [0x00000007a0000000,0x00000007a5b3fb38,0x00000007abe00000)
  from space 14336K, 99% used [0x00000007ad080000,0x00000007ade7fbd8,0x00000007ade80000)
  to   space 18944K, 0% used [0x00000007abe00000,0x00000007abe00000,0x00000007ad080000)
 ParOldGen       total 175104K, used 28144K [0x0000000760000000, 0x000000076ab00000, 0x00000007a0000000)
  object space 175104K, 16% used [0x0000000760000000,0x0000000761b7c1d8,0x000000076ab00000)
 Metaspace       used 57154K, capacity 58946K, committed 59028K, reserved 1099776K
  class space    used 7634K, capacity 8076K, committed 8124K, reserved 1048576K
Event: 9.286 GC heap after
Heap after GC invocations=11 (full 2):
 PSYoungGen      total 213504K, used 17470K [0x00000007a0000000, 0x00000007b1480000, 0x00000007c0000000)
  eden space 194560K, 0% used [0x00000007a0000000,0x00000007a0000000,0x00000007abe00000)
  from space 18944K, 92% used [0x00000007abe00000,0x00000007acf0faa0,0x00000007ad080000)
  to   space 20480K, 0% used [0x00000007b0080000,0x00000007b0080000,0x00000007b1480000)
 ParOldGen       total 175104K, used 28152K [0x0000000760000000, 0x000000076ab00000, 0x00000007a0000000)
  object space 175104K, 16% used [0x0000000760000000,0x0000000761b7e1d8,0x000000076ab00000)
 Metaspace       used 57154K, capacity 58946K, committed 59028K, reserved 1099776K
  class space    used 7634K, capacity 8076K, committed 8124K, reserved 1048576K
}
Event: 9.286 GC heap before
{Heap before GC invocations=12 (full 3):
 PSYoungGen      total 213504K, used 17470K [0x00000007a0000000, 0x00000007b1480000, 0x00000007c0000000)
  eden space 194560K, 0% used [0x00000007a0000000,0x00000007a0000000,0x00000007abe00000)
  from space 18944K, 92% used [0x00000007abe00000,0x00000007acf0faa0,0x00000007ad080000)
  to   space 20480K, 0% used [0x00000007b0080000,0x00000007b0080000,0x00000007b1480000)
 ParOldGen       total 175104K, used 28152K [0x0000000760000000, 0x000000076ab00000, 0x00000007a0000000)
  object space 175104K, 16% used [0x0000000760000000,0x0000000761b7e1d8,0x000000076ab00000)
 Metaspace       used 57154K, capacity 58946K, committed 59028K, reserved 1099776K
  class space    used 7634K, capacity 8076K, committed 8124K, reserved 1048576K
Event: 9.461 GC heap after
Heap after GC invocations=12 (full 3):
 PSYoungGen      total 213504K, used 0K [0x00000007a0000000, 0x00000007b1480000, 0x00000007c0000000)
  eden space 194560K, 0% used [0x00000007a0000000,0x00000007a0000000,0x00000007abe00000)
  from space 18944K, 0% used [0x00000007abe00000,0x00000007abe00000,0x00000007ad080000)
  to   space 20480K, 0% used [0x00000007b0080000,0x00000007b0080000,0x00000007b1480000)
 ParOldGen       total 260096K, used 32935K [0x0000000760000000, 0x000000076fe00000, 0x00000007a0000000)
  object space 260096K, 12% used [0x0000000760000000,0x0000000762029ca0,0x000000076fe00000)
 Metaspace       used 57145K, capacity 58916K, committed 59028K, reserved 1099776K
  class space    used 7631K, capacity 8071K, committed 8124K, reserved 1048576K
}

Deoptimization events (10 events):
Event: 70.824 Thread 0x00007f8268ab3000 Uncommon trap: reason=bimorphic action=maybe_recompile pc=0x0000000109d869a8 method=java.util.HashMap.removeNode(ILjava/lang/Object;Ljava/lang/Object;ZZ)Ljava/util/HashMap$Node; @ 283
Event: 80.821 Thread 0x00007f8268ab3000 Uncommon trap: reason=bimorphic action=maybe_recompile pc=0x0000000109d869a8 method=java.util.HashMap.removeNode(ILjava/lang/Object;Ljava/lang/Object;ZZ)Ljava/util/HashMap$Node; @ 283
Event: 1800.735 Thread 0x00007f82704ba000 Uncommon trap: reason=class_check action=maybe_recompile pc=0x0000000109a085a4 method=java.lang.reflect.Array.newInstance(Ljava/lang/Class;I)Ljava/lang/Object; @ 2
Event: 1800.755 Thread 0x00007f82704bb000 Uncommon trap: reason=unstable_if action=reinterpret pc=0x0000000109c102a0 method=java.lang.CharacterDataLatin1.isJavaIdentifierPart(I)Z @ 11
Event: 1800.755 Thread 0x00007f82704bb000 Uncommon trap: reason=unstable_if action=reinterpret pc=0x0000000108ddf71c method=java.lang.CharacterDataLatin1.isJavaIdentifierPart(I)Z @ 11
Event: 1800.756 Thread 0x00007f82704bb000 Uncommon trap: reason=unstable_if action=reinterpret pc=0x000000010919a794 method=com.google.common.collect.MapMakerInternalMap$Segment.drainKeyReferenceQueue()V @ 11
Event: 1800.758 Thread 0x00007f82704bb000 Uncommon trap: reason=unstable_if action=reinterpret pc=0x00000001099548bc method=java.util.Calendar.getDisplayName(IILjava/util/Locale;)Ljava/lang/String; @ 12
Event: 1800.771 Thread 0x00007f82704bb000 Uncommon trap: reason=unstable_if action=reinterpret pc=0x000000010989483c method=org.gradle.internal.hash.HashCode.equals(Ljava/lang/Object;)Z @ 2
Event: 1800.793 Thread 0x00007f82704bb000 Uncommon trap: reason=unstable_if action=reinterpret pc=0x0000000109177c20 method=org.gradle.internal.logging.console.StyledTextOutputBackedRenderer.onOutput(Lorg/gradle/internal/logging/events/OutputEvent;)V @ 101
Event: 1800.801 Thread 0x00007f82704bb000 Uncommon trap: reason=unstable_if action=reinterpret pc=0x0000000109bf3ab8 method=java.lang.Long.stringSize(J)I @ 11

Classes redefined (0 events):
No events

Internal exceptions (10 events):
Event: 9.556 Thread 0x00007f8269cfb000 Exception <a 'java/lang/NoSuchMethodError': <clinit>> (0x00000007a1184f10) thrown at [/Volumes/android/AOSP-openjdk-git/jdk8u/hotspot/src/share/vm/prims/jni.cpp, line 1613]
Event: 9.557 Thread 0x00007f8269cfb000 Exception <a 'java/lang/NoSuchMethodError': <clinit>> (0x00000007a1198318) thrown at [/Volumes/android/AOSP-openjdk-git/jdk8u/hotspot/src/share/vm/prims/jni.cpp, line 1613]
Event: 9.560 Thread 0x00007f8269cfb000 Exception <a 'java/lang/NoSuchMethodError': <clinit>> (0x00000007a11c9d58) thrown at [/Volumes/android/AOSP-openjdk-git/jdk8u/hotspot/src/share/vm/prims/jni.cpp, line 1613]
Event: 9.560 Thread 0x00007f8269cfb000 Exception <a 'java/lang/NoSuchMethodError': <clinit>> (0x00000007a11cb020) thrown at [/Volumes/android/AOSP-openjdk-git/jdk8u/hotspot/src/share/vm/prims/jni.cpp, line 1613]
Event: 9.560 Thread 0x00007f8269cfb000 Exception <a 'java/lang/NoSuchMethodError': <clinit>> (0x00000007a11dc788) thrown at [/Volumes/android/AOSP-openjdk-git/jdk8u/hotspot/src/share/vm/prims/jni.cpp, line 1613]
Event: 9.562 Thread 0x00007f8269cfb000 Exception <a 'java/lang/NoSuchMethodError': <clinit>> (0x00000007a120e918) thrown at [/Volumes/android/AOSP-openjdk-git/jdk8u/hotspot/src/share/vm/prims/jni.cpp, line 1613]
Event: 9.590 Thread 0x00007f826b894000 Exception <a 'java/lang/NoSuchMethodError': <clinit>> (0x00000007a132d628) thrown at [/Volumes/android/AOSP-openjdk-git/jdk8u/hotspot/src/share/vm/prims/jni.cpp, line 1613]
Event: 1800.736 Thread 0x00007f82704ba000 Exception <a 'java/lang/NoSuchMethodError': <clinit>> (0x00000007a270ca00) thrown at [/Volumes/android/AOSP-openjdk-git/jdk8u/hotspot/src/share/vm/prims/jni.cpp, line 1613]
Event: 1800.766 Thread 0x00007f82704bb000 Exception <a 'java/lang/ClassNotFoundException': sync_local_repo1_31y5l87vk0gpqpk5ocgli7s9kBeanInfo> (0x00000007a29c76f0) thrown at [/Volumes/android/AOSP-openjdk-git/jdk8u/hotspot/src/share/vm/classfile/systemDictionary.cpp, line 210]
Event: 1800.766 Thread 0x00007f82704bb000 Exception <a 'java/lang/ClassNotFoundException': sync_local_repo1_31y5l87vk0gpqpk5ocgli7s9kCustomizer> (0x00000007a29d30b0) thrown at [/Volumes/android/AOSP-openjdk-git/jdk8u/hotspot/src/share/vm/classfile/systemDictionary.cpp, line 210]

Events (10 events):
Event: 1800.994 Thread 0x00007f82704bb000 DEOPT PACKING pc=0x00000001093c07e6 sp=0x000070000591f070
Event: 1800.994 Thread 0x00007f82704bb000 DEOPT UNPACKING pc=0x00000001088fe4c4 sp=0x000070000591eeb0 mode 0
Event: 1801.027 Thread 0x00007f82704bb000 DEOPT PACKING pc=0x0000000108ad6b4b sp=0x000070000591efa0
Event: 1801.027 Thread 0x00007f82704bb000 DEOPT UNPACKING pc=0x00000001088fe4c4 sp=0x000070000591ee48 mode 0
Event: 1801.046 Executing VM operation: ForceSafepoint
Event: 1801.046 Executing VM operation: ForceSafepoint done
Event: 1801.064 Thread 0x00007f82704bb000 DEOPT PACKING pc=0x00000001093b54f8 sp=0x000070000591db70
Event: 1801.064 Thread 0x00007f82704bb000 DEOPT UNPACKING pc=0x00000001088fe4c4 sp=0x000070000591da88 mode 0
Event: 1801.084 Thread 0x00007f82704bb000 DEOPT PACKING pc=0x00000001093c07e6 sp=0x000070000591b0f0
Event: 1801.084 Thread 0x00007f82704bb000 DEOPT UNPACKING pc=0x00000001088fe4c4 sp=0x000070000591af30 mode 0


Dynamic libraries:
0x0000000029656000 	/System/Library/Frameworks/Cocoa.framework/Versions/A/Cocoa
0x0000000029656000 	/System/Library/Frameworks/Security.framework/Versions/A/Security
0x0000000029656000 	/System/Library/Frameworks/ApplicationServices.framework/Versions/A/ApplicationServices
0x0000000029656000 	/usr/lib/libz.1.dylib
0x0000000029656000 	/usr/lib/libSystem.B.dylib
0x0000000029656000 	/System/Library/Frameworks/CoreFoundation.framework/Versions/A/CoreFoundation
0x0000000029656000 	/System/Library/Frameworks/Foundation.framework/Versions/C/Foundation
0x0000000029656000 	/usr/lib/libobjc.A.dylib
0x0000000029656000 	/System/Library/Frameworks/AppKit.framework/Versions/C/AppKit
0x0000000029656000 	/System/Library/Frameworks/CoreData.framework/Versions/A/CoreData
0x0000000029656000 	/System/Library/PrivateFrameworks/RemoteViewServices.framework/Versions/A/RemoteViewServices
0x0000000029656000 	/System/Library/PrivateFrameworks/UIFoundation.framework/Versions/A/UIFoundation
0x0000000029656000 	/System/Library/PrivateFrameworks/DFRFoundation.framework/Versions/A/DFRFoundation
0x0000000029656000 	/System/Library/Frameworks/Metal.framework/Versions/A/Metal
0x0000000029656000 	/System/Library/PrivateFrameworks/DesktopServicesPriv.framework/Versions/A/DesktopServicesPriv
0x0000000029656000 	/usr/lib/libenergytrace.dylib
0x0000000029656000 	/System/Library/PrivateFrameworks/SkyLight.framework/Versions/A/SkyLight
0x0000000029656000 	/System/Library/Frameworks/CoreGraphics.framework/Versions/A/CoreGraphics
0x0000000029656000 	/usr/lib/libScreenReader.dylib
0x0000000029656000 	/System/Library/Frameworks/Accelerate.framework/Versions/A/Accelerate
0x0000000029656000 	/System/Library/Frameworks/IOSurface.framework/Versions/A/IOSurface
0x0000000029656000 	/System/Library/Frameworks/AudioToolbox.framework/Versions/A/AudioToolbox
0x0000000029656000 	/System/Library/Frameworks/AudioUnit.framework/Versions/A/AudioUnit
0x0000000029656000 	/System/Library/PrivateFrameworks/DataDetectorsCore.framework/Versions/A/DataDetectorsCore
0x0000000029656000 	/System/Library/Frameworks/Carbon.framework/Versions/A/Frameworks/HIToolbox.framework/Versions/A/HIToolbox
0x0000000029656000 	/usr/lib/libicucore.A.dylib
0x0000000029656000 	/System/Library/Frameworks/QuartzCore.framework/Versions/A/QuartzCore
0x0000000029656000 	/System/Library/Frameworks/Carbon.framework/Versions/A/Frameworks/SpeechRecognition.framework/Versions/A/SpeechRecognition
0x0000000029656000 	/usr/lib/libauto.dylib
0x0000000029656000 	/usr/lib/libxml2.2.dylib
0x0000000029656000 	/System/Library/PrivateFrameworks/CoreUI.framework/Versions/A/CoreUI
0x0000000029656000 	/System/Library/Frameworks/CoreAudio.framework/Versions/A/CoreAudio
0x0000000029656000 	/System/Library/Frameworks/DiskArbitration.framework/Versions/A/DiskArbitration
0x0000000029656000 	/usr/lib/liblangid.dylib
0x0000000029656000 	/System/Library/PrivateFrameworks/MultitouchSupport.framework/Versions/A/MultitouchSupport
0x0000000029656000 	/System/Library/Frameworks/IOKit.framework/Versions/A/IOKit
0x0000000029656000 	/usr/lib/libDiagnosticMessagesClient.dylib
0x0000000029656000 	/System/Library/Frameworks/CoreServices.framework/Versions/A/CoreServices
0x0000000029656000 	/System/Library/PrivateFrameworks/PerformanceAnalysis.framework/Versions/A/PerformanceAnalysis
0x0000000029656000 	/System/Library/Frameworks/OpenGL.framework/Versions/A/OpenGL
0x0000000029656000 	/System/Library/Frameworks/ColorSync.framework/Versions/A/ColorSync
0x0000000029656000 	/System/Library/Frameworks/CoreImage.framework/Versions/A/CoreImage
0x0000000029656000 	/System/Library/Frameworks/CoreText.framework/Versions/A/CoreText
0x0000000029656000 	/System/Library/Frameworks/ImageIO.framework/Versions/A/ImageIO
0x0000000029656000 	/System/Library/PrivateFrameworks/Backup.framework/Versions/A/Backup
0x0000000029656000 	/usr/lib/libarchive.2.dylib
0x0000000029656000 	/System/Library/Frameworks/CFNetwork.framework/Versions/A/CFNetwork
0x0000000029656000 	/System/Library/Frameworks/SystemConfiguration.framework/Versions/A/SystemConfiguration
0x0000000029656000 	/usr/lib/libCRFSuite.dylib
0x0000000029656000 	/usr/lib/libc++.1.dylib
0x0000000029656000 	/usr/lib/libc++abi.dylib
0x0000000029656000 	/usr/lib/system/libcache.dylib
0x0000000029656000 	/usr/lib/system/libcommonCrypto.dylib
0x0000000029656000 	/usr/lib/system/libcompiler_rt.dylib
0x0000000029656000 	/usr/lib/system/libcopyfile.dylib
0x0000000029656000 	/usr/lib/system/libcorecrypto.dylib
0x0000000029656000 	/usr/lib/system/libdispatch.dylib
0x0000000029656000 	/usr/lib/system/libdyld.dylib
0x0000000029656000 	/usr/lib/system/libkeymgr.dylib
0x0000000029656000 	/usr/lib/system/liblaunch.dylib
0x0000000029656000 	/usr/lib/system/libmacho.dylib
0x0000000029656000 	/usr/lib/system/libquarantine.dylib
0x0000000029656000 	/usr/lib/system/libremovefile.dylib
0x0000000029656000 	/usr/lib/system/libsystem_asl.dylib
0x0000000029656000 	/usr/lib/system/libsystem_blocks.dylib
0x0000000029656000 	/usr/lib/system/libsystem_c.dylib
0x0000000029656000 	/usr/lib/system/libsystem_configuration.dylib
0x0000000029656000 	/usr/lib/system/libsystem_coreservices.dylib
0x0000000029656000 	/usr/lib/system/libsystem_darwin.dylib
0x0000000029656000 	/usr/lib/system/libsystem_dnssd.dylib
0x0000000029656000 	/usr/lib/system/libsystem_info.dylib
0x0000000029656000 	/usr/lib/system/libsystem_m.dylib
0x0000000029656000 	/usr/lib/system/libsystem_malloc.dylib
0x0000000029656000 	/usr/lib/system/libsystem_network.dylib
0x0000000029656000 	/usr/lib/system/libsystem_networkextension.dylib
0x0000000029656000 	/usr/lib/system/libsystem_notify.dylib
0x0000000029656000 	/usr/lib/system/libsystem_sandbox.dylib
0x0000000029656000 	/usr/lib/system/libsystem_secinit.dylib
0x0000000029656000 	/usr/lib/system/libsystem_kernel.dylib
0x0000000029656000 	/usr/lib/system/libsystem_platform.dylib
0x0000000029656000 	/usr/lib/system/libsystem_pthread.dylib
0x0000000029656000 	/usr/lib/system/libsystem_symptoms.dylib
0x0000000029656000 	/usr/lib/system/libsystem_trace.dylib
0x0000000029656000 	/usr/lib/system/libunwind.dylib
0x0000000029656000 	/usr/lib/system/libxpc.dylib
0x0000000029656000 	/usr/lib/closure/libclosured.dylib
0x0000000029656000 	/usr/lib/libbsm.0.dylib
0x0000000029656000 	/usr/lib/system/libkxld.dylib
0x0000000029656000 	/usr/lib/libOpenScriptingUtil.dylib
0x0000000029656000 	/usr/lib/libcoretls.dylib
0x0000000029656000 	/usr/lib/libcoretls_cfhelpers.dylib
0x0000000029656000 	/usr/lib/libpam.2.dylib
0x0000000029656000 	/usr/lib/libsqlite3.dylib
0x0000000029656000 	/usr/lib/libxar.1.dylib
0x0000000029656000 	/usr/lib/libbz2.1.0.dylib
0x0000000029656000 	/usr/lib/liblzma.5.dylib
0x0000000029656000 	/usr/lib/libnetwork.dylib
0x0000000029656000 	/usr/lib/libapple_nghttp2.dylib
0x0000000029656000 	/usr/lib/libpcap.A.dylib
0x0000000029656000 	/usr/lib/libboringssl.dylib
0x0000000029656000 	/usr/lib/libusrtcp.dylib
0x0000000029656000 	/usr/lib/libapple_crypto.dylib
0x0000000029656000 	/System/Library/Frameworks/CoreServices.framework/Versions/A/Frameworks/FSEvents.framework/Versions/A/FSEvents
0x0000000029656000 	/System/Library/Frameworks/CoreServices.framework/Versions/A/Frameworks/CarbonCore.framework/Versions/A/CarbonCore
0x0000000029656000 	/System/Library/Frameworks/CoreServices.framework/Versions/A/Frameworks/Metadata.framework/Versions/A/Metadata
0x0000000029656000 	/System/Library/Frameworks/CoreServices.framework/Versions/A/Frameworks/OSServices.framework/Versions/A/OSServices
0x0000000029656000 	/System/Library/Frameworks/CoreServices.framework/Versions/A/Frameworks/SearchKit.framework/Versions/A/SearchKit
0x0000000029656000 	/System/Library/Frameworks/CoreServices.framework/Versions/A/Frameworks/AE.framework/Versions/A/AE
0x0000000029656000 	/System/Library/Frameworks/CoreServices.framework/Versions/A/Frameworks/LaunchServices.framework/Versions/A/LaunchServices
0x0000000029656000 	/System/Library/Frameworks/CoreServices.framework/Versions/A/Frameworks/DictionaryServices.framework/Versions/A/DictionaryServices
0x0000000029656000 	/System/Library/Frameworks/CoreServices.framework/Versions/A/Frameworks/SharedFileList.framework/Versions/A/SharedFileList
0x0000000029656000 	/System/Library/Frameworks/NetFS.framework/Versions/A/NetFS
0x0000000029656000 	/System/Library/PrivateFrameworks/NetAuth.framework/Versions/A/NetAuth
0x0000000029656000 	/System/Library/PrivateFrameworks/login.framework/Versions/A/Frameworks/loginsupport.framework/Versions/A/loginsupport
0x0000000029656000 	/System/Library/PrivateFrameworks/TCC.framework/Versions/A/TCC
0x0000000029656000 	/usr/lib/libmecabra.dylib
0x0000000029656000 	/System/Library/Frameworks/ApplicationServices.framework/Versions/A/Frameworks/ATS.framework/Versions/A/ATS
0x0000000029656000 	/System/Library/Frameworks/ApplicationServices.framework/Versions/A/Frameworks/ColorSyncLegacy.framework/Versions/A/ColorSyncLegacy
0x0000000029656000 	/System/Library/Frameworks/ApplicationServices.framework/Versions/A/Frameworks/HIServices.framework/Versions/A/HIServices
0x0000000029656000 	/System/Library/Frameworks/ApplicationServices.framework/Versions/A/Frameworks/LangAnalysis.framework/Versions/A/LangAnalysis
0x0000000029656000 	/System/Library/Frameworks/ApplicationServices.framework/Versions/A/Frameworks/PrintCore.framework/Versions/A/PrintCore
0x0000000029656000 	/System/Library/Frameworks/ApplicationServices.framework/Versions/A/Frameworks/QD.framework/Versions/A/QD
0x0000000029656000 	/System/Library/Frameworks/ApplicationServices.framework/Versions/A/Frameworks/SpeechSynthesis.framework/Versions/A/SpeechSynthesis
0x0000000029656000 	/System/Library/Frameworks/CoreDisplay.framework/Versions/A/CoreDisplay
0x0000000029656000 	/System/Library/Frameworks/Accelerate.framework/Versions/A/Frameworks/vImage.framework/Versions/A/vImage
0x0000000029656000 	/System/Library/Frameworks/Accelerate.framework/Versions/A/Frameworks/vecLib.framework/Versions/A/vecLib
0x0000000029656000 	/System/Library/Frameworks/Accelerate.framework/Versions/A/Frameworks/vecLib.framework/Versions/A/libvDSP.dylib
0x0000000029656000 	/System/Library/Frameworks/Accelerate.framework/Versions/A/Frameworks/vecLib.framework/Versions/A/libBNNS.dylib
0x0000000029656000 	/System/Library/Frameworks/Accelerate.framework/Versions/A/Frameworks/vecLib.framework/Versions/A/libQuadrature.dylib
0x0000000029656000 	/System/Library/Frameworks/Accelerate.framework/Versions/A/Frameworks/vecLib.framework/Versions/A/libvMisc.dylib
0x0000000029656000 	/System/Library/Frameworks/Accelerate.framework/Versions/A/Frameworks/vecLib.framework/Versions/A/libLAPACK.dylib
0x0000000029656000 	/System/Library/Frameworks/Accelerate.framework/Versions/A/Frameworks/vecLib.framework/Versions/A/libBLAS.dylib
0x0000000029656000 	/System/Library/Frameworks/Accelerate.framework/Versions/A/Frameworks/vecLib.framework/Versions/A/libLinearAlgebra.dylib
0x0000000029656000 	/System/Library/Frameworks/Accelerate.framework/Versions/A/Frameworks/vecLib.framework/Versions/A/libSparse.dylib
0x0000000029656000 	/System/Library/Frameworks/Accelerate.framework/Versions/A/Frameworks/vecLib.framework/Versions/A/libSparseBLAS.dylib
0x0000000029656000 	/System/Library/PrivateFrameworks/IOAccelerator.framework/Versions/A/IOAccelerator
0x0000000029656000 	/System/Library/PrivateFrameworks/IOPresentment.framework/Versions/A/IOPresentment
0x0000000029656000 	/System/Library/PrivateFrameworks/DSExternalDisplay.framework/Versions/A/DSExternalDisplay
0x0000000029656000 	/System/Library/Frameworks/OpenGL.framework/Versions/A/Libraries/libCoreFSCache.dylib
0x0000000029656000 	/System/Library/Frameworks/CoreVideo.framework/Versions/A/CoreVideo
0x0000000029656000 	/System/Library/PrivateFrameworks/GraphVisualizer.framework/Versions/A/GraphVisualizer
0x0000000029656000 	/System/Library/Frameworks/MetalPerformanceShaders.framework/Versions/A/MetalPerformanceShaders
0x0000000029656000 	/usr/lib/libFosl_dynamic.dylib
0x0000000029656000 	/System/Library/PrivateFrameworks/FaceCore.framework/Versions/A/FaceCore
0x0000000029656000 	/System/Library/Frameworks/OpenCL.framework/Versions/A/OpenCL
0x0000000029656000 	/usr/lib/libcompression.dylib
0x0000000029656000 	/System/Library/Frameworks/ApplicationServices.framework/Versions/A/Frameworks/ATS.framework/Versions/A/Resources/libFontParser.dylib
0x0000000029656000 	/System/Library/Frameworks/ApplicationServices.framework/Versions/A/Frameworks/ATS.framework/Versions/A/Resources/libFontRegistry.dylib
0x0000000029656000 	/System/Library/Frameworks/ImageIO.framework/Versions/A/Resources/libJPEG.dylib
0x0000000029656000 	/System/Library/Frameworks/ImageIO.framework/Versions/A/Resources/libTIFF.dylib
0x0000000029656000 	/System/Library/Frameworks/ImageIO.framework/Versions/A/Resources/libPng.dylib
0x0000000029656000 	/System/Library/Frameworks/ImageIO.framework/Versions/A/Resources/libGIF.dylib
0x0000000029656000 	/System/Library/Frameworks/ImageIO.framework/Versions/A/Resources/libJP2.dylib
0x0000000029656000 	/System/Library/Frameworks/ImageIO.framework/Versions/A/Resources/libRadiance.dylib
0x0000000029656000 	/System/Library/PrivateFrameworks/AppleJPEG.framework/Versions/A/AppleJPEG
0x0000000029656000 	/System/Library/PrivateFrameworks/MetalTools.framework/Versions/A/MetalTools
0x0000000029656000 	/System/Library/Frameworks/MetalPerformanceShaders.framework/Frameworks/MPSCore.framework/Versions/A/MPSCore
0x0000000029656000 	/System/Library/Frameworks/MetalPerformanceShaders.framework/Frameworks/MPSImage.framework/Versions/A/MPSImage
0x0000000029656000 	/System/Library/Frameworks/MetalPerformanceShaders.framework/Frameworks/MPSMatrix.framework/Versions/A/MPSMatrix
0x0000000029656000 	/System/Library/Frameworks/MetalPerformanceShaders.framework/Frameworks/MPSNeuralNetwork.framework/Versions/A/MPSNeuralNetwork
0x0000000029656000 	/System/Library/Frameworks/OpenGL.framework/Versions/A/Libraries/libGLU.dylib
0x0000000029656000 	/System/Library/Frameworks/OpenGL.framework/Versions/A/Libraries/libGFXShared.dylib
0x0000000029656000 	/System/Library/Frameworks/OpenGL.framework/Versions/A/Libraries/libGL.dylib
0x0000000029656000 	/System/Library/Frameworks/OpenGL.framework/Versions/A/Libraries/libGLImage.dylib
0x0000000029656000 	/System/Library/Frameworks/OpenGL.framework/Versions/A/Libraries/libCVMSPluginSupport.dylib
0x0000000029656000 	/System/Library/Frameworks/OpenGL.framework/Versions/A/Libraries/libCoreVMClient.dylib
0x0000000029656000 	/usr/lib/libcups.2.dylib
0x0000000029656000 	/System/Library/Frameworks/Kerberos.framework/Versions/A/Kerberos
0x0000000029656000 	/System/Library/Frameworks/GSS.framework/Versions/A/GSS
0x0000000029656000 	/usr/lib/libresolv.9.dylib
0x0000000029656000 	/usr/lib/libiconv.2.dylib
0x0000000029656000 	/System/Library/PrivateFrameworks/Heimdal.framework/Versions/A/Heimdal
0x0000000029656000 	/usr/lib/libheimdal-asn1.dylib
0x0000000029656000 	/System/Library/Frameworks/OpenDirectory.framework/Versions/A/OpenDirectory
0x0000000029656000 	/System/Library/PrivateFrameworks/CommonAuth.framework/Versions/A/CommonAuth
0x0000000029656000 	/System/Library/Frameworks/OpenDirectory.framework/Versions/A/Frameworks/CFOpenDirectory.framework/Versions/A/CFOpenDirectory
0x0000000029656000 	/System/Library/Frameworks/SecurityFoundation.framework/Versions/A/SecurityFoundation
0x0000000029656000 	/System/Library/PrivateFrameworks/APFS.framework/Versions/A/APFS
0x0000000029656000 	/usr/lib/libutil.dylib
0x0000000029656000 	/System/Library/PrivateFrameworks/AppleSauce.framework/Versions/A/AppleSauce
0x0000000029656000 	/System/Library/PrivateFrameworks/LinguisticData.framework/Versions/A/LinguisticData
0x0000000029656000 	/usr/lib/libmarisa.dylib
0x0000000029656000 	/System/Library/PrivateFrameworks/Lexicon.framework/Versions/A/Lexicon
0x0000000029656000 	/usr/lib/libChineseTokenizer.dylib
0x0000000029656000 	/usr/lib/libcmph.dylib
0x0000000029656000 	/System/Library/PrivateFrameworks/LanguageModeling.framework/Versions/A/LanguageModeling
0x0000000029656000 	/System/Library/PrivateFrameworks/CoreEmoji.framework/Versions/A/CoreEmoji
0x0000000029656000 	/System/Library/Frameworks/ServiceManagement.framework/Versions/A/ServiceManagement
0x0000000029656000 	/System/Library/PrivateFrameworks/BackgroundTaskManagement.framework/Versions/A/BackgroundTaskManagement
0x0000000029656000 	/usr/lib/libxslt.1.dylib
0x0000000029656000 	/System/Library/Frameworks/Carbon.framework/Versions/A/Frameworks/Ink.framework/Versions/A/Ink
0x0000000029656000 	/System/Library/PrivateFrameworks/TextureIO.framework/Versions/A/TextureIO
0x0000000029656000 	/usr/lib/libate.dylib
0x0000000029656000 	/System/Library/PrivateFrameworks/CrashReporterSupport.framework/Versions/A/CrashReporterSupport
0x0000000029656000 	/System/Library/PrivateFrameworks/Sharing.framework/Versions/A/Sharing
0x0000000029656000 	/System/Library/PrivateFrameworks/IconServices.framework/Versions/A/IconServices
0x0000000029656000 	/System/Library/PrivateFrameworks/ProtocolBuffer.framework/Versions/A/ProtocolBuffer
0x0000000029656000 	/System/Library/PrivateFrameworks/Apple80211.framework/Versions/A/Apple80211
0x0000000029656000 	/System/Library/Frameworks/CoreWLAN.framework/Versions/A/CoreWLAN
0x0000000029656000 	/System/Library/PrivateFrameworks/CoreUtils.framework/Versions/A/CoreUtils
0x0000000029656000 	/System/Library/Frameworks/IOBluetooth.framework/Versions/A/IOBluetooth
0x0000000029656000 	/System/Library/PrivateFrameworks/CoreWiFi.framework/Versions/A/CoreWiFi
0x0000000029656000 	/System/Library/Frameworks/CoreBluetooth.framework/Versions/A/CoreBluetooth
0x0000000029656000 	/System/Library/PrivateFrameworks/SignpostNotification.framework/Versions/A/SignpostNotification
0x0000000029656000 	/System/Library/PrivateFrameworks/DebugSymbols.framework/Versions/A/DebugSymbols
0x0000000029656000 	/System/Library/PrivateFrameworks/CoreSymbolication.framework/Versions/A/CoreSymbolication
0x0000000029656000 	/System/Library/PrivateFrameworks/Symbolication.framework/Versions/A/Symbolication
0x0000000029656000 	/System/Library/PrivateFrameworks/AppleFSCompression.framework/Versions/A/AppleFSCompression
0x0000000029656000 	/System/Library/PrivateFrameworks/SpeechRecognitionCore.framework/Versions/A/SpeechRecognitionCore
0x0000000106200000 	/Applications/Android Studio.app/Contents/jre/jdk/Contents/Home/jre/lib/server/libjvm.dylib
0x0000000029656000 	/usr/lib/libstdc++.6.0.9.dylib
0x0000000105144000 	/Applications/Android Studio.app/Contents/jre/jdk/Contents/Home/jre/lib/libverify.dylib
0x0000000105150000 	/Applications/Android Studio.app/Contents/jre/jdk/Contents/Home/jre/lib/libjava.dylib
0x00000001051ce000 	/Applications/Android Studio.app/Contents/jre/jdk/Contents/Home/jre/lib/libzip.dylib
0x000000011c55d000 	/Applications/Android Studio.app/Contents/jre/jdk/Contents/Home/jre/lib/libnet.dylib
0x000000011c5f9000 	/Applications/Android Studio.app/Contents/jre/jdk/Contents/Home/jre/lib/libnio.dylib
0x000000011c7e1000 	/Users/annascott/.gradle/native/25/osx-amd64/libnative-platform.dylib
0x000000011cba7000 	/Applications/Android Studio.app/Contents/jre/jdk/Contents/Home/jre/lib/libmanagement.dylib

VM Arguments:
jvm_args: -Xmx1536m -Dfile.encoding=UTF-8 -Duser.country=US -Duser.language=en -Duser.variant 
java_command: org.gradle.launcher.daemon.bootstrap.GradleDaemon 4.4
java_class_path (initial): /Users/annascott/.gradle/wrapper/dists/gradle-4.4-all/9br9xq1tocpiv8o6njlyu5op1/gradle-4.4/lib/gradle-launcher-4.4.jar
Launcher Type: SUN_STANDARD

Environment Variables:
PATH=/usr/local/bin:/usr/bin:/bin:/usr/sbin:/sbin
SHELL=/bin/bash

Signal Handlers:
SIGSEGV: [libjvm.dylib+0x53f567], sa_mask[0]=11111111011111110111111111111111, sa_flags=SA_ONSTACK|SA_RESTART|SA_SIGINFO
SIGBUS: [libjvm.dylib+0x53f567], sa_mask[0]=11111111011111110111111111111111, sa_flags=SA_RESTART|SA_SIGINFO
SIGFPE: [libjvm.dylib+0x437adf], sa_mask[0]=11111111011111110111111111111111, sa_flags=SA_RESTART|SA_SIGINFO
SIGPIPE: [libjvm.dylib+0x437adf], sa_mask[0]=11111111011111110111111111111111, sa_flags=SA_RESTART|SA_SIGINFO
SIGXFSZ: [libjvm.dylib+0x437adf], sa_mask[0]=11111111011111110111111111111111, sa_flags=SA_RESTART|SA_SIGINFO
SIGILL: [libjvm.dylib+0x437adf], sa_mask[0]=11111111011111110111111111111111, sa_flags=SA_RESTART|SA_SIGINFO
SIGUSR1: SIG_DFL, sa_mask[0]=00000000000000000000000000000000, sa_flags=none
SIGUSR2: [libjvm.dylib+0x438404], sa_mask[0]=00100000000000000000000000000000, sa_flags=SA_RESTART|SA_SIGINFO
SIGHUP: [libjvm.dylib+0x4365f9], sa_mask[0]=11111111011111110111111111111111, sa_flags=SA_RESTART|SA_SIGINFO
SIGINT: [libjvm.dylib+0x4365f9], sa_mask[0]=11111111011111110111111111111111, sa_flags=SA_RESTART|SA_SIGINFO
SIGTERM: [libjvm.dylib+0x4365f9], sa_mask[0]=11111111011111110111111111111111, sa_flags=SA_RESTART|SA_SIGINFO
SIGQUIT: [libjvm.dylib+0x4365f9], sa_mask[0]=11111111011111110111111111111111, sa_flags=SA_RESTART|SA_SIGINFO


---------------  S Y S T E M  ---------------

OS:Bsduname:Darwin 17.3.0 Darwin Kernel Version 17.3.0: Thu Nov  9 18:09:22 PST 2017; root:xnu-4570.31.3~1/RELEASE_X86_64 x86_64
rlimit: STACK 8192k, CORE 0k, NPROC 1418, NOFILE 10240, AS infinity
load average:1.61 2.39 2.42

CPU:total 8 (initial active 8) (4 cores per cpu, 2 threads per core) family 6 model 94 stepping 3, cmov, cx8, fxsr, mmx, sse, sse2, sse3, ssse3, sse4.1, sse4.2, popcnt, avx, avx2, aes, clmul, erms, rtm, 3dnowpref, lzcnt, ht, tsc, tscinvbit, bmi1, bmi2, adx

Memory: 4k page, physical 16777216k(885604k free)

/proc/meminfo:


vm_info: OpenJDK 64-Bit Server VM (25.152-b01) for bsd-amd64 JRE (1.8.0_152-release-1024-b01), built by "builder" with gcc 4.2.1 Compatible Apple LLVM 8.1.0 (clang-802.0.42)

time: Thu Oct 11 13:17:59 2018
elapsed time: 1801 seconds (0d 0h 30m 1s)

