#
# A fatal error has been detected by the Java Runtime Environment:
#
#  SIGSEGV (0xb) at pc=0x00000001062f98a7, pid=719, tid=0x000000000000a903
#
# JRE version: OpenJDK Runtime Environment (8.0_152-b01) (build 1.8.0_152-release-1024-b01)
# Java VM: OpenJDK 64-Bit Server VM (25.152-b01 mixed mode bsd-amd64 compressed oops)
# Problematic frame:
# V  [libjvm.dylib+0x2f98a7]  JNIHandleBlock::allocate_handle(oopDesc*)+0xe5
#
# Failed to write core dump. Core dumps have been disabled. To enable core dumping, try "ulimit -c unlimited" before starting Java again
#
# If you would like to submit a bug report, please visit:
#   http://bugreport.java.com/bugreport/crash.jsp
#

---------------  T H R E A D  ---------------

Current thread (0x00007f9c87ae3000):  JavaThread "Daemon worker" [_thread_in_vm, id=43267, stack(0x000070000c00e000,0x000070000c10e000)]

siginfo: si_signo: 11 (SIGSEGV), si_code: 0 (unknown), si_addr: 0x0000000000000000

Registers:
RAX=0x8000000000000000, RBX=0x00007f9c8725bb40, RCX=0x00000001067f2d03, RDX=0x00000001067e1e00
RSP=0x000070000c10bf30, RBP=0x000070000c10bf60, RSI=0x00000007a1875c10, RDI=0x00007f9c8725bb40
R8 =0x0000000000000000, R9 =0x0000000000000000, R10=0x000000010f12bc78, R11=0x000000010f12bc58
R12=0x0000000000000000, R13=0x00000001067e1a48, R14=0x00000007a1875c10, R15=0x00007f9c87ae31e0
RIP=0x00000001062f98a7, EFLAGS=0x0000000000010286, ERR=0x0000000000000000
  TRAPNO=0x000000000000000d

Top of Stack: (sp=0x000070000c10bf30)
0x000070000c10bf30:   000000000000deab 00007f9c87ae3000
0x000070000c10bf40:   0000000000000000 000070000c10c030
0x000070000c10bf50:   000070000c10bfd0 00007f9c87ae31e0
0x000070000c10bf60:   000070000c10bfc0 00000001062cae45
0x000070000c10bf70:   00007f9c87ae3000 00007f9c87ae3000
0x000070000c10bf80:   0000000000000000 00007f9c87ae3000
0x000070000c10bf90:   00000007c0000ea8 00007f9c87ae3000
0x000070000c10bfa0:   00007f9c87ae3000 000000010a6295a8
0x000070000c10bfb0:   000070000c10c0b0 00007f9c87ae3000
0x000070000c10bfc0:   000070000c10c010 000000010f12bce6
0x000070000c10bfd0:   00000007a18797b8 000000010db4a360
0x000070000c10bfe0:   00007f9c86547df0 000000010db4a348
0x000070000c10bff0:   000000010a629480 00007f9c000000b7
0x000070000c10c000:   000000010db4a360 00007f9c87ae3000
0x000070000c10c010:   000070000c10c078 000000010ef95d80
0x000070000c10c020:   000000010a629480 000000010ef95d80
0x000070000c10c030:   00000007a18797b8 000070000c10c038
0x000070000c10c040:   000000010aa88dd9 000070000c10c0b0
0x000070000c10c050:   000000010aa8c2a8 0000000000000000
0x000070000c10c060:   000000010aa88f38 000070000c10c030
0x000070000c10c070:   000070000c10c0a8 000070000c10c0f8
0x000070000c10c080:   000000010ef95ffd 0000000000000000
0x000070000c10c090:   0000000000000000 0000000000000000
0x000070000c10c0a0:   0000000000000000 00000007a18797b8
0x000070000c10c0b0:   00000007a0f2f840 000070000c10c0b8
0x000070000c10c0c0:   000000010aa894b6 000070000c10c110
0x000070000c10c0d0:   000000010aa8c2a8 0000000000000000
0x000070000c10c0e0:   000000010aa894e0 000070000c10c0a8
0x000070000c10c0f0:   000070000c10c108 000070000c10c158
0x000070000c10c100:   000000010ef95d80 00000007a18797b8
0x000070000c10c110:   00000007a0f2f840 000070000c10c118
0x000070000c10c120:   000000010ab0f7e5 000070000c10c170 

Instructions: (pc=0x00000001062f98a7)
0x00000001062f9887:   74 03 4d 8b 37 83 bb 00 01 00 00 00 74 09 48 8b
0x00000001062f9897:   8b 10 01 00 00 eb 3e 48 8b 83 08 01 00 00 eb 11
0x00000001062f98a7:   c7 80 00 01 00 00 00 00 00 00 48 8b 80 08 01 00
0x00000001062f98b7:   00 48 85 c0 75 ea 48 c7 83 20 01 00 00 00 00 00 

Register to memory mapping:

RAX=0x8000000000000000 is an unknown value
RBX=0x00007f9c8725bb40 is an unknown value
RCX=0x00000001067f2d03: CONST_G1YoungSurvRateVerbose+0 in /Applications/Android Studio.app/Contents/jre/jdk/Contents/Home/jre/lib/server/libjvm.dylib at 0x0000000106000000
RDX=0x00000001067e1e00: _ZN8Universe13_narrow_klassE+0 in /Applications/Android Studio.app/Contents/jre/jdk/Contents/Home/jre/lib/server/libjvm.dylib at 0x0000000106000000
RSP=0x000070000c10bf30 is pointing into the stack for thread: 0x00007f9c87ae3000
RBP=0x000070000c10bf60 is pointing into the stack for thread: 0x00007f9c87ae3000
RSI=0x00000007a1875c10 is an oop
java.lang.Class 
 - klass: 'java/lang/Class'
RDI=0x00007f9c8725bb40 is an unknown value
R8 =0x0000000000000000 is an unknown value
R9 =0x0000000000000000 is an unknown value
R10=0x000000010f12bc78 is at entry_point+56 in (nmethod*)0x000000010f12bad0
R11=0x000000010f12bc58 is at entry_point+24 in (nmethod*)0x000000010f12bad0
R12=0x0000000000000000 is an unknown value
R13=0x00000001067e1a48: _ZN18ThreadLocalStorage13_thread_indexE+0 in /Applications/Android Studio.app/Contents/jre/jdk/Contents/Home/jre/lib/server/libjvm.dylib at 0x0000000106000000
R14=0x00000007a1875c10 is an oop
java.lang.Class 
 - klass: 'java/lang/Class'
R15=0x00007f9c87ae31e0 is an unknown value


Stack: [0x000070000c00e000,0x000070000c10e000],  sp=0x000070000c10bf30,  free space=1015k
Native frames: (J=compiled Java code, j=interpreted, Vv=VM code, C=native code)
V  [libjvm.dylib+0x2f98a7]  JNIHandleBlock::allocate_handle(oopDesc*)+0xe5
V  [libjvm.dylib+0x2cae45]  jni_GetObjectClass+0xa7
J 303  java.lang.Object.getClass()Ljava/lang/Class; (0 bytes) @ 0x000000010f12bce6 [0x000000010f12bc40+0xa6]
j  org.gradle.internal.service.DefaultServiceRegistry.findProviderMethods(Ljava/lang/Object;)V+1
j  org.gradle.internal.service.DefaultServiceRegistry.addProvider(Ljava/lang/Object;)Lorg/gradle/internal/service/DefaultServiceRegistry;+6
j  org.gradle.internal.service.DefaultServiceRegistry$1.addProvider(Ljava/lang/Object;)V+5
j  org.gradle.composite.internal.CompositeBuildServices.registerBuildServices(Lorg/gradle/internal/service/ServiceRegistration;)V+9
j  org.gradle.internal.service.scopes.BuildScopeServices$1.execute(Lorg/gradle/internal/service/ServiceRegistration;)V+39
j  org.gradle.internal.service.scopes.BuildScopeServices$1.execute(Ljava/lang/Object;)V+5
j  org.gradle.internal.service.DefaultServiceRegistry.register(Lorg/gradle/api/Action;)V+9
j  org.gradle.internal.service.scopes.BuildScopeServices.<init>(Lorg/gradle/internal/service/ServiceRegistry;)V+34
j  org.gradle.initialization.DefaultGradleLauncherFactory.doNewInstance(Lorg/gradle/StartParameter;Lorg/gradle/initialization/GradleLauncher;Lorg/gradle/initialization/BuildCancellationToken;Lorg/gradle/initialization/BuildRequestMetaData;Lorg/gradle/initialization/BuildEventConsumer;Lorg/gradle/internal/service/scopes/BuildTreeScopeServices;Ljava/util/List;)Lorg/gradle/initialization/DefaultGradleLauncher;+6
j  org.gradle.initialization.DefaultGradleLauncherFactory.newInstance(Lorg/gradle/StartParameter;Lorg/gradle/initialization/BuildRequestContext;Lorg/gradle/internal/service/ServiceRegistry;)Lorg/gradle/initialization/GradleLauncher;+69
j  org.gradle.launcher.exec.InProcessBuildActionExecuter.execute(Lorg/gradle/internal/invocation/BuildAction;Lorg/gradle/initialization/BuildRequestContext;Lorg/gradle/launcher/exec/BuildActionParameters;Lorg/gradle/internal/service/ServiceRegistry;)Ljava/lang/Object;+13
j  org.gradle.launcher.exec.InProcessBuildActionExecuter.execute(Lorg/gradle/internal/invocation/BuildAction;Lorg/gradle/initialization/BuildRequestContext;Ljava/lang/Object;Lorg/gradle/internal/service/ServiceRegistry;)Ljava/lang/Object;+9
j  org.gradle.launcher.exec.BuildTreeScopeBuildActionExecuter.execute(Lorg/gradle/internal/invocation/BuildAction;Lorg/gradle/initialization/BuildRequestContext;Lorg/gradle/launcher/exec/BuildActionParameters;Lorg/gradle/internal/service/ServiceRegistry;)Ljava/lang/Object;+41
j  org.gradle.launcher.exec.BuildTreeScopeBuildActionExecuter.execute(Lorg/gradle/internal/invocation/BuildAction;Lorg/gradle/initialization/BuildRequestContext;Ljava/lang/Object;Lorg/gradle/internal/service/ServiceRegistry;)Ljava/lang/Object;+9
j  org.gradle.tooling.internal.provider.ContinuousBuildActionExecuter.execute(Lorg/gradle/internal/invocation/BuildAction;Lorg/gradle/initialization/BuildRequestContext;Lorg/gradle/launcher/exec/BuildActionParameters;Lorg/gradle/internal/service/ServiceRegistry;)Ljava/lang/Object;+63
j  org.gradle.tooling.internal.provider.ContinuousBuildActionExecuter.execute(Lorg/gradle/internal/invocation/BuildAction;Lorg/gradle/initialization/BuildRequestContext;Ljava/lang/Object;Lorg/gradle/internal/service/ServiceRegistry;)Ljava/lang/Object;+9
j  org.gradle.tooling.internal.provider.ServicesSetupBuildActionExecuter.execute(Lorg/gradle/internal/invocation/BuildAction;Lorg/gradle/initialization/BuildRequestContext;Lorg/gradle/launcher/exec/BuildActionParameters;Lorg/gradle/internal/service/ServiceRegistry;)Ljava/lang/Object;+86
j  org.gradle.tooling.internal.provider.ServicesSetupBuildActionExecuter.execute(Lorg/gradle/internal/invocation/BuildAction;Lorg/gradle/initialization/BuildRequestContext;Ljava/lang/Object;Lorg/gradle/internal/service/ServiceRegistry;)Ljava/lang/Object;+9
j  org.gradle.tooling.internal.provider.GradleThreadBuildActionExecuter.execute(Lorg/gradle/internal/invocation/BuildAction;Lorg/gradle/initialization/BuildRequestContext;Lorg/gradle/launcher/exec/BuildActionParameters;Lorg/gradle/internal/service/ServiceRegistry;)Ljava/lang/Object;+12
j  org.gradle.tooling.internal.provider.GradleThreadBuildActionExecuter.execute(Lorg/gradle/internal/invocation/BuildAction;Lorg/gradle/initialization/BuildRequestContext;Ljava/lang/Object;Lorg/gradle/internal/service/ServiceRegistry;)Ljava/lang/Object;+9
j  org.gradle.tooling.internal.provider.ParallelismConfigurationBuildActionExecuter.execute(Lorg/gradle/internal/invocation/BuildAction;Lorg/gradle/initialization/BuildRequestContext;Lorg/gradle/launcher/exec/BuildActionParameters;Lorg/gradle/internal/service/ServiceRegistry;)Ljava/lang/Object;+43
j  org.gradle.tooling.internal.provider.ParallelismConfigurationBuildActionExecuter.execute(Lorg/gradle/internal/invocation/BuildAction;Lorg/gradle/initialization/BuildRequestContext;Ljava/lang/Object;Lorg/gradle/internal/service/ServiceRegistry;)Ljava/lang/Object;+9
j  org.gradle.tooling.internal.provider.StartParamsValidatingActionExecuter.execute(Lorg/gradle/internal/invocation/BuildAction;Lorg/gradle/initialization/BuildRequestContext;Lorg/gradle/launcher/exec/BuildActionParameters;Lorg/gradle/internal/service/ServiceRegistry;)Ljava/lang/Object;+279
j  org.gradle.tooling.internal.provider.StartParamsValidatingActionExecuter.execute(Lorg/gradle/internal/invocation/BuildAction;Lorg/gradle/initialization/BuildRequestContext;Ljava/lang/Object;Lorg/gradle/internal/service/ServiceRegistry;)Ljava/lang/Object;+9
j  org.gradle.tooling.internal.provider.SessionFailureReportingActionExecuter.execute(Lorg/gradle/internal/invocation/BuildAction;Lorg/gradle/initialization/BuildRequestContext;Lorg/gradle/launcher/exec/BuildActionParameters;Lorg/gradle/internal/service/ServiceRegistry;)Ljava/lang/Object;+9
j  org.gradle.tooling.internal.provider.SessionFailureReportingActionExecuter.execute(Lorg/gradle/internal/invocation/BuildAction;Lorg/gradle/initialization/BuildRequestContext;Ljava/lang/Object;Lorg/gradle/internal/service/ServiceRegistry;)Ljava/lang/Object;+9
j  org.gradle.tooling.internal.provider.SetupLoggingActionExecuter.execute(Lorg/gradle/internal/invocation/BuildAction;Lorg/gradle/initialization/BuildRequestContext;Lorg/gradle/launcher/exec/BuildActionParameters;Lorg/gradle/internal/service/ServiceRegistry;)Ljava/lang/Object;+42
j  org.gradle.tooling.internal.provider.SetupLoggingActionExecuter.execute(Lorg/gradle/internal/invocation/BuildAction;Lorg/gradle/initialization/BuildRequestContext;Ljava/lang/Object;Lorg/gradle/internal/service/ServiceRegistry;)Ljava/lang/Object;+9
j  org.gradle.launcher.daemon.server.exec.ExecuteBuild.doBuild(Lorg/gradle/launcher/daemon/server/api/DaemonCommandExecution;Lorg/gradle/launcher/daemon/protocol/Build;)V+114
j  org.gradle.launcher.daemon.server.exec.BuildCommandOnly.execute(Lorg/gradle/launcher/daemon/server/api/DaemonCommandExecution;)V+49
j  org.gradle.launcher.daemon.server.api.DaemonCommandExecution.proceed()Z+28
j  org.gradle.launcher.daemon.server.exec.WatchForDisconnection.execute(Lorg/gradle/launcher/daemon/server/api/DaemonCommandExecution;)V+19
j  org.gradle.launcher.daemon.server.api.DaemonCommandExecution.proceed()Z+28
j  org.gradle.launcher.daemon.server.exec.ResetDeprecationLogger.execute(Lorg/gradle/launcher/daemon/server/api/DaemonCommandExecution;)V+4
j  org.gradle.launcher.daemon.server.api.DaemonCommandExecution.proceed()Z+28
j  org.gradle.launcher.daemon.server.exec.RequestStopIfSingleUsedDaemon.execute(Lorg/gradle/launcher/daemon/server/api/DaemonCommandExecution;)V+33
j  org.gradle.launcher.daemon.server.api.DaemonCommandExecution.proceed()Z+28
j  org.gradle.launcher.daemon.server.exec.ForwardClientInput$2.call()Ljava/lang/Void;+4
j  org.gradle.launcher.daemon.server.exec.ForwardClientInput$2.call()Ljava/lang/Object;+1
j  org.gradle.util.Swapper.swap(Ljava/lang/Object;Ljava/util/concurrent/Callable;)Ljava/lang/Object;+21
j  org.gradle.launcher.daemon.server.exec.ForwardClientInput.execute(Lorg/gradle/launcher/daemon/server/api/DaemonCommandExecution;)V+63
j  org.gradle.launcher.daemon.server.api.DaemonCommandExecution.proceed()Z+28
j  org.gradle.launcher.daemon.server.exec.LogAndCheckHealth.execute(Lorg/gradle/launcher/daemon/server/api/DaemonCommandExecution;)V+28
j  org.gradle.launcher.daemon.server.api.DaemonCommandExecution.proceed()Z+28
j  org.gradle.launcher.daemon.server.exec.LogToClient.doBuild(Lorg/gradle/launcher/daemon/server/api/DaemonCommandExecution;Lorg/gradle/launcher/daemon/protocol/Build;)V+87
j  org.gradle.launcher.daemon.server.exec.BuildCommandOnly.execute(Lorg/gradle/launcher/daemon/server/api/DaemonCommandExecution;)V+49
j  org.gradle.launcher.daemon.server.api.DaemonCommandExecution.proceed()Z+28
j  org.gradle.launcher.daemon.server.exec.EstablishBuildEnvironment.doBuild(Lorg/gradle/launcher/daemon/server/api/DaemonCommandExecution;Lorg/gradle/launcher/daemon/protocol/Build;)V+365
j  org.gradle.launcher.daemon.server.exec.BuildCommandOnly.execute(Lorg/gradle/launcher/daemon/server/api/DaemonCommandExecution;)V+49
j  org.gradle.launcher.daemon.server.api.DaemonCommandExecution.proceed()Z+28
j  org.gradle.launcher.daemon.server.exec.StartBuildOrRespondWithBusy$1.run()V+44
j  org.gradle.launcher.daemon.server.DaemonStateCoordinator$1.run()V+4
j  org.gradle.internal.concurrent.ExecutorPolicy$CatchAndRecordFailures.onExecute(Ljava/lang/Runnable;)V+1
j  org.gradle.internal.concurrent.ManagedExecutorImpl$1.run()V+25
j  java.util.concurrent.ThreadPoolExecutor.runWorker(Ljava/util/concurrent/ThreadPoolExecutor$Worker;)V+95
j  java.util.concurrent.ThreadPoolExecutor$Worker.run()V+5
j  org.gradle.internal.concurrent.ThreadFactoryImpl$ManagedThreadRunnable.run()V+7
j  java.lang.Thread.run()V+11
v  ~StubRoutines::call_stub
V  [libjvm.dylib+0x2c062b]  JavaCalls::call_helper(JavaValue*, methodHandle*, JavaCallArguments*, Thread*)+0x597
V  [libjvm.dylib+0x2bf754]  JavaCalls::call_virtual(JavaValue*, KlassHandle, Symbol*, Symbol*, JavaCallArguments*, Thread*)+0x13e
V  [libjvm.dylib+0x2bf893]  JavaCalls::call_virtual(JavaValue*, Handle, KlassHandle, Symbol*, Symbol*, Thread*)+0x57
V  [libjvm.dylib+0x30410a]  thread_entry(JavaThread*, Thread*)+0x78
V  [libjvm.dylib+0x505e88]  JavaThread::thread_main_inner()+0x82
V  [libjvm.dylib+0x505d4d]  JavaThread::run()+0x199
V  [libjvm.dylib+0x435709]  java_start(Thread*)+0xfa
C  [libsystem_pthread.dylib+0x36c1]  _pthread_body+0x154
C  [libsystem_pthread.dylib+0x356d]  _pthread_body+0x0
C  [libsystem_pthread.dylib+0x2c5d]  thread_start+0xd
C  0x0000000000000000

Java frames: (J=compiled Java code, j=interpreted, Vv=VM code)
J 303  java.lang.Object.getClass()Ljava/lang/Class; (0 bytes) @ 0x000000010f12bc78 [0x000000010f12bc40+0x38]
j  org.gradle.internal.service.DefaultServiceRegistry.findProviderMethods(Ljava/lang/Object;)V+1
j  org.gradle.internal.service.DefaultServiceRegistry.addProvider(Ljava/lang/Object;)Lorg/gradle/internal/service/DefaultServiceRegistry;+6
j  org.gradle.internal.service.DefaultServiceRegistry$1.addProvider(Ljava/lang/Object;)V+5
j  org.gradle.composite.internal.CompositeBuildServices.registerBuildServices(Lorg/gradle/internal/service/ServiceRegistration;)V+9
j  org.gradle.internal.service.scopes.BuildScopeServices$1.execute(Lorg/gradle/internal/service/ServiceRegistration;)V+39
j  org.gradle.internal.service.scopes.BuildScopeServices$1.execute(Ljava/lang/Object;)V+5
j  org.gradle.internal.service.DefaultServiceRegistry.register(Lorg/gradle/api/Action;)V+9
j  org.gradle.internal.service.scopes.BuildScopeServices.<init>(Lorg/gradle/internal/service/ServiceRegistry;)V+34
j  org.gradle.initialization.DefaultGradleLauncherFactory.doNewInstance(Lorg/gradle/StartParameter;Lorg/gradle/initialization/GradleLauncher;Lorg/gradle/initialization/BuildCancellationToken;Lorg/gradle/initialization/BuildRequestMetaData;Lorg/gradle/initialization/BuildEventConsumer;Lorg/gradle/internal/service/scopes/BuildTreeScopeServices;Ljava/util/List;)Lorg/gradle/initialization/DefaultGradleLauncher;+6
j  org.gradle.initialization.DefaultGradleLauncherFactory.newInstance(Lorg/gradle/StartParameter;Lorg/gradle/initialization/BuildRequestContext;Lorg/gradle/internal/service/ServiceRegistry;)Lorg/gradle/initialization/GradleLauncher;+69
j  org.gradle.launcher.exec.InProcessBuildActionExecuter.execute(Lorg/gradle/internal/invocation/BuildAction;Lorg/gradle/initialization/BuildRequestContext;Lorg/gradle/launcher/exec/BuildActionParameters;Lorg/gradle/internal/service/ServiceRegistry;)Ljava/lang/Object;+13
j  org.gradle.launcher.exec.InProcessBuildActionExecuter.execute(Lorg/gradle/internal/invocation/BuildAction;Lorg/gradle/initialization/BuildRequestContext;Ljava/lang/Object;Lorg/gradle/internal/service/ServiceRegistry;)Ljava/lang/Object;+9
j  org.gradle.launcher.exec.BuildTreeScopeBuildActionExecuter.execute(Lorg/gradle/internal/invocation/BuildAction;Lorg/gradle/initialization/BuildRequestContext;Lorg/gradle/launcher/exec/BuildActionParameters;Lorg/gradle/internal/service/ServiceRegistry;)Ljava/lang/Object;+41
j  org.gradle.launcher.exec.BuildTreeScopeBuildActionExecuter.execute(Lorg/gradle/internal/invocation/BuildAction;Lorg/gradle/initialization/BuildRequestContext;Ljava/lang/Object;Lorg/gradle/internal/service/ServiceRegistry;)Ljava/lang/Object;+9
j  org.gradle.tooling.internal.provider.ContinuousBuildActionExecuter.execute(Lorg/gradle/internal/invocation/BuildAction;Lorg/gradle/initialization/BuildRequestContext;Lorg/gradle/launcher/exec/BuildActionParameters;Lorg/gradle/internal/service/ServiceRegistry;)Ljava/lang/Object;+63
j  org.gradle.tooling.internal.provider.ContinuousBuildActionExecuter.execute(Lorg/gradle/internal/invocation/BuildAction;Lorg/gradle/initialization/BuildRequestContext;Ljava/lang/Object;Lorg/gradle/internal/service/ServiceRegistry;)Ljava/lang/Object;+9
j  org.gradle.tooling.internal.provider.ServicesSetupBuildActionExecuter.execute(Lorg/gradle/internal/invocation/BuildAction;Lorg/gradle/initialization/BuildRequestContext;Lorg/gradle/launcher/exec/BuildActionParameters;Lorg/gradle/internal/service/ServiceRegistry;)Ljava/lang/Object;+86
j  org.gradle.tooling.internal.provider.ServicesSetupBuildActionExecuter.execute(Lorg/gradle/internal/invocation/BuildAction;Lorg/gradle/initialization/BuildRequestContext;Ljava/lang/Object;Lorg/gradle/internal/service/ServiceRegistry;)Ljava/lang/Object;+9
j  org.gradle.tooling.internal.provider.GradleThreadBuildActionExecuter.execute(Lorg/gradle/internal/invocation/BuildAction;Lorg/gradle/initialization/BuildRequestContext;Lorg/gradle/launcher/exec/BuildActionParameters;Lorg/gradle/internal/service/ServiceRegistry;)Ljava/lang/Object;+12
j  org.gradle.tooling.internal.provider.GradleThreadBuildActionExecuter.execute(Lorg/gradle/internal/invocation/BuildAction;Lorg/gradle/initialization/BuildRequestContext;Ljava/lang/Object;Lorg/gradle/internal/service/ServiceRegistry;)Ljava/lang/Object;+9
j  org.gradle.tooling.internal.provider.ParallelismConfigurationBuildActionExecuter.execute(Lorg/gradle/internal/invocation/BuildAction;Lorg/gradle/initialization/BuildRequestContext;Lorg/gradle/launcher/exec/BuildActionParameters;Lorg/gradle/internal/service/ServiceRegistry;)Ljava/lang/Object;+43
j  org.gradle.tooling.internal.provider.ParallelismConfigurationBuildActionExecuter.execute(Lorg/gradle/internal/invocation/BuildAction;Lorg/gradle/initialization/BuildRequestContext;Ljava/lang/Object;Lorg/gradle/internal/service/ServiceRegistry;)Ljava/lang/Object;+9
j  org.gradle.tooling.internal.provider.StartParamsValidatingActionExecuter.execute(Lorg/gradle/internal/invocation/BuildAction;Lorg/gradle/initialization/BuildRequestContext;Lorg/gradle/launcher/exec/BuildActionParameters;Lorg/gradle/internal/service/ServiceRegistry;)Ljava/lang/Object;+279
j  org.gradle.tooling.internal.provider.StartParamsValidatingActionExecuter.execute(Lorg/gradle/internal/invocation/BuildAction;Lorg/gradle/initialization/BuildRequestContext;Ljava/lang/Object;Lorg/gradle/internal/service/ServiceRegistry;)Ljava/lang/Object;+9
j  org.gradle.tooling.internal.provider.SessionFailureReportingActionExecuter.execute(Lorg/gradle/internal/invocation/BuildAction;Lorg/gradle/initialization/BuildRequestContext;Lorg/gradle/launcher/exec/BuildActionParameters;Lorg/gradle/internal/service/ServiceRegistry;)Ljava/lang/Object;+9
j  org.gradle.tooling.internal.provider.SessionFailureReportingActionExecuter.execute(Lorg/gradle/internal/invocation/BuildAction;Lorg/gradle/initialization/BuildRequestContext;Ljava/lang/Object;Lorg/gradle/internal/service/ServiceRegistry;)Ljava/lang/Object;+9
j  org.gradle.tooling.internal.provider.SetupLoggingActionExecuter.execute(Lorg/gradle/internal/invocation/BuildAction;Lorg/gradle/initialization/BuildRequestContext;Lorg/gradle/launcher/exec/BuildActionParameters;Lorg/gradle/internal/service/ServiceRegistry;)Ljava/lang/Object;+42
j  org.gradle.tooling.internal.provider.SetupLoggingActionExecuter.execute(Lorg/gradle/internal/invocation/BuildAction;Lorg/gradle/initialization/BuildRequestContext;Ljava/lang/Object;Lorg/gradle/internal/service/ServiceRegistry;)Ljava/lang/Object;+9
j  org.gradle.launcher.daemon.server.exec.ExecuteBuild.doBuild(Lorg/gradle/launcher/daemon/server/api/DaemonCommandExecution;Lorg/gradle/launcher/daemon/protocol/Build;)V+114
j  org.gradle.launcher.daemon.server.exec.BuildCommandOnly.execute(Lorg/gradle/launcher/daemon/server/api/DaemonCommandExecution;)V+49
j  org.gradle.launcher.daemon.server.api.DaemonCommandExecution.proceed()Z+28
j  org.gradle.launcher.daemon.server.exec.WatchForDisconnection.execute(Lorg/gradle/launcher/daemon/server/api/DaemonCommandExecution;)V+19
j  org.gradle.launcher.daemon.server.api.DaemonCommandExecution.proceed()Z+28
j  org.gradle.launcher.daemon.server.exec.ResetDeprecationLogger.execute(Lorg/gradle/launcher/daemon/server/api/DaemonCommandExecution;)V+4
j  org.gradle.launcher.daemon.server.api.DaemonCommandExecution.proceed()Z+28
j  org.gradle.launcher.daemon.server.exec.RequestStopIfSingleUsedDaemon.execute(Lorg/gradle/launcher/daemon/server/api/DaemonCommandExecution;)V+33
j  org.gradle.launcher.daemon.server.api.DaemonCommandExecution.proceed()Z+28
j  org.gradle.launcher.daemon.server.exec.ForwardClientInput$2.call()Ljava/lang/Void;+4
j  org.gradle.launcher.daemon.server.exec.ForwardClientInput$2.call()Ljava/lang/Object;+1
j  org.gradle.util.Swapper.swap(Ljava/lang/Object;Ljava/util/concurrent/Callable;)Ljava/lang/Object;+21
j  org.gradle.launcher.daemon.server.exec.ForwardClientInput.execute(Lorg/gradle/launcher/daemon/server/api/DaemonCommandExecution;)V+63
j  org.gradle.launcher.daemon.server.api.DaemonCommandExecution.proceed()Z+28
j  org.gradle.launcher.daemon.server.exec.LogAndCheckHealth.execute(Lorg/gradle/launcher/daemon/server/api/DaemonCommandExecution;)V+28
j  org.gradle.launcher.daemon.server.api.DaemonCommandExecution.proceed()Z+28
j  org.gradle.launcher.daemon.server.exec.LogToClient.doBuild(Lorg/gradle/launcher/daemon/server/api/DaemonCommandExecution;Lorg/gradle/launcher/daemon/protocol/Build;)V+87
j  org.gradle.launcher.daemon.server.exec.BuildCommandOnly.execute(Lorg/gradle/launcher/daemon/server/api/DaemonCommandExecution;)V+49
j  org.gradle.launcher.daemon.server.api.DaemonCommandExecution.proceed()Z+28
j  org.gradle.launcher.daemon.server.exec.EstablishBuildEnvironment.doBuild(Lorg/gradle/launcher/daemon/server/api/DaemonCommandExecution;Lorg/gradle/launcher/daemon/protocol/Build;)V+365
j  org.gradle.launcher.daemon.server.exec.BuildCommandOnly.execute(Lorg/gradle/launcher/daemon/server/api/DaemonCommandExecution;)V+49
j  org.gradle.launcher.daemon.server.api.DaemonCommandExecution.proceed()Z+28
j  org.gradle.launcher.daemon.server.exec.StartBuildOrRespondWithBusy$1.run()V+44
j  org.gradle.launcher.daemon.server.DaemonStateCoordinator$1.run()V+4
j  org.gradle.internal.concurrent.ExecutorPolicy$CatchAndRecordFailures.onExecute(Ljava/lang/Runnable;)V+1
j  org.gradle.internal.concurrent.ManagedExecutorImpl$1.run()V+25
j  java.util.concurrent.ThreadPoolExecutor.runWorker(Ljava/util/concurrent/ThreadPoolExecutor$Worker;)V+95
j  java.util.concurrent.ThreadPoolExecutor$Worker.run()V+5
j  org.gradle.internal.concurrent.ThreadFactoryImpl$ManagedThreadRunnable.run()V+7
j  java.lang.Thread.run()V+11
v  ~StubRoutines::call_stub

---------------  P R O C E S S  ---------------

Java Threads: ( => current thread )
  0x00007f9c8947e000 JavaThread "Stdin handler" [_thread_blocked, id=25347, stack(0x000070000c214000,0x000070000c314000)]
  0x00007f9c86b9b000 JavaThread "Asynchronous log dispatcher for DefaultDaemonConnection: socket connection from /127.0.0.1:49910 to /127.0.0.1:49911" [_thread_blocked, id=24835, stack(0x000070000c111000,0x000070000c211000)]
=>0x00007f9c87ae3000 JavaThread "Daemon worker" [_thread_in_vm, id=43267, stack(0x000070000c00e000,0x000070000c10e000)]
  0x00007f9c86b97800 JavaThread "Cancel handler" [_thread_blocked, id=24067, stack(0x000070000bf0b000,0x000070000c00b000)]
  0x00007f9c87ad6000 JavaThread "Handler for socket connection from /127.0.0.1:49910 to /127.0.0.1:49911" [_thread_in_native, id=23555, stack(0x000070000be08000,0x000070000bf08000)]
  0x00007f9c86b5f000 JavaThread "Daemon" [_thread_blocked, id=23043, stack(0x000070000bd05000,0x000070000be05000)]
  0x00007f9c87ad5000 JavaThread "Daemon periodic checks" [_thread_blocked, id=22531, stack(0x000070000bc02000,0x000070000bd02000)]
  0x00007f9c899f2800 JavaThread "Incoming local TCP Connector on port 49910" [_thread_in_native, id=22019, stack(0x000070000baff000,0x000070000bbff000)]
  0x00007f9c89832800 JavaThread "Service Thread" daemon [_thread_blocked, id=15619, stack(0x000070000b8f9000,0x000070000b9f9000)]
  0x00007f9c89829800 JavaThread "C1 CompilerThread3" daemon [_thread_blocked, id=16387, stack(0x000070000b7f6000,0x000070000b8f6000)]
  0x00007f9c89822800 JavaThread "C2 CompilerThread2" daemon [_thread_blocked, id=16643, stack(0x000070000b6f3000,0x000070000b7f3000)]
  0x00007f9c8900f000 JavaThread "C2 CompilerThread1" daemon [_thread_blocked, id=14595, stack(0x000070000b5f0000,0x000070000b6f0000)]
  0x00007f9c87809800 JavaThread "C2 CompilerThread0" daemon [_thread_in_native, id=16899, stack(0x000070000b4ed000,0x000070000b5ed000)]
  0x00007f9c8783d000 JavaThread "Signal Dispatcher" daemon [_thread_blocked, id=17415, stack(0x000070000b3ea000,0x000070000b4ea000)]
  0x00007f9c86820800 JavaThread "Finalizer" daemon [_thread_blocked, id=19459, stack(0x000070000b2e7000,0x000070000b3e7000)]
  0x00007f9c8782a800 JavaThread "Reference Handler" daemon [_thread_blocked, id=12547, stack(0x000070000b1e4000,0x000070000b2e4000)]
  0x00007f9c89006000 JavaThread "main" [_thread_blocked, id=9987, stack(0x000070000a7c6000,0x000070000a8c6000)]

Other Threads:
  0x00007f9c8681c000 VMThread [stack: 0x000070000b0e1000,0x000070000b1e1000] [id=12291]
  0x00007f9c86822000 WatcherThread [stack: 0x000070000b9fc000,0x000070000bafc000] [id=15875]

VM state:not at safepoint (normal execution)

VM Mutex/Monitor currently owned by a thread: None

Heap:
 PSYoungGen      total 76288K, used 32902K [0x00000007a0000000, 0x00000007a9500000, 0x00000007c0000000)
  eden space 65536K, 38% used [0x00000007a0000000,0x00000007a1888520,0x00000007a4000000)
  from space 10752K, 72% used [0x00000007a4000000,0x00000007a4799408,0x00000007a4a80000)
  to   space 10752K, 0% used [0x00000007a8a80000,0x00000007a8a80000,0x00000007a9500000)
 ParOldGen       total 175104K, used 16K [0x0000000760000000, 0x000000076ab00000, 0x00000007a0000000)
  object space 175104K, 0% used [0x0000000760000000,0x0000000760004000,0x000000076ab00000)
 Metaspace       used 12788K, capacity 13136K, committed 13440K, reserved 1060864K
  class space    used 1765K, capacity 1896K, committed 1920K, reserved 1048576K

Card table byte_map: [0x0000000106e28000,0x0000000107129000] byte_map_base: 0x0000000103328000

Marking Bits: (ParMarkBitMap*) 0x00000001067f81c8
 Begin Bits: [0x0000000107329000, 0x0000000108b29000)
 End Bits:   [0x0000000108b29000, 0x000000010a329000)

Polling page: 0x0000000104ec4000

CodeCache: size=245760Kb used=4102Kb max_used=4110Kb free=241657Kb
 bounds [0x000000010ef8e000, 0x000000010f39e000, 0x000000011df8e000]
 total_blobs=1540 nmethods=1192 adapters=263
 compilation: enabled

Compilation events (10 events):
Event: 1.275 Thread 0x00007f9c8900f000 1190       4       java.lang.CharacterDataLatin1::isWhitespace (23 bytes)
Event: 1.275 Thread 0x00007f9c89829800 1191       1       sun.reflect.generics.tree.ClassTypeSignature::getPath (5 bytes)
Event: 1.275 Thread 0x00007f9c89829800 nmethod 1191 0x000000010f384a50 code [0x000000010f384ba0, 0x000000010f384cb0]
Event: 1.275 Thread 0x00007f9c8900f000 nmethod 1190 0x000000010f384790 code [0x000000010f3848e0, 0x000000010f384998]
Event: 1.275 Thread 0x00007f9c89829800 1192       1       sun.reflect.generics.tree.SimpleClassTypeSignature::getName (5 bytes)
Event: 1.275 Thread 0x00007f9c89829800 nmethod 1192 0x000000010f394990 code [0x000000010f394ae0, 0x000000010f394bf0]
Event: 1.275 Thread 0x00007f9c89829800 1194       3       org.gradle.internal.service.DefaultServiceRegistry$FactoryMethodService::<init> (27 bytes)
Event: 1.276 Thread 0x00007f9c89829800 nmethod 1194 0x000000010f393f50 code [0x000000010f394100, 0x000000010f394668]
Event: 1.276 Thread 0x00007f9c89829800 1193       1       sun.reflect.generics.tree.SimpleClassTypeSignature::getDollar (5 bytes)
Event: 1.276 Thread 0x00007f9c89829800 nmethod 1193 0x000000010f393c90 code [0x000000010f393de0, 0x000000010f393ef0]

GC Heap History (2 events):
Event: 1.023 GC heap before
{Heap before GC invocations=1 (full 0):
 PSYoungGen      total 76288K, used 65536K [0x00000007a0000000, 0x00000007a5500000, 0x00000007c0000000)
  eden space 65536K, 100% used [0x00000007a0000000,0x00000007a4000000,0x00000007a4000000)
  from space 10752K, 0% used [0x00000007a4a80000,0x00000007a4a80000,0x00000007a5500000)
  to   space 10752K, 0% used [0x00000007a4000000,0x00000007a4000000,0x00000007a4a80000)
 ParOldGen       total 175104K, used 0K [0x0000000760000000, 0x000000076ab00000, 0x00000007a0000000)
  object space 175104K, 0% used [0x0000000760000000,0x0000000760000000,0x000000076ab00000)
 Metaspace       used 10667K, capacity 10984K, committed 11136K, reserved 1058816K
  class space    used 1430K, capacity 1550K, committed 1664K, reserved 1048576K
Event: 1.034 GC heap after
Heap after GC invocations=1 (full 0):
 PSYoungGen      total 76288K, used 7781K [0x00000007a0000000, 0x00000007a9500000, 0x00000007c0000000)
  eden space 65536K, 0% used [0x00000007a0000000,0x00000007a0000000,0x00000007a4000000)
  from space 10752K, 72% used [0x00000007a4000000,0x00000007a4799408,0x00000007a4a80000)
  to   space 10752K, 0% used [0x00000007a8a80000,0x00000007a8a80000,0x00000007a9500000)
 ParOldGen       total 175104K, used 16K [0x0000000760000000, 0x000000076ab00000, 0x00000007a0000000)
  object space 175104K, 0% used [0x0000000760000000,0x0000000760004000,0x000000076ab00000)
 Metaspace       used 10667K, capacity 10984K, committed 11136K, reserved 1058816K
  class space    used 1430K, capacity 1550K, committed 1664K, reserved 1048576K
}

Deoptimization events (10 events):
Event: 0.709 Thread 0x00007f9c89006000 Uncommon trap: reason=unstable_if action=reinterpret pc=0x000000010f1d4de0 method=java.util.HashMap.getNode(ILjava/lang/Object;)Ljava/util/HashMap$Node; @ 62
Event: 0.709 Thread 0x00007f9c89006000 Uncommon trap: reason=bimorphic action=maybe_recompile pc=0x000000010f272ba4 method=java.util.HashMap.putVal(ILjava/lang/Object;Ljava/lang/Object;ZZ)Ljava/lang/Object; @ 91
Event: 0.710 Thread 0x00007f9c89006000 Uncommon trap: reason=unstable_if action=reinterpret pc=0x000000010f210134 method=java.util.HashMap.getNode(ILjava/lang/Object;)Ljava/util/HashMap$Node; @ 62
Event: 0.710 Thread 0x00007f9c89006000 Uncommon trap: reason=bimorphic action=maybe_recompile pc=0x000000010f272ba4 method=java.util.HashMap.putVal(ILjava/lang/Object;Ljava/lang/Object;ZZ)Ljava/lang/Object; @ 91
Event: 0.710 Thread 0x00007f9c89006000 Uncommon trap: reason=bimorphic action=maybe_recompile pc=0x000000010f272ba4 method=java.util.HashMap.putVal(ILjava/lang/Object;Ljava/lang/Object;ZZ)Ljava/lang/Object; @ 91
Event: 0.710 Thread 0x00007f9c89006000 Uncommon trap: reason=bimorphic action=maybe_recompile pc=0x000000010f272ba4 method=java.util.HashMap.putVal(ILjava/lang/Object;Ljava/lang/Object;ZZ)Ljava/lang/Object; @ 91
Event: 0.719 Thread 0x00007f9c89006000 Uncommon trap: reason=bimorphic action=maybe_recompile pc=0x000000010f26d0d8 method=java.util.HashMap.putVal(ILjava/lang/Object;Ljava/lang/Object;ZZ)Ljava/lang/Object; @ 91
Event: 0.746 Thread 0x00007f9c89006000 Uncommon trap: reason=unstable_if action=reinterpret pc=0x000000010f287364 method=java.io.BufferedInputStream.read()I @ 8
Event: 1.064 Thread 0x00007f9c87ad6000 Uncommon trap: reason=unstable_if action=reinterpret pc=0x000000010f2e6ee4 method=java.util.concurrent.ConcurrentHashMap.putVal(Ljava/lang/Object;Ljava/lang/Object;Z)Ljava/lang/Object; @ 206
Event: 1.157 Thread 0x00007f9c87ae3000 Uncommon trap: reason=class_check action=maybe_recompile pc=0x000000010f21a138 method=java.util.regex.Matcher.match(II)Z @ 86

Classes redefined (0 events):
No events

Internal exceptions (10 events):
Event: 1.086 Thread 0x00007f9c87ad6000 Exception <a 'java/lang/NoSuchMethodError': <clinit>> (0x00000007a0420a20) thrown at [/Volumes/android/AOSP-openjdk-git/jdk8u/hotspot/src/share/vm/prims/jni.cpp, line 1613]
Event: 1.087 Thread 0x00007f9c87ad6000 Exception <a 'java/lang/NoSuchMethodError': <clinit>> (0x00000007a04294e8) thrown at [/Volumes/android/AOSP-openjdk-git/jdk8u/hotspot/src/share/vm/prims/jni.cpp, line 1613]
Event: 1.088 Thread 0x00007f9c87ad6000 Exception <a 'java/lang/NoSuchMethodError': <clinit>> (0x00000007a0438a28) thrown at [/Volumes/android/AOSP-openjdk-git/jdk8u/hotspot/src/share/vm/prims/jni.cpp, line 1613]
Event: 1.099 Thread 0x00007f9c87ad6000 Exception <a 'java/lang/NoSuchMethodError': <clinit>> (0x00000007a049e858) thrown at [/Volumes/android/AOSP-openjdk-git/jdk8u/hotspot/src/share/vm/prims/jni.cpp, line 1613]
Event: 1.103 Thread 0x00007f9c87ad6000 Exception <a 'java/lang/NoSuchMethodError': <clinit>> (0x00000007a04c21f0) thrown at [/Volumes/android/AOSP-openjdk-git/jdk8u/hotspot/src/share/vm/prims/jni.cpp, line 1613]
Event: 1.109 Thread 0x00007f9c87ad6000 Exception <a 'java/lang/NoSuchMethodError': <clinit>> (0x00000007a04eea38) thrown at [/Volumes/android/AOSP-openjdk-git/jdk8u/hotspot/src/share/vm/prims/jni.cpp, line 1613]
Event: 1.111 Thread 0x00007f9c87ad6000 Exception <a 'java/lang/NoSuchMethodError': <clinit>> (0x00000007a04fc7e8) thrown at [/Volumes/android/AOSP-openjdk-git/jdk8u/hotspot/src/share/vm/prims/jni.cpp, line 1613]
Event: 1.114 Thread 0x00007f9c87ad6000 Exception <a 'java/lang/NoSuchMethodError': <clinit>> (0x00000007a051bc80) thrown at [/Volumes/android/AOSP-openjdk-git/jdk8u/hotspot/src/share/vm/prims/jni.cpp, line 1613]
Event: 1.132 Thread 0x00007f9c87ae3000 Exception <a 'java/lang/NoSuchMethodError': <clinit>> (0x00000007a07059b0) thrown at [/Volumes/android/AOSP-openjdk-git/jdk8u/hotspot/src/share/vm/prims/jni.cpp, line 1613]
Event: 1.132 Thread 0x00007f9c87ae3000 Exception <a 'java/lang/NoSuchMethodError': <clinit>> (0x00000007a070dc38) thrown at [/Volumes/android/AOSP-openjdk-git/jdk8u/hotspot/src/share/vm/prims/jni.cpp, line 1613]

Events (10 events):
Event: 1.286 loading class org/gradle/caching/configuration/BuildCache
Event: 1.286 loading class org/gradle/caching/configuration/BuildCache done
Event: 1.286 loading class org/gradle/caching/http/internal/DefaultHttpBuildCacheServiceFactory
Event: 1.286 loading class org/gradle/caching/http/internal/DefaultHttpBuildCacheServiceFactory done
Event: 1.286 loading class org/gradle/caching/BuildCacheServiceFactory
Event: 1.286 loading class org/gradle/caching/BuildCacheServiceFactory done
Event: 1.287 loading class org/gradle/composite/internal/CompositeBuildServices$CompositeBuildBuildScopeServices
Event: 1.287 loading class org/gradle/composite/internal/CompositeBuildServices$CompositeBuildBuildScopeServices done
Event: 1.287 loading class org/gradle/api/internal/tasks/TaskReferenceResolver
Event: 1.287 loading class org/gradle/api/internal/tasks/TaskReferenceResolver done


Dynamic libraries:
0x000000001a798000 	/System/Library/Frameworks/Cocoa.framework/Versions/A/Cocoa
0x000000001a798000 	/System/Library/Frameworks/Security.framework/Versions/A/Security
0x000000001a798000 	/System/Library/Frameworks/ApplicationServices.framework/Versions/A/ApplicationServices
0x000000001a798000 	/usr/lib/libz.1.dylib
0x000000001a798000 	/usr/lib/libSystem.B.dylib
0x000000001a798000 	/System/Library/Frameworks/CoreFoundation.framework/Versions/A/CoreFoundation
0x000000001a798000 	/System/Library/Frameworks/Foundation.framework/Versions/C/Foundation
0x000000001a798000 	/usr/lib/libobjc.A.dylib
0x000000001a798000 	/System/Library/Frameworks/AppKit.framework/Versions/C/AppKit
0x000000001a798000 	/System/Library/Frameworks/CoreData.framework/Versions/A/CoreData
0x000000001a798000 	/System/Library/PrivateFrameworks/RemoteViewServices.framework/Versions/A/RemoteViewServices
0x000000001a798000 	/System/Library/PrivateFrameworks/UIFoundation.framework/Versions/A/UIFoundation
0x000000001a798000 	/System/Library/PrivateFrameworks/DFRFoundation.framework/Versions/A/DFRFoundation
0x000000001a798000 	/System/Library/Frameworks/Metal.framework/Versions/A/Metal
0x000000001a798000 	/System/Library/PrivateFrameworks/DesktopServicesPriv.framework/Versions/A/DesktopServicesPriv
0x000000001a798000 	/usr/lib/libenergytrace.dylib
0x000000001a798000 	/System/Library/PrivateFrameworks/SkyLight.framework/Versions/A/SkyLight
0x000000001a798000 	/System/Library/Frameworks/CoreGraphics.framework/Versions/A/CoreGraphics
0x000000001a798000 	/usr/lib/libScreenReader.dylib
0x000000001a798000 	/System/Library/Frameworks/Accelerate.framework/Versions/A/Accelerate
0x000000001a798000 	/System/Library/Frameworks/IOSurface.framework/Versions/A/IOSurface
0x000000001a798000 	/System/Library/Frameworks/AudioToolbox.framework/Versions/A/AudioToolbox
0x000000001a798000 	/System/Library/Frameworks/AudioUnit.framework/Versions/A/AudioUnit
0x000000001a798000 	/System/Library/PrivateFrameworks/DataDetectorsCore.framework/Versions/A/DataDetectorsCore
0x000000001a798000 	/System/Library/Frameworks/Carbon.framework/Versions/A/Frameworks/HIToolbox.framework/Versions/A/HIToolbox
0x000000001a798000 	/usr/lib/libicucore.A.dylib
0x000000001a798000 	/System/Library/Frameworks/QuartzCore.framework/Versions/A/QuartzCore
0x000000001a798000 	/System/Library/Frameworks/Carbon.framework/Versions/A/Frameworks/SpeechRecognition.framework/Versions/A/SpeechRecognition
0x000000001a798000 	/usr/lib/libauto.dylib
0x000000001a798000 	/usr/lib/libxml2.2.dylib
0x000000001a798000 	/System/Library/PrivateFrameworks/CoreUI.framework/Versions/A/CoreUI
0x000000001a798000 	/System/Library/Frameworks/CoreAudio.framework/Versions/A/CoreAudio
0x000000001a798000 	/System/Library/Frameworks/DiskArbitration.framework/Versions/A/DiskArbitration
0x000000001a798000 	/usr/lib/liblangid.dylib
0x000000001a798000 	/System/Library/PrivateFrameworks/MultitouchSupport.framework/Versions/A/MultitouchSupport
0x000000001a798000 	/System/Library/Frameworks/IOKit.framework/Versions/A/IOKit
0x000000001a798000 	/usr/lib/libDiagnosticMessagesClient.dylib
0x000000001a798000 	/System/Library/Frameworks/CoreServices.framework/Versions/A/CoreServices
0x000000001a798000 	/System/Library/PrivateFrameworks/PerformanceAnalysis.framework/Versions/A/PerformanceAnalysis
0x000000001a798000 	/System/Library/Frameworks/OpenGL.framework/Versions/A/OpenGL
0x000000001a798000 	/System/Library/Frameworks/ColorSync.framework/Versions/A/ColorSync
0x000000001a798000 	/System/Library/Frameworks/CoreImage.framework/Versions/A/CoreImage
0x000000001a798000 	/System/Library/Frameworks/CoreText.framework/Versions/A/CoreText
0x000000001a798000 	/System/Library/Frameworks/ImageIO.framework/Versions/A/ImageIO
0x000000001a798000 	/System/Library/PrivateFrameworks/Backup.framework/Versions/A/Backup
0x000000001a798000 	/usr/lib/libarchive.2.dylib
0x000000001a798000 	/System/Library/Frameworks/CFNetwork.framework/Versions/A/CFNetwork
0x000000001a798000 	/System/Library/Frameworks/SystemConfiguration.framework/Versions/A/SystemConfiguration
0x000000001a798000 	/usr/lib/libCRFSuite.dylib
0x000000001a798000 	/usr/lib/libc++.1.dylib
0x000000001a798000 	/usr/lib/libc++abi.dylib
0x000000001a798000 	/usr/lib/system/libcache.dylib
0x000000001a798000 	/usr/lib/system/libcommonCrypto.dylib
0x000000001a798000 	/usr/lib/system/libcompiler_rt.dylib
0x000000001a798000 	/usr/lib/system/libcopyfile.dylib
0x000000001a798000 	/usr/lib/system/libcorecrypto.dylib
0x000000001a798000 	/usr/lib/system/libdispatch.dylib
0x000000001a798000 	/usr/lib/system/libdyld.dylib
0x000000001a798000 	/usr/lib/system/libkeymgr.dylib
0x000000001a798000 	/usr/lib/system/liblaunch.dylib
0x000000001a798000 	/usr/lib/system/libmacho.dylib
0x000000001a798000 	/usr/lib/system/libquarantine.dylib
0x000000001a798000 	/usr/lib/system/libremovefile.dylib
0x000000001a798000 	/usr/lib/system/libsystem_asl.dylib
0x000000001a798000 	/usr/lib/system/libsystem_blocks.dylib
0x000000001a798000 	/usr/lib/system/libsystem_c.dylib
0x000000001a798000 	/usr/lib/system/libsystem_configuration.dylib
0x000000001a798000 	/usr/lib/system/libsystem_coreservices.dylib
0x000000001a798000 	/usr/lib/system/libsystem_darwin.dylib
0x000000001a798000 	/usr/lib/system/libsystem_dnssd.dylib
0x000000001a798000 	/usr/lib/system/libsystem_info.dylib
0x000000001a798000 	/usr/lib/system/libsystem_m.dylib
0x000000001a798000 	/usr/lib/system/libsystem_malloc.dylib
0x000000001a798000 	/usr/lib/system/libsystem_network.dylib
0x000000001a798000 	/usr/lib/system/libsystem_networkextension.dylib
0x000000001a798000 	/usr/lib/system/libsystem_notify.dylib
0x000000001a798000 	/usr/lib/system/libsystem_sandbox.dylib
0x000000001a798000 	/usr/lib/system/libsystem_secinit.dylib
0x000000001a798000 	/usr/lib/system/libsystem_kernel.dylib
0x000000001a798000 	/usr/lib/system/libsystem_platform.dylib
0x000000001a798000 	/usr/lib/system/libsystem_pthread.dylib
0x000000001a798000 	/usr/lib/system/libsystem_symptoms.dylib
0x000000001a798000 	/usr/lib/system/libsystem_trace.dylib
0x000000001a798000 	/usr/lib/system/libunwind.dylib
0x000000001a798000 	/usr/lib/system/libxpc.dylib
0x000000001a798000 	/usr/lib/closure/libclosured.dylib
0x000000001a798000 	/usr/lib/libbsm.0.dylib
0x000000001a798000 	/usr/lib/system/libkxld.dylib
0x000000001a798000 	/usr/lib/libOpenScriptingUtil.dylib
0x000000001a798000 	/usr/lib/libcoretls.dylib
0x000000001a798000 	/usr/lib/libcoretls_cfhelpers.dylib
0x000000001a798000 	/usr/lib/libpam.2.dylib
0x000000001a798000 	/usr/lib/libsqlite3.dylib
0x000000001a798000 	/usr/lib/libxar.1.dylib
0x000000001a798000 	/usr/lib/libbz2.1.0.dylib
0x000000001a798000 	/usr/lib/liblzma.5.dylib
0x000000001a798000 	/usr/lib/libnetwork.dylib
0x000000001a798000 	/usr/lib/libapple_nghttp2.dylib
0x000000001a798000 	/usr/lib/libpcap.A.dylib
0x000000001a798000 	/usr/lib/libboringssl.dylib
0x000000001a798000 	/usr/lib/libusrtcp.dylib
0x000000001a798000 	/usr/lib/libapple_crypto.dylib
0x000000001a798000 	/System/Library/Frameworks/CoreServices.framework/Versions/A/Frameworks/FSEvents.framework/Versions/A/FSEvents
0x000000001a798000 	/System/Library/Frameworks/CoreServices.framework/Versions/A/Frameworks/CarbonCore.framework/Versions/A/CarbonCore
0x000000001a798000 	/System/Library/Frameworks/CoreServices.framework/Versions/A/Frameworks/Metadata.framework/Versions/A/Metadata
0x000000001a798000 	/System/Library/Frameworks/CoreServices.framework/Versions/A/Frameworks/OSServices.framework/Versions/A/OSServices
0x000000001a798000 	/System/Library/Frameworks/CoreServices.framework/Versions/A/Frameworks/SearchKit.framework/Versions/A/SearchKit
0x000000001a798000 	/System/Library/Frameworks/CoreServices.framework/Versions/A/Frameworks/AE.framework/Versions/A/AE
0x000000001a798000 	/System/Library/Frameworks/CoreServices.framework/Versions/A/Frameworks/LaunchServices.framework/Versions/A/LaunchServices
0x000000001a798000 	/System/Library/Frameworks/CoreServices.framework/Versions/A/Frameworks/DictionaryServices.framework/Versions/A/DictionaryServices
0x000000001a798000 	/System/Library/Frameworks/CoreServices.framework/Versions/A/Frameworks/SharedFileList.framework/Versions/A/SharedFileList
0x000000001a798000 	/System/Library/Frameworks/NetFS.framework/Versions/A/NetFS
0x000000001a798000 	/System/Library/PrivateFrameworks/NetAuth.framework/Versions/A/NetAuth
0x000000001a798000 	/System/Library/PrivateFrameworks/login.framework/Versions/A/Frameworks/loginsupport.framework/Versions/A/loginsupport
0x000000001a798000 	/System/Library/PrivateFrameworks/TCC.framework/Versions/A/TCC
0x000000001a798000 	/usr/lib/libmecabra.dylib
0x000000001a798000 	/System/Library/Frameworks/ApplicationServices.framework/Versions/A/Frameworks/ATS.framework/Versions/A/ATS
0x000000001a798000 	/System/Library/Frameworks/ApplicationServices.framework/Versions/A/Frameworks/ColorSyncLegacy.framework/Versions/A/ColorSyncLegacy
0x000000001a798000 	/System/Library/Frameworks/ApplicationServices.framework/Versions/A/Frameworks/HIServices.framework/Versions/A/HIServices
0x000000001a798000 	/System/Library/Frameworks/ApplicationServices.framework/Versions/A/Frameworks/LangAnalysis.framework/Versions/A/LangAnalysis
0x000000001a798000 	/System/Library/Frameworks/ApplicationServices.framework/Versions/A/Frameworks/PrintCore.framework/Versions/A/PrintCore
0x000000001a798000 	/System/Library/Frameworks/ApplicationServices.framework/Versions/A/Frameworks/QD.framework/Versions/A/QD
0x000000001a798000 	/System/Library/Frameworks/ApplicationServices.framework/Versions/A/Frameworks/SpeechSynthesis.framework/Versions/A/SpeechSynthesis
0x000000001a798000 	/System/Library/Frameworks/CoreDisplay.framework/Versions/A/CoreDisplay
0x000000001a798000 	/System/Library/Frameworks/Accelerate.framework/Versions/A/Frameworks/vImage.framework/Versions/A/vImage
0x000000001a798000 	/System/Library/Frameworks/Accelerate.framework/Versions/A/Frameworks/vecLib.framework/Versions/A/vecLib
0x000000001a798000 	/System/Library/Frameworks/Accelerate.framework/Versions/A/Frameworks/vecLib.framework/Versions/A/libvDSP.dylib
0x000000001a798000 	/System/Library/Frameworks/Accelerate.framework/Versions/A/Frameworks/vecLib.framework/Versions/A/libBNNS.dylib
0x000000001a798000 	/System/Library/Frameworks/Accelerate.framework/Versions/A/Frameworks/vecLib.framework/Versions/A/libQuadrature.dylib
0x000000001a798000 	/System/Library/Frameworks/Accelerate.framework/Versions/A/Frameworks/vecLib.framework/Versions/A/libvMisc.dylib
0x000000001a798000 	/System/Library/Frameworks/Accelerate.framework/Versions/A/Frameworks/vecLib.framework/Versions/A/libLAPACK.dylib
0x000000001a798000 	/System/Library/Frameworks/Accelerate.framework/Versions/A/Frameworks/vecLib.framework/Versions/A/libBLAS.dylib
0x000000001a798000 	/System/Library/Frameworks/Accelerate.framework/Versions/A/Frameworks/vecLib.framework/Versions/A/libLinearAlgebra.dylib
0x000000001a798000 	/System/Library/Frameworks/Accelerate.framework/Versions/A/Frameworks/vecLib.framework/Versions/A/libSparse.dylib
0x000000001a798000 	/System/Library/Frameworks/Accelerate.framework/Versions/A/Frameworks/vecLib.framework/Versions/A/libSparseBLAS.dylib
0x000000001a798000 	/System/Library/PrivateFrameworks/IOAccelerator.framework/Versions/A/IOAccelerator
0x000000001a798000 	/System/Library/PrivateFrameworks/IOPresentment.framework/Versions/A/IOPresentment
0x000000001a798000 	/System/Library/PrivateFrameworks/DSExternalDisplay.framework/Versions/A/DSExternalDisplay
0x000000001a798000 	/System/Library/Frameworks/OpenGL.framework/Versions/A/Libraries/libCoreFSCache.dylib
0x000000001a798000 	/System/Library/Frameworks/CoreVideo.framework/Versions/A/CoreVideo
0x000000001a798000 	/System/Library/PrivateFrameworks/GraphVisualizer.framework/Versions/A/GraphVisualizer
0x000000001a798000 	/System/Library/Frameworks/MetalPerformanceShaders.framework/Versions/A/MetalPerformanceShaders
0x000000001a798000 	/usr/lib/libFosl_dynamic.dylib
0x000000001a798000 	/System/Library/PrivateFrameworks/FaceCore.framework/Versions/A/FaceCore
0x000000001a798000 	/System/Library/Frameworks/OpenCL.framework/Versions/A/OpenCL
0x000000001a798000 	/usr/lib/libcompression.dylib
0x000000001a798000 	/System/Library/Frameworks/ApplicationServices.framework/Versions/A/Frameworks/ATS.framework/Versions/A/Resources/libFontParser.dylib
0x000000001a798000 	/System/Library/Frameworks/ApplicationServices.framework/Versions/A/Frameworks/ATS.framework/Versions/A/Resources/libFontRegistry.dylib
0x000000001a798000 	/System/Library/Frameworks/ImageIO.framework/Versions/A/Resources/libJPEG.dylib
0x000000001a798000 	/System/Library/Frameworks/ImageIO.framework/Versions/A/Resources/libTIFF.dylib
0x000000001a798000 	/System/Library/Frameworks/ImageIO.framework/Versions/A/Resources/libPng.dylib
0x000000001a798000 	/System/Library/Frameworks/ImageIO.framework/Versions/A/Resources/libGIF.dylib
0x000000001a798000 	/System/Library/Frameworks/ImageIO.framework/Versions/A/Resources/libJP2.dylib
0x000000001a798000 	/System/Library/Frameworks/ImageIO.framework/Versions/A/Resources/libRadiance.dylib
0x000000001a798000 	/System/Library/PrivateFrameworks/AppleJPEG.framework/Versions/A/AppleJPEG
0x000000001a798000 	/System/Library/PrivateFrameworks/MetalTools.framework/Versions/A/MetalTools
0x000000001a798000 	/System/Library/Frameworks/MetalPerformanceShaders.framework/Frameworks/MPSCore.framework/Versions/A/MPSCore
0x000000001a798000 	/System/Library/Frameworks/MetalPerformanceShaders.framework/Frameworks/MPSImage.framework/Versions/A/MPSImage
0x000000001a798000 	/System/Library/Frameworks/MetalPerformanceShaders.framework/Frameworks/MPSMatrix.framework/Versions/A/MPSMatrix
0x000000001a798000 	/System/Library/Frameworks/MetalPerformanceShaders.framework/Frameworks/MPSNeuralNetwork.framework/Versions/A/MPSNeuralNetwork
0x000000001a798000 	/System/Library/Frameworks/OpenGL.framework/Versions/A/Libraries/libGLU.dylib
0x000000001a798000 	/System/Library/Frameworks/OpenGL.framework/Versions/A/Libraries/libGFXShared.dylib
0x000000001a798000 	/System/Library/Frameworks/OpenGL.framework/Versions/A/Libraries/libGL.dylib
0x000000001a798000 	/System/Library/Frameworks/OpenGL.framework/Versions/A/Libraries/libGLImage.dylib
0x000000001a798000 	/System/Library/Frameworks/OpenGL.framework/Versions/A/Libraries/libCVMSPluginSupport.dylib
0x000000001a798000 	/System/Library/Frameworks/OpenGL.framework/Versions/A/Libraries/libCoreVMClient.dylib
0x000000001a798000 	/usr/lib/libcups.2.dylib
0x000000001a798000 	/System/Library/Frameworks/Kerberos.framework/Versions/A/Kerberos
0x000000001a798000 	/System/Library/Frameworks/GSS.framework/Versions/A/GSS
0x000000001a798000 	/usr/lib/libresolv.9.dylib
0x000000001a798000 	/usr/lib/libiconv.2.dylib
0x000000001a798000 	/System/Library/PrivateFrameworks/Heimdal.framework/Versions/A/Heimdal
0x000000001a798000 	/usr/lib/libheimdal-asn1.dylib
0x000000001a798000 	/System/Library/Frameworks/OpenDirectory.framework/Versions/A/OpenDirectory
0x000000001a798000 	/System/Library/PrivateFrameworks/CommonAuth.framework/Versions/A/CommonAuth
0x000000001a798000 	/System/Library/Frameworks/OpenDirectory.framework/Versions/A/Frameworks/CFOpenDirectory.framework/Versions/A/CFOpenDirectory
0x000000001a798000 	/System/Library/Frameworks/SecurityFoundation.framework/Versions/A/SecurityFoundation
0x000000001a798000 	/System/Library/PrivateFrameworks/APFS.framework/Versions/A/APFS
0x000000001a798000 	/usr/lib/libutil.dylib
0x000000001a798000 	/System/Library/PrivateFrameworks/AppleSauce.framework/Versions/A/AppleSauce
0x000000001a798000 	/System/Library/PrivateFrameworks/LinguisticData.framework/Versions/A/LinguisticData
0x000000001a798000 	/usr/lib/libmarisa.dylib
0x000000001a798000 	/System/Library/PrivateFrameworks/Lexicon.framework/Versions/A/Lexicon
0x000000001a798000 	/usr/lib/libChineseTokenizer.dylib
0x000000001a798000 	/usr/lib/libcmph.dylib
0x000000001a798000 	/System/Library/PrivateFrameworks/LanguageModeling.framework/Versions/A/LanguageModeling
0x000000001a798000 	/System/Library/PrivateFrameworks/CoreEmoji.framework/Versions/A/CoreEmoji
0x000000001a798000 	/System/Library/Frameworks/ServiceManagement.framework/Versions/A/ServiceManagement
0x000000001a798000 	/System/Library/PrivateFrameworks/BackgroundTaskManagement.framework/Versions/A/BackgroundTaskManagement
0x000000001a798000 	/usr/lib/libxslt.1.dylib
0x000000001a798000 	/System/Library/Frameworks/Carbon.framework/Versions/A/Frameworks/Ink.framework/Versions/A/Ink
0x000000001a798000 	/System/Library/PrivateFrameworks/TextureIO.framework/Versions/A/TextureIO
0x000000001a798000 	/usr/lib/libate.dylib
0x000000001a798000 	/System/Library/PrivateFrameworks/CrashReporterSupport.framework/Versions/A/CrashReporterSupport
0x000000001a798000 	/System/Library/PrivateFrameworks/Sharing.framework/Versions/A/Sharing
0x000000001a798000 	/System/Library/PrivateFrameworks/IconServices.framework/Versions/A/IconServices
0x000000001a798000 	/System/Library/PrivateFrameworks/ProtocolBuffer.framework/Versions/A/ProtocolBuffer
0x000000001a798000 	/System/Library/PrivateFrameworks/Apple80211.framework/Versions/A/Apple80211
0x000000001a798000 	/System/Library/Frameworks/CoreWLAN.framework/Versions/A/CoreWLAN
0x000000001a798000 	/System/Library/PrivateFrameworks/CoreUtils.framework/Versions/A/CoreUtils
0x000000001a798000 	/System/Library/Frameworks/IOBluetooth.framework/Versions/A/IOBluetooth
0x000000001a798000 	/System/Library/PrivateFrameworks/CoreWiFi.framework/Versions/A/CoreWiFi
0x000000001a798000 	/System/Library/Frameworks/CoreBluetooth.framework/Versions/A/CoreBluetooth
0x000000001a798000 	/System/Library/PrivateFrameworks/SignpostNotification.framework/Versions/A/SignpostNotification
0x000000001a798000 	/System/Library/PrivateFrameworks/DebugSymbols.framework/Versions/A/DebugSymbols
0x000000001a798000 	/System/Library/PrivateFrameworks/CoreSymbolication.framework/Versions/A/CoreSymbolication
0x000000001a798000 	/System/Library/PrivateFrameworks/Symbolication.framework/Versions/A/Symbolication
0x000000001a798000 	/System/Library/PrivateFrameworks/AppleFSCompression.framework/Versions/A/AppleFSCompression
0x000000001a798000 	/System/Library/PrivateFrameworks/SpeechRecognitionCore.framework/Versions/A/SpeechRecognitionCore
0x0000000106000000 	/Applications/Android Studio.app/Contents/jre/jdk/Contents/Home/jre/lib/server/libjvm.dylib
0x000000001a798000 	/usr/lib/libstdc++.6.0.9.dylib
0x0000000104e84000 	/Applications/Android Studio.app/Contents/jre/jdk/Contents/Home/jre/lib/libverify.dylib
0x0000000104e90000 	/Applications/Android Studio.app/Contents/jre/jdk/Contents/Home/jre/lib/libjava.dylib
0x0000000104f0e000 	/Applications/Android Studio.app/Contents/jre/jdk/Contents/Home/jre/lib/libzip.dylib
0x000000010d1c1000 	/Applications/Android Studio.app/Contents/jre/jdk/Contents/Home/jre/lib/libnet.dylib
0x000000010d25e000 	/Applications/Android Studio.app/Contents/jre/jdk/Contents/Home/jre/lib/libnio.dylib
0x000000010d442000 	/Users/annascott/.gradle/native/25/osx-amd64/libnative-platform.dylib
0x000000010d849000 	/Applications/Android Studio.app/Contents/jre/jdk/Contents/Home/jre/lib/libmanagement.dylib

VM Arguments:
jvm_args: -Xmx1536m -Dfile.encoding=UTF-8 -Duser.country=US -Duser.language=en -Duser.variant 
java_command: org.gradle.launcher.daemon.bootstrap.GradleDaemon 4.4
java_class_path (initial): /Users/annascott/.gradle/wrapper/dists/gradle-4.4-all/9br9xq1tocpiv8o6njlyu5op1/gradle-4.4/lib/gradle-launcher-4.4.jar
Launcher Type: SUN_STANDARD

Environment Variables:
PATH=/usr/local/bin:/usr/bin:/bin:/usr/sbin:/sbin
SHELL=/bin/bash

Signal Handlers:
SIGSEGV: [libjvm.dylib+0x53f567], sa_mask[0]=11111111011111110111111111111111, sa_flags=SA_ONSTACK|SA_RESTART|SA_SIGINFO
SIGBUS: [libjvm.dylib+0x53f567], sa_mask[0]=11111111011111110111111111111111, sa_flags=SA_RESTART|SA_SIGINFO
SIGFPE: [libjvm.dylib+0x437adf], sa_mask[0]=11111111011111110111111111111111, sa_flags=SA_RESTART|SA_SIGINFO
SIGPIPE: [libjvm.dylib+0x437adf], sa_mask[0]=11111111011111110111111111111111, sa_flags=SA_RESTART|SA_SIGINFO
SIGXFSZ: [libjvm.dylib+0x437adf], sa_mask[0]=11111111011111110111111111111111, sa_flags=SA_RESTART|SA_SIGINFO
SIGILL: [libjvm.dylib+0x437adf], sa_mask[0]=11111111011111110111111111111111, sa_flags=SA_RESTART|SA_SIGINFO
SIGUSR1: SIG_DFL, sa_mask[0]=00000000000000000000000000000000, sa_flags=none
SIGUSR2: [libjvm.dylib+0x438404], sa_mask[0]=00100000000000000000000000000000, sa_flags=SA_RESTART|SA_SIGINFO
SIGHUP: [libjvm.dylib+0x4365f9], sa_mask[0]=11111111011111110111111111111111, sa_flags=SA_RESTART|SA_SIGINFO
SIGINT: [libjvm.dylib+0x4365f9], sa_mask[0]=11111111011111110111111111111111, sa_flags=SA_RESTART|SA_SIGINFO
SIGTERM: [libjvm.dylib+0x4365f9], sa_mask[0]=11111111011111110111111111111111, sa_flags=SA_RESTART|SA_SIGINFO
SIGQUIT: [libjvm.dylib+0x4365f9], sa_mask[0]=11111111011111110111111111111111, sa_flags=SA_RESTART|SA_SIGINFO


---------------  S Y S T E M  ---------------

OS:Bsduname:Darwin 17.3.0 Darwin Kernel Version 17.3.0: Thu Nov  9 18:09:22 PST 2017; root:xnu-4570.31.3~1/RELEASE_X86_64 x86_64
rlimit: STACK 8192k, CORE 0k, NPROC 1418, NOFILE 10240, AS infinity
load average:1.76 1.35 1.29

CPU:total 8 (initial active 8) (4 cores per cpu, 2 threads per core) family 6 model 94 stepping 3, cmov, cx8, fxsr, mmx, sse, sse2, sse3, ssse3, sse4.1, sse4.2, popcnt, avx, avx2, aes, clmul, erms, rtm, 3dnowpref, lzcnt, ht, tsc, tscinvbit, bmi1, bmi2, adx

Memory: 4k page, physical 16777216k(3773764k free)

/proc/meminfo:


vm_info: OpenJDK 64-Bit Server VM (25.152-b01) for bsd-amd64 JRE (1.8.0_152-release-1024-b01), built by "builder" with gcc 4.2.1 Compatible Apple LLVM 8.1.0 (clang-802.0.42)

time: Fri Oct 12 13:14:13 2018
elapsed time: 1 seconds (0d 0h 0m 1s)

