#
# A fatal error has been detected by the Java Runtime Environment:
#
#  SIGSEGV (0xb) at pc=0x000000010bb3a313, pid=588, tid=0x000000000000a703
#
# JRE version: OpenJDK Runtime Environment (8.0_152-b06) (build 1.8.0_152-release-1136-b06)
# Java VM: OpenJDK 64-Bit Server VM (25.152-b06 mixed mode bsd-amd64 compressed oops)
# Problematic frame:
# J 668 C1 java.util.regex.Pattern.compile()V (406 bytes) @ 0x000000010bb3a313 [0x000000010bb39140+0x11d3]
#
# Failed to write core dump. Core dumps have been disabled. To enable core dumping, try "ulimit -c unlimited" before starting Java again
#
# If you would like to submit a bug report, please visit:
#   http://bugreport.java.com/bugreport/crash.jsp
#

---------------  T H R E A D  ---------------

Current thread (0x00007fe66f814800):  JavaThread "Daemon worker" [_thread_in_Java, id=42755, stack(0x000070000dc7f000,0x000070000dd7f000)]

siginfo: si_signo: 11 (SIGSEGV), si_code: 1 (SEGV_MAPERR), si_addr: 0x0000000000000000

Registers:
RAX=0x00000007a1159b98, RBX=0x00000000aeed5d18, RCX=0x0000000000000000, RDX=0x000000010a20f2a8
RSP=0x000070000dd7c100, RBP=0x000070000dd7c230, RSI=0x00000000000003a9, RDI=0x00000007a1159bb0
R8 =0x00000007a1159b68, R9 =0x0000000000000005, R10=0x00000000f422b35d, R11=0x000000010b9c6c80
R12=0x0000000000000000, R13=0x000000010bb39f34, R14=0x000070000dd7c0f8, R15=0x00007fe66f814800
RIP=0x000000010bb3a313, EFLAGS=0x0000000000010286, ERR=0x0000000000000006
  TRAPNO=0x000000000000000e

Top of Stack: (sp=0x000070000dd7c100)
0x000070000dd7c100:   000000011c140e60 00007fe66f814800
0x000070000dd7c110:   000000000000000e 000000011c143518
0x000070000dd7c120:   000070000dd7c290 00000001058c734b
0x000070000dd7c130:   000070000dd7c180 00000001057d68e4
0x000070000dd7c140:   000000011c142b60 000000011c142b60
0x000070000dd7c150:   000070000dd7c170 00000001058317f8
0x000070000dd7c160:   000070000dd7c1c0 00007fe66f814800
0x000070000dd7c170:   00000007a1159978 0000000800000009
0x000070000dd7c180:   000070000dd7c1c0 000000011c140e60
0x000070000dd7c190:   00000007a1159b80 000000010b981c19
0x000070000dd7c1a0:   0000000109ea4cf0 00007fe66f814800
0x000070000dd7c1b0:   0000000109ea4cf0 00007fe66f814800
0x000070000dd7c1c0:   00000007a1159978 0000000000000000
0x000070000dd7c1d0:   000070000dd7c230 000000010b87cffd
0x000070000dd7c1e0:   000000010b87cffd 00000007a1159978
0x000070000dd7c1f0:   000070000dd7c1f0 0000000109ea55e6
0x000070000dd7c200:   000070000dd7c250 0000000109eaada8
0x000070000dd7c210:   0000000000000000 0000000109ea5620
0x000070000dd7c220:   000070000dd7c1e8 000070000dd7c240
0x000070000dd7c230:   000070000dd7c2a0 000000010b87cffd
0x000070000dd7c240:   0000000000000000 00000007a1143be8
0x000070000dd7c250:   00000007a1159978 00000007a1159978
0x000070000dd7c260:   000070000dd7c260 0000000109ea4ce6
0x000070000dd7c270:   000070000dd7c2b0 0000000109eaada8
0x000070000dd7c280:   0000000000000000 0000000109ea4cf0
0x000070000dd7c290:   000070000dd7c240 000070000dd7c2b0
0x000070000dd7c2a0:   000070000dd7c300 000000010b87cd80
0x000070000dd7c2b0:   00000007a1143be8 00000007a1159928
0x000070000dd7c2c0:   000070000dd7c2c0 000000011c142b31
0x000070000dd7c2d0:   000070000dd7c318 000000011c142f28
0x000070000dd7c2e0:   0000000000000000 000000011c142b60
0x000070000dd7c2f0:   000070000dd7c2b0 000070000dd7c310 

Instructions: (pc=0x000000010bb3a313)
0x000000010bb3a2f3:   00 01 48 ba a8 f2 20 0a 01 00 00 00 8b b2 dc 00
0x000000010bb3a303:   00 00 83 c6 08 89 b2 dc 00 00 00 48 3a d0 11 eb
0x000000010bb3a313:   09 01 00 00 00 81 e6 f8 ff 7f 00 83 fe 00 0f 84
0x000000010bb3a323:   68 0d 00 00 c6 40 14 01 c6 40 15 01 48 3b 03 48 

Register to memory mapping:

RAX=0x00000007a1159b98 is an oop
java.util.regex.Pattern$TreeInfo 
 - klass: 'java/util/regex/Pattern$TreeInfo'
RBX=0x00000000aeed5d18 is an unknown value
RCX=0x0000000000000000 is an unknown value
RDX=0x000000010a20f2a8 is pointing into metadata
RSP=0x000070000dd7c100 is pointing into the stack for thread: 0x00007fe66f814800
RBP=0x000070000dd7c230 is pointing into the stack for thread: 0x00007fe66f814800
RSI=0x00000000000003a9 is an unknown value
RDI=0x00000007a1159bb0 is an oop

[error occurred during error reporting (printing register info), id 0xb]

Stack: [0x000070000dc7f000,0x000070000dd7f000],  sp=0x000070000dd7c100,  free space=1012k
Native frames: (J=compiled Java code, j=interpreted, Vv=VM code, C=native code)
J 668 C1 java.util.regex.Pattern.compile()V (406 bytes) @ 0x000000010bb3a313 [0x000000010bb39140+0x11d3]
j  java.util.regex.Pattern.<init>(Ljava/lang/String;I)V+62
j  java.util.regex.Pattern.compile(Ljava/lang/String;)Ljava/util/regex/Pattern;+6
j  kotlin.text.Regex.<init>(Ljava/lang/String;)V+9
j  kotlin.reflect.jvm.internal.KDeclarationContainerImpl.<clinit>()V+27
v  ~StubRoutines::call_stub
V  [libjvm.dylib+0x2cd8c8]
V  [libjvm.dylib+0x29bd0b]
V  [libjvm.dylib+0x29aa3a]
V  [libjvm.dylib+0x29a5b6]
V  [libjvm.dylib+0x29a79a]
V  [libjvm.dylib+0x29a5b6]
V  [libjvm.dylib+0x2c4fc4]
j  kotlin.reflect.jvm.internal.KClassCacheKt.getOrCreateKotlinClass(Ljava/lang/Class;)Lkotlin/reflect/jvm/internal/KClassImpl;+198
j  kotlin.reflect.jvm.internal.ReflectionFactoryImpl.getOrCreateKotlinClass(Ljava/lang/Class;)Lkotlin/reflect/KClass;+1
j  kotlin.jvm.internal.Reflection.getOrCreateKotlinClass(Ljava/lang/Class;)Lkotlin/reflect/KClass;+4
j  org.gradle.kotlin.dsl.provider.BuildServices.<clinit>()V+12
v  ~StubRoutines::call_stub
V  [libjvm.dylib+0x2cd8c8]
V  [libjvm.dylib+0x29bd0b]
V  [libjvm.dylib+0x29aa3a]
V  [libjvm.dylib+0x29a5b6]
V  [libjvm.dylib+0x3a9132]
V  [libjvm.dylib+0x3a8e1e]
V  [libjvm.dylib+0x2c60bd]
j  org.gradle.kotlin.dsl.services.KotlinScriptServiceRegistry.registerBuildServices(Lorg/gradle/internal/service/ServiceRegistration;)V+16
j  org.gradle.internal.service.scopes.BuildScopeServices$1.execute(Lorg/gradle/internal/service/ServiceRegistration;)V+39
j  org.gradle.internal.service.scopes.BuildScopeServices$1.execute(Ljava/lang/Object;)V+5
j  org.gradle.internal.service.DefaultServiceRegistry.register(Lorg/gradle/api/Action;)V+9
j  org.gradle.internal.service.scopes.BuildScopeServices.<init>(Lorg/gradle/internal/service/ServiceRegistry;)V+34
j  org.gradle.initialization.DefaultGradleLauncherFactory.doNewInstance(Lorg/gradle/api/internal/BuildDefinition;Lorg/gradle/initialization/GradleLauncher;Lorg/gradle/initialization/BuildCancellationToken;Lorg/gradle/initialization/BuildRequestMetaData;Lorg/gradle/initialization/BuildEventConsumer;Lorg/gradle/internal/service/scopes/BuildTreeScopeServices;Ljava/util/List;)Lorg/gradle/initialization/DefaultGradleLauncher;+6
j  org.gradle.initialization.DefaultGradleLauncherFactory.newInstance(Lorg/gradle/StartParameter;Lorg/gradle/initialization/BuildRequestContext;Lorg/gradle/internal/service/ServiceRegistry;)Lorg/gradle/initialization/GradleLauncher;+76
j  org.gradle.launcher.exec.InProcessBuildActionExecuter.execute(Lorg/gradle/internal/invocation/BuildAction;Lorg/gradle/initialization/BuildRequestContext;Lorg/gradle/launcher/exec/BuildActionParameters;Lorg/gradle/internal/service/ServiceRegistry;)Ljava/lang/Object;+13
j  org.gradle.launcher.exec.InProcessBuildActionExecuter.execute(Lorg/gradle/internal/invocation/BuildAction;Lorg/gradle/initialization/BuildRequestContext;Ljava/lang/Object;Lorg/gradle/internal/service/ServiceRegistry;)Ljava/lang/Object;+9
j  org.gradle.launcher.exec.BuildTreeScopeBuildActionExecuter.execute(Lorg/gradle/internal/invocation/BuildAction;Lorg/gradle/initialization/BuildRequestContext;Lorg/gradle/launcher/exec/BuildActionParameters;Lorg/gradle/internal/service/ServiceRegistry;)Ljava/lang/Object;+38
j  org.gradle.launcher.exec.BuildTreeScopeBuildActionExecuter.execute(Lorg/gradle/internal/invocation/BuildAction;Lorg/gradle/initialization/BuildRequestContext;Ljava/lang/Object;Lorg/gradle/internal/service/ServiceRegistry;)Ljava/lang/Object;+9
j  org.gradle.tooling.internal.provider.ContinuousBuildActionExecuter.execute(Lorg/gradle/internal/invocation/BuildAction;Lorg/gradle/initialization/BuildRequestContext;Lorg/gradle/launcher/exec/BuildActionParameters;Lorg/gradle/internal/service/ServiceRegistry;)Ljava/lang/Object;+63
j  org.gradle.tooling.internal.provider.ContinuousBuildActionExecuter.execute(Lorg/gradle/internal/invocation/BuildAction;Lorg/gradle/initialization/BuildRequestContext;Ljava/lang/Object;Lorg/gradle/internal/service/ServiceRegistry;)Ljava/lang/Object;+9
j  org.gradle.tooling.internal.provider.ServicesSetupBuildActionExecuter.execute(Lorg/gradle/internal/invocation/BuildAction;Lorg/gradle/initialization/BuildRequestContext;Lorg/gradle/launcher/exec/BuildActionParameters;Lorg/gradle/internal/service/ServiceRegistry;)Ljava/lang/Object;+86
j  org.gradle.tooling.internal.provider.ServicesSetupBuildActionExecuter.execute(Lorg/gradle/internal/invocation/BuildAction;Lorg/gradle/initialization/BuildRequestContext;Ljava/lang/Object;Lorg/gradle/internal/service/ServiceRegistry;)Ljava/lang/Object;+9
j  org.gradle.tooling.internal.provider.GradleThreadBuildActionExecuter.execute(Lorg/gradle/internal/invocation/BuildAction;Lorg/gradle/initialization/BuildRequestContext;Lorg/gradle/launcher/exec/BuildActionParameters;Lorg/gradle/internal/service/ServiceRegistry;)Ljava/lang/Object;+12
j  org.gradle.tooling.internal.provider.GradleThreadBuildActionExecuter.execute(Lorg/gradle/internal/invocation/BuildAction;Lorg/gradle/initialization/BuildRequestContext;Ljava/lang/Object;Lorg/gradle/internal/service/ServiceRegistry;)Ljava/lang/Object;+9
j  org.gradle.tooling.internal.provider.ParallelismConfigurationBuildActionExecuter.execute(Lorg/gradle/internal/invocation/BuildAction;Lorg/gradle/initialization/BuildRequestContext;Lorg/gradle/launcher/exec/BuildActionParameters;Lorg/gradle/internal/service/ServiceRegistry;)Ljava/lang/Object;+43
j  org.gradle.tooling.internal.provider.ParallelismConfigurationBuildActionExecuter.execute(Lorg/gradle/internal/invocation/BuildAction;Lorg/gradle/initialization/BuildRequestContext;Ljava/lang/Object;Lorg/gradle/internal/service/ServiceRegistry;)Ljava/lang/Object;+9
j  org.gradle.tooling.internal.provider.StartParamsValidatingActionExecuter.execute(Lorg/gradle/internal/invocation/BuildAction;Lorg/gradle/initialization/BuildRequestContext;Lorg/gradle/launcher/exec/BuildActionParameters;Lorg/gradle/internal/service/ServiceRegistry;)Ljava/lang/Object;+257
j  org.gradle.tooling.internal.provider.StartParamsValidatingActionExecuter.execute(Lorg/gradle/internal/invocation/BuildAction;Lorg/gradle/initialization/BuildRequestContext;Ljava/lang/Object;Lorg/gradle/internal/service/ServiceRegistry;)Ljava/lang/Object;+9
j  org.gradle.tooling.internal.provider.SessionFailureReportingActionExecuter.execute(Lorg/gradle/internal/invocation/BuildAction;Lorg/gradle/initialization/BuildRequestContext;Lorg/gradle/launcher/exec/BuildActionParameters;Lorg/gradle/internal/service/ServiceRegistry;)Ljava/lang/Object;+9
j  org.gradle.tooling.internal.provider.SessionFailureReportingActionExecuter.execute(Lorg/gradle/internal/invocation/BuildAction;Lorg/gradle/initialization/BuildRequestContext;Ljava/lang/Object;Lorg/gradle/internal/service/ServiceRegistry;)Ljava/lang/Object;+9
j  org.gradle.tooling.internal.provider.SetupLoggingActionExecuter.execute(Lorg/gradle/internal/invocation/BuildAction;Lorg/gradle/initialization/BuildRequestContext;Lorg/gradle/launcher/exec/BuildActionParameters;Lorg/gradle/internal/service/ServiceRegistry;)Ljava/lang/Object;+42
j  org.gradle.tooling.internal.provider.SetupLoggingActionExecuter.execute(Lorg/gradle/internal/invocation/BuildAction;Lorg/gradle/initialization/BuildRequestContext;Ljava/lang/Object;Lorg/gradle/internal/service/ServiceRegistry;)Ljava/lang/Object;+9
j  org.gradle.launcher.daemon.server.exec.ExecuteBuild.doBuild(Lorg/gradle/launcher/daemon/server/api/DaemonCommandExecution;Lorg/gradle/launcher/daemon/protocol/Build;)V+114
j  org.gradle.launcher.daemon.server.exec.BuildCommandOnly.execute(Lorg/gradle/launcher/daemon/server/api/DaemonCommandExecution;)V+49
j  org.gradle.launcher.daemon.server.api.DaemonCommandExecution.proceed()Z+28
j  org.gradle.launcher.daemon.server.exec.WatchForDisconnection.execute(Lorg/gradle/launcher/daemon/server/api/DaemonCommandExecution;)V+19
j  org.gradle.launcher.daemon.server.api.DaemonCommandExecution.proceed()Z+28
j  org.gradle.launcher.daemon.server.exec.ResetDeprecationLogger.execute(Lorg/gradle/launcher/daemon/server/api/DaemonCommandExecution;)V+4
j  org.gradle.launcher.daemon.server.api.DaemonCommandExecution.proceed()Z+28
j  org.gradle.launcher.daemon.server.exec.RequestStopIfSingleUsedDaemon.execute(Lorg/gradle/launcher/daemon/server/api/DaemonCommandExecution;)V+33
j  org.gradle.launcher.daemon.server.api.DaemonCommandExecution.proceed()Z+28
j  org.gradle.launcher.daemon.server.exec.ForwardClientInput$2.call()Ljava/lang/Void;+4
j  org.gradle.launcher.daemon.server.exec.ForwardClientInput$2.call()Ljava/lang/Object;+1
j  org.gradle.util.Swapper.swap(Ljava/lang/Object;Ljava/util/concurrent/Callable;)Ljava/lang/Object;+21
j  org.gradle.launcher.daemon.server.exec.ForwardClientInput.execute(Lorg/gradle/launcher/daemon/server/api/DaemonCommandExecution;)V+63
j  org.gradle.launcher.daemon.server.api.DaemonCommandExecution.proceed()Z+28
j  org.gradle.launcher.daemon.server.exec.LogAndCheckHealth.execute(Lorg/gradle/launcher/daemon/server/api/DaemonCommandExecution;)V+28
j  org.gradle.launcher.daemon.server.api.DaemonCommandExecution.proceed()Z+28
j  org.gradle.launcher.daemon.server.exec.LogToClient.doBuild(Lorg/gradle/launcher/daemon/server/api/DaemonCommandExecution;Lorg/gradle/launcher/daemon/protocol/Build;)V+87
j  org.gradle.launcher.daemon.server.exec.BuildCommandOnly.execute(Lorg/gradle/launcher/daemon/server/api/DaemonCommandExecution;)V+49
j  org.gradle.launcher.daemon.server.api.DaemonCommandExecution.proceed()Z+28
j  org.gradle.launcher.daemon.server.exec.EstablishBuildEnvironment.doBuild(Lorg/gradle/launcher/daemon/server/api/DaemonCommandExecution;Lorg/gradle/launcher/daemon/protocol/Build;)V+365
j  org.gradle.launcher.daemon.server.exec.BuildCommandOnly.execute(Lorg/gradle/launcher/daemon/server/api/DaemonCommandExecution;)V+49
j  org.gradle.launcher.daemon.server.api.DaemonCommandExecution.proceed()Z+28
j  org.gradle.launcher.daemon.server.exec.StartBuildOrRespondWithBusy$1.run()V+44
j  org.gradle.launcher.daemon.server.DaemonStateCoordinator$1.run()V+4
j  org.gradle.internal.concurrent.ExecutorPolicy$CatchAndRecordFailures.onExecute(Ljava/lang/Runnable;)V+1
j  org.gradle.internal.concurrent.ManagedExecutorImpl$1.run()V+25
j  java.util.concurrent.ThreadPoolExecutor.runWorker(Ljava/util/concurrent/ThreadPoolExecutor$Worker;)V+95
j  java.util.concurrent.ThreadPoolExecutor$Worker.run()V+5
j  org.gradle.internal.concurrent.ThreadFactoryImpl$ManagedThreadRunnable.run()V+7
j  java.lang.Thread.run()V+11
v  ~StubRoutines::call_stub
V  [libjvm.dylib+0x2cd8c8]
V  [libjvm.dylib+0x2cc5cd]
V  [libjvm.dylib+0x2cc7eb]
V  [libjvm.dylib+0x31c59a]
V  [libjvm.dylib+0x5326e8]
V  [libjvm.dylib+0x5325ad]
V  [libjvm.dylib+0x45fb89]
C  [libsystem_pthread.dylib+0x3661]  _pthread_body+0x154
C  [libsystem_pthread.dylib+0x350d]  _pthread_body+0x0
C  [libsystem_pthread.dylib+0x2bf9]  thread_start+0xd
C  0x0000000000000000


---------------  P R O C E S S  ---------------

Java Threads: ( => current thread )
  0x00007fe66dbd0000 JavaThread "Stdin handler" [_thread_blocked, id=24067, stack(0x000070000de85000,0x000070000df85000)]
  0x00007fe66c322800 JavaThread "Asynchronous log dispatcher for DefaultDaemonConnection: socket connection from /127.0.0.1:49630 to /127.0.0.1:49631" [_thread_blocked, id=42243, stack(0x000070000dd82000,0x000070000de82000)]
=>0x00007fe66f814800 JavaThread "Daemon worker" [_thread_in_Java, id=42755, stack(0x000070000dc7f000,0x000070000dd7f000)]
  0x00007fe66c1e4800 JavaThread "Cancel handler" [_thread_blocked, id=23299, stack(0x000070000db7c000,0x000070000dc7c000)]
  0x00007fe66f815800 JavaThread "Handler for socket connection from /127.0.0.1:49630 to /127.0.0.1:49631" [_thread_in_native, id=22787, stack(0x000070000da79000,0x000070000db79000)]
  0x00007fe66dbca800 JavaThread "Daemon" [_thread_blocked, id=22275, stack(0x000070000d976000,0x000070000da76000)]
  0x00007fe66dbc8800 JavaThread "Daemon periodic checks" [_thread_blocked, id=22019, stack(0x000070000d873000,0x000070000d973000)]
  0x00007fe66dbc5800 JavaThread "Incoming local TCP Connector on port 49630" [_thread_in_native, id=21763, stack(0x000070000d770000,0x000070000d870000)]
  0x00007fe66b019800 JavaThread "Service Thread" daemon [_thread_blocked, id=16899, stack(0x000070000d56a000,0x000070000d66a000)]
  0x00007fe66d871000 JavaThread "C1 CompilerThread3" daemon [_thread_blocked, id=16643, stack(0x000070000d467000,0x000070000d567000)]
  0x00007fe66d867800 JavaThread "C2 CompilerThread2" daemon [_thread_in_native, id=16131, stack(0x000070000d364000,0x000070000d464000)]
  0x00007fe66d867000 JavaThread "C2 CompilerThread1" daemon [_thread_blocked, id=18435, stack(0x000070000d261000,0x000070000d361000)]
  0x00007fe66b022800 JavaThread "C2 CompilerThread0" daemon [_thread_blocked, id=18947, stack(0x000070000d15e000,0x000070000d25e000)]
  0x00007fe66b022000 JavaThread "Signal Dispatcher" daemon [_thread_blocked, id=15627, stack(0x000070000d05b000,0x000070000d15b000)]
  0x00007fe66d84d800 JavaThread "Finalizer" daemon [_thread_blocked, id=12803, stack(0x000070000cf58000,0x000070000d058000)]
  0x00007fe66d84b000 JavaThread "Reference Handler" daemon [_thread_blocked, id=19715, stack(0x000070000ce55000,0x000070000cf55000)]
  0x00007fe66b008800 JavaThread "main" [_thread_blocked, id=10243, stack(0x000070000c437000,0x000070000c537000)]

Other Threads:
  0x00007fe66d846800 VMThread [stack: 0x000070000cd52000,0x000070000ce52000] [id=19971]
  0x00007fe66c047800 WatcherThread [stack: 0x000070000d66d000,0x000070000d76d000] [id=17411]

VM state:not at safepoint (normal execution)

VM Mutex/Monitor currently owned by a thread: None

Heap:
 PSYoungGen      total 76288K, used 25756K [0x00000007a0000000, 0x00000007a5500000, 0x00000007c0000000)
  eden space 65536K, 27% used [0x00000007a0000000,0x00000007a117c910,0x00000007a4000000)
  from space 10752K, 73% used [0x00000007a4000000,0x00000007a47aa800,0x00000007a4a80000)
  to   space 10752K, 0% used [0x00000007a4a80000,0x00000007a4a80000,0x00000007a5500000)
 ParOldGen       total 175104K, used 16K [0x0000000760000000, 0x000000076ab00000, 0x00000007a0000000)
  object space 175104K, 0% used [0x0000000760000000,0x0000000760004000,0x000000076ab00000)
 Metaspace       used 12350K, capacity 12716K, committed 12928K, reserved 1060864K
  class space    used 1698K, capacity 1826K, committed 1920K, reserved 1048576K

Card table byte_map: [0x000000010645c000,0x000000010675d000] byte_map_base: 0x000000010295c000

Marking Bits: (ParMarkBitMap*) 0x0000000105e2c8f8
 Begin Bits: [0x000000010695d000, 0x000000010815d000)
 End Bits:   [0x000000010815d000, 0x000000010995d000)

Polling page: 0x000000010444a000

CodeCache: size=245760Kb used=4032Kb max_used=4032Kb free=241727Kb
 bounds [0x000000010b875000, 0x000000010bc75000, 0x000000011a875000]
 total_blobs=1529 nmethods=1183 adapters=261
 compilation: enabled

Compilation events (10 events):
Event: 1.183 Thread 0x00007fe66d871000 nmethod 1181 0x000000010bc5dad0 code [0x000000010bc5dc60, 0x000000010bc5e0e8]
Event: 1.183 Thread 0x00007fe66d871000 1182       3       java.util.LinkedList$ListItr::remove (84 bytes)
Event: 1.183 Thread 0x00007fe66d871000 nmethod 1182 0x000000010bc5d210 code [0x000000010bc5d3c0, 0x000000010bc5d8c8]
Event: 1.183 Thread 0x00007fe66d871000 1183       1       sun.reflect.generics.visitor.Reifier::getFactory (5 bytes)
Event: 1.183 Thread 0x00007fe66d871000 nmethod 1183 0x000000010bc5cf50 code [0x000000010bc5d0a0, 0x000000010bc5d1b0]
Event: 1.184 Thread 0x00007fe66b022800 nmethod 1175% 0x000000010bc62dd0 code [0x000000010bc62f80, 0x000000010bc63d88]
Event: 1.201 Thread 0x00007fe66d871000 1184       3       java.net.URLClassLoader::definePackage (271 bytes)
Event: 1.202 Thread 0x00007fe66d871000 nmethod 1184 0x000000010bc645d0 code [0x000000010bc64a60, 0x000000010bc67968]
Event: 1.202 Thread 0x00007fe66d871000 1185   !   3       java.lang.ClassLoader::definePackage (77 bytes)
Event: 1.202 Thread 0x00007fe66d871000 nmethod 1185 0x000000010bc61dd0 code [0x000000010bc61fa0, 0x000000010bc62868]

GC Heap History (2 events):
Event: 0.963 GC heap before
{Heap before GC invocations=1 (full 0):
 PSYoungGen      total 76288K, used 65536K [0x00000007a0000000, 0x00000007a5500000, 0x00000007c0000000)
  eden space 65536K, 100% used [0x00000007a0000000,0x00000007a4000000,0x00000007a4000000)
  from space 10752K, 0% used [0x00000007a4a80000,0x00000007a4a80000,0x00000007a5500000)
  to   space 10752K, 0% used [0x00000007a4000000,0x00000007a4000000,0x00000007a4a80000)
 ParOldGen       total 175104K, used 0K [0x0000000760000000, 0x000000076ab00000, 0x00000007a0000000)
  object space 175104K, 0% used [0x0000000760000000,0x0000000760000000,0x000000076ab00000)
 Metaspace       used 10569K, capacity 10760K, committed 11008K, reserved 1058816K
  class space    used 1408K, capacity 1518K, committed 1536K, reserved 1048576K
Event: 0.972 GC heap after
Heap after GC invocations=1 (full 0):
 PSYoungGen      total 76288K, used 7850K [0x00000007a0000000, 0x00000007a5500000, 0x00000007c0000000)
  eden space 65536K, 0% used [0x00000007a0000000,0x00000007a0000000,0x00000007a4000000)
  from space 10752K, 73% used [0x00000007a4000000,0x00000007a47aa800,0x00000007a4a80000)
  to   space 10752K, 0% used [0x00000007a4a80000,0x00000007a4a80000,0x00000007a5500000)
 ParOldGen       total 175104K, used 16K [0x0000000760000000, 0x000000076ab00000, 0x00000007a0000000)
  object space 175104K, 0% used [0x0000000760000000,0x0000000760004000,0x000000076ab00000)
 Metaspace       used 10569K, capacity 10760K, committed 11008K, reserved 1058816K
  class space    used 1408K, capacity 1518K, committed 1536K, reserved 1048576K
}

Deoptimization events (10 events):
Event: 0.688 Thread 0x00007fe66b008800 Uncommon trap: reason=class_check action=maybe_recompile pc=0x000000010bb00bb8 method=java.util.regex.Matcher.match(II)Z @ 86
Event: 0.707 Thread 0x00007fe66b008800 Uncommon trap: reason=unstable_if action=reinterpret pc=0x000000010baccca0 method=java.util.HashMap.getNode(ILjava/lang/Object;)Ljava/util/HashMap$Node; @ 62
Event: 0.707 Thread 0x00007fe66b008800 Uncommon trap: reason=bimorphic action=maybe_recompile pc=0x000000010badd734 method=java.util.HashMap.putVal(ILjava/lang/Object;Ljava/lang/Object;ZZ)Ljava/lang/Object; @ 91
Event: 0.707 Thread 0x00007fe66b008800 Uncommon trap: reason=unstable_if action=reinterpret pc=0x000000010bab4c3c method=java.util.HashMap.getNode(ILjava/lang/Object;)Ljava/util/HashMap$Node; @ 62
Event: 0.707 Thread 0x00007fe66b008800 Uncommon trap: reason=bimorphic action=maybe_recompile pc=0x000000010badd734 method=java.util.HashMap.putVal(ILjava/lang/Object;Ljava/lang/Object;ZZ)Ljava/lang/Object; @ 91
Event: 0.707 Thread 0x00007fe66b008800 Uncommon trap: reason=bimorphic action=maybe_recompile pc=0x000000010badd734 method=java.util.HashMap.putVal(ILjava/lang/Object;Ljava/lang/Object;ZZ)Ljava/lang/Object; @ 91
Event: 0.707 Thread 0x00007fe66b008800 Uncommon trap: reason=bimorphic action=maybe_recompile pc=0x000000010badd734 method=java.util.HashMap.putVal(ILjava/lang/Object;Ljava/lang/Object;ZZ)Ljava/lang/Object; @ 91
Event: 0.841 Thread 0x00007fe66b008800 Uncommon trap: reason=bimorphic action=maybe_recompile pc=0x000000010bb73c0c method=java.util.HashMap.putVal(ILjava/lang/Object;Ljava/lang/Object;ZZ)Ljava/lang/Object; @ 203
Event: 1.006 Thread 0x00007fe66f815800 Uncommon trap: reason=unstable_if action=reinterpret pc=0x000000010bbeb168 method=java.util.concurrent.ConcurrentHashMap.putVal(Ljava/lang/Object;Ljava/lang/Object;Z)Ljava/lang/Object; @ 206
Event: 1.066 Thread 0x00007fe66f814800 Uncommon trap: reason=bimorphic action=maybe_recompile pc=0x000000010bb73c0c method=java.util.HashMap.putVal(ILjava/lang/Object;Ljava/lang/Object;ZZ)Ljava/lang/Object; @ 203

Classes redefined (0 events):
No events

Internal exceptions (10 events):
Event: 1.016 Thread 0x00007fe66f815800 Exception <a 'java/lang/NoSuchMethodError': <clinit>> (0x00000007a025de30) thrown at [/Volumes/android/AOSP-openjdk-git/jdk8u/hotspot/src/share/vm/prims/jni.cpp, line 1613]
Event: 1.023 Thread 0x00007fe66f815800 Exception <a 'java/lang/NoSuchMethodError': <clinit>> (0x00000007a02c72b0) thrown at [/Volumes/android/AOSP-openjdk-git/jdk8u/hotspot/src/share/vm/prims/jni.cpp, line 1613]
Event: 1.027 Thread 0x00007fe66f815800 Exception <a 'java/lang/NoSuchMethodError': <clinit>> (0x00000007a02f7130) thrown at [/Volumes/android/AOSP-openjdk-git/jdk8u/hotspot/src/share/vm/prims/jni.cpp, line 1613]
Event: 1.032 Thread 0x00007fe66f815800 Exception <a 'java/lang/NoSuchMethodError': <clinit>> (0x00000007a032cf68) thrown at [/Volumes/android/AOSP-openjdk-git/jdk8u/hotspot/src/share/vm/prims/jni.cpp, line 1613]
Event: 1.032 Thread 0x00007fe66f815800 Exception <a 'java/lang/NoSuchMethodError': <clinit>> (0x00000007a0338388) thrown at [/Volumes/android/AOSP-openjdk-git/jdk8u/hotspot/src/share/vm/prims/jni.cpp, line 1613]
Event: 1.033 Thread 0x00007fe66f815800 Exception <a 'java/lang/NoSuchMethodError': <clinit>> (0x00000007a03444b0) thrown at [/Volumes/android/AOSP-openjdk-git/jdk8u/hotspot/src/share/vm/prims/jni.cpp, line 1613]
Event: 1.036 Thread 0x00007fe66f815800 Exception <a 'java/lang/NoSuchMethodError': <clinit>> (0x00000007a0364e98) thrown at [/Volumes/android/AOSP-openjdk-git/jdk8u/hotspot/src/share/vm/prims/jni.cpp, line 1613]
Event: 1.053 Thread 0x00007fe66f814800 Exception <a 'java/lang/NoSuchMethodError': <clinit>> (0x00000007a058e280) thrown at [/Volumes/android/AOSP-openjdk-git/jdk8u/hotspot/src/share/vm/prims/jni.cpp, line 1613]
Event: 1.054 Thread 0x00007fe66f814800 Exception <a 'java/lang/NoSuchMethodError': <clinit>> (0x00000007a0596678) thrown at [/Volumes/android/AOSP-openjdk-git/jdk8u/hotspot/src/share/vm/prims/jni.cpp, line 1613]
Event: 1.206 Thread 0x00007fe66f814800 Implicit null exception at 0x000000010bb3a313 to 0x0000000000000000

Events (10 events):
Event: 1.202 loading class kotlin/NoWhenBranchMatchedException
Event: 1.202 loading class kotlin/NoWhenBranchMatchedException done
Event: 1.202 loading class kotlin/reflect/jvm/internal/KDeclarationContainerImpl$Companion
Event: 1.202 loading class kotlin/reflect/jvm/internal/KDeclarationContainerImpl$Companion done
Event: 1.203 loading class kotlin/jvm/internal/DefaultConstructorMarker
Event: 1.203 loading class kotlin/jvm/internal/DefaultConstructorMarker done
Event: 1.203 loading class kotlin/text/Regex
Event: 1.203 loading class kotlin/text/Regex done
Event: 1.204 loading class kotlin/text/Regex$Companion
Event: 1.204 loading class kotlin/text/Regex$Companion done


Dynamic libraries:
0x000000002f068000 	/System/Library/Frameworks/Cocoa.framework/Versions/A/Cocoa
0x000000002f068000 	/System/Library/Frameworks/Security.framework/Versions/A/Security
0x000000002f068000 	/System/Library/Frameworks/ApplicationServices.framework/Versions/A/ApplicationServices
0x000000002f068000 	/usr/lib/libz.1.dylib
0x000000002f068000 	/usr/lib/libSystem.B.dylib
0x000000002f068000 	/System/Library/Frameworks/CoreFoundation.framework/Versions/A/CoreFoundation
0x000000002f068000 	/System/Library/Frameworks/Foundation.framework/Versions/C/Foundation
0x000000002f068000 	/usr/lib/libobjc.A.dylib
0x000000002f068000 	/System/Library/Frameworks/AppKit.framework/Versions/C/AppKit
0x000000002f068000 	/System/Library/Frameworks/CoreData.framework/Versions/A/CoreData
0x000000002f068000 	/System/Library/PrivateFrameworks/RemoteViewServices.framework/Versions/A/RemoteViewServices
0x000000002f068000 	/System/Library/PrivateFrameworks/UIFoundation.framework/Versions/A/UIFoundation
0x000000002f068000 	/System/Library/PrivateFrameworks/DFRFoundation.framework/Versions/A/DFRFoundation
0x000000002f068000 	/System/Library/Frameworks/Metal.framework/Versions/A/Metal
0x000000002f068000 	/System/Library/PrivateFrameworks/DesktopServicesPriv.framework/Versions/A/DesktopServicesPriv
0x000000002f068000 	/usr/lib/libenergytrace.dylib
0x000000002f068000 	/System/Library/PrivateFrameworks/SkyLight.framework/Versions/A/SkyLight
0x000000002f068000 	/System/Library/Frameworks/CoreGraphics.framework/Versions/A/CoreGraphics
0x000000002f068000 	/usr/lib/libScreenReader.dylib
0x000000002f068000 	/System/Library/Frameworks/Accelerate.framework/Versions/A/Accelerate
0x000000002f068000 	/System/Library/Frameworks/IOSurface.framework/Versions/A/IOSurface
0x000000002f068000 	/System/Library/Frameworks/AudioToolbox.framework/Versions/A/AudioToolbox
0x000000002f068000 	/System/Library/Frameworks/AudioUnit.framework/Versions/A/AudioUnit
0x000000002f068000 	/System/Library/PrivateFrameworks/DataDetectorsCore.framework/Versions/A/DataDetectorsCore
0x000000002f068000 	/System/Library/Frameworks/Carbon.framework/Versions/A/Frameworks/HIToolbox.framework/Versions/A/HIToolbox
0x000000002f068000 	/usr/lib/libicucore.A.dylib
0x000000002f068000 	/System/Library/Frameworks/QuartzCore.framework/Versions/A/QuartzCore
0x000000002f068000 	/System/Library/PrivateFrameworks/SignpostNotification.framework/Versions/A/SignpostNotification
0x000000002f068000 	/System/Library/Frameworks/Carbon.framework/Versions/A/Frameworks/SpeechRecognition.framework/Versions/A/SpeechRecognition
0x000000002f068000 	/usr/lib/libauto.dylib
0x000000002f068000 	/usr/lib/libxml2.2.dylib
0x000000002f068000 	/System/Library/PrivateFrameworks/CoreUI.framework/Versions/A/CoreUI
0x000000002f068000 	/System/Library/Frameworks/CoreAudio.framework/Versions/A/CoreAudio
0x000000002f068000 	/System/Library/Frameworks/DiskArbitration.framework/Versions/A/DiskArbitration
0x000000002f068000 	/usr/lib/liblangid.dylib
0x000000002f068000 	/System/Library/PrivateFrameworks/MultitouchSupport.framework/Versions/A/MultitouchSupport
0x000000002f068000 	/System/Library/Frameworks/IOKit.framework/Versions/A/IOKit
0x000000002f068000 	/usr/lib/libDiagnosticMessagesClient.dylib
0x000000002f068000 	/System/Library/Frameworks/CoreServices.framework/Versions/A/CoreServices
0x000000002f068000 	/System/Library/PrivateFrameworks/PerformanceAnalysis.framework/Versions/A/PerformanceAnalysis
0x000000002f068000 	/System/Library/Frameworks/OpenGL.framework/Versions/A/OpenGL
0x000000002f068000 	/System/Library/Frameworks/ColorSync.framework/Versions/A/ColorSync
0x000000002f068000 	/System/Library/Frameworks/CoreImage.framework/Versions/A/CoreImage
0x000000002f068000 	/System/Library/Frameworks/CoreText.framework/Versions/A/CoreText
0x000000002f068000 	/System/Library/Frameworks/ImageIO.framework/Versions/A/ImageIO
0x000000002f068000 	/System/Library/PrivateFrameworks/Backup.framework/Versions/A/Backup
0x000000002f068000 	/usr/lib/libarchive.2.dylib
0x000000002f068000 	/System/Library/Frameworks/CFNetwork.framework/Versions/A/CFNetwork
0x000000002f068000 	/System/Library/Frameworks/SystemConfiguration.framework/Versions/A/SystemConfiguration
0x000000002f068000 	/usr/lib/libCRFSuite.dylib
0x000000002f068000 	/usr/lib/libc++.1.dylib
0x000000002f068000 	/usr/lib/libc++abi.dylib
0x000000002f068000 	/usr/lib/system/libcache.dylib
0x000000002f068000 	/usr/lib/system/libcommonCrypto.dylib
0x000000002f068000 	/usr/lib/system/libcompiler_rt.dylib
0x000000002f068000 	/usr/lib/system/libcopyfile.dylib
0x000000002f068000 	/usr/lib/system/libcorecrypto.dylib
0x000000002f068000 	/usr/lib/system/libdispatch.dylib
0x000000002f068000 	/usr/lib/system/libdyld.dylib
0x000000002f068000 	/usr/lib/system/libkeymgr.dylib
0x000000002f068000 	/usr/lib/system/liblaunch.dylib
0x000000002f068000 	/usr/lib/system/libmacho.dylib
0x000000002f068000 	/usr/lib/system/libquarantine.dylib
0x000000002f068000 	/usr/lib/system/libremovefile.dylib
0x000000002f068000 	/usr/lib/system/libsystem_asl.dylib
0x000000002f068000 	/usr/lib/system/libsystem_blocks.dylib
0x000000002f068000 	/usr/lib/system/libsystem_c.dylib
0x000000002f068000 	/usr/lib/system/libsystem_configuration.dylib
0x000000002f068000 	/usr/lib/system/libsystem_coreservices.dylib
0x000000002f068000 	/usr/lib/system/libsystem_darwin.dylib
0x000000002f068000 	/usr/lib/system/libsystem_dnssd.dylib
0x000000002f068000 	/usr/lib/system/libsystem_info.dylib
0x000000002f068000 	/usr/lib/system/libsystem_m.dylib
0x000000002f068000 	/usr/lib/system/libsystem_malloc.dylib
0x000000002f068000 	/usr/lib/system/libsystem_network.dylib
0x000000002f068000 	/usr/lib/system/libsystem_networkextension.dylib
0x000000002f068000 	/usr/lib/system/libsystem_notify.dylib
0x000000002f068000 	/usr/lib/system/libsystem_sandbox.dylib
0x000000002f068000 	/usr/lib/system/libsystem_secinit.dylib
0x000000002f068000 	/usr/lib/system/libsystem_kernel.dylib
0x000000002f068000 	/usr/lib/system/libsystem_platform.dylib
0x000000002f068000 	/usr/lib/system/libsystem_pthread.dylib
0x000000002f068000 	/usr/lib/system/libsystem_symptoms.dylib
0x000000002f068000 	/usr/lib/system/libsystem_trace.dylib
0x000000002f068000 	/usr/lib/system/libunwind.dylib
0x000000002f068000 	/usr/lib/system/libxpc.dylib
0x000000002f068000 	/usr/lib/closure/libclosured.dylib
0x000000002f068000 	/usr/lib/libbsm.0.dylib
0x000000002f068000 	/usr/lib/system/libkxld.dylib
0x000000002f068000 	/usr/lib/libOpenScriptingUtil.dylib
0x000000002f068000 	/usr/lib/libcoretls.dylib
0x000000002f068000 	/usr/lib/libcoretls_cfhelpers.dylib
0x000000002f068000 	/usr/lib/libpam.2.dylib
0x000000002f068000 	/usr/lib/libsqlite3.dylib
0x000000002f068000 	/usr/lib/libxar.1.dylib
0x000000002f068000 	/usr/lib/libbz2.1.0.dylib
0x000000002f068000 	/usr/lib/liblzma.5.dylib
0x000000002f068000 	/usr/lib/libnetwork.dylib
0x000000002f068000 	/usr/lib/libapple_nghttp2.dylib
0x000000002f068000 	/usr/lib/libpcap.A.dylib
0x000000002f068000 	/usr/lib/libboringssl.dylib
0x000000002f068000 	/usr/lib/libusrtcp.dylib
0x000000002f068000 	/usr/lib/libapple_crypto.dylib
0x000000002f068000 	/System/Library/Frameworks/CoreServices.framework/Versions/A/Frameworks/FSEvents.framework/Versions/A/FSEvents
0x000000002f068000 	/System/Library/Frameworks/CoreServices.framework/Versions/A/Frameworks/CarbonCore.framework/Versions/A/CarbonCore
0x000000002f068000 	/System/Library/Frameworks/CoreServices.framework/Versions/A/Frameworks/Metadata.framework/Versions/A/Metadata
0x000000002f068000 	/System/Library/Frameworks/CoreServices.framework/Versions/A/Frameworks/OSServices.framework/Versions/A/OSServices
0x000000002f068000 	/System/Library/Frameworks/CoreServices.framework/Versions/A/Frameworks/SearchKit.framework/Versions/A/SearchKit
0x000000002f068000 	/System/Library/Frameworks/CoreServices.framework/Versions/A/Frameworks/AE.framework/Versions/A/AE
0x000000002f068000 	/System/Library/Frameworks/CoreServices.framework/Versions/A/Frameworks/LaunchServices.framework/Versions/A/LaunchServices
0x000000002f068000 	/System/Library/Frameworks/CoreServices.framework/Versions/A/Frameworks/DictionaryServices.framework/Versions/A/DictionaryServices
0x000000002f068000 	/System/Library/Frameworks/CoreServices.framework/Versions/A/Frameworks/SharedFileList.framework/Versions/A/SharedFileList
0x000000002f068000 	/System/Library/Frameworks/NetFS.framework/Versions/A/NetFS
0x000000002f068000 	/System/Library/PrivateFrameworks/NetAuth.framework/Versions/A/NetAuth
0x000000002f068000 	/System/Library/PrivateFrameworks/login.framework/Versions/A/Frameworks/loginsupport.framework/Versions/A/loginsupport
0x000000002f068000 	/System/Library/PrivateFrameworks/TCC.framework/Versions/A/TCC
0x000000002f068000 	/usr/lib/libmecabra.dylib
0x000000002f068000 	/System/Library/Frameworks/ApplicationServices.framework/Versions/A/Frameworks/ATS.framework/Versions/A/ATS
0x000000002f068000 	/System/Library/Frameworks/ApplicationServices.framework/Versions/A/Frameworks/ColorSyncLegacy.framework/Versions/A/ColorSyncLegacy
0x000000002f068000 	/System/Library/Frameworks/ApplicationServices.framework/Versions/A/Frameworks/HIServices.framework/Versions/A/HIServices
0x000000002f068000 	/System/Library/Frameworks/ApplicationServices.framework/Versions/A/Frameworks/LangAnalysis.framework/Versions/A/LangAnalysis
0x000000002f068000 	/System/Library/Frameworks/ApplicationServices.framework/Versions/A/Frameworks/PrintCore.framework/Versions/A/PrintCore
0x000000002f068000 	/System/Library/Frameworks/ApplicationServices.framework/Versions/A/Frameworks/QD.framework/Versions/A/QD
0x000000002f068000 	/System/Library/Frameworks/ApplicationServices.framework/Versions/A/Frameworks/SpeechSynthesis.framework/Versions/A/SpeechSynthesis
0x000000002f068000 	/System/Library/Frameworks/CoreDisplay.framework/Versions/A/CoreDisplay
0x000000002f068000 	/System/Library/Frameworks/Accelerate.framework/Versions/A/Frameworks/vImage.framework/Versions/A/vImage
0x000000002f068000 	/System/Library/Frameworks/Accelerate.framework/Versions/A/Frameworks/vecLib.framework/Versions/A/vecLib
0x000000002f068000 	/System/Library/Frameworks/Accelerate.framework/Versions/A/Frameworks/vecLib.framework/Versions/A/libvDSP.dylib
0x000000002f068000 	/System/Library/Frameworks/Accelerate.framework/Versions/A/Frameworks/vecLib.framework/Versions/A/libBNNS.dylib
0x000000002f068000 	/System/Library/Frameworks/Accelerate.framework/Versions/A/Frameworks/vecLib.framework/Versions/A/libQuadrature.dylib
0x000000002f068000 	/System/Library/Frameworks/Accelerate.framework/Versions/A/Frameworks/vecLib.framework/Versions/A/libvMisc.dylib
0x000000002f068000 	/System/Library/Frameworks/Accelerate.framework/Versions/A/Frameworks/vecLib.framework/Versions/A/libLAPACK.dylib
0x000000002f068000 	/System/Library/Frameworks/Accelerate.framework/Versions/A/Frameworks/vecLib.framework/Versions/A/libBLAS.dylib
0x000000002f068000 	/System/Library/Frameworks/Accelerate.framework/Versions/A/Frameworks/vecLib.framework/Versions/A/libLinearAlgebra.dylib
0x000000002f068000 	/System/Library/Frameworks/Accelerate.framework/Versions/A/Frameworks/vecLib.framework/Versions/A/libSparse.dylib
0x000000002f068000 	/System/Library/Frameworks/Accelerate.framework/Versions/A/Frameworks/vecLib.framework/Versions/A/libSparseBLAS.dylib
0x000000002f068000 	/System/Library/PrivateFrameworks/GPUWrangler.framework/Versions/A/GPUWrangler
0x000000002f068000 	/System/Library/PrivateFrameworks/IOAccelerator.framework/Versions/A/IOAccelerator
0x000000002f068000 	/System/Library/PrivateFrameworks/IOPresentment.framework/Versions/A/IOPresentment
0x000000002f068000 	/System/Library/PrivateFrameworks/DSExternalDisplay.framework/Versions/A/DSExternalDisplay
0x000000002f068000 	/System/Library/Frameworks/OpenGL.framework/Versions/A/Libraries/libCoreFSCache.dylib
0x000000002f068000 	/System/Library/Frameworks/CoreVideo.framework/Versions/A/CoreVideo
0x000000002f068000 	/System/Library/PrivateFrameworks/GraphVisualizer.framework/Versions/A/GraphVisualizer
0x000000002f068000 	/System/Library/Frameworks/MetalPerformanceShaders.framework/Versions/A/MetalPerformanceShaders
0x000000002f068000 	/usr/lib/libFosl_dynamic.dylib
0x000000002f068000 	/System/Library/PrivateFrameworks/FaceCore.framework/Versions/A/FaceCore
0x000000002f068000 	/System/Library/Frameworks/OpenCL.framework/Versions/A/OpenCL
0x000000002f068000 	/usr/lib/libcompression.dylib
0x000000002f068000 	/System/Library/Frameworks/ApplicationServices.framework/Versions/A/Frameworks/ATS.framework/Versions/A/Resources/libFontParser.dylib
0x000000002f068000 	/System/Library/Frameworks/ApplicationServices.framework/Versions/A/Frameworks/ATS.framework/Versions/A/Resources/libFontRegistry.dylib
0x000000002f068000 	/System/Library/Frameworks/ImageIO.framework/Versions/A/Resources/libJPEG.dylib
0x000000002f068000 	/System/Library/Frameworks/ImageIO.framework/Versions/A/Resources/libTIFF.dylib
0x000000002f068000 	/System/Library/Frameworks/ImageIO.framework/Versions/A/Resources/libPng.dylib
0x000000002f068000 	/System/Library/Frameworks/ImageIO.framework/Versions/A/Resources/libGIF.dylib
0x000000002f068000 	/System/Library/Frameworks/ImageIO.framework/Versions/A/Resources/libJP2.dylib
0x000000002f068000 	/System/Library/Frameworks/ImageIO.framework/Versions/A/Resources/libRadiance.dylib
0x000000002f068000 	/System/Library/PrivateFrameworks/AppleJPEG.framework/Versions/A/AppleJPEG
0x000000002f068000 	/System/Library/Frameworks/MetalPerformanceShaders.framework/Frameworks/MPSCore.framework/Versions/A/MPSCore
0x000000002f068000 	/System/Library/Frameworks/MetalPerformanceShaders.framework/Frameworks/MPSImage.framework/Versions/A/MPSImage
0x000000002f068000 	/System/Library/Frameworks/MetalPerformanceShaders.framework/Frameworks/MPSNeuralNetwork.framework/Versions/A/MPSNeuralNetwork
0x000000002f068000 	/System/Library/Frameworks/MetalPerformanceShaders.framework/Frameworks/MPSMatrix.framework/Versions/A/MPSMatrix
0x000000002f068000 	/System/Library/PrivateFrameworks/MetalTools.framework/Versions/A/MetalTools
0x000000002f068000 	/System/Library/Frameworks/OpenGL.framework/Versions/A/Libraries/libGLU.dylib
0x000000002f068000 	/System/Library/Frameworks/OpenGL.framework/Versions/A/Libraries/libGFXShared.dylib
0x000000002f068000 	/System/Library/Frameworks/OpenGL.framework/Versions/A/Libraries/libGL.dylib
0x000000002f068000 	/System/Library/Frameworks/OpenGL.framework/Versions/A/Libraries/libGLImage.dylib
0x000000002f068000 	/System/Library/Frameworks/OpenGL.framework/Versions/A/Libraries/libCVMSPluginSupport.dylib
0x000000002f068000 	/System/Library/Frameworks/OpenGL.framework/Versions/A/Libraries/libCoreVMClient.dylib
0x000000002f068000 	/usr/lib/libcups.2.dylib
0x000000002f068000 	/System/Library/Frameworks/Kerberos.framework/Versions/A/Kerberos
0x000000002f068000 	/System/Library/Frameworks/GSS.framework/Versions/A/GSS
0x000000002f068000 	/usr/lib/libresolv.9.dylib
0x000000002f068000 	/usr/lib/libiconv.2.dylib
0x000000002f068000 	/System/Library/PrivateFrameworks/Heimdal.framework/Versions/A/Heimdal
0x000000002f068000 	/usr/lib/libheimdal-asn1.dylib
0x000000002f068000 	/System/Library/Frameworks/OpenDirectory.framework/Versions/A/OpenDirectory
0x000000002f068000 	/System/Library/PrivateFrameworks/CommonAuth.framework/Versions/A/CommonAuth
0x000000002f068000 	/System/Library/Frameworks/OpenDirectory.framework/Versions/A/Frameworks/CFOpenDirectory.framework/Versions/A/CFOpenDirectory
0x000000002f068000 	/System/Library/Frameworks/SecurityFoundation.framework/Versions/A/SecurityFoundation
0x000000002f068000 	/System/Library/PrivateFrameworks/APFS.framework/Versions/A/APFS
0x000000002f068000 	/usr/lib/libutil.dylib
0x000000002f068000 	/System/Library/PrivateFrameworks/AppleSauce.framework/Versions/A/AppleSauce
0x000000002f068000 	/System/Library/PrivateFrameworks/LinguisticData.framework/Versions/A/LinguisticData
0x000000002f068000 	/usr/lib/libmarisa.dylib
0x000000002f068000 	/System/Library/PrivateFrameworks/Lexicon.framework/Versions/A/Lexicon
0x000000002f068000 	/usr/lib/libChineseTokenizer.dylib
0x000000002f068000 	/usr/lib/libcmph.dylib
0x000000002f068000 	/System/Library/PrivateFrameworks/LanguageModeling.framework/Versions/A/LanguageModeling
0x000000002f068000 	/System/Library/PrivateFrameworks/CoreEmoji.framework/Versions/A/CoreEmoji
0x000000002f068000 	/System/Library/Frameworks/ServiceManagement.framework/Versions/A/ServiceManagement
0x000000002f068000 	/System/Library/PrivateFrameworks/BackgroundTaskManagement.framework/Versions/A/BackgroundTaskManagement
0x000000002f068000 	/usr/lib/libxslt.1.dylib
0x000000002f068000 	/System/Library/Frameworks/Carbon.framework/Versions/A/Frameworks/Ink.framework/Versions/A/Ink
0x000000002f068000 	/System/Library/PrivateFrameworks/TextureIO.framework/Versions/A/TextureIO
0x000000002f068000 	/usr/lib/libate.dylib
0x000000002f068000 	/System/Library/PrivateFrameworks/CrashReporterSupport.framework/Versions/A/CrashReporterSupport
0x000000002f068000 	/System/Library/PrivateFrameworks/Sharing.framework/Versions/A/Sharing
0x000000002f068000 	/System/Library/PrivateFrameworks/IconServices.framework/Versions/A/IconServices
0x000000002f068000 	/System/Library/PrivateFrameworks/AuthKit.framework/Versions/A/AuthKit
0x000000002f068000 	/System/Library/PrivateFrameworks/Apple80211.framework/Versions/A/Apple80211
0x000000002f068000 	/System/Library/PrivateFrameworks/CoreUtils.framework/Versions/A/CoreUtils
0x000000002f068000 	/System/Library/Frameworks/CoreWLAN.framework/Versions/A/CoreWLAN
0x000000002f068000 	/System/Library/Frameworks/IOBluetooth.framework/Versions/A/IOBluetooth
0x000000002f068000 	/System/Library/PrivateFrameworks/ProtocolBuffer.framework/Versions/A/ProtocolBuffer
0x000000002f068000 	/System/Library/PrivateFrameworks/MobileKeyBag.framework/Versions/A/MobileKeyBag
0x000000002f068000 	/System/Library/PrivateFrameworks/CorePhoneNumbers.framework/Versions/A/CorePhoneNumbers
0x000000002f068000 	/System/Library/PrivateFrameworks/AppleIDAuthSupport.framework/Versions/A/AppleIDAuthSupport
0x000000002f068000 	/System/Library/PrivateFrameworks/KeychainCircle.framework/Versions/A/KeychainCircle
0x000000002f068000 	/System/Library/PrivateFrameworks/CoreWiFi.framework/Versions/A/CoreWiFi
0x000000002f068000 	/System/Library/Frameworks/CoreBluetooth.framework/Versions/A/CoreBluetooth
0x000000002f068000 	/System/Library/PrivateFrameworks/DebugSymbols.framework/Versions/A/DebugSymbols
0x000000002f068000 	/System/Library/PrivateFrameworks/CoreSymbolication.framework/Versions/A/CoreSymbolication
0x000000002f068000 	/System/Library/PrivateFrameworks/Symbolication.framework/Versions/A/Symbolication
0x000000002f068000 	/System/Library/PrivateFrameworks/AppleFSCompression.framework/Versions/A/AppleFSCompression
0x000000002f068000 	/System/Library/PrivateFrameworks/SpeechRecognitionCore.framework/Versions/A/SpeechRecognitionCore
0x0000000105600000 	/Applications/Android Studio.app/Contents/jre/jdk/Contents/Home/jre/lib/server/libjvm.dylib
0x000000002f068000 	/usr/lib/libstdc++.6.0.9.dylib
0x000000010440a000 	/Applications/Android Studio.app/Contents/jre/jdk/Contents/Home/jre/lib/libverify.dylib
0x0000000104416000 	/Applications/Android Studio.app/Contents/jre/jdk/Contents/Home/jre/lib/libjava.dylib
0x0000000104494000 	/Applications/Android Studio.app/Contents/jre/jdk/Contents/Home/jre/lib/libzip.dylib
0x000000011b923000 	/Applications/Android Studio.app/Contents/jre/jdk/Contents/Home/jre/lib/libnet.dylib
0x000000011b982000 	/Applications/Android Studio.app/Contents/jre/jdk/Contents/Home/jre/lib/libnio.dylib
0x000000011ba65000 	/Users/annascott/.gradle/native/25/osx-amd64/libnative-platform.dylib
0x000000011be9c000 	/Applications/Android Studio.app/Contents/jre/jdk/Contents/Home/jre/lib/libmanagement.dylib

VM Arguments:
jvm_args: -Xmx1536m -Dfile.encoding=UTF-8 -Duser.country=US -Duser.language=en -Duser.variant 
java_command: org.gradle.launcher.daemon.bootstrap.GradleDaemon 4.6
java_class_path (initial): /Users/annascott/.gradle/wrapper/dists/gradle-4.6-all/bcst21l2brirad8k2ben1letg/gradle-4.6/lib/gradle-launcher-4.6.jar
Launcher Type: SUN_STANDARD

Environment Variables:
PATH=/Users/annascott/miniconda3/bin:/usr/local/bin:/usr/bin:/bin:/usr/sbin:/sbin
SHELL=/bin/bash

Signal Handlers:
SIGSEGV: [libjvm.dylib+0x570b99], sa_mask[0]=11111111011111110111111111111111, sa_flags=SA_ONSTACK|SA_RESTART|SA_SIGINFO
SIGBUS: [libjvm.dylib+0x570b99], sa_mask[0]=11111111011111110111111111111111, sa_flags=SA_RESTART|SA_SIGINFO
SIGFPE: [libjvm.dylib+0x461f7d], sa_mask[0]=11111111011111110111111111111111, sa_flags=SA_RESTART|SA_SIGINFO
SIGPIPE: [libjvm.dylib+0x461f7d], sa_mask[0]=11111111011111110111111111111111, sa_flags=SA_RESTART|SA_SIGINFO
SIGXFSZ: [libjvm.dylib+0x461f7d], sa_mask[0]=11111111011111110111111111111111, sa_flags=SA_RESTART|SA_SIGINFO
SIGILL: [libjvm.dylib+0x461f7d], sa_mask[0]=11111111011111110111111111111111, sa_flags=SA_RESTART|SA_SIGINFO
SIGUSR1: SIG_DFL, sa_mask[0]=00000000000000000000000000000000, sa_flags=none
SIGUSR2: [libjvm.dylib+0x46288e], sa_mask[0]=00100000000000000000000000000000, sa_flags=SA_RESTART|SA_SIGINFO
SIGHUP: [libjvm.dylib+0x460a77], sa_mask[0]=11111111011111110111111111111111, sa_flags=SA_RESTART|SA_SIGINFO
SIGINT: [libjvm.dylib+0x460a77], sa_mask[0]=11111111011111110111111111111111, sa_flags=SA_RESTART|SA_SIGINFO
SIGTERM: [libjvm.dylib+0x460a77], sa_mask[0]=11111111011111110111111111111111, sa_flags=SA_RESTART|SA_SIGINFO
SIGQUIT: [libjvm.dylib+0x460a77], sa_mask[0]=11111111011111110111111111111111, sa_flags=SA_RESTART|SA_SIGINFO


---------------  S Y S T E M  ---------------

OS:Bsduname:Darwin 17.7.0 Darwin Kernel Version 17.7.0: Thu Jun 21 22:53:14 PDT 2018; root:xnu-4570.71.2~1/RELEASE_X86_64 x86_64
rlimit: STACK 8192k, CORE 0k, NPROC 1418, NOFILE 10240, AS infinity
load average:1.07 1.46 1.60

CPU:total 8 (initial active 8) (4 cores per cpu, 2 threads per core) family 6 model 94 stepping 3, cmov, cx8, fxsr, mmx, sse, sse2, sse3, ssse3, sse4.1, sse4.2, popcnt, avx, avx2, aes, clmul, erms, rtm, 3dnowpref, lzcnt, ht, tsc, tscinvbit, bmi1, bmi2, adx

Memory: 4k page, physical 16777216k(3670636k free)

/proc/meminfo:


vm_info: OpenJDK 64-Bit Server VM (25.152-b06) for bsd-amd64 JRE (1.8.0_152-release-1136-b06), built by "builder" with gcc 4.2.1 Compatible Apple LLVM 9.1.0 (clang-902.0.39.2)

time: Sat Jan 19 18:57:02 2019
elapsed time: 1 seconds (0d 0h 0m 1s)

