#
# A fatal error has been detected by the Java Runtime Environment:
#
#  SIGSEGV (0xb) at pc=0x0000000110a1c1d7, pid=709, tid=0x0000000000004203
#
# JRE version: OpenJDK Runtime Environment (8.0_152-b01) (build 1.8.0_152-release-1024-b01)
# Java VM: OpenJDK 64-Bit Server VM (25.152-b01 mixed mode bsd-amd64 compressed oops)
# Problematic frame:
# V  [libjvm.dylib+0x21c1d7]
#
# Failed to write core dump. Core dumps have been disabled. To enable core dumping, try "ulimit -c unlimited" before starting Java again
#
# If you would like to submit a bug report, please visit:
#   http://bugreport.java.com/bugreport/crash.jsp
#

---------------  T H R E A D  ---------------

Current thread (0x00007f95a7800800):  JavaThread "C2 CompilerThread0" daemon [_thread_in_native, id=16899, stack(0x000070000d1ad000,0x000070000d2ad000)]

siginfo: si_signo: 11 (SIGSEGV), si_code: 0 (unknown), si_addr: 0x0000000000000000

Registers:
RAX=0x00000001192e2f50, RBX=0x8000000000000000, RCX=0x0000000000000164, RDX=0x0000000000000164
RSP=0x000070000d2a9120, RBP=0x000070000d2a9130, RSI=0x0000000000001834, RDI=0x8000000000000000
R8 =0x00000001193128b8, R9 =0x0000000119312890, R10=0x00000001192e2fa0, R11=0x00000001192dc010
R12=0x0000000000000005, R13=0x00000001192dc010, R14=0x00000001192e2fb0, R15=0x00007f95ab8e0810
RIP=0x0000000110a1c1d7, EFLAGS=0x0000000000010286, ERR=0x0000000000000000
  TRAPNO=0x000000000000000d

Top of Stack: (sp=0x000070000d2a9120)
0x000070000d2a9120:   00000001192e2f50 8000000000000000
0x000070000d2a9130:   000070000d2a91f0 0000000110a1bd54
0x000070000d2a9140:   0000000000000000 0000000110fbe498
0x000070000d2a9150:   00007f95a700cfe0 0000000000000200
0x000070000d2a9160:   00007f95a6216b70 00007f95a700cfe0
0x000070000d2a9170:   00007f95a66c6200 00007f95a66d53e0
0x000070000d2a9180:   00007f95a66d53e0 0000000000268f50
0x000070000d2a9190:   0000000000000165 00000001192dc010
0x000070000d2a91a0:   00007f95ab8e0810 00000001192e2fa0
0x000070000d2a91b0:   0000000000000fb1 00007f95a9936620
0x000070000d2a91c0:   000070000d2a9f50 0000000000000000
0x000070000d2a91d0:   000070000d2a9f70 000000000000000f
0x000070000d2a91e0:   000070000d2a9f50 00007f95a89cda10
0x000070000d2a91f0:   000070000d2a94f0 0000000110b9982e
0x000070000d2a9200:   0000000000000000 0000000000000000
0x000070000d2a9210:   0000000118599000 0000000110fdeffc
0x000070000d2a9220:   0000000000000000 000000010f701000
0x000070000d2a9230:   0000000000020010 0000000000020010
0x000070000d2a9240:   000070000d2a9310 00007fff69bd33e1
0x000070000d2a9250:   00007f95aa9a1440 00007f95a6566468
0x000070000d2a9260:   000070000d2a9290 0000000110d158aa
0x000070000d2a9270:   0000000110fbd778 00007f95a72055e0
0x000070000d2a9280:   0000000000000000 0000000000000000
0x000070000d2a9290:   000070000d2a92a0 0000000110d0fe9a
0x000070000d2a92a0:   000070000d2a9300 0000000110a1239d
0x000070000d2a92b0:   000070000d2a92e0 0000000110c2137f
0x000070000d2a92c0:   000070000d2a92e0 0000000110940125
0x000070000d2a92d0:   000070000d2a9340 0000000110a89c97
0x000070000d2a92e0:   000000000d2a9340 0000000110fdeffc
0x000070000d2a92f0:   0000000000000000 0000000000020010
0x000070000d2a9300:   00007fffa2b1f000 0000000000020010
0x000070000d2a9310:   000070000d2a9340 00007fff69bd3201 

Instructions: (pc=0x0000000110a1c1d7)
0x0000000110a1c1b7:   00 00 00 00 48 8b 45 d0 48 83 c4 48 5b 41 5c 41
0x0000000110a1c1c7:   5d 41 5e 41 5f 5d c3 55 48 89 e5 53 50 48 89 fb
0x0000000110a1c1d7:   48 83 7b 20 00 74 20 48 89 df e8 6c 01 00 00 48
0x0000000110a1c1e7:   8b 43 18 48 8b 4b 20 48 8b 49 18 8b 51 08 3b 50 

Register to memory mapping:

RAX=0x00000001192e2f50 is an unknown value
RBX=0x8000000000000000 is an unknown value
RCX=0x0000000000000164 is an unknown value
RDX=0x0000000000000164 is an unknown value
RSP=0x000070000d2a9120 is pointing into the stack for thread: 0x00007f95a7800800
RBP=0x000070000d2a9130 is pointing into the stack for thread: 0x00007f95a7800800
RSI=0x0000000000001834 is an unknown value
RDI=0x8000000000000000 is an unknown value
R8 =0x00000001193128b8 is an unknown value
R9 =0x0000000119312890 is an unknown value
R10=0x00000001192e2fa0 is an unknown value
R11=0x00000001192dc010 is an unknown value
R12=0x0000000000000005 is an unknown value
R13=0x00000001192dc010 is an unknown value
R14=0x00000001192e2fb0 is an unknown value
R15=0x00007f95ab8e0810 is an unknown value


Stack: [0x000070000d1ad000,0x000070000d2ad000],  sp=0x000070000d2a9120,  free space=1008k
Native frames: (J=compiled Java code, j=interpreted, Vv=VM code, C=native code)
V  [libjvm.dylib+0x21c1d7]
V  [libjvm.dylib+0x21bd54]
V  [libjvm.dylib+0x39982e]
V  [libjvm.dylib+0x196556]
V  [libjvm.dylib+0x1952ec]
V  [libjvm.dylib+0x13b9da]
V  [libjvm.dylib+0x1a067a]
V  [libjvm.dylib+0x19fc78]
V  [libjvm.dylib+0x505e88]
V  [libjvm.dylib+0x505d4d]
V  [libjvm.dylib+0x435709]
C  [libsystem_pthread.dylib+0x36c1]  _pthread_body+0x154
C  [libsystem_pthread.dylib+0x356d]  _pthread_body+0x0
C  [libsystem_pthread.dylib+0x2c5d]  thread_start+0xd
C  0x0000000000000000


Current CompileTask:
C2:   1463 1335   !   4       java.net.URLClassLoader$1::run (63 bytes)


---------------  P R O C E S S  ---------------

Java Threads: ( => current thread )
  0x00007f95a8cde800 JavaThread "Cache worker for file hash cache (/Users/annascott/ApacheLanguage/.gradle/4.4/fileHashes)" [_thread_blocked, id=40451, stack(0x000070000e1dd000,0x000070000e2dd000)]
  0x00007f95a8c5f800 JavaThread "File lock request listener" [_thread_in_native, id=23811, stack(0x000070000e0da000,0x000070000e1da000)]
  0x00007f95a6452800 JavaThread "Cache worker for file hash cache (/Users/annascott/.gradle/caches/4.4/fileHashes)" [_thread_blocked, id=40963, stack(0x000070000dfd7000,0x000070000e0d7000)]
  0x00007f95a6428000 JavaThread "Stdin handler" [_thread_blocked, id=23555, stack(0x000070000ded4000,0x000070000dfd4000)]
  0x00007f95a8c59000 JavaThread "Asynchronous log dispatcher for DefaultDaemonConnection: socket connection from /127.0.0.1:49840 to /127.0.0.1:49843" [_thread_blocked, id=41731, stack(0x000070000ddd1000,0x000070000ded1000)]
  0x00007f95a8c56000 JavaThread "Daemon worker" [_thread_in_native, id=23043, stack(0x000070000dcce000,0x000070000ddce000)]
  0x00007f95a6425000 JavaThread "Cancel handler" [_thread_blocked, id=22787, stack(0x000070000dbcb000,0x000070000dccb000)]
  0x00007f95a9872000 JavaThread "Handler for socket connection from /127.0.0.1:49840 to /127.0.0.1:49843" [_thread_in_native, id=42243, stack(0x000070000dac8000,0x000070000dbc8000)]
  0x00007f95a6415800 JavaThread "Daemon" [_thread_blocked, id=22275, stack(0x000070000d9c5000,0x000070000dac5000)]
  0x00007f95a7bf2000 JavaThread "Daemon periodic checks" [_thread_blocked, id=42755, stack(0x000070000d8c2000,0x000070000d9c2000)]
  0x00007f95a6407000 JavaThread "Incoming local TCP Connector on port 49840" [_thread_in_native, id=43267, stack(0x000070000d7bf000,0x000070000d8bf000)]
  0x00007f95a5839000 JavaThread "Service Thread" daemon [_thread_blocked, id=16131, stack(0x000070000d5b9000,0x000070000d6b9000)]
  0x00007f95a6049000 JavaThread "C1 CompilerThread3" daemon [_thread_in_vm, id=15363, stack(0x000070000d4b6000,0x000070000d5b6000)]
  0x00007f95a6048000 JavaThread "C2 CompilerThread2" daemon [_thread_in_native, id=15107, stack(0x000070000d3b3000,0x000070000d4b3000)]
  0x00007f95a5822000 JavaThread "C2 CompilerThread1" daemon [_thread_blocked, id=14595, stack(0x000070000d2b0000,0x000070000d3b0000)]
=>0x00007f95a7800800 JavaThread "C2 CompilerThread0" daemon [_thread_in_native, id=16899, stack(0x000070000d1ad000,0x000070000d2ad000)]
  0x00007f95a6044800 JavaThread "Signal Dispatcher" daemon [_thread_blocked, id=17419, stack(0x000070000d0aa000,0x000070000d1aa000)]
  0x00007f95a7817800 JavaThread "Finalizer" daemon [_thread_blocked, id=19971, stack(0x000070000cf24000,0x000070000d024000)]
  0x00007f95a5812000 JavaThread "Reference Handler" daemon [_thread_blocked, id=13059, stack(0x000070000ce21000,0x000070000cf21000)]
  0x00007f95a6007800 JavaThread "main" [_thread_blocked, id=10499, stack(0x000070000c403000,0x000070000c503000)]

Other Threads:
  0x00007f95a580d800 VMThread [stack: 0x000070000cd1e000,0x000070000ce1e000] [id=20739]
  0x00007f95a6063000 WatcherThread [stack: 0x000070000d6bc000,0x000070000d7bc000] [id=15619]

VM state:not at safepoint (normal execution)

VM Mutex/Monitor currently owned by a thread:  ([mutex/lock_event])
[0x00007f95a5606540] Compile_lock - owner thread: 0x0000000000000000

Heap:
 PSYoungGen      total 76288K, used 70538K [0x00000007a0000000, 0x00000007a9500000, 0x00000007c0000000)
  eden space 65536K, 95% used [0x00000007a0000000,0x00000007a3d421f0,0x00000007a4000000)
  from space 10752K, 72% used [0x00000007a4000000,0x00000007a47a0828,0x00000007a4a80000)
  to   space 10752K, 0% used [0x00000007a8a80000,0x00000007a8a80000,0x00000007a9500000)
 ParOldGen       total 175104K, used 16K [0x0000000760000000, 0x000000076ab00000, 0x00000007a0000000)
  object space 175104K, 0% used [0x0000000760000000,0x0000000760004000,0x000000076ab00000)
 Metaspace       used 16341K, capacity 16748K, committed 17152K, reserved 1064960K
  class space    used 2360K, capacity 2478K, committed 2560K, reserved 1048576K

Card table byte_map: [0x0000000111628000,0x0000000111929000] byte_map_base: 0x000000010db28000

Marking Bits: (ParMarkBitMap*) 0x0000000110ff81c8
 Begin Bits: [0x0000000111b29000, 0x0000000113329000)
 End Bits:   [0x0000000113329000, 0x0000000114b29000)

Polling page: 0x000000010f766000

CodeCache: size=245760Kb used=4638Kb max_used=4645Kb free=241121Kb
 bounds [0x0000000119578000, 0x0000000119a08000, 0x0000000128578000]
 total_blobs=1759 nmethods=1399 adapters=275
 compilation: enabled

Compilation events (10 events):
Event: 1.441 Thread 0x00007f95a6049000 1391       3       java.util.concurrent.locks.AbstractOwnableSynchronizer::setExclusiveOwnerThread (6 bytes)
Event: 1.441 Thread 0x00007f95a6049000 nmethod 1391 0x00000001199f7950 code [0x00000001199f7aa0, 0x00000001199f7c10]
Event: 1.443 Thread 0x00007f95a6049000 1392       3       org.gradle.internal.service.DefaultServiceRegistry$DefaultLookupContext::<init> (5 bytes)
Event: 1.443 Thread 0x00007f95a6049000 nmethod 1392 0x00000001199f7c90 code [0x00000001199f7e40, 0x00000001199f83d0]
Event: 1.443 Thread 0x00007f95a6049000 1393       3       org.gradle.internal.service.DefaultServiceRegistry$DefaultLookupContext::<init> (16 bytes)
Event: 1.443 Thread 0x00007f95a6049000 nmethod 1393 0x00000001199f8790 code [0x00000001199f8940, 0x00000001199f8e70]
Event: 1.444 Thread 0x00007f95a6049000 1394       3       sun.misc.ProxyGenerator$ConstantPool::getFieldRef (33 bytes)
Event: 1.445 Thread 0x00007f95a6049000 nmethod 1394 0x00000001199f9150 code [0x00000001199f93e0, 0x00000001199fa168]
Event: 1.445 Thread 0x00007f95a6049000 1395       3       java.lang.Class::privateGetDeclaredConstructors (85 bytes)
Event: 1.445 Thread 0x00007f95a6049000 nmethod 1395 0x00000001199fac50 code [0x00000001199fae20, 0x00000001199fb518]

GC Heap History (2 events):
Event: 0.803 GC heap before
{Heap before GC invocations=1 (full 0):
 PSYoungGen      total 76288K, used 65536K [0x00000007a0000000, 0x00000007a5500000, 0x00000007c0000000)
  eden space 65536K, 100% used [0x00000007a0000000,0x00000007a4000000,0x00000007a4000000)
  from space 10752K, 0% used [0x00000007a4a80000,0x00000007a4a80000,0x00000007a5500000)
  to   space 10752K, 0% used [0x00000007a4000000,0x00000007a4000000,0x00000007a4a80000)
 ParOldGen       total 175104K, used 0K [0x0000000760000000, 0x000000076ab00000, 0x00000007a0000000)
  object space 175104K, 0% used [0x0000000760000000,0x0000000760000000,0x000000076ab00000)
 Metaspace       used 10668K, capacity 10984K, committed 11136K, reserved 1058816K
  class space    used 1429K, capacity 1550K, committed 1664K, reserved 1048576K
Event: 0.813 GC heap after
Heap after GC invocations=1 (full 0):
 PSYoungGen      total 76288K, used 7810K [0x00000007a0000000, 0x00000007a9500000, 0x00000007c0000000)
  eden space 65536K, 0% used [0x00000007a0000000,0x00000007a0000000,0x00000007a4000000)
  from space 10752K, 72% used [0x00000007a4000000,0x00000007a47a0828,0x00000007a4a80000)
  to   space 10752K, 0% used [0x00000007a8a80000,0x00000007a8a80000,0x00000007a9500000)
 ParOldGen       total 175104K, used 16K [0x0000000760000000, 0x000000076ab00000, 0x00000007a0000000)
  object space 175104K, 0% used [0x0000000760000000,0x0000000760004000,0x000000076ab00000)
 Metaspace       used 10668K, capacity 10984K, committed 11136K, reserved 1058816K
  class space    used 1429K, capacity 1550K, committed 1664K, reserved 1048576K
}

Deoptimization events (10 events):
Event: 0.574 Thread 0x00007f95a6007800 Uncommon trap: reason=bimorphic action=maybe_recompile pc=0x00000001198544e8 method=java.util.HashMap.putVal(ILjava/lang/Object;Ljava/lang/Object;ZZ)Ljava/lang/Object; @ 91
Event: 0.579 Thread 0x00007f95a6007800 Uncommon trap: reason=bimorphic action=maybe_recompile pc=0x0000000119852cd8 method=java.util.HashMap.putVal(ILjava/lang/Object;Ljava/lang/Object;ZZ)Ljava/lang/Object; @ 91
Event: 0.841 Thread 0x00007f95a9872000 Uncommon trap: reason=unstable_if action=reinterpret pc=0x00000001198cee64 method=java.util.concurrent.ConcurrentHashMap.putVal(Ljava/lang/Object;Ljava/lang/Object;Z)Ljava/lang/Object; @ 206
Event: 0.909 Thread 0x00007f95a8c56000 Uncommon trap: reason=class_check action=maybe_recompile pc=0x00000001197fd0f8 method=java.util.regex.Matcher.match(II)Z @ 86
Event: 1.135 Thread 0x00007f95a8c56000 Uncommon trap: reason=class_check action=maybe_recompile pc=0x00000001197fd0f8 method=java.util.regex.Matcher.match(II)Z @ 86
Event: 1.135 Thread 0x00007f95a8c56000 Uncommon trap: reason=class_check action=maybe_recompile pc=0x00000001197dbde0 method=java.util.regex.Matcher.match(II)Z @ 86
Event: 1.410 Thread 0x00007f95a8c56000 Uncommon trap: reason=unstable_if action=reinterpret pc=0x00000001196d1f2c method=java.net.URI.match(CJJ)Z @ 19
Event: 1.410 Thread 0x00007f95a8c56000 Uncommon trap: reason=unstable_if action=reinterpret pc=0x0000000119806760 method=java.net.URI.match(CJJ)Z @ 19
Event: 1.445 Thread 0x00007f95a8c56000 Uncommon trap: reason=unstable_if action=reinterpret pc=0x00000001197974d8 method=java.io.UnixFileSystem.normalize(Ljava/lang/String;)Ljava/lang/String; @ 60
Event: 1.446 Thread 0x00007f95a8c56000 Uncommon trap: reason=unstable_if action=reinterpret pc=0x00000001197f9628 method=java.io.File.getName()Ljava/lang/String; @ 16

Classes redefined (0 events):
No events

Internal exceptions (10 events):
Event: 0.856 Thread 0x00007f95a9872000 Exception <a 'java/lang/NoSuchMethodError': <clinit>> (0x00000007a02d8ed0) thrown at [/Volumes/android/AOSP-openjdk-git/jdk8u/hotspot/src/share/vm/prims/jni.cpp, line 1613]
Event: 0.856 Thread 0x00007f95a9872000 Exception <a 'java/lang/NoSuchMethodError': <clinit>> (0x00000007a02e1998) thrown at [/Volumes/android/AOSP-openjdk-git/jdk8u/hotspot/src/share/vm/prims/jni.cpp, line 1613]
Event: 0.857 Thread 0x00007f95a9872000 Exception <a 'java/lang/NoSuchMethodError': <clinit>> (0x00000007a02f0ed8) thrown at [/Volumes/android/AOSP-openjdk-git/jdk8u/hotspot/src/share/vm/prims/jni.cpp, line 1613]
Event: 0.866 Thread 0x00007f95a9872000 Exception <a 'java/lang/NoSuchMethodError': <clinit>> (0x00000007a0356c90) thrown at [/Volumes/android/AOSP-openjdk-git/jdk8u/hotspot/src/share/vm/prims/jni.cpp, line 1613]
Event: 0.869 Thread 0x00007f95a9872000 Exception <a 'java/lang/NoSuchMethodError': <clinit>> (0x00000007a037a5c8) thrown at [/Volumes/android/AOSP-openjdk-git/jdk8u/hotspot/src/share/vm/prims/jni.cpp, line 1613]
Event: 0.873 Thread 0x00007f95a9872000 Exception <a 'java/lang/NoSuchMethodError': <clinit>> (0x00000007a03a6e38) thrown at [/Volumes/android/AOSP-openjdk-git/jdk8u/hotspot/src/share/vm/prims/jni.cpp, line 1613]
Event: 0.874 Thread 0x00007f95a9872000 Exception <a 'java/lang/NoSuchMethodError': <clinit>> (0x00000007a03b4be8) thrown at [/Volumes/android/AOSP-openjdk-git/jdk8u/hotspot/src/share/vm/prims/jni.cpp, line 1613]
Event: 0.877 Thread 0x00007f95a9872000 Exception <a 'java/lang/NoSuchMethodError': <clinit>> (0x00000007a03d4080) thrown at [/Volumes/android/AOSP-openjdk-git/jdk8u/hotspot/src/share/vm/prims/jni.cpp, line 1613]
Event: 0.889 Thread 0x00007f95a8c56000 Exception <a 'java/lang/NoSuchMethodError': <clinit>> (0x00000007a05be180) thrown at [/Volumes/android/AOSP-openjdk-git/jdk8u/hotspot/src/share/vm/prims/jni.cpp, line 1613]
Event: 0.890 Thread 0x00007f95a8c56000 Exception <a 'java/lang/NoSuchMethodError': <clinit>> (0x00000007a05c6408) thrown at [/Volumes/android/AOSP-openjdk-git/jdk8u/hotspot/src/share/vm/prims/jni.cpp, line 1613]

Events (10 events):
Event: 1.454 loading class org/gradle/launcher/exec/RunAsBuildOperationBuildActionRunner$1
Event: 1.454 loading class org/gradle/launcher/exec/RunAsBuildOperationBuildActionRunner$1 done
Event: 1.454 loading class org/gradle/internal/progress/DefaultBuildOperationExecutor$RunnableBuildOperationWorker
Event: 1.454 loading class org/gradle/internal/progress/DefaultBuildOperationExecutor$RunnableBuildOperationWorker done
Event: 1.454 loading class org/gradle/internal/progress/BuildOperationDescriptor$Builder
Event: 1.454 loading class org/gradle/internal/progress/BuildOperationDescriptor$Builder done
Event: 1.455 loading class org/gradle/internal/progress/BuildOperationCategory
Event: 1.455 loading class org/gradle/internal/progress/BuildOperationCategory done
Event: 1.455 loading class org/gradle/internal/logging/events/OperationIdentifier
Event: 1.455 loading class org/gradle/internal/logging/events/OperationIdentifier done


Dynamic libraries:
0x000000001a798000 	/System/Library/Frameworks/Cocoa.framework/Versions/A/Cocoa
0x000000001a798000 	/System/Library/Frameworks/Security.framework/Versions/A/Security
0x000000001a798000 	/System/Library/Frameworks/ApplicationServices.framework/Versions/A/ApplicationServices
0x000000001a798000 	/usr/lib/libz.1.dylib
0x000000001a798000 	/usr/lib/libSystem.B.dylib
0x000000001a798000 	/System/Library/Frameworks/CoreFoundation.framework/Versions/A/CoreFoundation
0x000000001a798000 	/System/Library/Frameworks/Foundation.framework/Versions/C/Foundation
0x000000001a798000 	/usr/lib/libobjc.A.dylib
0x000000001a798000 	/System/Library/Frameworks/AppKit.framework/Versions/C/AppKit
0x000000001a798000 	/System/Library/Frameworks/CoreData.framework/Versions/A/CoreData
0x000000001a798000 	/System/Library/PrivateFrameworks/RemoteViewServices.framework/Versions/A/RemoteViewServices
0x000000001a798000 	/System/Library/PrivateFrameworks/UIFoundation.framework/Versions/A/UIFoundation
0x000000001a798000 	/System/Library/PrivateFrameworks/DFRFoundation.framework/Versions/A/DFRFoundation
0x000000001a798000 	/System/Library/Frameworks/Metal.framework/Versions/A/Metal
0x000000001a798000 	/System/Library/PrivateFrameworks/DesktopServicesPriv.framework/Versions/A/DesktopServicesPriv
0x000000001a798000 	/usr/lib/libenergytrace.dylib
0x000000001a798000 	/System/Library/PrivateFrameworks/SkyLight.framework/Versions/A/SkyLight
0x000000001a798000 	/System/Library/Frameworks/CoreGraphics.framework/Versions/A/CoreGraphics
0x000000001a798000 	/usr/lib/libScreenReader.dylib
0x000000001a798000 	/System/Library/Frameworks/Accelerate.framework/Versions/A/Accelerate
0x000000001a798000 	/System/Library/Frameworks/IOSurface.framework/Versions/A/IOSurface
0x000000001a798000 	/System/Library/Frameworks/AudioToolbox.framework/Versions/A/AudioToolbox
0x000000001a798000 	/System/Library/Frameworks/AudioUnit.framework/Versions/A/AudioUnit
0x000000001a798000 	/System/Library/PrivateFrameworks/DataDetectorsCore.framework/Versions/A/DataDetectorsCore
0x000000001a798000 	/System/Library/Frameworks/Carbon.framework/Versions/A/Frameworks/HIToolbox.framework/Versions/A/HIToolbox
0x000000001a798000 	/usr/lib/libicucore.A.dylib
0x000000001a798000 	/System/Library/Frameworks/QuartzCore.framework/Versions/A/QuartzCore
0x000000001a798000 	/System/Library/Frameworks/Carbon.framework/Versions/A/Frameworks/SpeechRecognition.framework/Versions/A/SpeechRecognition
0x000000001a798000 	/usr/lib/libauto.dylib
0x000000001a798000 	/usr/lib/libxml2.2.dylib
0x000000001a798000 	/System/Library/PrivateFrameworks/CoreUI.framework/Versions/A/CoreUI
0x000000001a798000 	/System/Library/Frameworks/CoreAudio.framework/Versions/A/CoreAudio
0x000000001a798000 	/System/Library/Frameworks/DiskArbitration.framework/Versions/A/DiskArbitration
0x000000001a798000 	/usr/lib/liblangid.dylib
0x000000001a798000 	/System/Library/PrivateFrameworks/MultitouchSupport.framework/Versions/A/MultitouchSupport
0x000000001a798000 	/System/Library/Frameworks/IOKit.framework/Versions/A/IOKit
0x000000001a798000 	/usr/lib/libDiagnosticMessagesClient.dylib
0x000000001a798000 	/System/Library/Frameworks/CoreServices.framework/Versions/A/CoreServices
0x000000001a798000 	/System/Library/PrivateFrameworks/PerformanceAnalysis.framework/Versions/A/PerformanceAnalysis
0x000000001a798000 	/System/Library/Frameworks/OpenGL.framework/Versions/A/OpenGL
0x000000001a798000 	/System/Library/Frameworks/ColorSync.framework/Versions/A/ColorSync
0x000000001a798000 	/System/Library/Frameworks/CoreImage.framework/Versions/A/CoreImage
0x000000001a798000 	/System/Library/Frameworks/CoreText.framework/Versions/A/CoreText
0x000000001a798000 	/System/Library/Frameworks/ImageIO.framework/Versions/A/ImageIO
0x000000001a798000 	/System/Library/PrivateFrameworks/Backup.framework/Versions/A/Backup
0x000000001a798000 	/usr/lib/libarchive.2.dylib
0x000000001a798000 	/System/Library/Frameworks/CFNetwork.framework/Versions/A/CFNetwork
0x000000001a798000 	/System/Library/Frameworks/SystemConfiguration.framework/Versions/A/SystemConfiguration
0x000000001a798000 	/usr/lib/libCRFSuite.dylib
0x000000001a798000 	/usr/lib/libc++.1.dylib
0x000000001a798000 	/usr/lib/libc++abi.dylib
0x000000001a798000 	/usr/lib/system/libcache.dylib
0x000000001a798000 	/usr/lib/system/libcommonCrypto.dylib
0x000000001a798000 	/usr/lib/system/libcompiler_rt.dylib
0x000000001a798000 	/usr/lib/system/libcopyfile.dylib
0x000000001a798000 	/usr/lib/system/libcorecrypto.dylib
0x000000001a798000 	/usr/lib/system/libdispatch.dylib
0x000000001a798000 	/usr/lib/system/libdyld.dylib
0x000000001a798000 	/usr/lib/system/libkeymgr.dylib
0x000000001a798000 	/usr/lib/system/liblaunch.dylib
0x000000001a798000 	/usr/lib/system/libmacho.dylib
0x000000001a798000 	/usr/lib/system/libquarantine.dylib
0x000000001a798000 	/usr/lib/system/libremovefile.dylib
0x000000001a798000 	/usr/lib/system/libsystem_asl.dylib
0x000000001a798000 	/usr/lib/system/libsystem_blocks.dylib
0x000000001a798000 	/usr/lib/system/libsystem_c.dylib
0x000000001a798000 	/usr/lib/system/libsystem_configuration.dylib
0x000000001a798000 	/usr/lib/system/libsystem_coreservices.dylib
0x000000001a798000 	/usr/lib/system/libsystem_darwin.dylib
0x000000001a798000 	/usr/lib/system/libsystem_dnssd.dylib
0x000000001a798000 	/usr/lib/system/libsystem_info.dylib
0x000000001a798000 	/usr/lib/system/libsystem_m.dylib
0x000000001a798000 	/usr/lib/system/libsystem_malloc.dylib
0x000000001a798000 	/usr/lib/system/libsystem_network.dylib
0x000000001a798000 	/usr/lib/system/libsystem_networkextension.dylib
0x000000001a798000 	/usr/lib/system/libsystem_notify.dylib
0x000000001a798000 	/usr/lib/system/libsystem_sandbox.dylib
0x000000001a798000 	/usr/lib/system/libsystem_secinit.dylib
0x000000001a798000 	/usr/lib/system/libsystem_kernel.dylib
0x000000001a798000 	/usr/lib/system/libsystem_platform.dylib
0x000000001a798000 	/usr/lib/system/libsystem_pthread.dylib
0x000000001a798000 	/usr/lib/system/libsystem_symptoms.dylib
0x000000001a798000 	/usr/lib/system/libsystem_trace.dylib
0x000000001a798000 	/usr/lib/system/libunwind.dylib
0x000000001a798000 	/usr/lib/system/libxpc.dylib
0x000000001a798000 	/usr/lib/closure/libclosured.dylib
0x000000001a798000 	/usr/lib/libbsm.0.dylib
0x000000001a798000 	/usr/lib/system/libkxld.dylib
0x000000001a798000 	/usr/lib/libOpenScriptingUtil.dylib
0x000000001a798000 	/usr/lib/libcoretls.dylib
0x000000001a798000 	/usr/lib/libcoretls_cfhelpers.dylib
0x000000001a798000 	/usr/lib/libpam.2.dylib
0x000000001a798000 	/usr/lib/libsqlite3.dylib
0x000000001a798000 	/usr/lib/libxar.1.dylib
0x000000001a798000 	/usr/lib/libbz2.1.0.dylib
0x000000001a798000 	/usr/lib/liblzma.5.dylib
0x000000001a798000 	/usr/lib/libnetwork.dylib
0x000000001a798000 	/usr/lib/libapple_nghttp2.dylib
0x000000001a798000 	/usr/lib/libpcap.A.dylib
0x000000001a798000 	/usr/lib/libboringssl.dylib
0x000000001a798000 	/usr/lib/libusrtcp.dylib
0x000000001a798000 	/usr/lib/libapple_crypto.dylib
0x000000001a798000 	/System/Library/Frameworks/CoreServices.framework/Versions/A/Frameworks/FSEvents.framework/Versions/A/FSEvents
0x000000001a798000 	/System/Library/Frameworks/CoreServices.framework/Versions/A/Frameworks/CarbonCore.framework/Versions/A/CarbonCore
0x000000001a798000 	/System/Library/Frameworks/CoreServices.framework/Versions/A/Frameworks/Metadata.framework/Versions/A/Metadata
0x000000001a798000 	/System/Library/Frameworks/CoreServices.framework/Versions/A/Frameworks/OSServices.framework/Versions/A/OSServices
0x000000001a798000 	/System/Library/Frameworks/CoreServices.framework/Versions/A/Frameworks/SearchKit.framework/Versions/A/SearchKit
0x000000001a798000 	/System/Library/Frameworks/CoreServices.framework/Versions/A/Frameworks/AE.framework/Versions/A/AE
0x000000001a798000 	/System/Library/Frameworks/CoreServices.framework/Versions/A/Frameworks/LaunchServices.framework/Versions/A/LaunchServices
0x000000001a798000 	/System/Library/Frameworks/CoreServices.framework/Versions/A/Frameworks/DictionaryServices.framework/Versions/A/DictionaryServices
0x000000001a798000 	/System/Library/Frameworks/CoreServices.framework/Versions/A/Frameworks/SharedFileList.framework/Versions/A/SharedFileList
0x000000001a798000 	/System/Library/Frameworks/NetFS.framework/Versions/A/NetFS
0x000000001a798000 	/System/Library/PrivateFrameworks/NetAuth.framework/Versions/A/NetAuth
0x000000001a798000 	/System/Library/PrivateFrameworks/login.framework/Versions/A/Frameworks/loginsupport.framework/Versions/A/loginsupport
0x000000001a798000 	/System/Library/PrivateFrameworks/TCC.framework/Versions/A/TCC
0x000000001a798000 	/usr/lib/libmecabra.dylib
0x000000001a798000 	/System/Library/Frameworks/ApplicationServices.framework/Versions/A/Frameworks/ATS.framework/Versions/A/ATS
0x000000001a798000 	/System/Library/Frameworks/ApplicationServices.framework/Versions/A/Frameworks/ColorSyncLegacy.framework/Versions/A/ColorSyncLegacy
0x000000001a798000 	/System/Library/Frameworks/ApplicationServices.framework/Versions/A/Frameworks/HIServices.framework/Versions/A/HIServices
0x000000001a798000 	/System/Library/Frameworks/ApplicationServices.framework/Versions/A/Frameworks/LangAnalysis.framework/Versions/A/LangAnalysis
0x000000001a798000 	/System/Library/Frameworks/ApplicationServices.framework/Versions/A/Frameworks/PrintCore.framework/Versions/A/PrintCore
0x000000001a798000 	/System/Library/Frameworks/ApplicationServices.framework/Versions/A/Frameworks/QD.framework/Versions/A/QD
0x000000001a798000 	/System/Library/Frameworks/ApplicationServices.framework/Versions/A/Frameworks/SpeechSynthesis.framework/Versions/A/SpeechSynthesis
0x000000001a798000 	/System/Library/Frameworks/CoreDisplay.framework/Versions/A/CoreDisplay
0x000000001a798000 	/System/Library/Frameworks/Accelerate.framework/Versions/A/Frameworks/vImage.framework/Versions/A/vImage
0x000000001a798000 	/System/Library/Frameworks/Accelerate.framework/Versions/A/Frameworks/vecLib.framework/Versions/A/vecLib
0x000000001a798000 	/System/Library/Frameworks/Accelerate.framework/Versions/A/Frameworks/vecLib.framework/Versions/A/libvDSP.dylib
0x000000001a798000 	/System/Library/Frameworks/Accelerate.framework/Versions/A/Frameworks/vecLib.framework/Versions/A/libBNNS.dylib
0x000000001a798000 	/System/Library/Frameworks/Accelerate.framework/Versions/A/Frameworks/vecLib.framework/Versions/A/libQuadrature.dylib
0x000000001a798000 	/System/Library/Frameworks/Accelerate.framework/Versions/A/Frameworks/vecLib.framework/Versions/A/libvMisc.dylib
0x000000001a798000 	/System/Library/Frameworks/Accelerate.framework/Versions/A/Frameworks/vecLib.framework/Versions/A/libLAPACK.dylib
0x000000001a798000 	/System/Library/Frameworks/Accelerate.framework/Versions/A/Frameworks/vecLib.framework/Versions/A/libBLAS.dylib
0x000000001a798000 	/System/Library/Frameworks/Accelerate.framework/Versions/A/Frameworks/vecLib.framework/Versions/A/libLinearAlgebra.dylib
0x000000001a798000 	/System/Library/Frameworks/Accelerate.framework/Versions/A/Frameworks/vecLib.framework/Versions/A/libSparse.dylib
0x000000001a798000 	/System/Library/Frameworks/Accelerate.framework/Versions/A/Frameworks/vecLib.framework/Versions/A/libSparseBLAS.dylib
0x000000001a798000 	/System/Library/PrivateFrameworks/IOAccelerator.framework/Versions/A/IOAccelerator
0x000000001a798000 	/System/Library/PrivateFrameworks/IOPresentment.framework/Versions/A/IOPresentment
0x000000001a798000 	/System/Library/PrivateFrameworks/DSExternalDisplay.framework/Versions/A/DSExternalDisplay
0x000000001a798000 	/System/Library/Frameworks/OpenGL.framework/Versions/A/Libraries/libCoreFSCache.dylib
0x000000001a798000 	/System/Library/Frameworks/CoreVideo.framework/Versions/A/CoreVideo
0x000000001a798000 	/System/Library/PrivateFrameworks/GraphVisualizer.framework/Versions/A/GraphVisualizer
0x000000001a798000 	/System/Library/Frameworks/MetalPerformanceShaders.framework/Versions/A/MetalPerformanceShaders
0x000000001a798000 	/usr/lib/libFosl_dynamic.dylib
0x000000001a798000 	/System/Library/PrivateFrameworks/FaceCore.framework/Versions/A/FaceCore
0x000000001a798000 	/System/Library/Frameworks/OpenCL.framework/Versions/A/OpenCL
0x000000001a798000 	/usr/lib/libcompression.dylib
0x000000001a798000 	/System/Library/Frameworks/ApplicationServices.framework/Versions/A/Frameworks/ATS.framework/Versions/A/Resources/libFontParser.dylib
0x000000001a798000 	/System/Library/Frameworks/ApplicationServices.framework/Versions/A/Frameworks/ATS.framework/Versions/A/Resources/libFontRegistry.dylib
0x000000001a798000 	/System/Library/Frameworks/ImageIO.framework/Versions/A/Resources/libJPEG.dylib
0x000000001a798000 	/System/Library/Frameworks/ImageIO.framework/Versions/A/Resources/libTIFF.dylib
0x000000001a798000 	/System/Library/Frameworks/ImageIO.framework/Versions/A/Resources/libPng.dylib
0x000000001a798000 	/System/Library/Frameworks/ImageIO.framework/Versions/A/Resources/libGIF.dylib
0x000000001a798000 	/System/Library/Frameworks/ImageIO.framework/Versions/A/Resources/libJP2.dylib
0x000000001a798000 	/System/Library/Frameworks/ImageIO.framework/Versions/A/Resources/libRadiance.dylib
0x000000001a798000 	/System/Library/PrivateFrameworks/AppleJPEG.framework/Versions/A/AppleJPEG
0x000000001a798000 	/System/Library/PrivateFrameworks/MetalTools.framework/Versions/A/MetalTools
0x000000001a798000 	/System/Library/Frameworks/MetalPerformanceShaders.framework/Frameworks/MPSCore.framework/Versions/A/MPSCore
0x000000001a798000 	/System/Library/Frameworks/MetalPerformanceShaders.framework/Frameworks/MPSImage.framework/Versions/A/MPSImage
0x000000001a798000 	/System/Library/Frameworks/MetalPerformanceShaders.framework/Frameworks/MPSMatrix.framework/Versions/A/MPSMatrix
0x000000001a798000 	/System/Library/Frameworks/MetalPerformanceShaders.framework/Frameworks/MPSNeuralNetwork.framework/Versions/A/MPSNeuralNetwork
0x000000001a798000 	/System/Library/Frameworks/OpenGL.framework/Versions/A/Libraries/libGLU.dylib
0x000000001a798000 	/System/Library/Frameworks/OpenGL.framework/Versions/A/Libraries/libGFXShared.dylib
0x000000001a798000 	/System/Library/Frameworks/OpenGL.framework/Versions/A/Libraries/libGL.dylib
0x000000001a798000 	/System/Library/Frameworks/OpenGL.framework/Versions/A/Libraries/libGLImage.dylib
0x000000001a798000 	/System/Library/Frameworks/OpenGL.framework/Versions/A/Libraries/libCVMSPluginSupport.dylib
0x000000001a798000 	/System/Library/Frameworks/OpenGL.framework/Versions/A/Libraries/libCoreVMClient.dylib
0x000000001a798000 	/usr/lib/libcups.2.dylib
0x000000001a798000 	/System/Library/Frameworks/Kerberos.framework/Versions/A/Kerberos
0x000000001a798000 	/System/Library/Frameworks/GSS.framework/Versions/A/GSS
0x000000001a798000 	/usr/lib/libresolv.9.dylib
0x000000001a798000 	/usr/lib/libiconv.2.dylib
0x000000001a798000 	/System/Library/PrivateFrameworks/Heimdal.framework/Versions/A/Heimdal
0x000000001a798000 	/usr/lib/libheimdal-asn1.dylib
0x000000001a798000 	/System/Library/Frameworks/OpenDirectory.framework/Versions/A/OpenDirectory
0x000000001a798000 	/System/Library/PrivateFrameworks/CommonAuth.framework/Versions/A/CommonAuth
0x000000001a798000 	/System/Library/Frameworks/OpenDirectory.framework/Versions/A/Frameworks/CFOpenDirectory.framework/Versions/A/CFOpenDirectory
0x000000001a798000 	/System/Library/Frameworks/SecurityFoundation.framework/Versions/A/SecurityFoundation
0x000000001a798000 	/System/Library/PrivateFrameworks/APFS.framework/Versions/A/APFS
0x000000001a798000 	/usr/lib/libutil.dylib
0x000000001a798000 	/System/Library/PrivateFrameworks/AppleSauce.framework/Versions/A/AppleSauce
0x000000001a798000 	/System/Library/PrivateFrameworks/LinguisticData.framework/Versions/A/LinguisticData
0x000000001a798000 	/usr/lib/libmarisa.dylib
0x000000001a798000 	/System/Library/PrivateFrameworks/Lexicon.framework/Versions/A/Lexicon
0x000000001a798000 	/usr/lib/libChineseTokenizer.dylib
0x000000001a798000 	/usr/lib/libcmph.dylib
0x000000001a798000 	/System/Library/PrivateFrameworks/LanguageModeling.framework/Versions/A/LanguageModeling
0x000000001a798000 	/System/Library/PrivateFrameworks/CoreEmoji.framework/Versions/A/CoreEmoji
0x000000001a798000 	/System/Library/Frameworks/ServiceManagement.framework/Versions/A/ServiceManagement
0x000000001a798000 	/System/Library/PrivateFrameworks/BackgroundTaskManagement.framework/Versions/A/BackgroundTaskManagement
0x000000001a798000 	/usr/lib/libxslt.1.dylib
0x000000001a798000 	/System/Library/Frameworks/Carbon.framework/Versions/A/Frameworks/Ink.framework/Versions/A/Ink
0x000000001a798000 	/System/Library/PrivateFrameworks/TextureIO.framework/Versions/A/TextureIO
0x000000001a798000 	/usr/lib/libate.dylib
0x000000001a798000 	/System/Library/PrivateFrameworks/CrashReporterSupport.framework/Versions/A/CrashReporterSupport
0x000000001a798000 	/System/Library/PrivateFrameworks/Sharing.framework/Versions/A/Sharing
0x000000001a798000 	/System/Library/PrivateFrameworks/IconServices.framework/Versions/A/IconServices
0x000000001a798000 	/System/Library/PrivateFrameworks/ProtocolBuffer.framework/Versions/A/ProtocolBuffer
0x000000001a798000 	/System/Library/PrivateFrameworks/Apple80211.framework/Versions/A/Apple80211
0x000000001a798000 	/System/Library/Frameworks/CoreWLAN.framework/Versions/A/CoreWLAN
0x000000001a798000 	/System/Library/PrivateFrameworks/CoreUtils.framework/Versions/A/CoreUtils
0x000000001a798000 	/System/Library/Frameworks/IOBluetooth.framework/Versions/A/IOBluetooth
0x000000001a798000 	/System/Library/PrivateFrameworks/CoreWiFi.framework/Versions/A/CoreWiFi
0x000000001a798000 	/System/Library/Frameworks/CoreBluetooth.framework/Versions/A/CoreBluetooth
0x000000001a798000 	/System/Library/PrivateFrameworks/SignpostNotification.framework/Versions/A/SignpostNotification
0x000000001a798000 	/System/Library/PrivateFrameworks/DebugSymbols.framework/Versions/A/DebugSymbols
0x000000001a798000 	/System/Library/PrivateFrameworks/CoreSymbolication.framework/Versions/A/CoreSymbolication
0x000000001a798000 	/System/Library/PrivateFrameworks/Symbolication.framework/Versions/A/Symbolication
0x000000001a798000 	/System/Library/PrivateFrameworks/AppleFSCompression.framework/Versions/A/AppleFSCompression
0x000000001a798000 	/System/Library/PrivateFrameworks/SpeechRecognitionCore.framework/Versions/A/SpeechRecognitionCore
0x0000000110800000 	/Applications/Android Studio.app/Contents/jre/jdk/Contents/Home/jre/lib/server/libjvm.dylib
0x000000001a798000 	/usr/lib/libstdc++.6.0.9.dylib
0x000000010f726000 	/Applications/Android Studio.app/Contents/jre/jdk/Contents/Home/jre/lib/libverify.dylib
0x000000010f732000 	/Applications/Android Studio.app/Contents/jre/jdk/Contents/Home/jre/lib/libjava.dylib
0x000000010f7b0000 	/Applications/Android Studio.app/Contents/jre/jdk/Contents/Home/jre/lib/libzip.dylib
0x0000000117a65000 	/Applications/Android Studio.app/Contents/jre/jdk/Contents/Home/jre/lib/libnet.dylib
0x0000000117b00000 	/Applications/Android Studio.app/Contents/jre/jdk/Contents/Home/jre/lib/libnio.dylib
0x0000000117d25000 	/Users/annascott/.gradle/native/25/osx-amd64/libnative-platform.dylib
0x00000001180eb000 	/Applications/Android Studio.app/Contents/jre/jdk/Contents/Home/jre/lib/libmanagement.dylib

VM Arguments:
jvm_args: -Xmx1536m -Dfile.encoding=UTF-8 -Duser.country=US -Duser.language=en -Duser.variant 
java_command: org.gradle.launcher.daemon.bootstrap.GradleDaemon 4.4
java_class_path (initial): /Users/annascott/.gradle/wrapper/dists/gradle-4.4-all/9br9xq1tocpiv8o6njlyu5op1/gradle-4.4/lib/gradle-launcher-4.4.jar
Launcher Type: SUN_STANDARD

Environment Variables:
PATH=/usr/local/bin:/usr/bin:/bin:/usr/sbin:/sbin
SHELL=/bin/bash

Signal Handlers:
SIGSEGV: [libjvm.dylib+0x53f567], sa_mask[0]=11111111011111110111111111111111, sa_flags=SA_ONSTACK|SA_RESTART|SA_SIGINFO
SIGBUS: [libjvm.dylib+0x53f567], sa_mask[0]=11111111011111110111111111111111, sa_flags=SA_RESTART|SA_SIGINFO
SIGFPE: [libjvm.dylib+0x437adf], sa_mask[0]=11111111011111110111111111111111, sa_flags=SA_RESTART|SA_SIGINFO
SIGPIPE: [libjvm.dylib+0x437adf], sa_mask[0]=11111111011111110111111111111111, sa_flags=SA_RESTART|SA_SIGINFO
SIGXFSZ: [libjvm.dylib+0x437adf], sa_mask[0]=11111111011111110111111111111111, sa_flags=SA_RESTART|SA_SIGINFO
SIGILL: [libjvm.dylib+0x437adf], sa_mask[0]=11111111011111110111111111111111, sa_flags=SA_RESTART|SA_SIGINFO
SIGUSR1: SIG_DFL, sa_mask[0]=00000000000000000000000000000000, sa_flags=none
SIGUSR2: [libjvm.dylib+0x438404], sa_mask[0]=00100000000000000000000000000000, sa_flags=SA_RESTART|SA_SIGINFO
SIGHUP: [libjvm.dylib+0x4365f9], sa_mask[0]=11111111011111110111111111111111, sa_flags=SA_RESTART|SA_SIGINFO
SIGINT: [libjvm.dylib+0x4365f9], sa_mask[0]=11111111011111110111111111111111, sa_flags=SA_RESTART|SA_SIGINFO
SIGTERM: [libjvm.dylib+0x4365f9], sa_mask[0]=11111111011111110111111111111111, sa_flags=SA_RESTART|SA_SIGINFO
SIGQUIT: [libjvm.dylib+0x4365f9], sa_mask[0]=11111111011111110111111111111111, sa_flags=SA_RESTART|SA_SIGINFO


---------------  S Y S T E M  ---------------

OS:Bsduname:Darwin 17.3.0 Darwin Kernel Version 17.3.0: Thu Nov  9 18:09:22 PST 2017; root:xnu-4570.31.3~1/RELEASE_X86_64 x86_64
rlimit: STACK 8192k, CORE 0k, NPROC 1418, NOFILE 10240, AS infinity
load average:1.43 1.27 1.26

CPU:total 8 (initial active 8) (4 cores per cpu, 2 threads per core) family 6 model 94 stepping 3, cmov, cx8, fxsr, mmx, sse, sse2, sse3, ssse3, sse4.1, sse4.2, popcnt, avx, avx2, aes, clmul, erms, rtm, 3dnowpref, lzcnt, ht, tsc, tscinvbit, bmi1, bmi2, adx

Memory: 4k page, physical 16777216k(3888364k free)

/proc/meminfo:


vm_info: OpenJDK 64-Bit Server VM (25.152-b01) for bsd-amd64 JRE (1.8.0_152-release-1024-b01), built by "builder" with gcc 4.2.1 Compatible Apple LLVM 8.1.0 (clang-802.0.42)

time: Fri Oct 12 13:13:53 2018
elapsed time: 1 seconds (0d 0h 0m 1s)

