#
# A fatal error has been detected by the Java Runtime Environment:
#
#  SIGSEGV (0xb) at pc=0x0000000112d505d8, pid=701, tid=0x0000000000007e07
#
# JRE version: OpenJDK Runtime Environment (8.0_152-b06) (build 1.8.0_152-release-1136-b06)
# Java VM: OpenJDK 64-Bit Server VM (25.152-b06 mixed mode bsd-amd64 compressed oops)
# Problematic frame:
# J 3953 C2 java.lang.Class.privateGetDeclaredMethods(Z)[Ljava/lang/reflect/Method; (67 bytes) @ 0x0000000112d505d8 [0x0000000112d50560+0x78]
#
# Failed to write core dump. Core dumps have been disabled. To enable core dumping, try "ulimit -c unlimited" before starting Java again
#
# If you would like to submit a bug report, please visit:
#   http://bugreport.java.com/bugreport/crash.jsp
#

---------------  T H R E A D  ---------------

Current thread (0x00007fc74813c800):  JavaThread "Daemon worker Thread 2" [_thread_in_Java, id=32263, stack(0x0000700010365000,0x0000700010465000)]

siginfo: si_signo: 11 (SIGSEGV), si_code: 1 (SEGV_MAPERR), si_addr: 0x00000000d0824890

Registers:
RAX=0x0000000760a87ba0, RBX=0x0000000000000000, RCX=0x0000000760a87ba0, RDX=0x0000000000000000
RSP=0x0000700010460f90, RBP=0x0000700010461198, RSI=0x000000076160e9f0, RDI=0x0000700010460e48
R8 =0x000000076160ea0c, R9 =0x00000000000000e2, R10=0x00000000ec2c1d4b, R11=0x000000001a104911
R12=0x0000000000000000, R13=0x0000700010461148, R14=0x0000700010460fd0, R15=0x00007fc74813c800
RIP=0x0000000112d505d8, EFLAGS=0x0000000000010286, ERR=0x0000000000000004
  TRAPNO=0x000000000000000e

Top of Stack: (sp=0x0000700010460f90)
0x0000700010460f90:   0000700010460fe0 0000000100000000
0x0000700010460fa0:   000000076160e9f0 000000076160ea1c
0x0000700010460fb0:   000000076160e9a0 0000000000000000
0x0000700010460fc0:   00007fc74d0adc78 00007fc74d11ced0
0x0000700010460fd0:   00000007600006c0 0000000111830b49
0x0000700010460fe0:   0000700010461198 00000001136170e4
0x0000700010460ff0:   0000000000000118 0000000000000000
0x0000700010461000:   0000700010461050 00007fc74813c800
0x0000700010461010:   0000700010461060 0000000112722a95
0x0000700010461020:   000000076160e9a0 00000007a3ac70e0
0x0000700010461030:   00007000104616f8 0000000113174e5c
0x0000700010461040:   00000007c0766500 00000007c0766e01
0x0000700010461050:   0000000760437148 00000001117e7126
0x0000700010461060:   0000000000000000 00000001127290bc
0x0000700010461070:   0000000761cac028 0000000000000000
0x0000700010461080:   0000000000000005 000000076017a0c8
0x0000700010461090:   000000076160e9f0 000000076160e988
0x00007000104610a0:   0000000761cac028 000000076160e9f0
0x00007000104610b0:   000000076160e9f0 00000007a3ac7590
0x00007000104610c0:   00000007a3ac75c0 0000000000000000
0x00007000104610d0:   000000076160e9f0 000000076160e9a0
0x00007000104610e0:   00007000104616f8 0000000112c8d404
0x00007000104610f0:   0000000010461518 00000007a3ac70d0
0x0000700010461100:   00000007a3ac6438 00000007a22a5150
0x0000700010461110:   00000000a22a54e0 0000000112a053a0
0x0000700010461120:   000000076160f328 0000000000000000
0x0000700010461130:   0000700010461198 0000000111fb3d80
0x0000700010461140:   0000000111fb3d80 000000076160e9f0
0x0000700010461150:   00000007a22a50a8 0000700010461158
0x0000700010461160:   0000000128672202 00007000104611b0
0x0000700010461170:   00000001286732e8 0000000000000000
0x0000700010461180:   0000000128672228 0000700010461148 

Instructions: (pc=0x0000000112d505d8)
0x0000000112d505b8:   8b 10 8b 5e 58 45 0f b6 9b 8c 00 00 00 45 85 db
0x0000000112d505c8:   0f 84 67 05 00 00 45 85 d2 74 71 47 8b 5c d4 0c
0x0000000112d505d8:   47 8b 44 dc 08 49 b9 e0 12 00 60 07 00 00 00 4d
0x0000000112d505e8:   8b 49 68 4b 8b 4c d4 20 49 3b c9 0f 85 ea 03 00 

Register to memory mapping:

RAX=0x0000000760a87ba0 is an oop
java.lang.Class 
 - klass: 'java/lang/Class'
RBX=0x0000000000000000 is an unknown value
RCX=0x0000000760a87ba0 is an oop
java.lang.Class 
 - klass: 'java/lang/Class'
RDX=0x0000000000000000 is an unknown value
RSP=0x0000700010460f90 is pointing into the stack for thread: 0x00007fc74813c800
RBP=0x0000700010461198 is pointing into the stack for thread: 0x00007fc74813c800
RSI=0x000000076160e9f0 is an oop
java.lang.Class 
 - klass: 'java/lang/Class'
RDI=0x0000700010460e48 is pointing into the stack for thread: 0x00007fc74813c800
R8 =0x000000076160ea0c is pointing into object: 0x000000076160e9f0
java.lang.Class 
 - klass: 'java/lang/Class'
R9 =0x00000000000000e2 is an unknown value
R10=0x00000000ec2c1d4b is an unknown value
R11=0x000000001a104911 is an unknown value
R12=0x0000000000000000 is an unknown value
R13=0x0000700010461148 is pointing into the stack for thread: 0x00007fc74813c800
R14=0x0000700010460fd0 is pointing into the stack for thread: 0x00007fc74813c800
R15=0x00007fc74813c800 is a thread


Stack: [0x0000700010365000,0x0000700010465000],  sp=0x0000700010460f90,  free space=1007k
Native frames: (J=compiled Java code, j=interpreted, Vv=VM code, C=native code)
J 3953 C2 java.lang.Class.privateGetDeclaredMethods(Z)[Ljava/lang/reflect/Method; (67 bytes) @ 0x0000000112d505d8 [0x0000000112d50560+0x78]
J 12147 C1 org.gradle.api.internal.project.taskfactory.DefaultTaskClassInfoStore.createTaskClassInfo(Ljava/lang/Class;)Lorg/gradle/api/internal/project/taskfactory/TaskClassInfo; (154 bytes) @ 0x00000001136170e4 [0x0000000113616840+0x8a4]
j  org.gradle.api.internal.project.taskfactory.DefaultTaskClassInfoStore.access$000(Lorg/gradle/api/internal/project/taskfactory/DefaultTaskClassInfoStore;Ljava/lang/Class;)Lorg/gradle/api/internal/project/taskfactory/TaskClassInfo;+2
j  org.gradle.api.internal.project.taskfactory.DefaultTaskClassInfoStore$1.load(Ljava/lang/Class;)Lorg/gradle/api/internal/project/taskfactory/TaskClassInfo;+5
j  org.gradle.api.internal.project.taskfactory.DefaultTaskClassInfoStore$1.load(Ljava/lang/Object;)Ljava/lang/Object;+5
J 12117 C2 com.google.common.cache.LocalCache$Segment.lockedGetOrLoad(Ljava/lang/Object;ILcom/google/common/cache/CacheLoader;)Ljava/lang/Object; (433 bytes) @ 0x00000001130d4be4 [0x00000001130d3ae0+0x1104]
J 12394 C1 com.google.common.cache.LocalCache$Segment.get(Ljava/lang/Object;ILcom/google/common/cache/CacheLoader;)Ljava/lang/Object; (210 bytes) @ 0x0000000113bc4d3c [0x0000000113bc3de0+0xf5c]
J 13224 C1 org.gradle.api.internal.project.taskfactory.AnnotationProcessingTaskFactory.process(Lorg/gradle/api/internal/TaskInternal;)Lorg/gradle/api/internal/TaskInternal; (109 bytes) @ 0x000000011408354c [0x0000000114082ee0+0x66c]
J 12243 C1 org.gradle.api.internal.project.taskfactory.AnnotationProcessingTaskFactory.create(Ljava/lang/String;Ljava/lang/Class;)Ljava/lang/Object; (7 bytes) @ 0x00000001134a226c [0x00000001134a1fe0+0x28c]
j  org.gradle.api.internal.tasks.DefaultTaskContainer$TaskInstantiator.create(Ljava/lang/String;Ljava/lang/Class;)Lorg/gradle/api/Task;+44
J 13090 C1 org.gradle.api.internal.tasks.DefaultTaskContainer$TaskInstantiator.create(Ljava/lang/String;Ljava/lang/Class;)Ljava/lang/Object; (7 bytes) @ 0x000000011289080c [0x0000000112890780+0x8c]
J 12184 C1 org.gradle.api.internal.tasks.DefaultTaskContainer.create(Ljava/lang/String;Ljava/lang/Class;Lorg/gradle/api/Action;)Lorg/gradle/api/Task; (19 bytes) @ 0x0000000112f5131c [0x0000000112f51140+0x1dc]
j  com.android.build.gradle.internal.TaskFactoryImpl.create(Ljava/lang/String;Ljava/lang/Class;Lorg/gradle/api/Action;)Lorg/gradle/api/Task;+25
j  com.android.build.gradle.internal.TaskManager.createReportTasks(Ljava/util/List;)V+38
j  com.android.build.gradle.internal.VariantManager.createAndroidTasks()V+176
j  com.android.build.gradle.BasePlugin.lambda$createAndroidTasks$6()V+4
j  com.android.build.gradle.BasePlugin$$Lambda$110.call()V+4
j  com.android.builder.profile.ThreadRecorder.record(Lcom/google/wireless/android/sdk/stats/GradleBuildProfileSpan$ExecutionType;Ljava/lang/String;Ljava/lang/String;Lcom/android/builder/profile/Recorder$VoidBlock;)V+17
j  com.android.build.gradle.BasePlugin.createAndroidTasks()V+342
j  com.android.build.gradle.BasePlugin.lambda$null$4()V+1
j  com.android.build.gradle.BasePlugin$$Lambda$85.call()V+4
j  com.android.builder.profile.ThreadRecorder.record(Lcom/google/wireless/android/sdk/stats/GradleBuildProfileSpan$ExecutionType;Ljava/lang/String;Ljava/lang/String;Lcom/android/builder/profile/Recorder$VoidBlock;)V+17
j  com.android.build.gradle.BasePlugin.lambda$createTasks$5(Lorg/gradle/api/Project;)V+27
j  com.android.build.gradle.BasePlugin$$Lambda$84.execute(Ljava/lang/Object;)V+8
j  org.gradle.internal.event.BroadcastDispatch$ActionInvocationHandler.dispatch(Lorg/gradle/internal/dispatch/MethodInvocation;)V+27
j  org.gradle.internal.event.BroadcastDispatch$ActionInvocationHandler.dispatch(Ljava/lang/Object;)V+5
J 10879 C2 org.gradle.internal.event.BroadcastDispatch$SingletonDispatch.dispatch(Ljava/lang/Object;)V (9 bytes) @ 0x0000000113d13bb8 [0x0000000113d13a80+0x138]
J 11889 C2 org.gradle.internal.dispatch.ProxyDispatchAdapter$DispatchingInvocationHandler.invoke(Ljava/lang/Object;Ljava/lang/reflect/Method;[Ljava/lang/Object;)Ljava/lang/Object; (185 bytes) @ 0x0000000113d9ccd8 [0x0000000113d9c660+0x678]
j  com.sun.proxy.$Proxy24.afterEvaluate(Lorg/gradle/api/Project;Lorg/gradle/api/ProjectState;)V+20
j  org.gradle.configuration.project.LifecycleProjectEvaluator.notifyAfterEvaluate(Lorg/gradle/api/ProjectEvaluationListener;Lorg/gradle/api/internal/project/ProjectInternal;Lorg/gradle/api/internal/project/ProjectStateInternal;)V+3
j  org.gradle.configuration.project.LifecycleProjectEvaluator.doConfigure(Lorg/gradle/api/internal/project/ProjectInternal;Lorg/gradle/api/internal/project/ProjectStateInternal;)V+57
j  org.gradle.configuration.project.LifecycleProjectEvaluator.access$100(Lorg/gradle/configuration/project/LifecycleProjectEvaluator;Lorg/gradle/api/internal/project/ProjectInternal;Lorg/gradle/api/internal/project/ProjectStateInternal;)V+3
j  org.gradle.configuration.project.LifecycleProjectEvaluator$ConfigureProject.run(Lorg/gradle/internal/operations/BuildOperationContext;)V+12
J 8720 C1 org.gradle.internal.progress.DefaultBuildOperationExecutor$RunnableBuildOperationWorker.execute(Lorg/gradle/internal/operations/BuildOperation;Lorg/gradle/internal/operations/BuildOperationContext;)V (10 bytes) @ 0x00000001138c2774 [0x00000001138c26c0+0xb4]
J 10918 C1 org.gradle.internal.progress.DefaultBuildOperationExecutor.execute(Lorg/gradle/internal/operations/BuildOperation;Lorg/gradle/internal/operations/BuildOperationWorker;Lorg/gradle/internal/progress/DefaultBuildOperationExecutor$DefaultBuildOperationState;)V (394 bytes) @ 0x0000000113d3d894 [0x0000000113d3b040+0x2854]
j  org.gradle.internal.progress.DefaultBuildOperationExecutor.run(Lorg/gradle/internal/operations/RunnableBuildOperation;)V+20
j  org.gradle.configuration.project.LifecycleProjectEvaluator.evaluate(Lorg/gradle/api/internal/project/ProjectInternal;Lorg/gradle/api/internal/project/ProjectStateInternal;)V+30
j  org.gradle.api.internal.project.DefaultProject.evaluate()Lorg/gradle/api/internal/project/DefaultProject;+9
j  org.gradle.api.internal.project.DefaultProject.evaluate()Lorg/gradle/api/Project;+1
j  org.gradle.execution.TaskPathProjectEvaluator.configure(Lorg/gradle/api/internal/project/ProjectInternal;)V+21
j  org.gradle.execution.TaskPathProjectEvaluator.configureHierarchy(Lorg/gradle/api/internal/project/ProjectInternal;)V+41
j  org.gradle.configuration.DefaultBuildConfigurer.configure(Lorg/gradle/api/internal/GradleInternal;)V+45
j  org.gradle.initialization.DefaultGradleLauncher$ConfigureBuild.run(Lorg/gradle/internal/operations/BuildOperationContext;)V+40
J 8720 C1 org.gradle.internal.progress.DefaultBuildOperationExecutor$RunnableBuildOperationWorker.execute(Lorg/gradle/internal/operations/BuildOperation;Lorg/gradle/internal/operations/BuildOperationContext;)V (10 bytes) @ 0x00000001138c2774 [0x00000001138c26c0+0xb4]
J 10918 C1 org.gradle.internal.progress.DefaultBuildOperationExecutor.execute(Lorg/gradle/internal/operations/BuildOperation;Lorg/gradle/internal/operations/BuildOperationWorker;Lorg/gradle/internal/progress/DefaultBuildOperationExecutor$DefaultBuildOperationState;)V (394 bytes) @ 0x0000000113d3d894 [0x0000000113d3b040+0x2854]
j  org.gradle.internal.progress.DefaultBuildOperationExecutor.run(Lorg/gradle/internal/operations/RunnableBuildOperation;)V+20
j  org.gradle.initialization.DefaultGradleLauncher.configureBuild()V+23
j  org.gradle.initialization.DefaultGradleLauncher.doBuildStages(Lorg/gradle/initialization/DefaultGradleLauncher$Stage;)V+13
j  org.gradle.initialization.DefaultGradleLauncher.executeTasks()Lorg/gradle/api/internal/GradleInternal;+4
j  org.gradle.internal.invocation.GradleBuildController$1.call()Lorg/gradle/api/internal/GradleInternal;+7
j  org.gradle.internal.invocation.GradleBuildController$1.call()Ljava/lang/Object;+1
j  org.gradle.internal.work.DefaultWorkerLeaseService.withLocks(Ljava/lang/Iterable;Ljava/util/concurrent/Callable;)Ljava/lang/Object;+15
j  org.gradle.internal.invocation.GradleBuildController.doBuild(Ljava/util/concurrent/Callable;)Lorg/gradle/api/internal/GradleInternal;+52
j  org.gradle.internal.invocation.GradleBuildController.run()Lorg/gradle/api/internal/GradleInternal;+9
j  org.gradle.tooling.internal.provider.runner.ClientProvidedBuildActionRunner.run(Lorg/gradle/internal/invocation/BuildAction;Lorg/gradle/internal/invocation/BuildController;)V+77
j  org.gradle.launcher.exec.ChainingBuildActionRunner.run(Lorg/gradle/internal/invocation/BuildAction;Lorg/gradle/internal/invocation/BuildController;)V+34
j  org.gradle.launcher.exec.ChainingBuildActionRunner.run(Lorg/gradle/internal/invocation/BuildAction;Lorg/gradle/internal/invocation/BuildController;)V+34
j  org.gradle.tooling.internal.provider.ValidatingBuildActionRunner.run(Lorg/gradle/internal/invocation/BuildAction;Lorg/gradle/internal/invocation/BuildController;)V+6
j  org.gradle.launcher.exec.RunAsBuildOperationBuildActionRunner$1.run(Lorg/gradle/internal/operations/BuildOperationContext;)V+15
J 8720 C1 org.gradle.internal.progress.DefaultBuildOperationExecutor$RunnableBuildOperationWorker.execute(Lorg/gradle/internal/operations/BuildOperation;Lorg/gradle/internal/operations/BuildOperationContext;)V (10 bytes) @ 0x00000001138c2774 [0x00000001138c26c0+0xb4]
J 10918 C1 org.gradle.internal.progress.DefaultBuildOperationExecutor.execute(Lorg/gradle/internal/operations/BuildOperation;Lorg/gradle/internal/operations/BuildOperationWorker;Lorg/gradle/internal/progress/DefaultBuildOperationExecutor$DefaultBuildOperationState;)V (394 bytes) @ 0x0000000113d3d894 [0x0000000113d3b040+0x2854]
j  org.gradle.internal.progress.DefaultBuildOperationExecutor.run(Lorg/gradle/internal/operations/RunnableBuildOperation;)V+20
j  org.gradle.launcher.exec.RunAsBuildOperationBuildActionRunner.run(Lorg/gradle/internal/invocation/BuildAction;Lorg/gradle/internal/invocation/BuildController;)V+34
j  org.gradle.tooling.internal.provider.SubscribableBuildActionRunner.run(Lorg/gradle/internal/invocation/BuildAction;Lorg/gradle/internal/invocation/BuildController;)V+40
j  org.gradle.launcher.exec.InProcessBuildActionExecuter.execute(Lorg/gradle/internal/invocation/BuildAction;Lorg/gradle/initialization/BuildRequestContext;Lorg/gradle/launcher/exec/BuildActionParameters;Lorg/gradle/internal/service/ServiceRegistry;)Ljava/lang/Object;+81
j  org.gradle.launcher.exec.InProcessBuildActionExecuter.execute(Lorg/gradle/internal/invocation/BuildAction;Lorg/gradle/initialization/BuildRequestContext;Ljava/lang/Object;Lorg/gradle/internal/service/ServiceRegistry;)Ljava/lang/Object;+9
j  org.gradle.launcher.exec.BuildTreeScopeBuildActionExecuter.execute(Lorg/gradle/internal/invocation/BuildAction;Lorg/gradle/initialization/BuildRequestContext;Lorg/gradle/launcher/exec/BuildActionParameters;Lorg/gradle/internal/service/ServiceRegistry;)Ljava/lang/Object;+38
j  org.gradle.launcher.exec.BuildTreeScopeBuildActionExecuter.execute(Lorg/gradle/internal/invocation/BuildAction;Lorg/gradle/initialization/BuildRequestContext;Ljava/lang/Object;Lorg/gradle/internal/service/ServiceRegistry;)Ljava/lang/Object;+9
j  org.gradle.tooling.internal.provider.ContinuousBuildActionExecuter.execute(Lorg/gradle/internal/invocation/BuildAction;Lorg/gradle/initialization/BuildRequestContext;Lorg/gradle/launcher/exec/BuildActionParameters;Lorg/gradle/internal/service/ServiceRegistry;)Ljava/lang/Object;+63
j  org.gradle.tooling.internal.provider.ContinuousBuildActionExecuter.execute(Lorg/gradle/internal/invocation/BuildAction;Lorg/gradle/initialization/BuildRequestContext;Ljava/lang/Object;Lorg/gradle/internal/service/ServiceRegistry;)Ljava/lang/Object;+9
j  org.gradle.tooling.internal.provider.ServicesSetupBuildActionExecuter.execute(Lorg/gradle/internal/invocation/BuildAction;Lorg/gradle/initialization/BuildRequestContext;Lorg/gradle/launcher/exec/BuildActionParameters;Lorg/gradle/internal/service/ServiceRegistry;)Ljava/lang/Object;+86
j  org.gradle.tooling.internal.provider.ServicesSetupBuildActionExecuter.execute(Lorg/gradle/internal/invocation/BuildAction;Lorg/gradle/initialization/BuildRequestContext;Ljava/lang/Object;Lorg/gradle/internal/service/ServiceRegistry;)Ljava/lang/Object;+9
j  org.gradle.tooling.internal.provider.GradleThreadBuildActionExecuter.execute(Lorg/gradle/internal/invocation/BuildAction;Lorg/gradle/initialization/BuildRequestContext;Lorg/gradle/launcher/exec/BuildActionParameters;Lorg/gradle/internal/service/ServiceRegistry;)Ljava/lang/Object;+12
j  org.gradle.tooling.internal.provider.GradleThreadBuildActionExecuter.execute(Lorg/gradle/internal/invocation/BuildAction;Lorg/gradle/initialization/BuildRequestContext;Ljava/lang/Object;Lorg/gradle/internal/service/ServiceRegistry;)Ljava/lang/Object;+9
j  org.gradle.tooling.internal.provider.ParallelismConfigurationBuildActionExecuter.execute(Lorg/gradle/internal/invocation/BuildAction;Lorg/gradle/initialization/BuildRequestContext;Lorg/gradle/launcher/exec/BuildActionParameters;Lorg/gradle/internal/service/ServiceRegistry;)Ljava/lang/Object;+43
j  org.gradle.tooling.internal.provider.ParallelismConfigurationBuildActionExecuter.execute(Lorg/gradle/internal/invocation/BuildAction;Lorg/gradle/initialization/BuildRequestContext;Ljava/lang/Object;Lorg/gradle/internal/service/ServiceRegistry;)Ljava/lang/Object;+9
j  org.gradle.tooling.internal.provider.StartParamsValidatingActionExecuter.execute(Lorg/gradle/internal/invocation/BuildAction;Lorg/gradle/initialization/BuildRequestContext;Lorg/gradle/launcher/exec/BuildActionParameters;Lorg/gradle/internal/service/ServiceRegistry;)Ljava/lang/Object;+257
j  org.gradle.tooling.internal.provider.StartParamsValidatingActionExecuter.execute(Lorg/gradle/internal/invocation/BuildAction;Lorg/gradle/initialization/BuildRequestContext;Ljava/lang/Object;Lorg/gradle/internal/service/ServiceRegistry;)Ljava/lang/Object;+9
j  org.gradle.tooling.internal.provider.SessionFailureReportingActionExecuter.execute(Lorg/gradle/internal/invocation/BuildAction;Lorg/gradle/initialization/BuildRequestContext;Lorg/gradle/launcher/exec/BuildActionParameters;Lorg/gradle/internal/service/ServiceRegistry;)Ljava/lang/Object;+9
j  org.gradle.tooling.internal.provider.SessionFailureReportingActionExecuter.execute(Lorg/gradle/internal/invocation/BuildAction;Lorg/gradle/initialization/BuildRequestContext;Ljava/lang/Object;Lorg/gradle/internal/service/ServiceRegistry;)Ljava/lang/Object;+9
j  org.gradle.tooling.internal.provider.SetupLoggingActionExecuter.execute(Lorg/gradle/internal/invocation/BuildAction;Lorg/gradle/initialization/BuildRequestContext;Lorg/gradle/launcher/exec/BuildActionParameters;Lorg/gradle/internal/service/ServiceRegistry;)Ljava/lang/Object;+42
j  org.gradle.tooling.internal.provider.SetupLoggingActionExecuter.execute(Lorg/gradle/internal/invocation/BuildAction;Lorg/gradle/initialization/BuildRequestContext;Ljava/lang/Object;Lorg/gradle/internal/service/ServiceRegistry;)Ljava/lang/Object;+9
j  org.gradle.launcher.daemon.server.exec.ExecuteBuild.doBuild(Lorg/gradle/launcher/daemon/server/api/DaemonCommandExecution;Lorg/gradle/launcher/daemon/protocol/Build;)V+114
j  org.gradle.launcher.daemon.server.exec.BuildCommandOnly.execute(Lorg/gradle/launcher/daemon/server/api/DaemonCommandExecution;)V+49
j  org.gradle.launcher.daemon.server.api.DaemonCommandExecution.proceed()Z+28
j  org.gradle.launcher.daemon.server.exec.WatchForDisconnection.execute(Lorg/gradle/launcher/daemon/server/api/DaemonCommandExecution;)V+19
j  org.gradle.launcher.daemon.server.api.DaemonCommandExecution.proceed()Z+28
j  org.gradle.launcher.daemon.server.exec.ResetDeprecationLogger.execute(Lorg/gradle/launcher/daemon/server/api/DaemonCommandExecution;)V+4
j  org.gradle.launcher.daemon.server.api.DaemonCommandExecution.proceed()Z+28
j  org.gradle.launcher.daemon.server.exec.RequestStopIfSingleUsedDaemon.execute(Lorg/gradle/launcher/daemon/server/api/DaemonCommandExecution;)V+33
j  org.gradle.launcher.daemon.server.api.DaemonCommandExecution.proceed()Z+28
j  org.gradle.launcher.daemon.server.exec.ForwardClientInput$2.call()Ljava/lang/Void;+4
j  org.gradle.launcher.daemon.server.exec.ForwardClientInput$2.call()Ljava/lang/Object;+1
j  org.gradle.util.Swapper.swap(Ljava/lang/Object;Ljava/util/concurrent/Callable;)Ljava/lang/Object;+21
j  org.gradle.launcher.daemon.server.exec.ForwardClientInput.execute(Lorg/gradle/launcher/daemon/server/api/DaemonCommandExecution;)V+63
j  org.gradle.launcher.daemon.server.api.DaemonCommandExecution.proceed()Z+28
j  org.gradle.launcher.daemon.server.exec.LogAndCheckHealth.execute(Lorg/gradle/launcher/daemon/server/api/DaemonCommandExecution;)V+28
j  org.gradle.launcher.daemon.server.api.DaemonCommandExecution.proceed()Z+28
j  org.gradle.launcher.daemon.server.exec.LogToClient.doBuild(Lorg/gradle/launcher/daemon/server/api/DaemonCommandExecution;Lorg/gradle/launcher/daemon/protocol/Build;)V+87
j  org.gradle.launcher.daemon.server.exec.BuildCommandOnly.execute(Lorg/gradle/launcher/daemon/server/api/DaemonCommandExecution;)V+49
...<more frames>...


---------------  P R O C E S S  ---------------

Java Threads: ( => current thread )
  0x00007fc746429000 JavaThread "Build operations Thread 8" [_thread_blocked, id=28171, stack(0x000070001118f000,0x000070001128f000)]
  0x00007fc74c148000 JavaThread "Build operations Thread 7" [_thread_blocked, id=83211, stack(0x000070001108c000,0x000070001118c000)]
  0x00007fc74c147000 JavaThread "Build operations Thread 6" [_thread_blocked, id=34059, stack(0x0000700010f89000,0x0000700011089000)]
  0x00007fc74c146800 JavaThread "Build operations Thread 5" [_thread_blocked, id=47627, stack(0x0000700010e86000,0x0000700010f86000)]
  0x00007fc74c2f1000 JavaThread "Build operations Thread 4" [_thread_blocked, id=28683, stack(0x0000700010d83000,0x0000700010e83000)]
  0x00007fc74c2f0800 JavaThread "Build operations Thread 3" [_thread_blocked, id=46347, stack(0x0000700010c80000,0x0000700010d80000)]
  0x00007fc74c60e000 JavaThread "Build operations Thread 2" [_thread_blocked, id=28935, stack(0x0000700010b7d000,0x0000700010c7d000)]
  0x00007fc74c60d800 JavaThread "Build operations" [_thread_blocked, id=46599, stack(0x0000700010a7a000,0x0000700010b7a000)]
  0x00007fc745abb000 JavaThread "Cache worker for Artifact transforms cache (/Users/annascott/.gradle/caches/transforms-1)" [_thread_blocked, id=29703, stack(0x0000700010977000,0x0000700010a77000)]
  0x00007fc74c1e8800 JavaThread "Cache worker for file hash cache (/Volumes/Macintosh HD/Users/annascott/ApacheLanguage/.gradle/4.6/fileHashes)" [_thread_blocked, id=31751, stack(0x0000700010874000,0x0000700010974000)]
  0x00007fc745d07000 JavaThread "Stdin handler" [_thread_blocked, id=30727, stack(0x000070001056b000,0x000070001066b000)]
  0x00007fc749123000 JavaThread "Asynchronous log dispatcher for DefaultDaemonConnection: socket connection from /127.0.0.1:49964 to /127.0.0.1:51141" [_thread_blocked, id=29959, stack(0x0000700010468000,0x0000700010568000)]
=>0x00007fc74813c800 JavaThread "Daemon worker Thread 2" [_thread_in_Java, id=32263, stack(0x0000700010365000,0x0000700010465000)]
  0x00007fc74c6a3000 JavaThread "Cancel handler" [_thread_blocked, id=82695, stack(0x0000700010262000,0x0000700010362000)]
  0x00007fc7479b1000 JavaThread "Handler for socket connection from /127.0.0.1:49964 to /127.0.0.1:51141" [_thread_in_native, id=22535, stack(0x000070001015f000,0x000070001025f000)]
  0x00007fc7477f3800 JavaThread "Daemon Thread 2" [_thread_blocked, id=42503, stack(0x000070001005c000,0x000070001015c000)]
  0x00007fc74ce51800 JavaThread "pool-1-thread-1" [_thread_blocked, id=84231, stack(0x0000700011395000,0x0000700011495000)]
  0x00007fc74ae4a000 JavaThread "Memory manager" [_thread_blocked, id=25091, stack(0x0000700011292000,0x0000700011392000)]
  0x00007fc745acf000 JavaThread "File lock request listener" [_thread_in_native, id=40195, stack(0x0000700010771000,0x0000700010871000)]
  0x00007fc745ad0000 JavaThread "Cache worker for file hash cache (/Users/annascott/.gradle/caches/4.6/fileHashes)" [_thread_blocked, id=40451, stack(0x000070001066e000,0x000070001076e000)]
  0x00007fc7465ac000 JavaThread "Daemon periodic checks" [_thread_blocked, id=43011, stack(0x000070000ff59000,0x0000700010059000)]
  0x00007fc7474d6800 JavaThread "Incoming local TCP Connector on port 49964" [_thread_in_native, id=21763, stack(0x000070000fe56000,0x000070000ff56000)]
  0x00007fc745815000 JavaThread "Service Thread" daemon [_thread_blocked, id=15619, stack(0x000070000fc50000,0x000070000fd50000)]
  0x00007fc748800000 JavaThread "C1 CompilerThread3" daemon [_thread_blocked, id=16899, stack(0x000070000fb4d000,0x000070000fc4d000)]
  0x00007fc748000000 JavaThread "C2 CompilerThread2" daemon [_thread_in_native, id=17155, stack(0x000070000fa4a000,0x000070000fb4a000)]
  0x00007fc747804000 JavaThread "C2 CompilerThread1" daemon [_thread_blocked, id=14851, stack(0x000070000f947000,0x000070000fa47000)]
  0x00007fc745015000 JavaThread "C2 CompilerThread0" daemon [_thread_blocked, id=14339, stack(0x000070000f844000,0x000070000f944000)]
  0x00007fc745012000 JavaThread "Signal Dispatcher" daemon [_thread_blocked, id=14087, stack(0x000070000f741000,0x000070000f841000)]
  0x00007fc746037000 JavaThread "Finalizer" daemon [_thread_blocked, id=12291, stack(0x000070000f63e000,0x000070000f73e000)]
  0x00007fc74700c800 JavaThread "Reference Handler" daemon [_thread_blocked, id=11779, stack(0x000070000f53b000,0x000070000f63b000)]
  0x00007fc746003000 JavaThread "main" [_thread_blocked, id=6659, stack(0x000070000eb1d000,0x000070000ec1d000)]

Other Threads:
  0x00007fc747007800 VMThread [stack: 0x000070000f438000,0x000070000f538000] [id=19459]
  0x00007fc748819000 WatcherThread [stack: 0x000070000fd53000,0x000070000fe53000] [id=16131]

VM state:not at safepoint (normal execution)

VM Mutex/Monitor currently owned by a thread: None

Heap:
 PSYoungGen      total 416256K, used 78610K [0x00000007a0000000, 0x00000007bd800000, 0x00000007c0000000)
  eden space 390656K, 15% used [0x00000007a0000000,0x00000007a3ad2b90,0x00000007b7d80000)
  from space 25600K, 71% used [0x00000007b7d80000,0x00000007b8f72060,0x00000007b9680000)
  to   space 26112K, 0% used [0x00000007bbe80000,0x00000007bbe80000,0x00000007bd800000)
 ParOldGen       total 251904K, used 34795K [0x0000000760000000, 0x000000076f600000, 0x00000007a0000000)
  object space 251904K, 13% used [0x0000000760000000,0x00000007621fada0,0x000000076f600000)
 Metaspace       used 78626K, capacity 82411K, committed 82520K, reserved 1120256K
  class space    used 10367K, capacity 11117K, committed 11136K, reserved 1048576K

Card table byte_map: [0x0000000111000000,0x0000000111301000] byte_map_base: 0x000000010d500000

Marking Bits: (ParMarkBitMap*) 0x0000000111d3c8f8
 Begin Bits: [0x00000001211ac000, 0x00000001229ac000)
 End Bits:   [0x00000001229ac000, 0x00000001241ac000)

Polling page: 0x000000010fbeb000

CodeCache: size=245760Kb used=33614Kb max_used=33618Kb free=212145Kb
 bounds [0x0000000111fac000, 0x00000001140bc000, 0x0000000120fac000]
 total_blobs=11801 nmethods=10951 adapters=762
 compilation: enabled

Compilation events (10 events):
Event: 961.019 Thread 0x00007fc745015000 nmethod 13257 0x000000011297a990 code [0x000000011297aae0, 0x000000011297ab38]
Event: 961.020 Thread 0x00007fc748800000 nmethod 13256 0x00000001140aeed0 code [0x00000001140af040, 0x00000001140af278]
Event: 961.020 Thread 0x00007fc748800000 13253       3       org.gradle.api.tasks.util.internal.PatternSets$PatternSetFactory::create (5 bytes)
Event: 961.020 Thread 0x00007fc748800000 nmethod 13253 0x00000001140ae7d0 code [0x00000001140ae960, 0x00000001140aed30]
Event: 961.020 Thread 0x00007fc748800000 13254       3       org.gradle.api.tasks.util.internal.PatternSets$PatternSetFactory::create (12 bytes)
Event: 961.020 Thread 0x00007fc748800000 nmethod 13254 0x00000001140ae210 code [0x00000001140ae380, 0x00000001140ae670]
Event: 961.020 Thread 0x00007fc748800000 13255       3       org.gradle.api.tasks.util.internal.PatternSets$InternalPatternSet::<init> (6 bytes)
Event: 961.020 Thread 0x00007fc748800000 nmethod 13255 0x00000001140add90 code [0x00000001140adf00, 0x00000001140ae130]
Event: 961.020 Thread 0x00007fc748800000 13258       3       com.google.common.collect.Iterators$ConcatenatedIterator::next (33 bytes)
Event: 961.020 Thread 0x00007fc748800000 nmethod 13258 0x00000001140ad750 code [0x00000001140ad8e0, 0x00000001140adc48]

GC Heap History (10 events):
Event: 8.359 GC heap before
{Heap before GC invocations=8 (full 2):
 PSYoungGen      total 272896K, used 262144K [0x00000007a0000000, 0x00000007b3880000, 0x00000007c0000000)
  eden space 262144K, 100% used [0x00000007a0000000,0x00000007b0000000,0x00000007b0000000)
  from space 10752K, 0% used [0x00000007b0000000,0x00000007b0000000,0x00000007b0a80000)
  to   space 12800K, 0% used [0x00000007b2c00000,0x00000007b2c00000,0x00000007b3880000)
 ParOldGen       total 165888K, used 15636K [0x0000000760000000, 0x000000076a200000, 0x00000007a0000000)
  object space 165888K, 9% used [0x0000000760000000,0x0000000760f45208,0x000000076a200000)
 Metaspace       used 54462K, capacity 55997K, committed 56280K, reserved 1097728K
  class space    used 7464K, capacity 7848K, committed 7936K, reserved 1048576K
Event: 8.384 GC heap after
Heap after GC invocations=8 (full 2):
 PSYoungGen      total 296960K, used 12798K [0x00000007a0000000, 0x00000007b9d80000, 0x00000007c0000000)
  eden space 284160K, 0% used [0x00000007a0000000,0x00000007a0000000,0x00000007b1580000)
  from space 12800K, 99% used [0x00000007b2c00000,0x00000007b387f9f0,0x00000007b3880000)
  to   space 23040K, 0% used [0x00000007b1580000,0x00000007b1580000,0x00000007b2c00000)
 ParOldGen       total 165888K, used 31516K [0x0000000760000000, 0x000000076a200000, 0x00000007a0000000)
  object space 165888K, 18% used [0x0000000760000000,0x0000000761ec7188,0x000000076a200000)
 Metaspace       used 54462K, capacity 55997K, committed 56280K, reserved 1097728K
  class space    used 7464K, capacity 7848K, committed 7936K, reserved 1048576K
}
Event: 11.038 GC heap before
{Heap before GC invocations=9 (full 2):
 PSYoungGen      total 296960K, used 133494K [0x00000007a0000000, 0x00000007b9d80000, 0x00000007c0000000)
  eden space 284160K, 42% used [0x00000007a0000000,0x00000007a75de018,0x00000007b1580000)
  from space 12800K, 99% used [0x00000007b2c00000,0x00000007b387f9f0,0x00000007b3880000)
  to   space 23040K, 0% used [0x00000007b1580000,0x00000007b1580000,0x00000007b2c00000)
 ParOldGen       total 165888K, used 31516K [0x0000000760000000, 0x000000076a200000, 0x00000007a0000000)
  object space 165888K, 18% used [0x0000000760000000,0x0000000761ec7188,0x000000076a200000)
 Metaspace       used 57409K, capacity 58971K, committed 59028K, reserved 1099776K
  class space    used 7784K, capacity 8175K, committed 8192K, reserved 1048576K
Event: 11.051 GC heap after
Heap after GC invocations=9 (full 2):
 PSYoungGen      total 307200K, used 18860K [0x00000007a0000000, 0x00000007bb480000, 0x00000007c0000000)
  eden space 284160K, 0% used [0x00000007a0000000,0x00000007a0000000,0x00000007b1580000)
  from space 23040K, 81% used [0x00000007b1580000,0x00000007b27eb3b0,0x00000007b2c00000)
  to   space 24576K, 0% used [0x00000007b9c80000,0x00000007b9c80000,0x00000007bb480000)
 ParOldGen       total 165888K, used 31524K [0x0000000760000000, 0x000000076a200000, 0x00000007a0000000)
  object space 165888K, 19% used [0x0000000760000000,0x0000000761ec9188,0x000000076a200000)
 Metaspace       used 57409K, capacity 58971K, committed 59028K, reserved 1099776K
  class space    used 7784K, capacity 8175K, committed 8192K, reserved 1048576K
}
Event: 11.051 GC heap before
{Heap before GC invocations=10 (full 3):
 PSYoungGen      total 307200K, used 18860K [0x00000007a0000000, 0x00000007bb480000, 0x00000007c0000000)
  eden space 284160K, 0% used [0x00000007a0000000,0x00000007a0000000,0x00000007b1580000)
  from space 23040K, 81% used [0x00000007b1580000,0x00000007b27eb3b0,0x00000007b2c00000)
  to   space 24576K, 0% used [0x00000007b9c80000,0x00000007b9c80000,0x00000007bb480000)
 ParOldGen       total 165888K, used 31524K [0x0000000760000000, 0x000000076a200000, 0x00000007a0000000)
  object space 165888K, 19% used [0x0000000760000000,0x0000000761ec9188,0x000000076a200000)
 Metaspace       used 57409K, capacity 58971K, committed 59028K, reserved 1099776K
  class space    used 7784K, capacity 8175K, committed 8192K, reserved 1048576K
Event: 11.216 GC heap after
Heap after GC invocations=10 (full 3):
 PSYoungGen      total 307200K, used 0K [0x00000007a0000000, 0x00000007bb480000, 0x00000007c0000000)
  eden space 284160K, 0% used [0x00000007a0000000,0x00000007a0000000,0x00000007b1580000)
  from space 23040K, 0% used [0x00000007b1580000,0x00000007b1580000,0x00000007b2c00000)
  to   space 24576K, 0% used [0x00000007b9c80000,0x00000007b9c80000,0x00000007bb480000)
 ParOldGen       total 251904K, used 34771K [0x0000000760000000, 0x000000076f600000, 0x00000007a0000000)
  object space 251904K, 13% used [0x0000000760000000,0x00000007621f4da0,0x000000076f600000)
 Metaspace       used 57409K, capacity 58971K, committed 59028K, reserved 1099776K
  class space    used 7784K, capacity 8175K, committed 8192K, reserved 1048576K
}
Event: 14.830 GC heap before
{Heap before GC invocations=11 (full 3):
 PSYoungGen      total 307200K, used 283463K [0x00000007a0000000, 0x00000007bb480000, 0x00000007c0000000)
  eden space 284160K, 99% used [0x00000007a0000000,0x00000007b14d1e08,0x00000007b1580000)
  from space 23040K, 0% used [0x00000007b1580000,0x00000007b1580000,0x00000007b2c00000)
  to   space 24576K, 0% used [0x00000007b9c80000,0x00000007b9c80000,0x00000007bb480000)
 ParOldGen       total 251904K, used 34771K [0x0000000760000000, 0x000000076f600000, 0x00000007a0000000)
  object space 251904K, 13% used [0x0000000760000000,0x00000007621f4da0,0x000000076f600000)
 Metaspace       used 73848K, capacity 77161K, committed 77400K, reserved 1116160K
  class space    used 9922K, capacity 10582K, committed 10624K, reserved 1048576K
Event: 14.844 GC heap after
Heap after GC invocations=11 (full 3):
 PSYoungGen      total 392704K, used 18966K [0x00000007a0000000, 0x00000007baf80000, 0x00000007c0000000)
  eden space 373248K, 0% used [0x00000007a0000000,0x00000007a0000000,0x00000007b6c80000)
  from space 19456K, 97% used [0x00000007b9c80000,0x00000007baf05900,0x00000007baf80000)
  to   space 25600K, 0% used [0x00000007b7d80000,0x00000007b7d80000,0x00000007b9680000)
 ParOldGen       total 251904K, used 34787K [0x0000000760000000, 0x000000076f600000, 0x00000007a0000000)
  object space 251904K, 13% used [0x0000000760000000,0x00000007621f8da0,0x000000076f600000)
 Metaspace       used 73848K, capacity 77161K, committed 77400K, reserved 1116160K
  class space    used 9922K, capacity 10582K, committed 10624K, reserved 1048576K
}
Event: 69.073 GC heap before
{Heap before GC invocations=12 (full 3):
 PSYoungGen      total 392704K, used 392214K [0x00000007a0000000, 0x00000007baf80000, 0x00000007c0000000)
  eden space 373248K, 100% used [0x00000007a0000000,0x00000007b6c80000,0x00000007b6c80000)
  from space 19456K, 97% used [0x00000007b9c80000,0x00000007baf05900,0x00000007baf80000)
  to   space 25600K, 0% used [0x00000007b7d80000,0x00000007b7d80000,0x00000007b9680000)
 ParOldGen       total 251904K, used 34787K [0x0000000760000000, 0x000000076f600000, 0x00000007a0000000)
  object space 251904K, 13% used [0x0000000760000000,0x00000007621f8da0,0x000000076f600000)
 Metaspace       used 78086K, capacity 81893K, committed 82008K, reserved 1120256K
  class space    used 10338K, capacity 11064K, committed 11136K, reserved 1048576K
Event: 69.088 GC heap after
Heap after GC invocations=12 (full 3):
 PSYoungGen      total 416256K, used 18376K [0x00000007a0000000, 0x00000007bd800000, 0x00000007c0000000)
  eden space 390656K, 0% used [0x00000007a0000000,0x00000007a0000000,0x00000007b7d80000)
  from space 25600K, 71% used [0x00000007b7d80000,0x00000007b8f72060,0x00000007b9680000)
  to   space 26112K, 0% used [0x00000007bbe80000,0x00000007bbe80000,0x00000007bd800000)
 ParOldGen       total 251904K, used 34795K [0x0000000760000000, 0x000000076f600000, 0x00000007a0000000)
  object space 251904K, 13% used [0x0000000760000000,0x00000007621fada0,0x000000076f600000)
 Metaspace       used 78086K, capacity 81893K, committed 82008K, reserved 1120256K
  class space    used 10338K, capacity 11064K, committed 11136K, reserved 1048576K
}

Deoptimization events (10 events):
Event: 69.178 Thread 0x00007fc748321000 Uncommon trap: reason=unstable_if action=reinterpret pc=0x00000001128875b8 method=com.esotericsoftware.kryo.io.Input.require(I)I @ 117
Event: 960.558 Thread 0x00007fc7479b1000 Uncommon trap: reason=class_check action=maybe_recompile pc=0x000000011337bc64 method=java.lang.reflect.Array.newInstance(Ljava/lang/Class;I)Ljava/lang/Object; @ 2
Event: 960.564 Thread 0x00007fc7479b1000 Uncommon trap: reason=class_check action=maybe_recompile pc=0x000000011337bc64 method=java.lang.reflect.Array.newInstance(Ljava/lang/Class;I)Ljava/lang/Object; @ 2
Event: 960.623 Thread 0x00007fc74813c800 Uncommon trap: reason=array_check action=maybe_recompile pc=0x00000001128a70dc method=com.google.common.collect.ImmutableSet.construct(I[Ljava/lang/Object;)Lcom/google/common/collect/ImmutableSet; @ 122
Event: 960.640 Thread 0x00007fc74813c800 Uncommon trap: reason=array_check action=maybe_recompile pc=0x00000001128a70dc method=com.google.common.collect.ImmutableSet.construct(I[Ljava/lang/Object;)Lcom/google/common/collect/ImmutableSet; @ 122
Event: 960.652 Thread 0x00007fc74813c800 Uncommon trap: reason=array_check action=maybe_recompile pc=0x00000001128a70dc method=com.google.common.collect.ImmutableSet.construct(I[Ljava/lang/Object;)Lcom/google/common/collect/ImmutableSet; @ 122
Event: 960.661 Thread 0x00007fc74813c800 Uncommon trap: reason=array_check action=maybe_recompile pc=0x00000001128a70dc method=com.google.common.collect.ImmutableSet.construct(I[Ljava/lang/Object;)Lcom/google/common/collect/ImmutableSet; @ 122
Event: 960.959 Thread 0x00007fc74813c800 Uncommon trap: reason=class_check action=maybe_recompile pc=0x0000000112656bf8 method=com.google.common.collect.AbstractMapBasedMultimap$WrappedCollection.refreshIfEmpty()V @ 40
Event: 960.959 Thread 0x00007fc74813c800 Uncommon trap: reason=class_check action=maybe_recompile pc=0x0000000113cf3c48 method=java.util.stream.StreamOpFlag.fromCharacteristics(Ljava/util/Spliterator;)I @ 14
Event: 960.963 Thread 0x00007fc74813c800 Uncommon trap: reason=bimorphic action=maybe_recompile pc=0x0000000113c27e00 method=java.util.stream.MatchOps$1MatchSink.accept(Ljava/lang/Object;)V @ 12

Classes redefined (0 events):
No events

Internal exceptions (10 events):
Event: 960.891 Thread 0x00007fc74813c800 Exception <a 'sun/nio/fs/UnixException'> (0x00000007a2c04a38) thrown at [/Volumes/android/AOSP-openjdk-git/jdk8u/hotspot/src/share/vm/prims/jni.cpp, line 709]
Event: 960.891 Thread 0x00007fc74813c800 Exception <a 'sun/nio/fs/UnixException'> (0x00000007a2c05f68) thrown at [/Volumes/android/AOSP-openjdk-git/jdk8u/hotspot/src/share/vm/prims/jni.cpp, line 709]
Event: 960.891 Thread 0x00007fc74813c800 Exception <a 'sun/nio/fs/UnixException'> (0x00000007a2c08ba0) thrown at [/Volumes/android/AOSP-openjdk-git/jdk8u/hotspot/src/share/vm/prims/jni.cpp, line 709]
Event: 960.891 Thread 0x00007fc74813c800 Exception <a 'sun/nio/fs/UnixException'> (0x00000007a2c0a080) thrown at [/Volumes/android/AOSP-openjdk-git/jdk8u/hotspot/src/share/vm/prims/jni.cpp, line 709]
Event: 960.891 Thread 0x00007fc74813c800 Exception <a 'sun/nio/fs/UnixException'> (0x00000007a2c0c068) thrown at [/Volumes/android/AOSP-openjdk-git/jdk8u/hotspot/src/share/vm/prims/jni.cpp, line 709]
Event: 960.891 Thread 0x00007fc74813c800 Exception <a 'sun/nio/fs/UnixException'> (0x00000007a2c0d5b0) thrown at [/Volumes/android/AOSP-openjdk-git/jdk8u/hotspot/src/share/vm/prims/jni.cpp, line 709]
Event: 960.891 Thread 0x00007fc74813c800 Exception <a 'sun/nio/fs/UnixException'> (0x00000007a2c0fe80) thrown at [/Volumes/android/AOSP-openjdk-git/jdk8u/hotspot/src/share/vm/prims/jni.cpp, line 709]
Event: 960.891 Thread 0x00007fc74813c800 Exception <a 'sun/nio/fs/UnixException'> (0x00000007a2c113d0) thrown at [/Volumes/android/AOSP-openjdk-git/jdk8u/hotspot/src/share/vm/prims/jni.cpp, line 709]
Event: 960.891 Thread 0x00007fc74813c800 Exception <a 'sun/nio/fs/UnixException'> (0x00000007a2c139f0) thrown at [/Volumes/android/AOSP-openjdk-git/jdk8u/hotspot/src/share/vm/prims/jni.cpp, line 709]
Event: 960.891 Thread 0x00007fc74813c800 Exception <a 'sun/nio/fs/UnixException'> (0x00000007a2c14f50) thrown at [/Volumes/android/AOSP-openjdk-git/jdk8u/hotspot/src/share/vm/prims/jni.cpp, line 709]

Events (10 events):
Event: 960.959 Thread 0x00007fc74813c800 DEOPT PACKING pc=0x0000000112656bf8 sp=0x0000700010461680
Event: 960.959 Thread 0x00007fc74813c800 DEOPT UNPACKING pc=0x0000000111ff147a sp=0x0000700010461650 mode 2
Event: 960.959 Thread 0x00007fc74813c800 Uncommon trap: trap_request=0xffffffde fr.pc=0x0000000113cf3c48
Event: 960.959 Thread 0x00007fc74813c800 DEOPT PACKING pc=0x0000000113cf3c48 sp=0x0000700010461700
Event: 960.959 Thread 0x00007fc74813c800 DEOPT UNPACKING pc=0x0000000111ff147a sp=0x00007000104616b8 mode 2
Event: 960.963 Thread 0x00007fc74813c800 Uncommon trap: trap_request=0xffffffc6 fr.pc=0x0000000113c27e00
Event: 960.963 Thread 0x00007fc74813c800 DEOPT PACKING pc=0x0000000113c27e00 sp=0x0000700010461690
Event: 960.963 Thread 0x00007fc74813c800 DEOPT UNPACKING pc=0x0000000111ff147a sp=0x0000700010461650 mode 2
Event: 960.978 Executing VM operation: RevokeBias
Event: 960.978 Executing VM operation: RevokeBias done


Dynamic libraries:
0x0000000029190000 	/System/Library/Frameworks/Cocoa.framework/Versions/A/Cocoa
0x0000000029190000 	/System/Library/Frameworks/Security.framework/Versions/A/Security
0x0000000029190000 	/System/Library/Frameworks/ApplicationServices.framework/Versions/A/ApplicationServices
0x0000000029190000 	/usr/lib/libz.1.dylib
0x0000000029190000 	/usr/lib/libSystem.B.dylib
0x0000000029190000 	/System/Library/Frameworks/CoreFoundation.framework/Versions/A/CoreFoundation
0x0000000029190000 	/System/Library/Frameworks/Foundation.framework/Versions/C/Foundation
0x0000000029190000 	/usr/lib/libobjc.A.dylib
0x0000000029190000 	/System/Library/Frameworks/AppKit.framework/Versions/C/AppKit
0x0000000029190000 	/System/Library/Frameworks/CoreData.framework/Versions/A/CoreData
0x0000000029190000 	/System/Library/PrivateFrameworks/RemoteViewServices.framework/Versions/A/RemoteViewServices
0x0000000029190000 	/System/Library/PrivateFrameworks/UIFoundation.framework/Versions/A/UIFoundation
0x0000000029190000 	/System/Library/PrivateFrameworks/DFRFoundation.framework/Versions/A/DFRFoundation
0x0000000029190000 	/System/Library/Frameworks/Metal.framework/Versions/A/Metal
0x0000000029190000 	/System/Library/PrivateFrameworks/DesktopServicesPriv.framework/Versions/A/DesktopServicesPriv
0x0000000029190000 	/usr/lib/libenergytrace.dylib
0x0000000029190000 	/System/Library/PrivateFrameworks/SkyLight.framework/Versions/A/SkyLight
0x0000000029190000 	/System/Library/Frameworks/CoreGraphics.framework/Versions/A/CoreGraphics
0x0000000029190000 	/usr/lib/libScreenReader.dylib
0x0000000029190000 	/System/Library/Frameworks/Accelerate.framework/Versions/A/Accelerate
0x0000000029190000 	/System/Library/Frameworks/IOSurface.framework/Versions/A/IOSurface
0x0000000029190000 	/System/Library/Frameworks/AudioToolbox.framework/Versions/A/AudioToolbox
0x0000000029190000 	/System/Library/Frameworks/AudioUnit.framework/Versions/A/AudioUnit
0x0000000029190000 	/System/Library/PrivateFrameworks/DataDetectorsCore.framework/Versions/A/DataDetectorsCore
0x0000000029190000 	/System/Library/Frameworks/Carbon.framework/Versions/A/Frameworks/HIToolbox.framework/Versions/A/HIToolbox
0x0000000029190000 	/usr/lib/libicucore.A.dylib
0x0000000029190000 	/System/Library/Frameworks/QuartzCore.framework/Versions/A/QuartzCore
0x0000000029190000 	/System/Library/PrivateFrameworks/SignpostNotification.framework/Versions/A/SignpostNotification
0x0000000029190000 	/System/Library/Frameworks/Carbon.framework/Versions/A/Frameworks/SpeechRecognition.framework/Versions/A/SpeechRecognition
0x0000000029190000 	/usr/lib/libauto.dylib
0x0000000029190000 	/usr/lib/libxml2.2.dylib
0x0000000029190000 	/System/Library/PrivateFrameworks/CoreUI.framework/Versions/A/CoreUI
0x0000000029190000 	/System/Library/Frameworks/CoreAudio.framework/Versions/A/CoreAudio
0x0000000029190000 	/System/Library/Frameworks/DiskArbitration.framework/Versions/A/DiskArbitration
0x0000000029190000 	/usr/lib/liblangid.dylib
0x0000000029190000 	/System/Library/PrivateFrameworks/MultitouchSupport.framework/Versions/A/MultitouchSupport
0x0000000029190000 	/System/Library/Frameworks/IOKit.framework/Versions/A/IOKit
0x0000000029190000 	/usr/lib/libDiagnosticMessagesClient.dylib
0x0000000029190000 	/System/Library/Frameworks/CoreServices.framework/Versions/A/CoreServices
0x0000000029190000 	/System/Library/PrivateFrameworks/PerformanceAnalysis.framework/Versions/A/PerformanceAnalysis
0x0000000029190000 	/System/Library/Frameworks/OpenGL.framework/Versions/A/OpenGL
0x0000000029190000 	/System/Library/Frameworks/ColorSync.framework/Versions/A/ColorSync
0x0000000029190000 	/System/Library/Frameworks/CoreImage.framework/Versions/A/CoreImage
0x0000000029190000 	/System/Library/Frameworks/CoreText.framework/Versions/A/CoreText
0x0000000029190000 	/System/Library/Frameworks/ImageIO.framework/Versions/A/ImageIO
0x0000000029190000 	/System/Library/PrivateFrameworks/Backup.framework/Versions/A/Backup
0x0000000029190000 	/usr/lib/libarchive.2.dylib
0x0000000029190000 	/System/Library/Frameworks/CFNetwork.framework/Versions/A/CFNetwork
0x0000000029190000 	/System/Library/Frameworks/SystemConfiguration.framework/Versions/A/SystemConfiguration
0x0000000029190000 	/usr/lib/libCRFSuite.dylib
0x0000000029190000 	/usr/lib/libc++.1.dylib
0x0000000029190000 	/usr/lib/libc++abi.dylib
0x0000000029190000 	/usr/lib/system/libcache.dylib
0x0000000029190000 	/usr/lib/system/libcommonCrypto.dylib
0x0000000029190000 	/usr/lib/system/libcompiler_rt.dylib
0x0000000029190000 	/usr/lib/system/libcopyfile.dylib
0x0000000029190000 	/usr/lib/system/libcorecrypto.dylib
0x0000000029190000 	/usr/lib/system/libdispatch.dylib
0x0000000029190000 	/usr/lib/system/libdyld.dylib
0x0000000029190000 	/usr/lib/system/libkeymgr.dylib
0x0000000029190000 	/usr/lib/system/liblaunch.dylib
0x0000000029190000 	/usr/lib/system/libmacho.dylib
0x0000000029190000 	/usr/lib/system/libquarantine.dylib
0x0000000029190000 	/usr/lib/system/libremovefile.dylib
0x0000000029190000 	/usr/lib/system/libsystem_asl.dylib
0x0000000029190000 	/usr/lib/system/libsystem_blocks.dylib
0x0000000029190000 	/usr/lib/system/libsystem_c.dylib
0x0000000029190000 	/usr/lib/system/libsystem_configuration.dylib
0x0000000029190000 	/usr/lib/system/libsystem_coreservices.dylib
0x0000000029190000 	/usr/lib/system/libsystem_darwin.dylib
0x0000000029190000 	/usr/lib/system/libsystem_dnssd.dylib
0x0000000029190000 	/usr/lib/system/libsystem_info.dylib
0x0000000029190000 	/usr/lib/system/libsystem_m.dylib
0x0000000029190000 	/usr/lib/system/libsystem_malloc.dylib
0x0000000029190000 	/usr/lib/system/libsystem_network.dylib
0x0000000029190000 	/usr/lib/system/libsystem_networkextension.dylib
0x0000000029190000 	/usr/lib/system/libsystem_notify.dylib
0x0000000029190000 	/usr/lib/system/libsystem_sandbox.dylib
0x0000000029190000 	/usr/lib/system/libsystem_secinit.dylib
0x0000000029190000 	/usr/lib/system/libsystem_kernel.dylib
0x0000000029190000 	/usr/lib/system/libsystem_platform.dylib
0x0000000029190000 	/usr/lib/system/libsystem_pthread.dylib
0x0000000029190000 	/usr/lib/system/libsystem_symptoms.dylib
0x0000000029190000 	/usr/lib/system/libsystem_trace.dylib
0x0000000029190000 	/usr/lib/system/libunwind.dylib
0x0000000029190000 	/usr/lib/system/libxpc.dylib
0x0000000029190000 	/usr/lib/closure/libclosured.dylib
0x0000000029190000 	/usr/lib/libbsm.0.dylib
0x0000000029190000 	/usr/lib/system/libkxld.dylib
0x0000000029190000 	/usr/lib/libOpenScriptingUtil.dylib
0x0000000029190000 	/usr/lib/libcoretls.dylib
0x0000000029190000 	/usr/lib/libcoretls_cfhelpers.dylib
0x0000000029190000 	/usr/lib/libpam.2.dylib
0x0000000029190000 	/usr/lib/libsqlite3.dylib
0x0000000029190000 	/usr/lib/libxar.1.dylib
0x0000000029190000 	/usr/lib/libbz2.1.0.dylib
0x0000000029190000 	/usr/lib/liblzma.5.dylib
0x0000000029190000 	/usr/lib/libnetwork.dylib
0x0000000029190000 	/usr/lib/libapple_nghttp2.dylib
0x0000000029190000 	/usr/lib/libpcap.A.dylib
0x0000000029190000 	/usr/lib/libboringssl.dylib
0x0000000029190000 	/usr/lib/libusrtcp.dylib
0x0000000029190000 	/usr/lib/libapple_crypto.dylib
0x0000000029190000 	/System/Library/Frameworks/CoreServices.framework/Versions/A/Frameworks/FSEvents.framework/Versions/A/FSEvents
0x0000000029190000 	/System/Library/Frameworks/CoreServices.framework/Versions/A/Frameworks/CarbonCore.framework/Versions/A/CarbonCore
0x0000000029190000 	/System/Library/Frameworks/CoreServices.framework/Versions/A/Frameworks/Metadata.framework/Versions/A/Metadata
0x0000000029190000 	/System/Library/Frameworks/CoreServices.framework/Versions/A/Frameworks/OSServices.framework/Versions/A/OSServices
0x0000000029190000 	/System/Library/Frameworks/CoreServices.framework/Versions/A/Frameworks/SearchKit.framework/Versions/A/SearchKit
0x0000000029190000 	/System/Library/Frameworks/CoreServices.framework/Versions/A/Frameworks/AE.framework/Versions/A/AE
0x0000000029190000 	/System/Library/Frameworks/CoreServices.framework/Versions/A/Frameworks/LaunchServices.framework/Versions/A/LaunchServices
0x0000000029190000 	/System/Library/Frameworks/CoreServices.framework/Versions/A/Frameworks/DictionaryServices.framework/Versions/A/DictionaryServices
0x0000000029190000 	/System/Library/Frameworks/CoreServices.framework/Versions/A/Frameworks/SharedFileList.framework/Versions/A/SharedFileList
0x0000000029190000 	/System/Library/Frameworks/NetFS.framework/Versions/A/NetFS
0x0000000029190000 	/System/Library/PrivateFrameworks/NetAuth.framework/Versions/A/NetAuth
0x0000000029190000 	/System/Library/PrivateFrameworks/login.framework/Versions/A/Frameworks/loginsupport.framework/Versions/A/loginsupport
0x0000000029190000 	/System/Library/PrivateFrameworks/TCC.framework/Versions/A/TCC
0x0000000029190000 	/usr/lib/libmecabra.dylib
0x0000000029190000 	/System/Library/Frameworks/ApplicationServices.framework/Versions/A/Frameworks/ATS.framework/Versions/A/ATS
0x0000000029190000 	/System/Library/Frameworks/ApplicationServices.framework/Versions/A/Frameworks/ColorSyncLegacy.framework/Versions/A/ColorSyncLegacy
0x0000000029190000 	/System/Library/Frameworks/ApplicationServices.framework/Versions/A/Frameworks/HIServices.framework/Versions/A/HIServices
0x0000000029190000 	/System/Library/Frameworks/ApplicationServices.framework/Versions/A/Frameworks/LangAnalysis.framework/Versions/A/LangAnalysis
0x0000000029190000 	/System/Library/Frameworks/ApplicationServices.framework/Versions/A/Frameworks/PrintCore.framework/Versions/A/PrintCore
0x0000000029190000 	/System/Library/Frameworks/ApplicationServices.framework/Versions/A/Frameworks/QD.framework/Versions/A/QD
0x0000000029190000 	/System/Library/Frameworks/ApplicationServices.framework/Versions/A/Frameworks/SpeechSynthesis.framework/Versions/A/SpeechSynthesis
0x0000000029190000 	/System/Library/Frameworks/CoreDisplay.framework/Versions/A/CoreDisplay
0x0000000029190000 	/System/Library/Frameworks/Accelerate.framework/Versions/A/Frameworks/vImage.framework/Versions/A/vImage
0x0000000029190000 	/System/Library/Frameworks/Accelerate.framework/Versions/A/Frameworks/vecLib.framework/Versions/A/vecLib
0x0000000029190000 	/System/Library/Frameworks/Accelerate.framework/Versions/A/Frameworks/vecLib.framework/Versions/A/libvDSP.dylib
0x0000000029190000 	/System/Library/Frameworks/Accelerate.framework/Versions/A/Frameworks/vecLib.framework/Versions/A/libBNNS.dylib
0x0000000029190000 	/System/Library/Frameworks/Accelerate.framework/Versions/A/Frameworks/vecLib.framework/Versions/A/libQuadrature.dylib
0x0000000029190000 	/System/Library/Frameworks/Accelerate.framework/Versions/A/Frameworks/vecLib.framework/Versions/A/libvMisc.dylib
0x0000000029190000 	/System/Library/Frameworks/Accelerate.framework/Versions/A/Frameworks/vecLib.framework/Versions/A/libLAPACK.dylib
0x0000000029190000 	/System/Library/Frameworks/Accelerate.framework/Versions/A/Frameworks/vecLib.framework/Versions/A/libBLAS.dylib
0x0000000029190000 	/System/Library/Frameworks/Accelerate.framework/Versions/A/Frameworks/vecLib.framework/Versions/A/libLinearAlgebra.dylib
0x0000000029190000 	/System/Library/Frameworks/Accelerate.framework/Versions/A/Frameworks/vecLib.framework/Versions/A/libSparse.dylib
0x0000000029190000 	/System/Library/Frameworks/Accelerate.framework/Versions/A/Frameworks/vecLib.framework/Versions/A/libSparseBLAS.dylib
0x0000000029190000 	/System/Library/PrivateFrameworks/GPUWrangler.framework/Versions/A/GPUWrangler
0x0000000029190000 	/System/Library/PrivateFrameworks/IOAccelerator.framework/Versions/A/IOAccelerator
0x0000000029190000 	/System/Library/PrivateFrameworks/IOPresentment.framework/Versions/A/IOPresentment
0x0000000029190000 	/System/Library/PrivateFrameworks/DSExternalDisplay.framework/Versions/A/DSExternalDisplay
0x0000000029190000 	/System/Library/Frameworks/OpenGL.framework/Versions/A/Libraries/libCoreFSCache.dylib
0x0000000029190000 	/System/Library/Frameworks/CoreVideo.framework/Versions/A/CoreVideo
0x0000000029190000 	/System/Library/PrivateFrameworks/GraphVisualizer.framework/Versions/A/GraphVisualizer
0x0000000029190000 	/System/Library/Frameworks/MetalPerformanceShaders.framework/Versions/A/MetalPerformanceShaders
0x0000000029190000 	/usr/lib/libFosl_dynamic.dylib
0x0000000029190000 	/System/Library/PrivateFrameworks/FaceCore.framework/Versions/A/FaceCore
0x0000000029190000 	/System/Library/Frameworks/OpenCL.framework/Versions/A/OpenCL
0x0000000029190000 	/usr/lib/libcompression.dylib
0x0000000029190000 	/System/Library/Frameworks/ApplicationServices.framework/Versions/A/Frameworks/ATS.framework/Versions/A/Resources/libFontParser.dylib
0x0000000029190000 	/System/Library/Frameworks/ApplicationServices.framework/Versions/A/Frameworks/ATS.framework/Versions/A/Resources/libFontRegistry.dylib
0x0000000029190000 	/System/Library/Frameworks/ImageIO.framework/Versions/A/Resources/libJPEG.dylib
0x0000000029190000 	/System/Library/Frameworks/ImageIO.framework/Versions/A/Resources/libTIFF.dylib
0x0000000029190000 	/System/Library/Frameworks/ImageIO.framework/Versions/A/Resources/libPng.dylib
0x0000000029190000 	/System/Library/Frameworks/ImageIO.framework/Versions/A/Resources/libGIF.dylib
0x0000000029190000 	/System/Library/Frameworks/ImageIO.framework/Versions/A/Resources/libJP2.dylib
0x0000000029190000 	/System/Library/Frameworks/ImageIO.framework/Versions/A/Resources/libRadiance.dylib
0x0000000029190000 	/System/Library/PrivateFrameworks/AppleJPEG.framework/Versions/A/AppleJPEG
0x0000000029190000 	/System/Library/Frameworks/MetalPerformanceShaders.framework/Frameworks/MPSCore.framework/Versions/A/MPSCore
0x0000000029190000 	/System/Library/Frameworks/MetalPerformanceShaders.framework/Frameworks/MPSImage.framework/Versions/A/MPSImage
0x0000000029190000 	/System/Library/Frameworks/MetalPerformanceShaders.framework/Frameworks/MPSNeuralNetwork.framework/Versions/A/MPSNeuralNetwork
0x0000000029190000 	/System/Library/Frameworks/MetalPerformanceShaders.framework/Frameworks/MPSMatrix.framework/Versions/A/MPSMatrix
0x0000000029190000 	/System/Library/PrivateFrameworks/MetalTools.framework/Versions/A/MetalTools
0x0000000029190000 	/System/Library/Frameworks/OpenGL.framework/Versions/A/Libraries/libGLU.dylib
0x0000000029190000 	/System/Library/Frameworks/OpenGL.framework/Versions/A/Libraries/libGFXShared.dylib
0x0000000029190000 	/System/Library/Frameworks/OpenGL.framework/Versions/A/Libraries/libGL.dylib
0x0000000029190000 	/System/Library/Frameworks/OpenGL.framework/Versions/A/Libraries/libGLImage.dylib
0x0000000029190000 	/System/Library/Frameworks/OpenGL.framework/Versions/A/Libraries/libCVMSPluginSupport.dylib
0x0000000029190000 	/System/Library/Frameworks/OpenGL.framework/Versions/A/Libraries/libCoreVMClient.dylib
0x0000000029190000 	/usr/lib/libcups.2.dylib
0x0000000029190000 	/System/Library/Frameworks/Kerberos.framework/Versions/A/Kerberos
0x0000000029190000 	/System/Library/Frameworks/GSS.framework/Versions/A/GSS
0x0000000029190000 	/usr/lib/libresolv.9.dylib
0x0000000029190000 	/usr/lib/libiconv.2.dylib
0x0000000029190000 	/System/Library/PrivateFrameworks/Heimdal.framework/Versions/A/Heimdal
0x0000000029190000 	/usr/lib/libheimdal-asn1.dylib
0x0000000029190000 	/System/Library/Frameworks/OpenDirectory.framework/Versions/A/OpenDirectory
0x0000000029190000 	/System/Library/PrivateFrameworks/CommonAuth.framework/Versions/A/CommonAuth
0x0000000029190000 	/System/Library/Frameworks/OpenDirectory.framework/Versions/A/Frameworks/CFOpenDirectory.framework/Versions/A/CFOpenDirectory
0x0000000029190000 	/System/Library/Frameworks/SecurityFoundation.framework/Versions/A/SecurityFoundation
0x0000000029190000 	/System/Library/PrivateFrameworks/APFS.framework/Versions/A/APFS
0x0000000029190000 	/usr/lib/libutil.dylib
0x0000000029190000 	/System/Library/PrivateFrameworks/AppleSauce.framework/Versions/A/AppleSauce
0x0000000029190000 	/System/Library/PrivateFrameworks/LinguisticData.framework/Versions/A/LinguisticData
0x0000000029190000 	/usr/lib/libmarisa.dylib
0x0000000029190000 	/System/Library/PrivateFrameworks/Lexicon.framework/Versions/A/Lexicon
0x0000000029190000 	/usr/lib/libChineseTokenizer.dylib
0x0000000029190000 	/usr/lib/libcmph.dylib
0x0000000029190000 	/System/Library/PrivateFrameworks/LanguageModeling.framework/Versions/A/LanguageModeling
0x0000000029190000 	/System/Library/PrivateFrameworks/CoreEmoji.framework/Versions/A/CoreEmoji
0x0000000029190000 	/System/Library/Frameworks/ServiceManagement.framework/Versions/A/ServiceManagement
0x0000000029190000 	/System/Library/PrivateFrameworks/BackgroundTaskManagement.framework/Versions/A/BackgroundTaskManagement
0x0000000029190000 	/usr/lib/libxslt.1.dylib
0x0000000029190000 	/System/Library/Frameworks/Carbon.framework/Versions/A/Frameworks/Ink.framework/Versions/A/Ink
0x0000000029190000 	/System/Library/PrivateFrameworks/TextureIO.framework/Versions/A/TextureIO
0x0000000029190000 	/usr/lib/libate.dylib
0x0000000029190000 	/System/Library/PrivateFrameworks/CrashReporterSupport.framework/Versions/A/CrashReporterSupport
0x0000000029190000 	/System/Library/PrivateFrameworks/Sharing.framework/Versions/A/Sharing
0x0000000029190000 	/System/Library/PrivateFrameworks/IconServices.framework/Versions/A/IconServices
0x0000000029190000 	/System/Library/PrivateFrameworks/AuthKit.framework/Versions/A/AuthKit
0x0000000029190000 	/System/Library/PrivateFrameworks/Apple80211.framework/Versions/A/Apple80211
0x0000000029190000 	/System/Library/PrivateFrameworks/CoreUtils.framework/Versions/A/CoreUtils
0x0000000029190000 	/System/Library/Frameworks/CoreWLAN.framework/Versions/A/CoreWLAN
0x0000000029190000 	/System/Library/Frameworks/IOBluetooth.framework/Versions/A/IOBluetooth
0x0000000029190000 	/System/Library/PrivateFrameworks/ProtocolBuffer.framework/Versions/A/ProtocolBuffer
0x0000000029190000 	/System/Library/PrivateFrameworks/MobileKeyBag.framework/Versions/A/MobileKeyBag
0x0000000029190000 	/System/Library/PrivateFrameworks/CorePhoneNumbers.framework/Versions/A/CorePhoneNumbers
0x0000000029190000 	/System/Library/PrivateFrameworks/AppleIDAuthSupport.framework/Versions/A/AppleIDAuthSupport
0x0000000029190000 	/System/Library/PrivateFrameworks/KeychainCircle.framework/Versions/A/KeychainCircle
0x0000000029190000 	/System/Library/PrivateFrameworks/CoreWiFi.framework/Versions/A/CoreWiFi
0x0000000029190000 	/System/Library/Frameworks/CoreBluetooth.framework/Versions/A/CoreBluetooth
0x0000000029190000 	/System/Library/PrivateFrameworks/DebugSymbols.framework/Versions/A/DebugSymbols
0x0000000029190000 	/System/Library/PrivateFrameworks/CoreSymbolication.framework/Versions/A/CoreSymbolication
0x0000000029190000 	/System/Library/PrivateFrameworks/Symbolication.framework/Versions/A/Symbolication
0x0000000029190000 	/System/Library/PrivateFrameworks/AppleFSCompression.framework/Versions/A/AppleFSCompression
0x0000000029190000 	/System/Library/PrivateFrameworks/SpeechRecognitionCore.framework/Versions/A/SpeechRecognitionCore
0x0000000111510000 	/Applications/Android Studio.app/Contents/jre/jdk/Contents/Home/jre/lib/server/libjvm.dylib
0x0000000029190000 	/usr/lib/libstdc++.6.0.9.dylib
0x000000010fbab000 	/Applications/Android Studio.app/Contents/jre/jdk/Contents/Home/jre/lib/libverify.dylib
0x000000010fbb7000 	/Applications/Android Studio.app/Contents/jre/jdk/Contents/Home/jre/lib/libjava.dylib
0x000000010fbf5000 	/Applications/Android Studio.app/Contents/jre/jdk/Contents/Home/jre/lib/libzip.dylib
0x00000001270c4000 	/Applications/Android Studio.app/Contents/jre/jdk/Contents/Home/jre/lib/libnet.dylib
0x0000000127123000 	/Applications/Android Studio.app/Contents/jre/jdk/Contents/Home/jre/lib/libnio.dylib
0x0000000127206000 	/Users/annascott/.gradle/native/25/osx-amd64/libnative-platform.dylib
0x000000012763d000 	/Applications/Android Studio.app/Contents/jre/jdk/Contents/Home/jre/lib/libmanagement.dylib

VM Arguments:
jvm_args: -Xmx1536m -Dfile.encoding=UTF-8 -Duser.country=US -Duser.language=en -Duser.variant 
java_command: org.gradle.launcher.daemon.bootstrap.GradleDaemon 4.6
java_class_path (initial): /Users/annascott/.gradle/wrapper/dists/gradle-4.6-all/bcst21l2brirad8k2ben1letg/gradle-4.6/lib/gradle-launcher-4.6.jar
Launcher Type: SUN_STANDARD

Environment Variables:
PATH=/Users/annascott/miniconda3/bin:/usr/local/bin:/usr/bin:/bin:/usr/sbin:/sbin
SHELL=/bin/bash

Signal Handlers:
SIGSEGV: [libjvm.dylib+0x570b99], sa_mask[0]=11111111011111110111111111111111, sa_flags=SA_ONSTACK|SA_RESTART|SA_SIGINFO
SIGBUS: [libjvm.dylib+0x570b99], sa_mask[0]=11111111011111110111111111111111, sa_flags=SA_RESTART|SA_SIGINFO
SIGFPE: [libjvm.dylib+0x461f7d], sa_mask[0]=11111111011111110111111111111111, sa_flags=SA_RESTART|SA_SIGINFO
SIGPIPE: [libjvm.dylib+0x461f7d], sa_mask[0]=11111111011111110111111111111111, sa_flags=SA_RESTART|SA_SIGINFO
SIGXFSZ: [libjvm.dylib+0x461f7d], sa_mask[0]=11111111011111110111111111111111, sa_flags=SA_RESTART|SA_SIGINFO
SIGILL: [libjvm.dylib+0x461f7d], sa_mask[0]=11111111011111110111111111111111, sa_flags=SA_RESTART|SA_SIGINFO
SIGUSR1: SIG_DFL, sa_mask[0]=00000000000000000000000000000000, sa_flags=none
SIGUSR2: [libjvm.dylib+0x46288e], sa_mask[0]=00100000000000000000000000000000, sa_flags=SA_RESTART|SA_SIGINFO
SIGHUP: [libjvm.dylib+0x460a77], sa_mask[0]=11111111011111110111111111111111, sa_flags=SA_RESTART|SA_SIGINFO
SIGINT: [libjvm.dylib+0x460a77], sa_mask[0]=11111111011111110111111111111111, sa_flags=SA_RESTART|SA_SIGINFO
SIGTERM: [libjvm.dylib+0x460a77], sa_mask[0]=11111111011111110111111111111111, sa_flags=SA_RESTART|SA_SIGINFO
SIGQUIT: [libjvm.dylib+0x460a77], sa_mask[0]=11111111011111110111111111111111, sa_flags=SA_RESTART|SA_SIGINFO


---------------  S Y S T E M  ---------------

OS:Bsduname:Darwin 17.7.0 Darwin Kernel Version 17.7.0: Thu Jun 21 22:53:14 PDT 2018; root:xnu-4570.71.2~1/RELEASE_X86_64 x86_64
rlimit: STACK 8192k, CORE 0k, NPROC 1418, NOFILE 10240, AS infinity
load average:2.34 2.13 2.13

CPU:total 8 (initial active 8) (4 cores per cpu, 2 threads per core) family 6 model 94 stepping 3, cmov, cx8, fxsr, mmx, sse, sse2, sse3, ssse3, sse4.1, sse4.2, popcnt, avx, avx2, aes, clmul, erms, rtm, 3dnowpref, lzcnt, ht, tsc, tscinvbit, bmi1, bmi2, adx

Memory: 4k page, physical 16777216k(3018684k free)

/proc/meminfo:


vm_info: OpenJDK 64-Bit Server VM (25.152-b06) for bsd-amd64 JRE (1.8.0_152-release-1136-b06), built by "builder" with gcc 4.2.1 Compatible Apple LLVM 9.1.0 (clang-902.0.39.2)

time: Mon Jan 14 12:37:41 2019
elapsed time: 961 seconds (0d 0h 16m 1s)

