#
# A fatal error has been detected by the Java Runtime Environment:
#
#  SIGSEGV (0xb) at pc=0x0000000103264921, pid=728, tid=0x0000000000003803
#
# JRE version: OpenJDK Runtime Environment (8.0_152-b01) (build 1.8.0_152-release-1024-b01)
# Java VM: OpenJDK 64-Bit Server VM (25.152-b01 mixed mode bsd-amd64 compressed oops)
# Problematic frame:
# V  [libjvm.dylib+0x464921]  PhaseChaitin::possibly_merge_multidef(Node*, unsigned int, Block*, GrowableArray<PhaseChaitin::RegDefUse>&)+0x21
#
# Failed to write core dump. Core dumps have been disabled. To enable core dumping, try "ulimit -c unlimited" before starting Java again
#
# If you would like to submit a bug report, please visit:
#   http://bugreport.java.com/bugreport/crash.jsp
#

---------------  T H R E A D  ---------------

Current thread (0x00007f95ee014800):  JavaThread "C2 CompilerThread0" daemon [_thread_in_native, id=14339, stack(0x000070000f5d2000,0x000070000f6d2000)]

siginfo: si_signo: 11 (SIGSEGV), si_code: 0 (unknown), si_addr: 0x0000000000000000

Registers:
RAX=0x00007f95ef0b3d80, RBX=0x0000000000000001, RCX=0x00007f95ed08f1d0, RDX=0x0000000000000001
RSP=0x000070000f6ce940, RBP=0x000070000f6ce9b0, RSI=0x00007f95ef0b3cb8, RDI=0x0000000000000001
R8 =0x000070000f6cea00, R9 =0x80007f95edb21390, R10=0x00000001035e1a20, R11=0x0000000000000000
R12=0x000070000f6d02b8, R13=0x00007f95ef0b3cb8, R14=0x00007f95ef0b3cb8, R15=0x000070000f6cea00
RIP=0x0000000103264921, EFLAGS=0x0000000000010202, ERR=0x0000000000000000
  TRAPNO=0x000000000000000d

Top of Stack: (sp=0x000070000f6ce940)
0x000070000f6ce940:   000070000f6cea50 0000000103265cbe
0x000070000f6ce950:   00007f95ecf13490 00007f95eda99200
0x000070000f6ce960:   00007f95eda9e7b0 00007f95edaa11e8
0x000070000f6ce970:   00007f95ee014800 000070000f6cea00
0x000070000f6ce980:   000070000f6ce9c0 0000000000000001
0x000070000f6ce990:   000070000f6d02b8 00007f95ed08f1d0
0x000070000f6ce9a0:   00007f95ef0b3cb8 000070000f6cea00
0x000070000f6ce9b0:   000070000f6cea50 0000000103264826
0x000070000f6ce9c0:   0000000000000000 0000000000000000
0x000070000f6ce9d0:   00007f95ee213c10 00007f95ecf13490
0x000070000f6ce9e0:   00007f95eda99200 00007f95eda9e7b0
0x000070000f6ce9f0:   00007f95edaa11e8 00000000000fd858
0x000070000f6cea00:   000000e6000000e6 0000000000000000
0x000070000f6cea10:   00007f9500000007 00007f95eda9e7b0
0x000070000f6cea20:   000002180000000d 000070000f6cebf0
0x000070000f6cea30:   000070000f6d03a0 000070000f6d02b8
0x000070000f6cea40:   000070000f6d03a0 000070000f6ceb28
0x000070000f6cea50:   000070000f6cec80 0000000102f49f57
0x000070000f6cea60:   0000000000000029 00000001035afba0
0x000070000f6cea70:   000070000000000d 000070000f6d1078
0x000070000f6cea80:   000070000f6d02b8 000000000000000a
0x000070000f6cea90:   000070000f6cea98 00000001035f33f0
0x000070000f6ceaa0:   00000001035f33f0 00000001035f33f0
0x000070000f6ceab0:   00007f95ee299280 00000001035f33f0
0x000070000f6ceac0:   00000001035f33f0 00000001035f33f0
0x000070000f6cead0:   00000001035f33f0 00000001035f33f0
0x000070000f6ceae0:   00000001035f33f0 00007f95ee299260
0x000070000f6ceaf0:   00000001035f33f0 00000001035f33f0
0x000070000f6ceb00:   00000001035f33f0 0000000102e98b2e
0x000070000f6ceb10:   00007f95ef349800 00007f950000000e
0x000070000f6ceb20:   00007f95ef339600 00007f950000000a
0x000070000f6ceb30:   000070000f6d1078 00007f95edd12e10 

Instructions: (pc=0x0000000103264921)
0x0000000103264901:   48 89 e5 41 57 41 56 41 55 41 54 53 48 83 ec 48
0x0000000103264911:   49 89 f5 49 89 fc 89 d7 49 8b 45 08 4c 8b 0c f8
0x0000000103264921:   49 63 41 28 49 8b 9c 24 28 01 00 00 44 8b 3c 83
0x0000000103264931:   45 31 f6 4d 85 ff 0f 84 0d 02 00 00 49 8b 44 24 

Register to memory mapping:

RAX=0x00007f95ef0b3d80 is an unknown value
RBX=0x0000000000000001 is an unknown value
RCX=0x00007f95ed08f1d0 is an unknown value
RDX=0x0000000000000001 is an unknown value
RSP=0x000070000f6ce940 is pointing into the stack for thread: 0x00007f95ee014800
RBP=0x000070000f6ce9b0 is pointing into the stack for thread: 0x00007f95ee014800
RSI=0x00007f95ef0b3cb8 is an unknown value
RDI=0x0000000000000001 is an unknown value
R8 =0x000070000f6cea00 is pointing into the stack for thread: 0x00007f95ee014800
R9 =0x80007f95edb21390 is an unknown value
R10=0x00000001035e1a20: _ZL8tc_mutex+0x18 in /Applications/Android Studio.app/Contents/jre/jdk/Contents/Home/jre/lib/server/libjvm.dylib at 0x0000000102e00000
R11=0x0000000000000000 is an unknown value
R12=0x000070000f6d02b8 is pointing into the stack for thread: 0x00007f95ee014800
R13=0x00007f95ef0b3cb8 is an unknown value
R14=0x00007f95ef0b3cb8 is an unknown value
R15=0x000070000f6cea00 is pointing into the stack for thread: 0x00007f95ee014800


Stack: [0x000070000f5d2000,0x000070000f6d2000],  sp=0x000070000f6ce940,  free space=1010k
Native frames: (J=compiled Java code, j=interpreted, Vv=VM code, C=native code)
V  [libjvm.dylib+0x464921]  PhaseChaitin::possibly_merge_multidef(Node*, unsigned int, Block*, GrowableArray<PhaseChaitin::RegDefUse>&)+0x21
V  [libjvm.dylib+0x464826]  PhaseChaitin::merge_multidefs()+0xda
V  [libjvm.dylib+0x149f57]  PhaseChaitin::Register_Allocate()+0x58b
V  [libjvm.dylib+0x1969a0]  Compile::Code_Gen()+0x14e
V  [libjvm.dylib+0x195388]  Compile::Compile(ciEnv*, C2Compiler*, ciMethod*, int, bool, bool, bool)+0x9fa
V  [libjvm.dylib+0x13b9da]  C2Compiler::compile_method(ciEnv*, ciMethod*, int)+0xa4
V  [libjvm.dylib+0x1a067a]  CompileBroker::invoke_compiler_on_method(CompileTask*)+0x564
V  [libjvm.dylib+0x19fc78]  CompileBroker::compiler_thread_loop()+0x270
V  [libjvm.dylib+0x505e88]  JavaThread::thread_main_inner()+0x82
V  [libjvm.dylib+0x505d4d]  JavaThread::run()+0x199
V  [libjvm.dylib+0x435709]  java_start(Thread*)+0xfa
C  [libsystem_pthread.dylib+0x36c1]  _pthread_body+0x154
C  [libsystem_pthread.dylib+0x356d]  _pthread_body+0x0
C  [libsystem_pthread.dylib+0x2c5d]  thread_start+0xd
C  0x0000000000000000


Current CompileTask:
C2:   1104 1165   !   4       java.lang.ClassLoader::loadClass (122 bytes)


---------------  P R O C E S S  ---------------

Java Threads: ( => current thread )
  0x00007f95ef2b2800 JavaThread "Stdin handler" [_thread_blocked, id=42499, stack(0x00007000102f9000,0x00007000103f9000)]
  0x00007f95ee39d000 JavaThread "Asynchronous log dispatcher for DefaultDaemonConnection: socket connection from /127.0.0.1:49622 to /127.0.0.1:49623" [_thread_blocked, id=24323, stack(0x00007000101f6000,0x00007000102f6000)]
  0x00007f95ed726800 JavaThread "Daemon worker" [_thread_in_vm, id=23811, stack(0x00007000100f3000,0x00007000101f3000)]
  0x00007f95ef2ab000 JavaThread "Cancel handler" [_thread_blocked, id=43011, stack(0x000070000fff0000,0x00007000100f0000)]
  0x00007f95ee38d000 JavaThread "Handler for socket connection from /127.0.0.1:49622 to /127.0.0.1:49623" [_thread_in_native, id=23043, stack(0x000070000feed000,0x000070000ffed000)]
  0x00007f95edcf2000 JavaThread "Daemon" [_thread_blocked, id=22531, stack(0x000070000fdea000,0x000070000feea000)]
  0x00007f95ed6ce800 JavaThread "Daemon periodic checks" [_thread_blocked, id=22275, stack(0x000070000fce7000,0x000070000fde7000)]
  0x00007f95edcd1000 JavaThread "Incoming local TCP Connector on port 49622" [_thread_in_native, id=21763, stack(0x000070000fbe4000,0x000070000fce4000)]
  0x00007f95ef010800 JavaThread "Service Thread" daemon [_thread_blocked, id=15363, stack(0x000070000f9de000,0x000070000fade000)]
  0x00007f95ef013000 JavaThread "C1 CompilerThread3" daemon [_thread_blocked, id=16643, stack(0x000070000f8db000,0x000070000f9db000)]
  0x00007f95ef001800 JavaThread "C2 CompilerThread2" daemon [_thread_blocked, id=14851, stack(0x000070000f7d8000,0x000070000f8d8000)]
  0x00007f95ed80c000 JavaThread "C2 CompilerThread1" daemon [_thread_blocked, id=17155, stack(0x000070000f6d5000,0x000070000f7d5000)]
=>0x00007f95ee014800 JavaThread "C2 CompilerThread0" daemon [_thread_in_native, id=14339, stack(0x000070000f5d2000,0x000070000f6d2000)]
  0x00007f95ee014000 JavaThread "Signal Dispatcher" daemon [_thread_blocked, id=17419, stack(0x000070000f4cf000,0x000070000f5cf000)]
  0x00007f95ed03f800 JavaThread "Finalizer" daemon [_thread_blocked, id=13315, stack(0x000070000f3cc000,0x000070000f4cc000)]
  0x00007f95ed03c800 JavaThread "Reference Handler" daemon [_thread_blocked, id=20227, stack(0x000070000f2c9000,0x000070000f3c9000)]
  0x00007f95ee002000 JavaThread "main" [_thread_blocked, id=5891, stack(0x000070000e8ab000,0x000070000e9ab000)]

Other Threads:
  0x00007f95ed038000 VMThread [stack: 0x000070000f1c6000,0x000070000f2c6000] [id=20739]
  0x00007f95ef011800 WatcherThread [stack: 0x000070000fae1000,0x000070000fbe1000] [id=15619]

VM state:not at safepoint (normal execution)

VM Mutex/Monitor currently owned by a thread: None

Heap:
 PSYoungGen      total 76288K, used 31160K [0x00000007a0000000, 0x00000007a9500000, 0x00000007c0000000)
  eden space 65536K, 35% used [0x00000007a0000000,0x00000007a16d36a0,0x00000007a4000000)
  from space 10752K, 72% used [0x00000007a4000000,0x00000007a479ac30,0x00000007a4a80000)
  to   space 10752K, 0% used [0x00000007a8a80000,0x00000007a8a80000,0x00000007a9500000)
 ParOldGen       total 175104K, used 16K [0x0000000760000000, 0x000000076ab00000, 0x00000007a0000000)
  object space 175104K, 0% used [0x0000000760000000,0x0000000760004000,0x000000076ab00000)
 Metaspace       used 12722K, capacity 13094K, committed 13184K, reserved 1060864K
  class space    used 1757K, capacity 1889K, committed 1920K, reserved 1048576K

Card table byte_map: [0x0000000103c28000,0x0000000103f29000] byte_map_base: 0x0000000100128000

Marking Bits: (ParMarkBitMap*) 0x00000001035f81c8
 Begin Bits: [0x0000000104129000, 0x0000000105929000)
 End Bits:   [0x0000000105929000, 0x0000000107129000)

Polling page: 0x0000000101d2a000

CodeCache: size=245760Kb used=4008Kb max_used=4015Kb free=241751Kb
 bounds [0x000000010f128000, 0x000000010f518000, 0x000000011e128000]
 total_blobs=1526 nmethods=1179 adapters=262
 compilation: enabled

Compilation events (10 events):
Event: 1.093 Thread 0x00007f95ef001800 1177       4       java.lang.CharacterDataLatin1::isWhitespace (23 bytes)
Event: 1.093 Thread 0x00007f95ef013000 1178       3       java.util.ArrayList::toArray (60 bytes)
Event: 1.093 Thread 0x00007f95ef001800 nmethod 1177 0x000000010f506e50 code [0x000000010f506fa0, 0x000000010f507058]
Event: 1.093 Thread 0x00007f95ef013000 nmethod 1178 0x000000010f5065d0 code [0x000000010f506760, 0x000000010f506cf8]
Event: 1.093 Thread 0x00007f95ef013000 1179       1       sun.reflect.generics.tree.ClassTypeSignature::getPath (5 bytes)
Event: 1.093 Thread 0x00007f95ef013000 nmethod 1179 0x000000010f517890 code [0x000000010f5179e0, 0x000000010f517af0]
Event: 1.093 Thread 0x00007f95ef013000 1180       1       sun.reflect.generics.tree.SimpleClassTypeSignature::getName (5 bytes)
Event: 1.093 Thread 0x00007f95ef013000 nmethod 1180 0x000000010f5175d0 code [0x000000010f517720, 0x000000010f517830]
Event: 1.093 Thread 0x00007f95ef013000 1181       1       sun.reflect.generics.tree.SimpleClassTypeSignature::getDollar (5 bytes)
Event: 1.093 Thread 0x00007f95ef013000 nmethod 1181 0x000000010f517310 code [0x000000010f517460, 0x000000010f517570]

GC Heap History (2 events):
Event: 0.847 GC heap before
{Heap before GC invocations=1 (full 0):
 PSYoungGen      total 76288K, used 65536K [0x00000007a0000000, 0x00000007a5500000, 0x00000007c0000000)
  eden space 65536K, 100% used [0x00000007a0000000,0x00000007a4000000,0x00000007a4000000)
  from space 10752K, 0% used [0x00000007a4a80000,0x00000007a4a80000,0x00000007a5500000)
  to   space 10752K, 0% used [0x00000007a4000000,0x00000007a4000000,0x00000007a4a80000)
 ParOldGen       total 175104K, used 0K [0x0000000760000000, 0x000000076ab00000, 0x00000007a0000000)
  object space 175104K, 0% used [0x0000000760000000,0x0000000760000000,0x000000076ab00000)
 Metaspace       used 10666K, capacity 10984K, committed 11136K, reserved 1058816K
  class space    used 1429K, capacity 1550K, committed 1664K, reserved 1048576K
Event: 0.857 GC heap after
Heap after GC invocations=1 (full 0):
 PSYoungGen      total 76288K, used 7787K [0x00000007a0000000, 0x00000007a9500000, 0x00000007c0000000)
  eden space 65536K, 0% used [0x00000007a0000000,0x00000007a0000000,0x00000007a4000000)
  from space 10752K, 72% used [0x00000007a4000000,0x00000007a479ac30,0x00000007a4a80000)
  to   space 10752K, 0% used [0x00000007a8a80000,0x00000007a8a80000,0x00000007a9500000)
 ParOldGen       total 175104K, used 16K [0x0000000760000000, 0x000000076ab00000, 0x00000007a0000000)
  object space 175104K, 0% used [0x0000000760000000,0x0000000760004000,0x000000076ab00000)
 Metaspace       used 10666K, capacity 10984K, committed 11136K, reserved 1058816K
  class space    used 1429K, capacity 1550K, committed 1664K, reserved 1048576K
}

Deoptimization events (10 events):
Event: 0.591 Thread 0x00007f95ee002000 Uncommon trap: reason=class_check action=maybe_recompile pc=0x000000010f3ae8b8 method=java.util.regex.Matcher.match(II)Z @ 86
Event: 0.602 Thread 0x00007f95ee002000 Uncommon trap: reason=unstable_if action=reinterpret pc=0x000000010f370c60 method=java.util.HashMap.getNode(ILjava/lang/Object;)Ljava/util/HashMap$Node; @ 62
Event: 0.602 Thread 0x00007f95ee002000 Uncommon trap: reason=bimorphic action=maybe_recompile pc=0x000000010f406828 method=java.util.HashMap.putVal(ILjava/lang/Object;Ljava/lang/Object;ZZ)Ljava/lang/Object; @ 91
Event: 0.602 Thread 0x00007f95ee002000 Uncommon trap: reason=unstable_if action=reinterpret pc=0x000000010f3a6334 method=java.util.HashMap.getNode(ILjava/lang/Object;)Ljava/util/HashMap$Node; @ 62
Event: 0.602 Thread 0x00007f95ee002000 Uncommon trap: reason=bimorphic action=maybe_recompile pc=0x000000010f406828 method=java.util.HashMap.putVal(ILjava/lang/Object;Ljava/lang/Object;ZZ)Ljava/lang/Object; @ 91
Event: 0.602 Thread 0x00007f95ee002000 Uncommon trap: reason=bimorphic action=maybe_recompile pc=0x000000010f406828 method=java.util.HashMap.putVal(ILjava/lang/Object;Ljava/lang/Object;ZZ)Ljava/lang/Object; @ 91
Event: 0.602 Thread 0x00007f95ee002000 Uncommon trap: reason=bimorphic action=maybe_recompile pc=0x000000010f406828 method=java.util.HashMap.putVal(ILjava/lang/Object;Ljava/lang/Object;ZZ)Ljava/lang/Object; @ 91
Event: 0.607 Thread 0x00007f95ee002000 Uncommon trap: reason=bimorphic action=maybe_recompile pc=0x000000010f405018 method=java.util.HashMap.putVal(ILjava/lang/Object;Ljava/lang/Object;ZZ)Ljava/lang/Object; @ 91
Event: 0.876 Thread 0x00007f95ee38d000 Uncommon trap: reason=unstable_if action=reinterpret pc=0x000000010f47aee0 method=java.util.concurrent.ConcurrentHashMap.putVal(Ljava/lang/Object;Ljava/lang/Object;Z)Ljava/lang/Object; @ 206
Event: 0.937 Thread 0x00007f95ed726800 Uncommon trap: reason=class_check action=maybe_recompile pc=0x000000010f3ae8b8 method=java.util.regex.Matcher.match(II)Z @ 86

Classes redefined (0 events):
No events

Internal exceptions (10 events):
Event: 0.884 Thread 0x00007f95ee38d000 Exception <a 'java/lang/NoSuchMethodError': <clinit>> (0x00000007a027d5f0) thrown at [/Volumes/android/AOSP-openjdk-git/jdk8u/hotspot/src/share/vm/prims/jni.cpp, line 1613]
Event: 0.885 Thread 0x00007f95ee38d000 Exception <a 'java/lang/NoSuchMethodError': <clinit>> (0x00000007a0286c48) thrown at [/Volumes/android/AOSP-openjdk-git/jdk8u/hotspot/src/share/vm/prims/jni.cpp, line 1613]
Event: 0.886 Thread 0x00007f95ee38d000 Exception <a 'java/lang/NoSuchMethodError': <clinit>> (0x00000007a0291288) thrown at [/Volumes/android/AOSP-openjdk-git/jdk8u/hotspot/src/share/vm/prims/jni.cpp, line 1613]
Event: 0.891 Thread 0x00007f95ee38d000 Exception <a 'java/lang/NoSuchMethodError': <clinit>> (0x00000007a02e9408) thrown at [/Volumes/android/AOSP-openjdk-git/jdk8u/hotspot/src/share/vm/prims/jni.cpp, line 1613]
Event: 0.894 Thread 0x00007f95ee38d000 Exception <a 'java/lang/NoSuchMethodError': <clinit>> (0x00000007a0318008) thrown at [/Volumes/android/AOSP-openjdk-git/jdk8u/hotspot/src/share/vm/prims/jni.cpp, line 1613]
Event: 0.898 Thread 0x00007f95ee38d000 Exception <a 'java/lang/NoSuchMethodError': <clinit>> (0x00000007a034bd48) thrown at [/Volumes/android/AOSP-openjdk-git/jdk8u/hotspot/src/share/vm/prims/jni.cpp, line 1613]
Event: 0.899 Thread 0x00007f95ee38d000 Exception <a 'java/lang/NoSuchMethodError': <clinit>> (0x00000007a0359af8) thrown at [/Volumes/android/AOSP-openjdk-git/jdk8u/hotspot/src/share/vm/prims/jni.cpp, line 1613]
Event: 0.902 Thread 0x00007f95ee38d000 Exception <a 'java/lang/NoSuchMethodError': <clinit>> (0x00000007a0378970) thrown at [/Volumes/android/AOSP-openjdk-git/jdk8u/hotspot/src/share/vm/prims/jni.cpp, line 1613]
Event: 0.916 Thread 0x00007f95ed726800 Exception <a 'java/lang/NoSuchMethodError': <clinit>> (0x00000007a0550ab0) thrown at [/Volumes/android/AOSP-openjdk-git/jdk8u/hotspot/src/share/vm/prims/jni.cpp, line 1613]
Event: 0.916 Thread 0x00007f95ed726800 Exception <a 'java/lang/NoSuchMethodError': <clinit>> (0x00000007a0558d38) thrown at [/Volumes/android/AOSP-openjdk-git/jdk8u/hotspot/src/share/vm/prims/jni.cpp, line 1613]

Events (10 events):
Event: 1.093 loading class org/gradle/internal/resource/transport/http/HttpResourcesPluginServiceRegistry$AuthenticationSchemeAction
Event: 1.093 loading class org/gradle/internal/resource/transport/http/HttpResourcesPluginServiceRegistry$AuthenticationSchemeAction done
Event: 1.094 loading class org/gradle/internal/authentication/DefaultAuthenticationSchemeRegistry
Event: 1.094 loading class org/gradle/internal/authentication/DefaultAuthenticationSchemeRegistry done
Event: 1.094 loading class com/google/common/collect/Maps
Event: 1.094 loading class com/google/common/collect/Maps done
Event: 1.095 loading class com/google/common/collect/SortedMapDifference
Event: 1.095 loading class com/google/common/collect/SortedMapDifference done
Event: 1.096 loading class com/google/common/collect/MapDifference
Event: 1.096 loading class com/google/common/collect/MapDifference done


Dynamic libraries:
0x00000000186a9000 	/System/Library/Frameworks/Cocoa.framework/Versions/A/Cocoa
0x00000000186a9000 	/System/Library/Frameworks/Security.framework/Versions/A/Security
0x00000000186a9000 	/System/Library/Frameworks/ApplicationServices.framework/Versions/A/ApplicationServices
0x00000000186a9000 	/usr/lib/libz.1.dylib
0x00000000186a9000 	/usr/lib/libSystem.B.dylib
0x00000000186a9000 	/System/Library/Frameworks/CoreFoundation.framework/Versions/A/CoreFoundation
0x00000000186a9000 	/System/Library/Frameworks/Foundation.framework/Versions/C/Foundation
0x00000000186a9000 	/usr/lib/libobjc.A.dylib
0x00000000186a9000 	/System/Library/Frameworks/AppKit.framework/Versions/C/AppKit
0x00000000186a9000 	/System/Library/Frameworks/CoreData.framework/Versions/A/CoreData
0x00000000186a9000 	/System/Library/PrivateFrameworks/RemoteViewServices.framework/Versions/A/RemoteViewServices
0x00000000186a9000 	/System/Library/PrivateFrameworks/UIFoundation.framework/Versions/A/UIFoundation
0x00000000186a9000 	/System/Library/PrivateFrameworks/DFRFoundation.framework/Versions/A/DFRFoundation
0x00000000186a9000 	/System/Library/Frameworks/Metal.framework/Versions/A/Metal
0x00000000186a9000 	/System/Library/PrivateFrameworks/DesktopServicesPriv.framework/Versions/A/DesktopServicesPriv
0x00000000186a9000 	/usr/lib/libenergytrace.dylib
0x00000000186a9000 	/System/Library/PrivateFrameworks/SkyLight.framework/Versions/A/SkyLight
0x00000000186a9000 	/System/Library/Frameworks/CoreGraphics.framework/Versions/A/CoreGraphics
0x00000000186a9000 	/usr/lib/libScreenReader.dylib
0x00000000186a9000 	/System/Library/Frameworks/Accelerate.framework/Versions/A/Accelerate
0x00000000186a9000 	/System/Library/Frameworks/IOSurface.framework/Versions/A/IOSurface
0x00000000186a9000 	/System/Library/Frameworks/AudioToolbox.framework/Versions/A/AudioToolbox
0x00000000186a9000 	/System/Library/Frameworks/AudioUnit.framework/Versions/A/AudioUnit
0x00000000186a9000 	/System/Library/PrivateFrameworks/DataDetectorsCore.framework/Versions/A/DataDetectorsCore
0x00000000186a9000 	/System/Library/Frameworks/Carbon.framework/Versions/A/Frameworks/HIToolbox.framework/Versions/A/HIToolbox
0x00000000186a9000 	/usr/lib/libicucore.A.dylib
0x00000000186a9000 	/System/Library/Frameworks/QuartzCore.framework/Versions/A/QuartzCore
0x00000000186a9000 	/System/Library/Frameworks/Carbon.framework/Versions/A/Frameworks/SpeechRecognition.framework/Versions/A/SpeechRecognition
0x00000000186a9000 	/usr/lib/libauto.dylib
0x00000000186a9000 	/usr/lib/libxml2.2.dylib
0x00000000186a9000 	/System/Library/PrivateFrameworks/CoreUI.framework/Versions/A/CoreUI
0x00000000186a9000 	/System/Library/Frameworks/CoreAudio.framework/Versions/A/CoreAudio
0x00000000186a9000 	/System/Library/Frameworks/DiskArbitration.framework/Versions/A/DiskArbitration
0x00000000186a9000 	/usr/lib/liblangid.dylib
0x00000000186a9000 	/System/Library/PrivateFrameworks/MultitouchSupport.framework/Versions/A/MultitouchSupport
0x00000000186a9000 	/System/Library/Frameworks/IOKit.framework/Versions/A/IOKit
0x00000000186a9000 	/usr/lib/libDiagnosticMessagesClient.dylib
0x00000000186a9000 	/System/Library/Frameworks/CoreServices.framework/Versions/A/CoreServices
0x00000000186a9000 	/System/Library/PrivateFrameworks/PerformanceAnalysis.framework/Versions/A/PerformanceAnalysis
0x00000000186a9000 	/System/Library/Frameworks/OpenGL.framework/Versions/A/OpenGL
0x00000000186a9000 	/System/Library/Frameworks/ColorSync.framework/Versions/A/ColorSync
0x00000000186a9000 	/System/Library/Frameworks/CoreImage.framework/Versions/A/CoreImage
0x00000000186a9000 	/System/Library/Frameworks/CoreText.framework/Versions/A/CoreText
0x00000000186a9000 	/System/Library/Frameworks/ImageIO.framework/Versions/A/ImageIO
0x00000000186a9000 	/System/Library/PrivateFrameworks/Backup.framework/Versions/A/Backup
0x00000000186a9000 	/usr/lib/libarchive.2.dylib
0x00000000186a9000 	/System/Library/Frameworks/CFNetwork.framework/Versions/A/CFNetwork
0x00000000186a9000 	/System/Library/Frameworks/SystemConfiguration.framework/Versions/A/SystemConfiguration
0x00000000186a9000 	/usr/lib/libCRFSuite.dylib
0x00000000186a9000 	/usr/lib/libc++.1.dylib
0x00000000186a9000 	/usr/lib/libc++abi.dylib
0x00000000186a9000 	/usr/lib/system/libcache.dylib
0x00000000186a9000 	/usr/lib/system/libcommonCrypto.dylib
0x00000000186a9000 	/usr/lib/system/libcompiler_rt.dylib
0x00000000186a9000 	/usr/lib/system/libcopyfile.dylib
0x00000000186a9000 	/usr/lib/system/libcorecrypto.dylib
0x00000000186a9000 	/usr/lib/system/libdispatch.dylib
0x00000000186a9000 	/usr/lib/system/libdyld.dylib
0x00000000186a9000 	/usr/lib/system/libkeymgr.dylib
0x00000000186a9000 	/usr/lib/system/liblaunch.dylib
0x00000000186a9000 	/usr/lib/system/libmacho.dylib
0x00000000186a9000 	/usr/lib/system/libquarantine.dylib
0x00000000186a9000 	/usr/lib/system/libremovefile.dylib
0x00000000186a9000 	/usr/lib/system/libsystem_asl.dylib
0x00000000186a9000 	/usr/lib/system/libsystem_blocks.dylib
0x00000000186a9000 	/usr/lib/system/libsystem_c.dylib
0x00000000186a9000 	/usr/lib/system/libsystem_configuration.dylib
0x00000000186a9000 	/usr/lib/system/libsystem_coreservices.dylib
0x00000000186a9000 	/usr/lib/system/libsystem_darwin.dylib
0x00000000186a9000 	/usr/lib/system/libsystem_dnssd.dylib
0x00000000186a9000 	/usr/lib/system/libsystem_info.dylib
0x00000000186a9000 	/usr/lib/system/libsystem_m.dylib
0x00000000186a9000 	/usr/lib/system/libsystem_malloc.dylib
0x00000000186a9000 	/usr/lib/system/libsystem_network.dylib
0x00000000186a9000 	/usr/lib/system/libsystem_networkextension.dylib
0x00000000186a9000 	/usr/lib/system/libsystem_notify.dylib
0x00000000186a9000 	/usr/lib/system/libsystem_sandbox.dylib
0x00000000186a9000 	/usr/lib/system/libsystem_secinit.dylib
0x00000000186a9000 	/usr/lib/system/libsystem_kernel.dylib
0x00000000186a9000 	/usr/lib/system/libsystem_platform.dylib
0x00000000186a9000 	/usr/lib/system/libsystem_pthread.dylib
0x00000000186a9000 	/usr/lib/system/libsystem_symptoms.dylib
0x00000000186a9000 	/usr/lib/system/libsystem_trace.dylib
0x00000000186a9000 	/usr/lib/system/libunwind.dylib
0x00000000186a9000 	/usr/lib/system/libxpc.dylib
0x00000000186a9000 	/usr/lib/closure/libclosured.dylib
0x00000000186a9000 	/usr/lib/libbsm.0.dylib
0x00000000186a9000 	/usr/lib/system/libkxld.dylib
0x00000000186a9000 	/usr/lib/libOpenScriptingUtil.dylib
0x00000000186a9000 	/usr/lib/libcoretls.dylib
0x00000000186a9000 	/usr/lib/libcoretls_cfhelpers.dylib
0x00000000186a9000 	/usr/lib/libpam.2.dylib
0x00000000186a9000 	/usr/lib/libsqlite3.dylib
0x00000000186a9000 	/usr/lib/libxar.1.dylib
0x00000000186a9000 	/usr/lib/libbz2.1.0.dylib
0x00000000186a9000 	/usr/lib/liblzma.5.dylib
0x00000000186a9000 	/usr/lib/libnetwork.dylib
0x00000000186a9000 	/usr/lib/libapple_nghttp2.dylib
0x00000000186a9000 	/usr/lib/libpcap.A.dylib
0x00000000186a9000 	/usr/lib/libboringssl.dylib
0x00000000186a9000 	/usr/lib/libusrtcp.dylib
0x00000000186a9000 	/usr/lib/libapple_crypto.dylib
0x00000000186a9000 	/System/Library/Frameworks/CoreServices.framework/Versions/A/Frameworks/FSEvents.framework/Versions/A/FSEvents
0x00000000186a9000 	/System/Library/Frameworks/CoreServices.framework/Versions/A/Frameworks/CarbonCore.framework/Versions/A/CarbonCore
0x00000000186a9000 	/System/Library/Frameworks/CoreServices.framework/Versions/A/Frameworks/Metadata.framework/Versions/A/Metadata
0x00000000186a9000 	/System/Library/Frameworks/CoreServices.framework/Versions/A/Frameworks/OSServices.framework/Versions/A/OSServices
0x00000000186a9000 	/System/Library/Frameworks/CoreServices.framework/Versions/A/Frameworks/SearchKit.framework/Versions/A/SearchKit
0x00000000186a9000 	/System/Library/Frameworks/CoreServices.framework/Versions/A/Frameworks/AE.framework/Versions/A/AE
0x00000000186a9000 	/System/Library/Frameworks/CoreServices.framework/Versions/A/Frameworks/LaunchServices.framework/Versions/A/LaunchServices
0x00000000186a9000 	/System/Library/Frameworks/CoreServices.framework/Versions/A/Frameworks/DictionaryServices.framework/Versions/A/DictionaryServices
0x00000000186a9000 	/System/Library/Frameworks/CoreServices.framework/Versions/A/Frameworks/SharedFileList.framework/Versions/A/SharedFileList
0x00000000186a9000 	/System/Library/Frameworks/NetFS.framework/Versions/A/NetFS
0x00000000186a9000 	/System/Library/PrivateFrameworks/NetAuth.framework/Versions/A/NetAuth
0x00000000186a9000 	/System/Library/PrivateFrameworks/login.framework/Versions/A/Frameworks/loginsupport.framework/Versions/A/loginsupport
0x00000000186a9000 	/System/Library/PrivateFrameworks/TCC.framework/Versions/A/TCC
0x00000000186a9000 	/usr/lib/libmecabra.dylib
0x00000000186a9000 	/System/Library/Frameworks/ApplicationServices.framework/Versions/A/Frameworks/ATS.framework/Versions/A/ATS
0x00000000186a9000 	/System/Library/Frameworks/ApplicationServices.framework/Versions/A/Frameworks/ColorSyncLegacy.framework/Versions/A/ColorSyncLegacy
0x00000000186a9000 	/System/Library/Frameworks/ApplicationServices.framework/Versions/A/Frameworks/HIServices.framework/Versions/A/HIServices
0x00000000186a9000 	/System/Library/Frameworks/ApplicationServices.framework/Versions/A/Frameworks/LangAnalysis.framework/Versions/A/LangAnalysis
0x00000000186a9000 	/System/Library/Frameworks/ApplicationServices.framework/Versions/A/Frameworks/PrintCore.framework/Versions/A/PrintCore
0x00000000186a9000 	/System/Library/Frameworks/ApplicationServices.framework/Versions/A/Frameworks/QD.framework/Versions/A/QD
0x00000000186a9000 	/System/Library/Frameworks/ApplicationServices.framework/Versions/A/Frameworks/SpeechSynthesis.framework/Versions/A/SpeechSynthesis
0x00000000186a9000 	/System/Library/Frameworks/CoreDisplay.framework/Versions/A/CoreDisplay
0x00000000186a9000 	/System/Library/Frameworks/Accelerate.framework/Versions/A/Frameworks/vImage.framework/Versions/A/vImage
0x00000000186a9000 	/System/Library/Frameworks/Accelerate.framework/Versions/A/Frameworks/vecLib.framework/Versions/A/vecLib
0x00000000186a9000 	/System/Library/Frameworks/Accelerate.framework/Versions/A/Frameworks/vecLib.framework/Versions/A/libvDSP.dylib
0x00000000186a9000 	/System/Library/Frameworks/Accelerate.framework/Versions/A/Frameworks/vecLib.framework/Versions/A/libBNNS.dylib
0x00000000186a9000 	/System/Library/Frameworks/Accelerate.framework/Versions/A/Frameworks/vecLib.framework/Versions/A/libQuadrature.dylib
0x00000000186a9000 	/System/Library/Frameworks/Accelerate.framework/Versions/A/Frameworks/vecLib.framework/Versions/A/libvMisc.dylib
0x00000000186a9000 	/System/Library/Frameworks/Accelerate.framework/Versions/A/Frameworks/vecLib.framework/Versions/A/libLAPACK.dylib
0x00000000186a9000 	/System/Library/Frameworks/Accelerate.framework/Versions/A/Frameworks/vecLib.framework/Versions/A/libBLAS.dylib
0x00000000186a9000 	/System/Library/Frameworks/Accelerate.framework/Versions/A/Frameworks/vecLib.framework/Versions/A/libLinearAlgebra.dylib
0x00000000186a9000 	/System/Library/Frameworks/Accelerate.framework/Versions/A/Frameworks/vecLib.framework/Versions/A/libSparse.dylib
0x00000000186a9000 	/System/Library/Frameworks/Accelerate.framework/Versions/A/Frameworks/vecLib.framework/Versions/A/libSparseBLAS.dylib
0x00000000186a9000 	/System/Library/PrivateFrameworks/IOAccelerator.framework/Versions/A/IOAccelerator
0x00000000186a9000 	/System/Library/PrivateFrameworks/IOPresentment.framework/Versions/A/IOPresentment
0x00000000186a9000 	/System/Library/PrivateFrameworks/DSExternalDisplay.framework/Versions/A/DSExternalDisplay
0x00000000186a9000 	/System/Library/Frameworks/OpenGL.framework/Versions/A/Libraries/libCoreFSCache.dylib
0x00000000186a9000 	/System/Library/Frameworks/CoreVideo.framework/Versions/A/CoreVideo
0x00000000186a9000 	/System/Library/PrivateFrameworks/GraphVisualizer.framework/Versions/A/GraphVisualizer
0x00000000186a9000 	/System/Library/Frameworks/MetalPerformanceShaders.framework/Versions/A/MetalPerformanceShaders
0x00000000186a9000 	/usr/lib/libFosl_dynamic.dylib
0x00000000186a9000 	/System/Library/PrivateFrameworks/FaceCore.framework/Versions/A/FaceCore
0x00000000186a9000 	/System/Library/Frameworks/OpenCL.framework/Versions/A/OpenCL
0x00000000186a9000 	/usr/lib/libcompression.dylib
0x00000000186a9000 	/System/Library/Frameworks/ApplicationServices.framework/Versions/A/Frameworks/ATS.framework/Versions/A/Resources/libFontParser.dylib
0x00000000186a9000 	/System/Library/Frameworks/ApplicationServices.framework/Versions/A/Frameworks/ATS.framework/Versions/A/Resources/libFontRegistry.dylib
0x00000000186a9000 	/System/Library/Frameworks/ImageIO.framework/Versions/A/Resources/libJPEG.dylib
0x00000000186a9000 	/System/Library/Frameworks/ImageIO.framework/Versions/A/Resources/libTIFF.dylib
0x00000000186a9000 	/System/Library/Frameworks/ImageIO.framework/Versions/A/Resources/libPng.dylib
0x00000000186a9000 	/System/Library/Frameworks/ImageIO.framework/Versions/A/Resources/libGIF.dylib
0x00000000186a9000 	/System/Library/Frameworks/ImageIO.framework/Versions/A/Resources/libJP2.dylib
0x00000000186a9000 	/System/Library/Frameworks/ImageIO.framework/Versions/A/Resources/libRadiance.dylib
0x00000000186a9000 	/System/Library/PrivateFrameworks/AppleJPEG.framework/Versions/A/AppleJPEG
0x00000000186a9000 	/System/Library/PrivateFrameworks/MetalTools.framework/Versions/A/MetalTools
0x00000000186a9000 	/System/Library/Frameworks/MetalPerformanceShaders.framework/Frameworks/MPSCore.framework/Versions/A/MPSCore
0x00000000186a9000 	/System/Library/Frameworks/MetalPerformanceShaders.framework/Frameworks/MPSImage.framework/Versions/A/MPSImage
0x00000000186a9000 	/System/Library/Frameworks/MetalPerformanceShaders.framework/Frameworks/MPSMatrix.framework/Versions/A/MPSMatrix
0x00000000186a9000 	/System/Library/Frameworks/MetalPerformanceShaders.framework/Frameworks/MPSNeuralNetwork.framework/Versions/A/MPSNeuralNetwork
0x00000000186a9000 	/System/Library/Frameworks/OpenGL.framework/Versions/A/Libraries/libGLU.dylib
0x00000000186a9000 	/System/Library/Frameworks/OpenGL.framework/Versions/A/Libraries/libGFXShared.dylib
0x00000000186a9000 	/System/Library/Frameworks/OpenGL.framework/Versions/A/Libraries/libGL.dylib
0x00000000186a9000 	/System/Library/Frameworks/OpenGL.framework/Versions/A/Libraries/libGLImage.dylib
0x00000000186a9000 	/System/Library/Frameworks/OpenGL.framework/Versions/A/Libraries/libCVMSPluginSupport.dylib
0x00000000186a9000 	/System/Library/Frameworks/OpenGL.framework/Versions/A/Libraries/libCoreVMClient.dylib
0x00000000186a9000 	/usr/lib/libcups.2.dylib
0x00000000186a9000 	/System/Library/Frameworks/Kerberos.framework/Versions/A/Kerberos
0x00000000186a9000 	/System/Library/Frameworks/GSS.framework/Versions/A/GSS
0x00000000186a9000 	/usr/lib/libresolv.9.dylib
0x00000000186a9000 	/usr/lib/libiconv.2.dylib
0x00000000186a9000 	/System/Library/PrivateFrameworks/Heimdal.framework/Versions/A/Heimdal
0x00000000186a9000 	/usr/lib/libheimdal-asn1.dylib
0x00000000186a9000 	/System/Library/Frameworks/OpenDirectory.framework/Versions/A/OpenDirectory
0x00000000186a9000 	/System/Library/PrivateFrameworks/CommonAuth.framework/Versions/A/CommonAuth
0x00000000186a9000 	/System/Library/Frameworks/OpenDirectory.framework/Versions/A/Frameworks/CFOpenDirectory.framework/Versions/A/CFOpenDirectory
0x00000000186a9000 	/System/Library/Frameworks/SecurityFoundation.framework/Versions/A/SecurityFoundation
0x00000000186a9000 	/System/Library/PrivateFrameworks/APFS.framework/Versions/A/APFS
0x00000000186a9000 	/usr/lib/libutil.dylib
0x00000000186a9000 	/System/Library/PrivateFrameworks/AppleSauce.framework/Versions/A/AppleSauce
0x00000000186a9000 	/System/Library/PrivateFrameworks/LinguisticData.framework/Versions/A/LinguisticData
0x00000000186a9000 	/usr/lib/libmarisa.dylib
0x00000000186a9000 	/System/Library/PrivateFrameworks/Lexicon.framework/Versions/A/Lexicon
0x00000000186a9000 	/usr/lib/libChineseTokenizer.dylib
0x00000000186a9000 	/usr/lib/libcmph.dylib
0x00000000186a9000 	/System/Library/PrivateFrameworks/LanguageModeling.framework/Versions/A/LanguageModeling
0x00000000186a9000 	/System/Library/PrivateFrameworks/CoreEmoji.framework/Versions/A/CoreEmoji
0x00000000186a9000 	/System/Library/Frameworks/ServiceManagement.framework/Versions/A/ServiceManagement
0x00000000186a9000 	/System/Library/PrivateFrameworks/BackgroundTaskManagement.framework/Versions/A/BackgroundTaskManagement
0x00000000186a9000 	/usr/lib/libxslt.1.dylib
0x00000000186a9000 	/System/Library/Frameworks/Carbon.framework/Versions/A/Frameworks/Ink.framework/Versions/A/Ink
0x00000000186a9000 	/System/Library/PrivateFrameworks/TextureIO.framework/Versions/A/TextureIO
0x00000000186a9000 	/usr/lib/libate.dylib
0x00000000186a9000 	/System/Library/PrivateFrameworks/CrashReporterSupport.framework/Versions/A/CrashReporterSupport
0x00000000186a9000 	/System/Library/PrivateFrameworks/Sharing.framework/Versions/A/Sharing
0x00000000186a9000 	/System/Library/PrivateFrameworks/IconServices.framework/Versions/A/IconServices
0x00000000186a9000 	/System/Library/PrivateFrameworks/ProtocolBuffer.framework/Versions/A/ProtocolBuffer
0x00000000186a9000 	/System/Library/PrivateFrameworks/Apple80211.framework/Versions/A/Apple80211
0x00000000186a9000 	/System/Library/Frameworks/CoreWLAN.framework/Versions/A/CoreWLAN
0x00000000186a9000 	/System/Library/PrivateFrameworks/CoreUtils.framework/Versions/A/CoreUtils
0x00000000186a9000 	/System/Library/Frameworks/IOBluetooth.framework/Versions/A/IOBluetooth
0x00000000186a9000 	/System/Library/PrivateFrameworks/CoreWiFi.framework/Versions/A/CoreWiFi
0x00000000186a9000 	/System/Library/Frameworks/CoreBluetooth.framework/Versions/A/CoreBluetooth
0x00000000186a9000 	/System/Library/PrivateFrameworks/SignpostNotification.framework/Versions/A/SignpostNotification
0x00000000186a9000 	/System/Library/PrivateFrameworks/DebugSymbols.framework/Versions/A/DebugSymbols
0x00000000186a9000 	/System/Library/PrivateFrameworks/CoreSymbolication.framework/Versions/A/CoreSymbolication
0x00000000186a9000 	/System/Library/PrivateFrameworks/Symbolication.framework/Versions/A/Symbolication
0x00000000186a9000 	/System/Library/PrivateFrameworks/AppleFSCompression.framework/Versions/A/AppleFSCompression
0x00000000186a9000 	/System/Library/PrivateFrameworks/SpeechRecognitionCore.framework/Versions/A/SpeechRecognitionCore
0x0000000102e00000 	/Applications/Android Studio.app/Contents/jre/jdk/Contents/Home/jre/lib/server/libjvm.dylib
0x00000000186a9000 	/usr/lib/libstdc++.6.0.9.dylib
0x0000000101cea000 	/Applications/Android Studio.app/Contents/jre/jdk/Contents/Home/jre/lib/libverify.dylib
0x0000000101cf6000 	/Applications/Android Studio.app/Contents/jre/jdk/Contents/Home/jre/lib/libjava.dylib
0x0000000101d74000 	/Applications/Android Studio.app/Contents/jre/jdk/Contents/Home/jre/lib/libzip.dylib
0x000000010a0a2000 	/Applications/Android Studio.app/Contents/jre/jdk/Contents/Home/jre/lib/libnet.dylib
0x000000010a13f000 	/Applications/Android Studio.app/Contents/jre/jdk/Contents/Home/jre/lib/libnio.dylib
0x000000010a2e9000 	/Users/annascott/.gradle/native/25/osx-amd64/libnative-platform.dylib
0x000000010a6af000 	/Applications/Android Studio.app/Contents/jre/jdk/Contents/Home/jre/lib/libmanagement.dylib

VM Arguments:
jvm_args: -Xmx1536m -Dfile.encoding=UTF-8 -Duser.country=US -Duser.language=en -Duser.variant 
java_command: org.gradle.launcher.daemon.bootstrap.GradleDaemon 4.4
java_class_path (initial): /Users/annascott/.gradle/wrapper/dists/gradle-4.4-all/9br9xq1tocpiv8o6njlyu5op1/gradle-4.4/lib/gradle-launcher-4.4.jar
Launcher Type: SUN_STANDARD

Environment Variables:
PATH=/usr/local/bin:/usr/bin:/bin:/usr/sbin:/sbin
SHELL=/bin/bash

Signal Handlers:
SIGSEGV: [libjvm.dylib+0x53f567], sa_mask[0]=11111111011111110111111111111111, sa_flags=SA_ONSTACK|SA_RESTART|SA_SIGINFO
SIGBUS: [libjvm.dylib+0x53f567], sa_mask[0]=11111111011111110111111111111111, sa_flags=SA_RESTART|SA_SIGINFO
SIGFPE: [libjvm.dylib+0x437adf], sa_mask[0]=11111111011111110111111111111111, sa_flags=SA_RESTART|SA_SIGINFO
SIGPIPE: [libjvm.dylib+0x437adf], sa_mask[0]=11111111011111110111111111111111, sa_flags=SA_RESTART|SA_SIGINFO
SIGXFSZ: [libjvm.dylib+0x437adf], sa_mask[0]=11111111011111110111111111111111, sa_flags=SA_RESTART|SA_SIGINFO
SIGILL: [libjvm.dylib+0x437adf], sa_mask[0]=11111111011111110111111111111111, sa_flags=SA_RESTART|SA_SIGINFO
SIGUSR1: SIG_DFL, sa_mask[0]=00000000000000000000000000000000, sa_flags=none
SIGUSR2: [libjvm.dylib+0x438404], sa_mask[0]=00100000000000000000000000000000, sa_flags=SA_RESTART|SA_SIGINFO
SIGHUP: [libjvm.dylib+0x4365f9], sa_mask[0]=11111111011111110111111111111111, sa_flags=SA_RESTART|SA_SIGINFO
SIGINT: [libjvm.dylib+0x4365f9], sa_mask[0]=11111111011111110111111111111111, sa_flags=SA_RESTART|SA_SIGINFO
SIGTERM: [libjvm.dylib+0x4365f9], sa_mask[0]=11111111011111110111111111111111, sa_flags=SA_RESTART|SA_SIGINFO
SIGQUIT: [libjvm.dylib+0x4365f9], sa_mask[0]=11111111011111110111111111111111, sa_flags=SA_RESTART|SA_SIGINFO


---------------  S Y S T E M  ---------------

OS:Bsduname:Darwin 17.3.0 Darwin Kernel Version 17.3.0: Thu Nov  9 18:09:22 PST 2017; root:xnu-4570.31.3~1/RELEASE_X86_64 x86_64
rlimit: STACK 8192k, CORE 0k, NPROC 1418, NOFILE 10240, AS infinity
load average:1.97 1.84 1.88

CPU:total 8 (initial active 8) (4 cores per cpu, 2 threads per core) family 6 model 94 stepping 3, cmov, cx8, fxsr, mmx, sse, sse2, sse3, ssse3, sse4.1, sse4.2, popcnt, avx, avx2, aes, clmul, erms, rtm, 3dnowpref, lzcnt, ht, tsc, tscinvbit, bmi1, bmi2, adx

Memory: 4k page, physical 16777216k(3737452k free)

/proc/meminfo:


vm_info: OpenJDK 64-Bit Server VM (25.152-b01) for bsd-amd64 JRE (1.8.0_152-release-1024-b01), built by "builder" with gcc 4.2.1 Compatible Apple LLVM 8.1.0 (clang-802.0.42)

time: Fri Oct 12 09:20:44 2018
elapsed time: 1 seconds (0d 0h 0m 1s)

