#
# A fatal error has been detected by the Java Runtime Environment:
#
#  SIGSEGV (0xb) at pc=0x000000010cf4025b, pid=1301, tid=0x0000000000004003
#
# JRE version: OpenJDK Runtime Environment (8.0_152-b01) (build 1.8.0_152-release-1024-b01)
# Java VM: OpenJDK 64-Bit Server VM (25.152-b01 mixed mode bsd-amd64 compressed oops)
# Problematic frame:
# V  [libjvm.dylib+0x14025b]  Node::set_req(unsigned int, Node*)+0x17
#
# Failed to write core dump. Core dumps have been disabled. To enable core dumping, try "ulimit -c unlimited" before starting Java again
#
# If you would like to submit a bug report, please visit:
#   http://bugreport.java.com/bugreport/crash.jsp
#

---------------  T H R E A D  ---------------

Current thread (0x00007fddd7011000):  JavaThread "C2 CompilerThread1" daemon [_thread_in_native, id=16387, stack(0x000070000a128000,0x000070000a228000)]

siginfo: si_signo: 11 (SIGSEGV), si_code: 0 (unknown), si_addr: 0x0000000000000000

Registers:
RAX=0x00007fddd7b8cda8, RBX=0x00007fddd7b8c5f0, RCX=0x0000000000000000, RDX=0x00007fddd7b8c5f0
RSP=0x000070000a224860, RBP=0x000070000a224860, RSI=0x00007fddd7b8cdf8, RDI=0x8000000000000000
R8 =0x00007fddd8422f18, R9 =0x0000000000000002, R10=0x0000000000000002, R11=0x000000000305cec0
R12=0x000070000a2263a0, R13=0x00007fddd83d97e0, R14=0x0000000000000002, R15=0x00007fddd53c6850
RIP=0x000000010cf4025b, EFLAGS=0x0000000000010286, ERR=0x0000000000000000
  TRAPNO=0x000000000000000d

Top of Stack: (sp=0x000070000a224860)
0x000070000a224860:   000070000a224a50 000000010d2822c9
0x000070000a224870:   00007fdd00000001 00007fdd00000000
0x000070000a224880:   00007fdd00000006 0000000100000001
0x000070000a224890:   000070000a224b80 00007fddd4c0cce0
0x000070000a2248a0:   00007fddd4c0ccf0 00007fddd4c0d0c8
0x000070000a2248b0:   00000000000003d8 030303030ffffcff
0x000070000a2248c0:   0303030303030303 0000000003030303
0x000070000a2248d0:   0000000000000000 0000000000000000
0x000070000a2248e0:   000070000a2263c8 0000014b0000001e
0x000070000a2248f0:   000070000a224b80 000000010000000f
0x000070000a224900:   00007fddd83d3c10 0000000000000000
0x000070000a224910:   00007fddd53af0c8 0000000000000008
0x000070000a224920:   0000000000000017 00007fddd83d5510
0x000070000a224930:   00007fddd830ded8 00007fddd7c25be0
0x000070000a224940:   0000000000000000 00007fddd83d4fe0
0x000070000a224950:   000000010d5f3db8 00007fddd83d4670
0x000070000a224960:   00007fddd7c25ba0 00007fddd83d4ba0
0x000070000a224970:   00007fddd83d5420 00007fdd00000001
0x000070000a224980:   0000014b00000000 000070000a224b80
0x000070000a224990:   000000850000000f 00007fddd83d4140
0x000070000a2249a0:   0000000000000006 00007fdd0000001f
0x000070000a2249b0:   00007fdd00000001 0000001ed7c23a00
0x000070000a2249c0:   00007fddd7b8a9d8 000000000000003e
0x000070000a2249d0:   000000000000001e 000000860d5be498
0x000070000a2249e0:   0000000000000005 000000000000000f
0x000070000a2249f0:   0000000000000000 0000000400000000
0x000070000a224a00:   00007fddd53b4108 00007fddd7b8cda8
0x000070000a224a10:   0000000000000338 000070000a2262b8
0x000070000a224a20:   0000037150b000da 0000000000000000
0x000070000a224a30:   000070000a2263a0 000070000a2262b8
0x000070000a224a40:   000070000a224bf0 000070000a224b28
0x000070000a224a50:   000070000a224c80 000000010cf49cd6 

Instructions: (pc=0x000000010cf4025b)
0x000000010cf4023b:   5e 41 5f 5d e9 00 00 00 00 55 48 89 e5 48 89 f8
0x000000010cf4024b:   41 89 f1 48 8b 70 08 4a 8b 3c ce 48 85 ff 74 2a
0x000000010cf4025b:   4c 8b 47 10 4d 85 c0 74 21 44 8b 57 20 4b 8d 0c
0x000000010cf4026b:   d0 48 39 41 f8 48 8d 49 f8 75 f6 45 8d 52 ff 44 

Register to memory mapping:

RAX=0x00007fddd7b8cda8 is an unknown value
RBX=0x00007fddd7b8c5f0 is an unknown value
RCX=0x0000000000000000 is an unknown value
RDX=0x00007fddd7b8c5f0 is an unknown value
RSP=0x000070000a224860 is pointing into the stack for thread: 0x00007fddd7011000
RBP=0x000070000a224860 is pointing into the stack for thread: 0x00007fddd7011000
RSI=0x00007fddd7b8cdf8 is an unknown value
RDI=0x8000000000000000 is an unknown value
R8 =0x00007fddd8422f18 is an unknown value
R9 =0x0000000000000002 is an unknown value
R10=0x0000000000000002 is an unknown value
R11=0x000000000305cec0 is an unknown value
R12=0x000070000a2263a0 is pointing into the stack for thread: 0x00007fddd7011000
R13=0x00007fddd83d97e0 is an unknown value
R14=0x0000000000000002 is an unknown value
R15=0x00007fddd53c6850 is an unknown value


Stack: [0x000070000a128000,0x000070000a228000],  sp=0x000070000a224860,  free space=1010k
Native frames: (J=compiled Java code, j=interpreted, Vv=VM code, C=native code)
V  [libjvm.dylib+0x14025b]  Node::set_req(unsigned int, Node*)+0x17
V  [libjvm.dylib+0x4822c9]  PhaseChaitin::Split(unsigned int, ResourceArea*)+0x1d69
V  [libjvm.dylib+0x149cd6]  PhaseChaitin::Register_Allocate()+0x30a
V  [libjvm.dylib+0x1969a0]  Compile::Code_Gen()+0x14e
V  [libjvm.dylib+0x195388]  Compile::Compile(ciEnv*, C2Compiler*, ciMethod*, int, bool, bool, bool)+0x9fa
V  [libjvm.dylib+0x13b9da]  C2Compiler::compile_method(ciEnv*, ciMethod*, int)+0xa4
V  [libjvm.dylib+0x1a067a]  CompileBroker::invoke_compiler_on_method(CompileTask*)+0x564
V  [libjvm.dylib+0x19fc78]  CompileBroker::compiler_thread_loop()+0x270
V  [libjvm.dylib+0x505e88]  JavaThread::thread_main_inner()+0x82
V  [libjvm.dylib+0x505d4d]  JavaThread::run()+0x199
V  [libjvm.dylib+0x435709]  java_start(Thread*)+0xfa
C  [libsystem_pthread.dylib+0x36c1]  _pthread_body+0x154
C  [libsystem_pthread.dylib+0x356d]  _pthread_body+0x0
C  [libsystem_pthread.dylib+0x2c5d]  thread_start+0xd
C  0x0000000000000000


Current CompileTask:
C2:   1487 1327   !   4       java.util.concurrent.ConcurrentHashMap::putVal (362 bytes)


---------------  P R O C E S S  ---------------

Java Threads: ( => current thread )
  0x00007fddd8385000 JavaThread "Cache worker for file hash cache (/Users/annascott/ApacheLanguage/.gradle/4.4/fileHashes)" [_thread_blocked, id=41219, stack(0x000070000b055000,0x000070000b155000)]
  0x00007fddd92af800 JavaThread "File lock request listener" [_thread_in_native, id=24835, stack(0x000070000af52000,0x000070000b052000)]
  0x00007fddd928b800 JavaThread "Cache worker for file hash cache (/Users/annascott/.gradle/caches/4.4/fileHashes)" [_thread_blocked, id=24579, stack(0x000070000ae4f000,0x000070000af4f000)]
  0x00007fddd928b000 JavaThread "Stdin handler" [_thread_blocked, id=24323, stack(0x000070000ad4c000,0x000070000ae4c000)]
  0x00007fddd92ef000 JavaThread "Asynchronous log dispatcher for DefaultDaemonConnection: socket connection from /127.0.0.1:53514 to /127.0.0.1:53515" [_thread_blocked, id=42243, stack(0x000070000ac49000,0x000070000ad49000)]
  0x00007fddd52a4000 JavaThread "Daemon worker" [_thread_in_vm, id=23555, stack(0x000070000ab46000,0x000070000ac46000)]
  0x00007fddd58c7800 JavaThread "Cancel handler" [_thread_blocked, id=23043, stack(0x000070000aa43000,0x000070000ab43000)]
  0x00007fddd8926800 JavaThread "Handler for socket connection from /127.0.0.1:53514 to /127.0.0.1:53515" [_thread_in_native, id=42499, stack(0x000070000a940000,0x000070000aa40000)]
  0x00007fddd7b30000 JavaThread "Daemon" [_thread_blocked, id=42755, stack(0x000070000a83d000,0x000070000a93d000)]
  0x00007fddd700a000 JavaThread "Daemon periodic checks" [_thread_blocked, id=43011, stack(0x000070000a73a000,0x000070000a83a000)]
  0x00007fddd7ae4800 JavaThread "Incoming local TCP Connector on port 53514" [_thread_in_native, id=22019, stack(0x000070000a637000,0x000070000a737000)]
  0x00007fddd701b800 JavaThread "Service Thread" daemon [_thread_blocked, id=15619, stack(0x000070000a431000,0x000070000a531000)]
  0x00007fddd7012800 JavaThread "C1 CompilerThread3" daemon [_thread_blocked, id=16131, stack(0x000070000a32e000,0x000070000a42e000)]
  0x00007fddd7012000 JavaThread "C2 CompilerThread2" daemon [_thread_in_native, id=14595, stack(0x000070000a22b000,0x000070000a32b000)]
=>0x00007fddd7011000 JavaThread "C2 CompilerThread1" daemon [_thread_in_native, id=16387, stack(0x000070000a128000,0x000070000a228000)]
  0x00007fddd5027000 JavaThread "C2 CompilerThread0" daemon [_thread_blocked, id=16899, stack(0x000070000a025000,0x000070000a125000)]
  0x00007fddd6833800 JavaThread "Signal Dispatcher" daemon [_thread_blocked, id=17415, stack(0x0000700009f22000,0x000070000a022000)]
  0x00007fddd8800000 JavaThread "Finalizer" daemon [_thread_blocked, id=19203, stack(0x0000700009e1f000,0x0000700009f1f000)]
  0x00007fddd7811000 JavaThread "Reference Handler" daemon [_thread_blocked, id=12547, stack(0x0000700009d1c000,0x0000700009e1c000)]
  0x00007fddd7806800 JavaThread "main" [_thread_blocked, id=9731, stack(0x00007000092fe000,0x00007000093fe000)]

Other Threads:
  0x00007fddd5026800 VMThread [stack: 0x0000700009c19000,0x0000700009d19000] [id=19715]
  0x00007fddd506a800 WatcherThread [stack: 0x000070000a534000,0x000070000a634000] [id=15107]

VM state:not at safepoint (normal execution)

VM Mutex/Monitor currently owned by a thread: None

Heap:
 PSYoungGen      total 76288K, used 52029K [0x00000007a0000000, 0x00000007a5500000, 0x00000007c0000000)
  eden space 65536K, 67% used [0x00000007a0000000,0x00000007a2b249b8,0x00000007a4000000)
  from space 10752K, 73% used [0x00000007a4000000,0x00000007a47aada0,0x00000007a4a80000)
  to   space 10752K, 0% used [0x00000007a4a80000,0x00000007a4a80000,0x00000007a5500000)
 ParOldGen       total 175104K, used 16K [0x0000000760000000, 0x000000076ab00000, 0x00000007a0000000)
  object space 175104K, 0% used [0x0000000760000000,0x0000000760004000,0x000000076ab00000)
 Metaspace       used 14690K, capacity 14996K, committed 15360K, reserved 1062912K
  class space    used 2090K, capacity 2218K, committed 2304K, reserved 1048576K

Card table byte_map: [0x000000010dc28000,0x000000010df29000] byte_map_base: 0x000000010a128000

Marking Bits: (ParMarkBitMap*) 0x000000010d5f81c8
 Begin Bits: [0x000000010e129000, 0x000000010f929000)
 End Bits:   [0x000000010f929000, 0x0000000111129000)

Polling page: 0x000000010bd5e000

CodeCache: size=245760Kb used=4391Kb max_used=4391Kb free=241368Kb
 bounds [0x0000000119ed5000, 0x000000011a325000, 0x0000000128ed5000]
 total_blobs=1687 nmethods=1329 adapters=272
 compilation: enabled

Compilation events (10 events):
Event: 1.465 Thread 0x00007fddd7012800 1325       3       java.util.IdentityHashMap::nextKeyIndex (15 bytes)
Event: 1.465 Thread 0x00007fddd7012800 nmethod 1325 0x000000011a31d2d0 code [0x000000011a31d440, 0x000000011a31d5d0]
Event: 1.465 Thread 0x00007fddd7011000 nmethod 1291% 0x000000011a31d650 code [0x000000011a31d840, 0x000000011a31e748]
Event: 1.470 Thread 0x00007fddd7012800 1326       3       java.util.IdentityHashMap::hash (18 bytes)
Event: 1.470 Thread 0x00007fddd7011000 1327   !   4       java.util.concurrent.ConcurrentHashMap::putVal (362 bytes)
Event: 1.470 Thread 0x00007fddd7012800 nmethod 1326 0x000000011a31a150 code [0x000000011a31a2c0, 0x000000011a31a448]
Event: 1.479 Thread 0x00007fddd7012800 1328       3       java.util.concurrent.locks.AbstractQueuedSynchronizer::<init> (5 bytes)
Event: 1.479 Thread 0x00007fddd7012800 nmethod 1328 0x000000011a319cd0 code [0x000000011a319e40, 0x000000011a31a050]
Event: 1.479 Thread 0x00007fddd7012800 1329       3       java.util.concurrent.locks.AbstractOwnableSynchronizer::<init> (5 bytes)
Event: 1.479 Thread 0x00007fddd7012800 nmethod 1329 0x000000011a319910 code [0x000000011a319a80, 0x000000011a319c30]

GC Heap History (2 events):
Event: 1.028 GC heap before
{Heap before GC invocations=1 (full 0):
 PSYoungGen      total 76288K, used 65536K [0x00000007a0000000, 0x00000007a5500000, 0x00000007c0000000)
  eden space 65536K, 100% used [0x00000007a0000000,0x00000007a4000000,0x00000007a4000000)
  from space 10752K, 0% used [0x00000007a4a80000,0x00000007a4a80000,0x00000007a5500000)
  to   space 10752K, 0% used [0x00000007a4000000,0x00000007a4000000,0x00000007a4a80000)
 ParOldGen       total 175104K, used 0K [0x0000000760000000, 0x000000076ab00000, 0x00000007a0000000)
  object space 175104K, 0% used [0x0000000760000000,0x0000000760000000,0x000000076ab00000)
 Metaspace       used 10697K, capacity 10984K, committed 11136K, reserved 1058816K
  class space    used 1434K, capacity 1550K, committed 1664K, reserved 1048576K
Event: 1.038 GC heap after
Heap after GC invocations=1 (full 0):
 PSYoungGen      total 76288K, used 7851K [0x00000007a0000000, 0x00000007a5500000, 0x00000007c0000000)
  eden space 65536K, 0% used [0x00000007a0000000,0x00000007a0000000,0x00000007a4000000)
  from space 10752K, 73% used [0x00000007a4000000,0x00000007a47aada0,0x00000007a4a80000)
  to   space 10752K, 0% used [0x00000007a4a80000,0x00000007a4a80000,0x00000007a5500000)
 ParOldGen       total 175104K, used 16K [0x0000000760000000, 0x000000076ab00000, 0x00000007a0000000)
  object space 175104K, 0% used [0x0000000760000000,0x0000000760004000,0x000000076ab00000)
 Metaspace       used 10697K, capacity 10984K, committed 11136K, reserved 1058816K
  class space    used 1434K, capacity 1550K, committed 1664K, reserved 1048576K
}

Deoptimization events (10 events):
Event: 0.718 Thread 0x00007fddd7806800 Uncommon trap: reason=unstable_if action=reinterpret pc=0x000000011a124da0 method=java.util.HashMap.getNode(ILjava/lang/Object;)Ljava/util/HashMap$Node; @ 62
Event: 0.718 Thread 0x00007fddd7806800 Uncommon trap: reason=bimorphic action=maybe_recompile pc=0x000000011a197658 method=java.util.HashMap.putVal(ILjava/lang/Object;Ljava/lang/Object;ZZ)Ljava/lang/Object; @ 91
Event: 0.718 Thread 0x00007fddd7806800 Uncommon trap: reason=unstable_if action=reinterpret pc=0x000000011a1239bc method=java.util.HashMap.getNode(ILjava/lang/Object;)Ljava/util/HashMap$Node; @ 62
Event: 0.718 Thread 0x00007fddd7806800 Uncommon trap: reason=bimorphic action=maybe_recompile pc=0x000000011a197658 method=java.util.HashMap.putVal(ILjava/lang/Object;Ljava/lang/Object;ZZ)Ljava/lang/Object; @ 91
Event: 0.719 Thread 0x00007fddd7806800 Uncommon trap: reason=bimorphic action=maybe_recompile pc=0x000000011a197658 method=java.util.HashMap.putVal(ILjava/lang/Object;Ljava/lang/Object;ZZ)Ljava/lang/Object; @ 91
Event: 0.719 Thread 0x00007fddd7806800 Uncommon trap: reason=bimorphic action=maybe_recompile pc=0x000000011a197658 method=java.util.HashMap.putVal(ILjava/lang/Object;Ljava/lang/Object;ZZ)Ljava/lang/Object; @ 91
Event: 1.061 Thread 0x00007fddd8926800 Uncommon trap: reason=unstable_if action=reinterpret pc=0x000000011a227524 method=java.util.concurrent.ConcurrentHashMap.putVal(Ljava/lang/Object;Ljava/lang/Object;Z)Ljava/lang/Object; @ 206
Event: 1.161 Thread 0x00007fddd52a4000 Uncommon trap: reason=class_check action=maybe_recompile pc=0x000000011a159178 method=java.util.regex.Matcher.match(II)Z @ 86
Event: 1.358 Thread 0x00007fddd52a4000 Uncommon trap: reason=class_check action=maybe_recompile pc=0x000000011a159178 method=java.util.regex.Matcher.match(II)Z @ 86
Event: 1.358 Thread 0x00007fddd52a4000 Uncommon trap: reason=class_check action=maybe_recompile pc=0x000000011a1334e0 method=java.util.regex.Matcher.match(II)Z @ 86

Classes redefined (0 events):
No events

Internal exceptions (10 events):
Event: 1.087 Thread 0x00007fddd8926800 Exception <a 'java/lang/NoSuchMethodError': <clinit>> (0x00000007a00ed5e8) thrown at [/Volumes/android/AOSP-openjdk-git/jdk8u/hotspot/src/share/vm/prims/jni.cpp, line 1613]
Event: 1.088 Thread 0x00007fddd8926800 Exception <a 'java/lang/NoSuchMethodError': <clinit>> (0x00000007a00f60b0) thrown at [/Volumes/android/AOSP-openjdk-git/jdk8u/hotspot/src/share/vm/prims/jni.cpp, line 1613]
Event: 1.090 Thread 0x00007fddd8926800 Exception <a 'java/lang/NoSuchMethodError': <clinit>> (0x00000007a01055f0) thrown at [/Volumes/android/AOSP-openjdk-git/jdk8u/hotspot/src/share/vm/prims/jni.cpp, line 1613]
Event: 1.100 Thread 0x00007fddd8926800 Exception <a 'java/lang/NoSuchMethodError': <clinit>> (0x00000007a020f168) thrown at [/Volumes/android/AOSP-openjdk-git/jdk8u/hotspot/src/share/vm/prims/jni.cpp, line 1613]
Event: 1.105 Thread 0x00007fddd8926800 Exception <a 'java/lang/NoSuchMethodError': <clinit>> (0x00000007a0232af0) thrown at [/Volumes/android/AOSP-openjdk-git/jdk8u/hotspot/src/share/vm/prims/jni.cpp, line 1613]
Event: 1.110 Thread 0x00007fddd8926800 Exception <a 'java/lang/NoSuchMethodError': <clinit>> (0x00000007a025f308) thrown at [/Volumes/android/AOSP-openjdk-git/jdk8u/hotspot/src/share/vm/prims/jni.cpp, line 1613]
Event: 1.112 Thread 0x00007fddd8926800 Exception <a 'java/lang/NoSuchMethodError': <clinit>> (0x00000007a026d0b8) thrown at [/Volumes/android/AOSP-openjdk-git/jdk8u/hotspot/src/share/vm/prims/jni.cpp, line 1613]
Event: 1.115 Thread 0x00007fddd8926800 Exception <a 'java/lang/NoSuchMethodError': <clinit>> (0x00000007a028c550) thrown at [/Volumes/android/AOSP-openjdk-git/jdk8u/hotspot/src/share/vm/prims/jni.cpp, line 1613]
Event: 1.134 Thread 0x00007fddd52a4000 Exception <a 'java/lang/NoSuchMethodError': <clinit>> (0x00000007a0569228) thrown at [/Volumes/android/AOSP-openjdk-git/jdk8u/hotspot/src/share/vm/prims/jni.cpp, line 1613]
Event: 1.135 Thread 0x00007fddd52a4000 Exception <a 'java/lang/NoSuchMethodError': <clinit>> (0x00000007a05714b0) thrown at [/Volumes/android/AOSP-openjdk-git/jdk8u/hotspot/src/share/vm/prims/jni.cpp, line 1613]

Events (10 events):
Event: 1.478 loading class org/gradle/api/internal/plugins/DefaultPluginRegistry$1
Event: 1.478 loading class org/gradle/api/internal/plugins/DefaultPluginRegistry$1 done
Event: 1.478 loading class org/gradle/api/internal/plugins/PluginImplementation
Event: 1.478 loading class org/gradle/api/internal/plugins/PluginImplementation done
Event: 1.479 loading class org/gradle/api/internal/plugins/PluginDescriptorLocator
Event: 1.479 loading class org/gradle/api/internal/plugins/PluginDescriptorLocator done
Event: 1.479 loading class org/gradle/api/plugins/InvalidPluginException
Event: 1.479 loading class org/gradle/api/plugins/InvalidPluginException done
Event: 1.479 loading class org/gradle/plugin/use/internal/PluginRepositoriesProvider
Event: 1.479 loading class org/gradle/plugin/use/internal/PluginRepositoriesProvider done


Dynamic libraries:
0x000000000f099000 	/System/Library/Frameworks/Cocoa.framework/Versions/A/Cocoa
0x000000000f099000 	/System/Library/Frameworks/Security.framework/Versions/A/Security
0x000000000f099000 	/System/Library/Frameworks/ApplicationServices.framework/Versions/A/ApplicationServices
0x000000000f099000 	/usr/lib/libz.1.dylib
0x000000000f099000 	/usr/lib/libSystem.B.dylib
0x000000000f099000 	/System/Library/Frameworks/CoreFoundation.framework/Versions/A/CoreFoundation
0x000000000f099000 	/System/Library/Frameworks/Foundation.framework/Versions/C/Foundation
0x000000000f099000 	/usr/lib/libobjc.A.dylib
0x000000000f099000 	/System/Library/Frameworks/AppKit.framework/Versions/C/AppKit
0x000000000f099000 	/System/Library/Frameworks/CoreData.framework/Versions/A/CoreData
0x000000000f099000 	/System/Library/PrivateFrameworks/RemoteViewServices.framework/Versions/A/RemoteViewServices
0x000000000f099000 	/System/Library/PrivateFrameworks/UIFoundation.framework/Versions/A/UIFoundation
0x000000000f099000 	/System/Library/PrivateFrameworks/DFRFoundation.framework/Versions/A/DFRFoundation
0x000000000f099000 	/System/Library/Frameworks/Metal.framework/Versions/A/Metal
0x000000000f099000 	/System/Library/PrivateFrameworks/DesktopServicesPriv.framework/Versions/A/DesktopServicesPriv
0x000000000f099000 	/usr/lib/libenergytrace.dylib
0x000000000f099000 	/System/Library/PrivateFrameworks/SkyLight.framework/Versions/A/SkyLight
0x000000000f099000 	/System/Library/Frameworks/CoreGraphics.framework/Versions/A/CoreGraphics
0x000000000f099000 	/usr/lib/libScreenReader.dylib
0x000000000f099000 	/System/Library/Frameworks/Accelerate.framework/Versions/A/Accelerate
0x000000000f099000 	/System/Library/Frameworks/IOSurface.framework/Versions/A/IOSurface
0x000000000f099000 	/System/Library/Frameworks/AudioToolbox.framework/Versions/A/AudioToolbox
0x000000000f099000 	/System/Library/Frameworks/AudioUnit.framework/Versions/A/AudioUnit
0x000000000f099000 	/System/Library/PrivateFrameworks/DataDetectorsCore.framework/Versions/A/DataDetectorsCore
0x000000000f099000 	/System/Library/Frameworks/Carbon.framework/Versions/A/Frameworks/HIToolbox.framework/Versions/A/HIToolbox
0x000000000f099000 	/usr/lib/libicucore.A.dylib
0x000000000f099000 	/System/Library/Frameworks/QuartzCore.framework/Versions/A/QuartzCore
0x000000000f099000 	/System/Library/Frameworks/Carbon.framework/Versions/A/Frameworks/SpeechRecognition.framework/Versions/A/SpeechRecognition
0x000000000f099000 	/usr/lib/libauto.dylib
0x000000000f099000 	/usr/lib/libxml2.2.dylib
0x000000000f099000 	/System/Library/PrivateFrameworks/CoreUI.framework/Versions/A/CoreUI
0x000000000f099000 	/System/Library/Frameworks/CoreAudio.framework/Versions/A/CoreAudio
0x000000000f099000 	/System/Library/Frameworks/DiskArbitration.framework/Versions/A/DiskArbitration
0x000000000f099000 	/usr/lib/liblangid.dylib
0x000000000f099000 	/System/Library/PrivateFrameworks/MultitouchSupport.framework/Versions/A/MultitouchSupport
0x000000000f099000 	/System/Library/Frameworks/IOKit.framework/Versions/A/IOKit
0x000000000f099000 	/usr/lib/libDiagnosticMessagesClient.dylib
0x000000000f099000 	/System/Library/Frameworks/CoreServices.framework/Versions/A/CoreServices
0x000000000f099000 	/System/Library/PrivateFrameworks/PerformanceAnalysis.framework/Versions/A/PerformanceAnalysis
0x000000000f099000 	/System/Library/Frameworks/OpenGL.framework/Versions/A/OpenGL
0x000000000f099000 	/System/Library/Frameworks/ColorSync.framework/Versions/A/ColorSync
0x000000000f099000 	/System/Library/Frameworks/CoreImage.framework/Versions/A/CoreImage
0x000000000f099000 	/System/Library/Frameworks/CoreText.framework/Versions/A/CoreText
0x000000000f099000 	/System/Library/Frameworks/ImageIO.framework/Versions/A/ImageIO
0x000000000f099000 	/System/Library/PrivateFrameworks/Backup.framework/Versions/A/Backup
0x000000000f099000 	/usr/lib/libarchive.2.dylib
0x000000000f099000 	/System/Library/Frameworks/CFNetwork.framework/Versions/A/CFNetwork
0x000000000f099000 	/System/Library/Frameworks/SystemConfiguration.framework/Versions/A/SystemConfiguration
0x000000000f099000 	/usr/lib/libCRFSuite.dylib
0x000000000f099000 	/usr/lib/libc++.1.dylib
0x000000000f099000 	/usr/lib/libc++abi.dylib
0x000000000f099000 	/usr/lib/system/libcache.dylib
0x000000000f099000 	/usr/lib/system/libcommonCrypto.dylib
0x000000000f099000 	/usr/lib/system/libcompiler_rt.dylib
0x000000000f099000 	/usr/lib/system/libcopyfile.dylib
0x000000000f099000 	/usr/lib/system/libcorecrypto.dylib
0x000000000f099000 	/usr/lib/system/libdispatch.dylib
0x000000000f099000 	/usr/lib/system/libdyld.dylib
0x000000000f099000 	/usr/lib/system/libkeymgr.dylib
0x000000000f099000 	/usr/lib/system/liblaunch.dylib
0x000000000f099000 	/usr/lib/system/libmacho.dylib
0x000000000f099000 	/usr/lib/system/libquarantine.dylib
0x000000000f099000 	/usr/lib/system/libremovefile.dylib
0x000000000f099000 	/usr/lib/system/libsystem_asl.dylib
0x000000000f099000 	/usr/lib/system/libsystem_blocks.dylib
0x000000000f099000 	/usr/lib/system/libsystem_c.dylib
0x000000000f099000 	/usr/lib/system/libsystem_configuration.dylib
0x000000000f099000 	/usr/lib/system/libsystem_coreservices.dylib
0x000000000f099000 	/usr/lib/system/libsystem_darwin.dylib
0x000000000f099000 	/usr/lib/system/libsystem_dnssd.dylib
0x000000000f099000 	/usr/lib/system/libsystem_info.dylib
0x000000000f099000 	/usr/lib/system/libsystem_m.dylib
0x000000000f099000 	/usr/lib/system/libsystem_malloc.dylib
0x000000000f099000 	/usr/lib/system/libsystem_network.dylib
0x000000000f099000 	/usr/lib/system/libsystem_networkextension.dylib
0x000000000f099000 	/usr/lib/system/libsystem_notify.dylib
0x000000000f099000 	/usr/lib/system/libsystem_sandbox.dylib
0x000000000f099000 	/usr/lib/system/libsystem_secinit.dylib
0x000000000f099000 	/usr/lib/system/libsystem_kernel.dylib
0x000000000f099000 	/usr/lib/system/libsystem_platform.dylib
0x000000000f099000 	/usr/lib/system/libsystem_pthread.dylib
0x000000000f099000 	/usr/lib/system/libsystem_symptoms.dylib
0x000000000f099000 	/usr/lib/system/libsystem_trace.dylib
0x000000000f099000 	/usr/lib/system/libunwind.dylib
0x000000000f099000 	/usr/lib/system/libxpc.dylib
0x000000000f099000 	/usr/lib/closure/libclosured.dylib
0x000000000f099000 	/usr/lib/libbsm.0.dylib
0x000000000f099000 	/usr/lib/system/libkxld.dylib
0x000000000f099000 	/usr/lib/libOpenScriptingUtil.dylib
0x000000000f099000 	/usr/lib/libcoretls.dylib
0x000000000f099000 	/usr/lib/libcoretls_cfhelpers.dylib
0x000000000f099000 	/usr/lib/libpam.2.dylib
0x000000000f099000 	/usr/lib/libsqlite3.dylib
0x000000000f099000 	/usr/lib/libxar.1.dylib
0x000000000f099000 	/usr/lib/libbz2.1.0.dylib
0x000000000f099000 	/usr/lib/liblzma.5.dylib
0x000000000f099000 	/usr/lib/libnetwork.dylib
0x000000000f099000 	/usr/lib/libapple_nghttp2.dylib
0x000000000f099000 	/usr/lib/libpcap.A.dylib
0x000000000f099000 	/usr/lib/libboringssl.dylib
0x000000000f099000 	/usr/lib/libusrtcp.dylib
0x000000000f099000 	/usr/lib/libapple_crypto.dylib
0x000000000f099000 	/System/Library/Frameworks/CoreServices.framework/Versions/A/Frameworks/FSEvents.framework/Versions/A/FSEvents
0x000000000f099000 	/System/Library/Frameworks/CoreServices.framework/Versions/A/Frameworks/CarbonCore.framework/Versions/A/CarbonCore
0x000000000f099000 	/System/Library/Frameworks/CoreServices.framework/Versions/A/Frameworks/Metadata.framework/Versions/A/Metadata
0x000000000f099000 	/System/Library/Frameworks/CoreServices.framework/Versions/A/Frameworks/OSServices.framework/Versions/A/OSServices
0x000000000f099000 	/System/Library/Frameworks/CoreServices.framework/Versions/A/Frameworks/SearchKit.framework/Versions/A/SearchKit
0x000000000f099000 	/System/Library/Frameworks/CoreServices.framework/Versions/A/Frameworks/AE.framework/Versions/A/AE
0x000000000f099000 	/System/Library/Frameworks/CoreServices.framework/Versions/A/Frameworks/LaunchServices.framework/Versions/A/LaunchServices
0x000000000f099000 	/System/Library/Frameworks/CoreServices.framework/Versions/A/Frameworks/DictionaryServices.framework/Versions/A/DictionaryServices
0x000000000f099000 	/System/Library/Frameworks/CoreServices.framework/Versions/A/Frameworks/SharedFileList.framework/Versions/A/SharedFileList
0x000000000f099000 	/System/Library/Frameworks/NetFS.framework/Versions/A/NetFS
0x000000000f099000 	/System/Library/PrivateFrameworks/NetAuth.framework/Versions/A/NetAuth
0x000000000f099000 	/System/Library/PrivateFrameworks/login.framework/Versions/A/Frameworks/loginsupport.framework/Versions/A/loginsupport
0x000000000f099000 	/System/Library/PrivateFrameworks/TCC.framework/Versions/A/TCC
0x000000000f099000 	/usr/lib/libmecabra.dylib
0x000000000f099000 	/System/Library/Frameworks/ApplicationServices.framework/Versions/A/Frameworks/ATS.framework/Versions/A/ATS
0x000000000f099000 	/System/Library/Frameworks/ApplicationServices.framework/Versions/A/Frameworks/ColorSyncLegacy.framework/Versions/A/ColorSyncLegacy
0x000000000f099000 	/System/Library/Frameworks/ApplicationServices.framework/Versions/A/Frameworks/HIServices.framework/Versions/A/HIServices
0x000000000f099000 	/System/Library/Frameworks/ApplicationServices.framework/Versions/A/Frameworks/LangAnalysis.framework/Versions/A/LangAnalysis
0x000000000f099000 	/System/Library/Frameworks/ApplicationServices.framework/Versions/A/Frameworks/PrintCore.framework/Versions/A/PrintCore
0x000000000f099000 	/System/Library/Frameworks/ApplicationServices.framework/Versions/A/Frameworks/QD.framework/Versions/A/QD
0x000000000f099000 	/System/Library/Frameworks/ApplicationServices.framework/Versions/A/Frameworks/SpeechSynthesis.framework/Versions/A/SpeechSynthesis
0x000000000f099000 	/System/Library/Frameworks/CoreDisplay.framework/Versions/A/CoreDisplay
0x000000000f099000 	/System/Library/Frameworks/Accelerate.framework/Versions/A/Frameworks/vImage.framework/Versions/A/vImage
0x000000000f099000 	/System/Library/Frameworks/Accelerate.framework/Versions/A/Frameworks/vecLib.framework/Versions/A/vecLib
0x000000000f099000 	/System/Library/Frameworks/Accelerate.framework/Versions/A/Frameworks/vecLib.framework/Versions/A/libvDSP.dylib
0x000000000f099000 	/System/Library/Frameworks/Accelerate.framework/Versions/A/Frameworks/vecLib.framework/Versions/A/libBNNS.dylib
0x000000000f099000 	/System/Library/Frameworks/Accelerate.framework/Versions/A/Frameworks/vecLib.framework/Versions/A/libQuadrature.dylib
0x000000000f099000 	/System/Library/Frameworks/Accelerate.framework/Versions/A/Frameworks/vecLib.framework/Versions/A/libvMisc.dylib
0x000000000f099000 	/System/Library/Frameworks/Accelerate.framework/Versions/A/Frameworks/vecLib.framework/Versions/A/libLAPACK.dylib
0x000000000f099000 	/System/Library/Frameworks/Accelerate.framework/Versions/A/Frameworks/vecLib.framework/Versions/A/libBLAS.dylib
0x000000000f099000 	/System/Library/Frameworks/Accelerate.framework/Versions/A/Frameworks/vecLib.framework/Versions/A/libLinearAlgebra.dylib
0x000000000f099000 	/System/Library/Frameworks/Accelerate.framework/Versions/A/Frameworks/vecLib.framework/Versions/A/libSparse.dylib
0x000000000f099000 	/System/Library/Frameworks/Accelerate.framework/Versions/A/Frameworks/vecLib.framework/Versions/A/libSparseBLAS.dylib
0x000000000f099000 	/System/Library/PrivateFrameworks/IOAccelerator.framework/Versions/A/IOAccelerator
0x000000000f099000 	/System/Library/PrivateFrameworks/IOPresentment.framework/Versions/A/IOPresentment
0x000000000f099000 	/System/Library/PrivateFrameworks/DSExternalDisplay.framework/Versions/A/DSExternalDisplay
0x000000000f099000 	/System/Library/Frameworks/OpenGL.framework/Versions/A/Libraries/libCoreFSCache.dylib
0x000000000f099000 	/System/Library/Frameworks/CoreVideo.framework/Versions/A/CoreVideo
0x000000000f099000 	/System/Library/PrivateFrameworks/GraphVisualizer.framework/Versions/A/GraphVisualizer
0x000000000f099000 	/System/Library/Frameworks/MetalPerformanceShaders.framework/Versions/A/MetalPerformanceShaders
0x000000000f099000 	/usr/lib/libFosl_dynamic.dylib
0x000000000f099000 	/System/Library/PrivateFrameworks/FaceCore.framework/Versions/A/FaceCore
0x000000000f099000 	/System/Library/Frameworks/OpenCL.framework/Versions/A/OpenCL
0x000000000f099000 	/usr/lib/libcompression.dylib
0x000000000f099000 	/System/Library/Frameworks/ApplicationServices.framework/Versions/A/Frameworks/ATS.framework/Versions/A/Resources/libFontParser.dylib
0x000000000f099000 	/System/Library/Frameworks/ApplicationServices.framework/Versions/A/Frameworks/ATS.framework/Versions/A/Resources/libFontRegistry.dylib
0x000000000f099000 	/System/Library/Frameworks/ImageIO.framework/Versions/A/Resources/libJPEG.dylib
0x000000000f099000 	/System/Library/Frameworks/ImageIO.framework/Versions/A/Resources/libTIFF.dylib
0x000000000f099000 	/System/Library/Frameworks/ImageIO.framework/Versions/A/Resources/libPng.dylib
0x000000000f099000 	/System/Library/Frameworks/ImageIO.framework/Versions/A/Resources/libGIF.dylib
0x000000000f099000 	/System/Library/Frameworks/ImageIO.framework/Versions/A/Resources/libJP2.dylib
0x000000000f099000 	/System/Library/Frameworks/ImageIO.framework/Versions/A/Resources/libRadiance.dylib
0x000000000f099000 	/System/Library/PrivateFrameworks/AppleJPEG.framework/Versions/A/AppleJPEG
0x000000000f099000 	/System/Library/PrivateFrameworks/MetalTools.framework/Versions/A/MetalTools
0x000000000f099000 	/System/Library/Frameworks/MetalPerformanceShaders.framework/Frameworks/MPSCore.framework/Versions/A/MPSCore
0x000000000f099000 	/System/Library/Frameworks/MetalPerformanceShaders.framework/Frameworks/MPSImage.framework/Versions/A/MPSImage
0x000000000f099000 	/System/Library/Frameworks/MetalPerformanceShaders.framework/Frameworks/MPSMatrix.framework/Versions/A/MPSMatrix
0x000000000f099000 	/System/Library/Frameworks/MetalPerformanceShaders.framework/Frameworks/MPSNeuralNetwork.framework/Versions/A/MPSNeuralNetwork
0x000000000f099000 	/System/Library/Frameworks/OpenGL.framework/Versions/A/Libraries/libGLU.dylib
0x000000000f099000 	/System/Library/Frameworks/OpenGL.framework/Versions/A/Libraries/libGFXShared.dylib
0x000000000f099000 	/System/Library/Frameworks/OpenGL.framework/Versions/A/Libraries/libGL.dylib
0x000000000f099000 	/System/Library/Frameworks/OpenGL.framework/Versions/A/Libraries/libGLImage.dylib
0x000000000f099000 	/System/Library/Frameworks/OpenGL.framework/Versions/A/Libraries/libCVMSPluginSupport.dylib
0x000000000f099000 	/System/Library/Frameworks/OpenGL.framework/Versions/A/Libraries/libCoreVMClient.dylib
0x000000000f099000 	/usr/lib/libcups.2.dylib
0x000000000f099000 	/System/Library/Frameworks/Kerberos.framework/Versions/A/Kerberos
0x000000000f099000 	/System/Library/Frameworks/GSS.framework/Versions/A/GSS
0x000000000f099000 	/usr/lib/libresolv.9.dylib
0x000000000f099000 	/usr/lib/libiconv.2.dylib
0x000000000f099000 	/System/Library/PrivateFrameworks/Heimdal.framework/Versions/A/Heimdal
0x000000000f099000 	/usr/lib/libheimdal-asn1.dylib
0x000000000f099000 	/System/Library/Frameworks/OpenDirectory.framework/Versions/A/OpenDirectory
0x000000000f099000 	/System/Library/PrivateFrameworks/CommonAuth.framework/Versions/A/CommonAuth
0x000000000f099000 	/System/Library/Frameworks/OpenDirectory.framework/Versions/A/Frameworks/CFOpenDirectory.framework/Versions/A/CFOpenDirectory
0x000000000f099000 	/System/Library/Frameworks/SecurityFoundation.framework/Versions/A/SecurityFoundation
0x000000000f099000 	/System/Library/PrivateFrameworks/APFS.framework/Versions/A/APFS
0x000000000f099000 	/usr/lib/libutil.dylib
0x000000000f099000 	/System/Library/PrivateFrameworks/AppleSauce.framework/Versions/A/AppleSauce
0x000000000f099000 	/System/Library/PrivateFrameworks/LinguisticData.framework/Versions/A/LinguisticData
0x000000000f099000 	/usr/lib/libmarisa.dylib
0x000000000f099000 	/System/Library/PrivateFrameworks/Lexicon.framework/Versions/A/Lexicon
0x000000000f099000 	/usr/lib/libChineseTokenizer.dylib
0x000000000f099000 	/usr/lib/libcmph.dylib
0x000000000f099000 	/System/Library/PrivateFrameworks/LanguageModeling.framework/Versions/A/LanguageModeling
0x000000000f099000 	/System/Library/PrivateFrameworks/CoreEmoji.framework/Versions/A/CoreEmoji
0x000000000f099000 	/System/Library/Frameworks/ServiceManagement.framework/Versions/A/ServiceManagement
0x000000000f099000 	/System/Library/PrivateFrameworks/BackgroundTaskManagement.framework/Versions/A/BackgroundTaskManagement
0x000000000f099000 	/usr/lib/libxslt.1.dylib
0x000000000f099000 	/System/Library/Frameworks/Carbon.framework/Versions/A/Frameworks/Ink.framework/Versions/A/Ink
0x000000000f099000 	/System/Library/PrivateFrameworks/TextureIO.framework/Versions/A/TextureIO
0x000000000f099000 	/usr/lib/libate.dylib
0x000000000f099000 	/System/Library/PrivateFrameworks/CrashReporterSupport.framework/Versions/A/CrashReporterSupport
0x000000000f099000 	/System/Library/PrivateFrameworks/Sharing.framework/Versions/A/Sharing
0x000000000f099000 	/System/Library/PrivateFrameworks/IconServices.framework/Versions/A/IconServices
0x000000000f099000 	/System/Library/PrivateFrameworks/ProtocolBuffer.framework/Versions/A/ProtocolBuffer
0x000000000f099000 	/System/Library/PrivateFrameworks/Apple80211.framework/Versions/A/Apple80211
0x000000000f099000 	/System/Library/Frameworks/CoreWLAN.framework/Versions/A/CoreWLAN
0x000000000f099000 	/System/Library/PrivateFrameworks/CoreUtils.framework/Versions/A/CoreUtils
0x000000000f099000 	/System/Library/Frameworks/IOBluetooth.framework/Versions/A/IOBluetooth
0x000000000f099000 	/System/Library/PrivateFrameworks/CoreWiFi.framework/Versions/A/CoreWiFi
0x000000000f099000 	/System/Library/Frameworks/CoreBluetooth.framework/Versions/A/CoreBluetooth
0x000000000f099000 	/System/Library/PrivateFrameworks/SignpostNotification.framework/Versions/A/SignpostNotification
0x000000000f099000 	/System/Library/PrivateFrameworks/DebugSymbols.framework/Versions/A/DebugSymbols
0x000000000f099000 	/System/Library/PrivateFrameworks/CoreSymbolication.framework/Versions/A/CoreSymbolication
0x000000000f099000 	/System/Library/PrivateFrameworks/Symbolication.framework/Versions/A/Symbolication
0x000000000f099000 	/System/Library/PrivateFrameworks/AppleFSCompression.framework/Versions/A/AppleFSCompression
0x000000000f099000 	/System/Library/PrivateFrameworks/SpeechRecognitionCore.framework/Versions/A/SpeechRecognitionCore
0x000000010ce00000 	/Applications/Android Studio.app/Contents/jre/jdk/Contents/Home/jre/lib/server/libjvm.dylib
0x000000000f099000 	/usr/lib/libstdc++.6.0.9.dylib
0x000000010bd1e000 	/Applications/Android Studio.app/Contents/jre/jdk/Contents/Home/jre/lib/libverify.dylib
0x000000010bd2a000 	/Applications/Android Studio.app/Contents/jre/jdk/Contents/Home/jre/lib/libjava.dylib
0x000000010bda8000 	/Applications/Android Studio.app/Contents/jre/jdk/Contents/Home/jre/lib/libzip.dylib
0x000000011409a000 	/Applications/Android Studio.app/Contents/jre/jdk/Contents/Home/jre/lib/libnet.dylib
0x00000001140f9000 	/Applications/Android Studio.app/Contents/jre/jdk/Contents/Home/jre/lib/libnio.dylib
0x000000011431e000 	/Users/annascott/.gradle/native/25/osx-amd64/libnative-platform.dylib
0x00000001145e3000 	/Applications/Android Studio.app/Contents/jre/jdk/Contents/Home/jre/lib/libmanagement.dylib

VM Arguments:
jvm_args: -Xmx1536m -Dfile.encoding=UTF-8 -Duser.country=US -Duser.language=en -Duser.variant 
java_command: org.gradle.launcher.daemon.bootstrap.GradleDaemon 4.4
java_class_path (initial): /Users/annascott/.gradle/wrapper/dists/gradle-4.4-all/9br9xq1tocpiv8o6njlyu5op1/gradle-4.4/lib/gradle-launcher-4.4.jar
Launcher Type: SUN_STANDARD

Environment Variables:
PATH=/usr/local/bin:/usr/bin:/bin:/usr/sbin:/sbin
SHELL=/bin/bash

Signal Handlers:
SIGSEGV: [libjvm.dylib+0x53f567], sa_mask[0]=11111111011111110111111111111111, sa_flags=SA_ONSTACK|SA_RESTART|SA_SIGINFO
SIGBUS: [libjvm.dylib+0x53f567], sa_mask[0]=11111111011111110111111111111111, sa_flags=SA_RESTART|SA_SIGINFO
SIGFPE: [libjvm.dylib+0x437adf], sa_mask[0]=11111111011111110111111111111111, sa_flags=SA_RESTART|SA_SIGINFO
SIGPIPE: [libjvm.dylib+0x437adf], sa_mask[0]=11111111011111110111111111111111, sa_flags=SA_RESTART|SA_SIGINFO
SIGXFSZ: [libjvm.dylib+0x437adf], sa_mask[0]=11111111011111110111111111111111, sa_flags=SA_RESTART|SA_SIGINFO
SIGILL: [libjvm.dylib+0x437adf], sa_mask[0]=11111111011111110111111111111111, sa_flags=SA_RESTART|SA_SIGINFO
SIGUSR1: SIG_DFL, sa_mask[0]=00000000000000000000000000000000, sa_flags=none
SIGUSR2: [libjvm.dylib+0x438404], sa_mask[0]=00100000000000000000000000000000, sa_flags=SA_RESTART|SA_SIGINFO
SIGHUP: [libjvm.dylib+0x4365f9], sa_mask[0]=11111111011111110111111111111111, sa_flags=SA_RESTART|SA_SIGINFO
SIGINT: [libjvm.dylib+0x4365f9], sa_mask[0]=11111111011111110111111111111111, sa_flags=SA_RESTART|SA_SIGINFO
SIGTERM: [libjvm.dylib+0x4365f9], sa_mask[0]=11111111011111110111111111111111, sa_flags=SA_RESTART|SA_SIGINFO
SIGQUIT: [libjvm.dylib+0x4365f9], sa_mask[0]=11111111011111110111111111111111, sa_flags=SA_RESTART|SA_SIGINFO


---------------  S Y S T E M  ---------------

OS:Bsduname:Darwin 17.3.0 Darwin Kernel Version 17.3.0: Thu Nov  9 18:09:22 PST 2017; root:xnu-4570.31.3~1/RELEASE_X86_64 x86_64
rlimit: STACK 8192k, CORE 0k, NPROC 1418, NOFILE 10240, AS infinity
load average:2.55 2.17 1.88

CPU:total 8 (initial active 8) (4 cores per cpu, 2 threads per core) family 6 model 94 stepping 3, cmov, cx8, fxsr, mmx, sse, sse2, sse3, ssse3, sse4.1, sse4.2, popcnt, avx, avx2, aes, clmul, erms, rtm, 3dnowpref, lzcnt, ht, tsc, tscinvbit, bmi1, bmi2, adx

Memory: 4k page, physical 16777216k(2012152k free)

/proc/meminfo:


vm_info: OpenJDK 64-Bit Server VM (25.152-b01) for bsd-amd64 JRE (1.8.0_152-release-1024-b01), built by "builder" with gcc 4.2.1 Compatible Apple LLVM 8.1.0 (clang-802.0.42)

time: Fri Oct 12 11:45:29 2018
elapsed time: 1 seconds (0d 0h 0m 1s)

