#
# A fatal error has been detected by the Java Runtime Environment:
#
#  SIGSEGV (0xb) at pc=0x000000010bccdf2a, pid=593, tid=0x0000000000003b03
#
# JRE version: OpenJDK Runtime Environment (8.0_152-b01) (build 1.8.0_152-release-1024-b01)
# Java VM: OpenJDK 64-Bit Server VM (25.152-b01 mixed mode bsd-amd64 compressed oops)
# Problematic frame:
# V  [libjvm.dylib+0xcdf2a]
#
# Failed to write core dump. Core dumps have been disabled. To enable core dumping, try "ulimit -c unlimited" before starting Java again
#
# If you would like to submit a bug report, please visit:
#   http://bugreport.java.com/bugreport/crash.jsp
#

---------------  T H R E A D  ---------------

Current thread (0x00007ff43382d800):  JavaThread "C2 CompilerThread1" daemon [_thread_in_native, id=15107, stack(0x000070000ecd4000,0x000070000edd4000)]

siginfo: si_signo: 11 (SIGSEGV), si_code: 0 (unknown), si_addr: 0x0000000000000000

Registers:
RAX=0x00007ff4391e7e48, RBX=0x0000000000000001, RCX=0x000070000edd23e8, RDX=0x80007ff431677e50
RSP=0x000070000edd0b60, RBP=0x000070000edd0c30, RSI=0x0000000000000371, RDI=0x00000000ffffffff
R8 =0xffffffffffffffff, R9 =0x00007ff4337c3190, R10=0x0000000000000002, R11=0x0000000000000000
R12=0x000070000edd0ba0, R13=0x000070000edd3078, R14=0x00007ff430e4c810, R15=0x00007ff431677eb0
RIP=0x000000010bccdf2a, EFLAGS=0x0000000000010246, ERR=0x0000000000000000
  TRAPNO=0x000000000000000d

Top of Stack: (sp=0x000070000edd0b60)
0x000070000edd0b60:   0000000000000000 00007ff439179ba0
0x000070000edd0b70:   0000000000000020 0000000000000008
0x000070000edd0b80:   0000000000000000 000070000edd2450
0x000070000edd0b90:   00007ff43040cfc0 00007ff437b61a10
0x000070000edd0ba0:   0000700000000200 00007ff43040cfc0
0x000070000edd0bb0:   00007ff4340e5010 000000000000003b
0x000070000edd0bc0:   0000000000000000 0000000000000008
0x000070000edd0bd0:   00000000000000fd 000070000edd3078
0x000070000edd0be0:   00000000000001fa 00000000000007e8
0x000070000edd0bf0:   0000000000000008 000070000edd23e8
0x000070000edd0c00:   00007ff4316135c0 00007ff438810810
0x000070000edd0c10:   00007ff4343daf30 000070000edd3078
0x000070000edd0c20:   000070000edd3888 00000000000044eb
0x000070000edd0c30:   000070000edd0c80 000000010c03f221
0x000070000edd0c40:   00007ff439133ff8 000070000edd3210
0x000070000edd0c50:   000000010c33b348 000070000edd3078
0x000070000edd0c60:   000070000edd3210 000070000edd3168
0x000070000edd0c70:   000070000edd1920 000070000edd1920
0x000070000edd0c80:   000070000edd2490 000000010bd96b2b
0x000070000edd0c90:   0000000000000000 000000010c3b7da0
0x000070000edd0ca0:   0000000000000006 000070000edd3078
0x000070000edd0cb0:   00007ff43040cfc0 00007ff43040cfc0
0x000070000edd0cc0:   0000000000004000 000000011316a010
0x000070000edd0cd0:   0000000000000000 00007ff43040cfc0
0x000070000edd0ce0:   0000000000004000 00000001131b8010
0x000070000edd0cf0:   0000000000000000 0000000000000000
0x000070000edd0d00:   0000000000000000 0000000000000000
0x000070000edd0d10:   0000000000000000 0000000000000000
0x000070000edd0d20:   0000000000000000 0000000000000000
0x000070000edd0d30:   0000000000000000 0000000000000000
0x000070000edd0d40:   0000000000000000 0000000000000000
0x000070000edd0d50:   0000000000000000 0000000000000000 

Instructions: (pc=0x000000010bccdf2a)
0x000000010bccdf0a:   8b 77 4c 49 83 3c f6 00 74 0f ff c8 48 83 c2 f8
0x000000010bccdf1a:   39 f8 75 df e9 5a 01 00 00 49 8b 47 20 48 8b 10
0x000000010bccdf2a:   44 8b 52 18 41 83 fa 02 72 78 4c 8b 41 68 4c 8b
0x000000010bccdf3a:   4a 08 be 01 00 00 00 b9 ef be ad de 89 f0 49 8b 

Register to memory mapping:

RAX=0x00007ff4391e7e48 is an unknown value
RBX=0x0000000000000001 is an unknown value
RCX=0x000070000edd23e8 is pointing into the stack for thread: 0x00007ff43382d800
RDX=0x80007ff431677e50 is an unknown value
RSP=0x000070000edd0b60 is pointing into the stack for thread: 0x00007ff43382d800
RBP=0x000070000edd0c30 is pointing into the stack for thread: 0x00007ff43382d800
RSI=0x0000000000000371 is an unknown value
RDI=0x00000000ffffffff is an unknown value
R8 =0xffffffffffffffff is an unknown value
R9 =0x00007ff4337c3190 is an unknown value
R10=0x0000000000000002 is an unknown value
R11=0x0000000000000000 is an unknown value
R12=0x000070000edd0ba0 is pointing into the stack for thread: 0x00007ff43382d800
R13=0x000070000edd3078 is pointing into the stack for thread: 0x00007ff43382d800
R14=0x00007ff430e4c810 is an unknown value
R15=0x00007ff431677eb0 is an unknown value


Stack: [0x000070000ecd4000,0x000070000edd4000],  sp=0x000070000edd0b60,  free space=1010k
Native frames: (J=compiled Java code, j=interpreted, Vv=VM code, C=native code)
V  [libjvm.dylib+0xcdf2a]
V  [libjvm.dylib+0x43f221]
V  [libjvm.dylib+0x196b2b]
V  [libjvm.dylib+0x195388]
V  [libjvm.dylib+0x13b9da]
V  [libjvm.dylib+0x1a067a]
V  [libjvm.dylib+0x19fc78]
V  [libjvm.dylib+0x505e88]
V  [libjvm.dylib+0x505d4d]
V  [libjvm.dylib+0x435709]
C  [libsystem_pthread.dylib+0x36c1]  _pthread_body+0x154
C  [libsystem_pthread.dylib+0x356d]  _pthread_body+0x0
C  [libsystem_pthread.dylib+0x2c5d]  thread_start+0xd
C  0x0000000000000000


Current CompileTask:
C2: 392024 12741       4       org.apache.ivy.core.IvyPatternHelper::substituteVariables (213 bytes)


---------------  P R O C E S S  ---------------

Java Threads: ( => current thread )
  0x00007ff4388dd800 JavaThread "Cache worker for Java compile cache (/Users/annascott/ApacheLanguage/.gradle/4.4/javaCompile)" [_thread_blocked, id=39175, stack(0x000070001103d000,0x000070001113d000)]
  0x00007ff4314ee000 JavaThread "Task worker for ':' Thread 7" [_thread_blocked, id=37383, stack(0x0000700010f3a000,0x000070001103a000)]
  0x00007ff434137000 JavaThread "Task worker for ':' Thread 6" [_thread_blocked, id=39687, stack(0x0000700010e37000,0x0000700010f37000)]
  0x00007ff437cf1000 JavaThread "Task worker for ':' Thread 5" [_thread_blocked, id=39943, stack(0x0000700010d34000,0x0000700010e34000)]
  0x00007ff437b75000 JavaThread "Task worker for ':' Thread 4" [_thread_blocked, id=24071, stack(0x0000700010c31000,0x0000700010d31000)]
  0x00007ff4349a7800 JavaThread "Task worker for ':' Thread 3" [_thread_blocked, id=23303, stack(0x0000700010b2e000,0x0000700010c2e000)]
  0x00007ff4349a6800 JavaThread "Task worker for ':' Thread 2" [_thread_blocked, id=41223, stack(0x0000700010a2b000,0x0000700010b2b000)]
  0x00007ff439189800 JavaThread "Task worker for ':'" [_thread_in_Java, id=41735, stack(0x0000700010928000,0x0000700010a28000)]
  0x00007ff434a6b800 JavaThread "Cache worker for Build Output Cleanup Cache (/Users/annascott/ApacheLanguage/.gradle/buildOutputCleanup)" [_thread_blocked, id=41991, stack(0x0000700010825000,0x0000700010925000)]
  0x00007ff434141000 JavaThread "Cache worker for task history cache (/Users/annascott/ApacheLanguage/.gradle/4.4/taskHistory)" [_thread_blocked, id=49167, stack(0x0000700010722000,0x0000700010822000)]
  0x00007ff437cf0800 JavaThread "Cache worker for file content cache (/Users/annascott/ApacheLanguage/.gradle/4.4/fileContent)" [_thread_blocked, id=83731, stack(0x000070001051c000,0x000070001061c000)]
  0x00007ff434b7b800 JavaThread "build operations Thread 8" [_thread_blocked, id=82195, stack(0x0000700010419000,0x0000700010519000)]
  0x00007ff437b74800 JavaThread "build operations Thread 7" [_thread_blocked, id=34063, stack(0x0000700010316000,0x0000700010416000)]
  0x00007ff434d26000 JavaThread "build operations Thread 6" [_thread_blocked, id=51463, stack(0x0000700010213000,0x0000700010313000)]
  0x00007ff433437000 JavaThread "build operations Thread 5" [_thread_blocked, id=46867, stack(0x0000700010110000,0x0000700010210000)]
  0x00007ff4349ac800 JavaThread "build operations Thread 4" [_thread_blocked, id=47891, stack(0x000070001000d000,0x000070001010d000)]
  0x00007ff434bbd800 JavaThread "build operations Thread 3" [_thread_blocked, id=48403, stack(0x000070000ff0a000,0x000070001000a000)]
  0x00007ff434db3000 JavaThread "build operations Thread 2" [_thread_blocked, id=32263, stack(0x000070000fe07000,0x000070000ff07000)]
  0x00007ff4310d5800 JavaThread "build operations" [_thread_blocked, id=86791, stack(0x000070000fd04000,0x000070000fe04000)]
  0x00007ff4313f6000 JavaThread "Cache worker for Artifact transforms cache (/Users/annascott/.gradle/caches/transforms-1)" [_thread_blocked, id=87047, stack(0x000070000fc01000,0x000070000fd01000)]
  0x00007ff43927d000 JavaThread "Cache worker for file hash cache (/Users/annascott/ApacheLanguage/.gradle/4.4/fileHashes)" [_thread_blocked, id=31239, stack(0x000070000f8f8000,0x000070000f9f8000)]
  0x00007ff432f5e800 JavaThread "Stdin handler" [_thread_blocked, id=43527, stack(0x000070000f7f5000,0x000070000f8f5000)]
  0x00007ff435b5a000 JavaThread "Asynchronous log dispatcher for DefaultDaemonConnection: socket connection from /127.0.0.1:49600 to /127.0.0.1:49978" [_thread_blocked, id=86279, stack(0x000070000f6f2000,0x000070000f7f2000)]
  0x00007ff43581e000 JavaThread "Daemon worker Thread 2" [_thread_blocked, id=32007, stack(0x000070000f5ef000,0x000070000f6ef000)]
  0x00007ff434951800 JavaThread "Cancel handler" [_thread_blocked, id=30983, stack(0x000070000f4ec000,0x000070000f5ec000)]
  0x00007ff43729a800 JavaThread "Handler for socket connection from /127.0.0.1:49600 to /127.0.0.1:49978" [_thread_in_native, id=22791, stack(0x000070000f3e9000,0x000070000f4e9000)]
  0x00007ff430af5800 JavaThread "Daemon Thread 2" [_thread_blocked, id=42503, stack(0x000070000dd21000,0x000070000de21000)]
  0x00007ff435dc7800 JavaThread "Memory manager" [_thread_blocked, id=37123, stack(0x000070001061f000,0x000070001071f000)]
  0x00007ff434067000 JavaThread "File lock request listener" [_thread_in_native, id=40451, stack(0x000070000fafe000,0x000070000fbfe000)]
  0x00007ff434858000 JavaThread "Cache worker for file hash cache (/Users/annascott/.gradle/caches/4.4/fileHashes)" [_thread_blocked, id=40707, stack(0x000070000f9fb000,0x000070000fafb000)]
  0x00007ff433419800 JavaThread "Daemon periodic checks" [_thread_blocked, id=42755, stack(0x000070000f2e6000,0x000070000f3e6000)]
  0x00007ff432e78800 JavaThread "Incoming local TCP Connector on port 49600" [_thread_in_native, id=43267, stack(0x000070000f1e3000,0x000070000f2e3000)]
  0x00007ff432808800 JavaThread "Service Thread" daemon [_thread_blocked, id=16387, stack(0x000070000efdd000,0x000070000f0dd000)]
  0x00007ff43382e000 JavaThread "C1 CompilerThread3" daemon [_thread_in_vm, id=15619, stack(0x000070000eeda000,0x000070000efda000)]
  0x00007ff434002800 JavaThread "C2 CompilerThread2" daemon [_thread_in_native, id=16899, stack(0x000070000edd7000,0x000070000eed7000)]
=>0x00007ff43382d800 JavaThread "C2 CompilerThread1" daemon [_thread_in_native, id=15107, stack(0x000070000ecd4000,0x000070000edd4000)]
  0x00007ff433824800 JavaThread "C2 CompilerThread0" daemon [_thread_in_native, id=17667, stack(0x000070000ebd1000,0x000070000ecd1000)]
  0x00007ff432807800 JavaThread "Signal Dispatcher" daemon [_thread_blocked, id=17927, stack(0x000070000eace000,0x000070000ebce000)]
  0x00007ff433820000 JavaThread "Finalizer" daemon [_thread_blocked, id=13571, stack(0x000070000e9cb000,0x000070000eacb000)]
  0x00007ff43282c800 JavaThread "Reference Handler" daemon [_thread_blocked, id=13059, stack(0x000070000e8c8000,0x000070000e9c8000)]
  0x00007ff433000800 JavaThread "main" [_thread_blocked, id=6147, stack(0x000070000deaa000,0x000070000dfaa000)]

Other Threads:
  0x00007ff43282a000 VMThread [stack: 0x000070000e7c5000,0x000070000e8c5000] [id=20483]
  0x00007ff431000000 WatcherThread [stack: 0x000070000f0e0000,0x000070000f1e0000] [id=16131]

VM state:not at safepoint (normal execution)

VM Mutex/Monitor currently owned by a thread: None

Heap:
 PSYoungGen      total 332800K, used 42063K [0x00000007a0000000, 0x00000007b8300000, 0x00000007c0000000)
  eden space 312832K, 7% used [0x00000007a0000000,0x00000007a15b5ab8,0x00000007b3180000)
  from space 19968K, 99% used [0x00000007b6f80000,0x00000007b82de160,0x00000007b8300000)
  to   space 26112K, 0% used [0x00000007b5000000,0x00000007b5000000,0x00000007b6980000)
 ParOldGen       total 302592K, used 53836K [0x0000000760000000, 0x0000000772780000, 0x00000007a0000000)
  object space 302592K, 17% used [0x0000000760000000,0x0000000763493050,0x0000000772780000)
 Metaspace       used 78365K, capacity 83780K, committed 84056K, reserved 1122304K
  class space    used 10522K, capacity 11567K, committed 11648K, reserved 1048576K

Card table byte_map: [0x000000010caad000,0x000000010cdae000] byte_map_base: 0x0000000108fad000

Marking Bits: (ParMarkBitMap*) 0x000000010c3f81c8
 Begin Bits: [0x000000010cfae000, 0x000000010e7ae000)
 End Bits:   [0x000000010e7ae000, 0x000000010ffae000)

Polling page: 0x000000010abf9000

CodeCache: size=245760Kb used=34454Kb max_used=34477Kb free=211305Kb
 bounds [0x00000001174a1000, 0x0000000119681000, 0x00000001264a1000]
 total_blobs=11926 nmethods=11086 adapters=751
 compilation: enabled

Compilation events (10 events):
Event: 392.007 Thread 0x00007ff43382e000 13552       2       com.sun.tools.javac.code.Scope$1::accepts (9 bytes)
Event: 392.007 Thread 0x00007ff43382e000 nmethod 13552 0x0000000118980e10 code [0x0000000118980f80, 0x0000000118981130]
Event: 392.007 Thread 0x00007ff43382e000 13556       1       com.sun.tools.javac.code.Type::withTypeVar (2 bytes)
Event: 392.007 Thread 0x00007ff43382e000 nmethod 13556 0x0000000118980b50 code [0x0000000118980ca0, 0x0000000118980db0]
Event: 392.007 Thread 0x00007ff43382e000 13553       2       com.sun.tools.javac.code.Scope$1::accepts (14 bytes)
Event: 392.008 Thread 0x00007ff43382e000 nmethod 13553 0x0000000118980810 code [0x0000000118980960, 0x0000000118980ad0]
Event: 392.009 Thread 0x00007ff43382e000 13557       2       com.sun.tools.javac.code.Scope::lookup (67 bytes)
Event: 392.009 Thread 0x00007ff43382e000 nmethod 13557 0x00000001189801d0 code [0x0000000118980360, 0x0000000118980618]
Event: 392.010 Thread 0x00007ff434002800 nmethod 13472 0x000000011897bb10 code [0x000000011897bcc0, 0x000000011897c5a8]
Event: 392.010 Thread 0x00007ff434002800 13555       4       com.sun.tools.javac.jvm.ClassReader::sigToType (880 bytes)

GC Heap History (10 events):
Event: 10.603 GC heap before
{Heap before GC invocations=9 (full 2):
 PSYoungGen      total 252416K, used 161360K [0x00000007a0000000, 0x00000007b7300000, 0x00000007c0000000)
  eden space 251392K, 63% used [0x00000007a0000000,0x00000007a9c9c290,0x00000007af580000)
  from space 1024K, 96% used [0x00000007b0a00000,0x00000007b0af8010,0x00000007b0b00000)
  to   space 20992K, 0% used [0x00000007af580000,0x00000007af580000,0x00000007b0a00000)
 ParOldGen       total 182784K, used 40997K [0x0000000760000000, 0x000000076b280000, 0x00000007a0000000)
  object space 182784K, 22% used [0x0000000760000000,0x0000000762809710,0x000000076b280000)
 Metaspace       used 56975K, capacity 58832K, committed 58968K, reserved 1099776K
  class space    used 7724K, capacity 8201K, committed 8320K, reserved 1048576K
Event: 10.612 GC heap after
Heap after GC invocations=9 (full 2):
 PSYoungGen      total 272384K, used 10202K [0x00000007a0000000, 0x00000007b6b80000, 0x00000007c0000000)
  eden space 251392K, 0% used [0x00000007a0000000,0x00000007a0000000,0x00000007af580000)
  from space 20992K, 48% used [0x00000007af580000,0x00000007aff76810,0x00000007b0a00000)
  to   space 19968K, 0% used [0x00000007b5800000,0x00000007b5800000,0x00000007b6b80000)
 ParOldGen       total 182784K, used 41005K [0x0000000760000000, 0x000000076b280000, 0x00000007a0000000)
  object space 182784K, 22% used [0x0000000760000000,0x000000076280b710,0x000000076b280000)
 Metaspace       used 56975K, capacity 58832K, committed 58968K, reserved 1099776K
  class space    used 7724K, capacity 8201K, committed 8320K, reserved 1048576K
}
Event: 10.612 GC heap before
{Heap before GC invocations=10 (full 3):
 PSYoungGen      total 272384K, used 10202K [0x00000007a0000000, 0x00000007b6b80000, 0x00000007c0000000)
  eden space 251392K, 0% used [0x00000007a0000000,0x00000007a0000000,0x00000007af580000)
  from space 20992K, 48% used [0x00000007af580000,0x00000007aff76810,0x00000007b0a00000)
  to   space 19968K, 0% used [0x00000007b5800000,0x00000007b5800000,0x00000007b6b80000)
 ParOldGen       total 182784K, used 41005K [0x0000000760000000, 0x000000076b280000, 0x00000007a0000000)
  object space 182784K, 22% used [0x0000000760000000,0x000000076280b710,0x000000076b280000)
 Metaspace       used 56975K, capacity 58832K, committed 58968K, reserved 1099776K
  class space    used 7724K, capacity 8201K, committed 8320K, reserved 1048576K
Event: 10.843 GC heap after
Heap after GC invocations=10 (full 3):
 PSYoungGen      total 272384K, used 0K [0x00000007a0000000, 0x00000007b6b80000, 0x00000007c0000000)
  eden space 251392K, 0% used [0x00000007a0000000,0x00000007a0000000,0x00000007af580000)
  from space 20992K, 0% used [0x00000007af580000,0x00000007af580000,0x00000007b0a00000)
  to   space 19968K, 0% used [0x00000007b5800000,0x00000007b5800000,0x00000007b6b80000)
 ParOldGen       total 302592K, used 47549K [0x0000000760000000, 0x0000000772780000, 0x00000007a0000000)
  object space 302592K, 15% used [0x0000000760000000,0x0000000762e6f798,0x0000000772780000)
 Metaspace       used 56970K, capacity 58814K, committed 58968K, reserved 1099776K
  class space    used 7723K, capacity 8198K, committed 8320K, reserved 1048576K
}
Event: 12.487 GC heap before
{Heap before GC invocations=11 (full 3):
 PSYoungGen      total 272384K, used 251297K [0x00000007a0000000, 0x00000007b6b80000, 0x00000007c0000000)
  eden space 251392K, 99% used [0x00000007a0000000,0x00000007af5684c0,0x00000007af580000)
  from space 20992K, 0% used [0x00000007af580000,0x00000007af580000,0x00000007b0a00000)
  to   space 19968K, 0% used [0x00000007b5800000,0x00000007b5800000,0x00000007b6b80000)
 ParOldGen       total 302592K, used 47549K [0x0000000760000000, 0x0000000772780000, 0x00000007a0000000)
  object space 302592K, 15% used [0x0000000760000000,0x0000000762e6f798,0x0000000772780000)
 Metaspace       used 63397K, capacity 65454K, committed 65496K, reserved 1105920K
  class space    used 8434K, capacity 8918K, committed 8960K, reserved 1048576K
Event: 12.493 GC heap after
Heap after GC invocations=11 (full 3):
 PSYoungGen      total 315392K, used 8733K [0x00000007a0000000, 0x00000007b6100000, 0x00000007c0000000)
  eden space 306176K, 0% used [0x00000007a0000000,0x00000007a0000000,0x00000007b2b00000)
  from space 9216K, 94% used [0x00000007b5800000,0x00000007b6087688,0x00000007b6100000)
  to   space 19968K, 0% used [0x00000007b3a00000,0x00000007b3a00000,0x00000007b4d80000)
 ParOldGen       total 302592K, used 47565K [0x0000000760000000, 0x0000000772780000, 0x00000007a0000000)
  object space 302592K, 15% used [0x0000000760000000,0x0000000762e73798,0x0000000772780000)
 Metaspace       used 63397K, capacity 65454K, committed 65496K, reserved 1105920K
  class space    used 8434K, capacity 8918K, committed 8960K, reserved 1048576K
}
Event: 14.065 GC heap before
{Heap before GC invocations=12 (full 3):
 PSYoungGen      total 315392K, used 314909K [0x00000007a0000000, 0x00000007b6100000, 0x00000007c0000000)
  eden space 306176K, 100% used [0x00000007a0000000,0x00000007b2b00000,0x00000007b2b00000)
  from space 9216K, 94% used [0x00000007b5800000,0x00000007b6087688,0x00000007b6100000)
  to   space 19968K, 0% used [0x00000007b3a00000,0x00000007b3a00000,0x00000007b4d80000)
 ParOldGen       total 302592K, used 47565K [0x0000000760000000, 0x0000000772780000, 0x00000007a0000000)
  object space 302592K, 15% used [0x0000000760000000,0x0000000762e73798,0x0000000772780000)
 Metaspace       used 72628K, capacity 77098K, committed 77272K, reserved 1116160K
  class space    used 9838K, capacity 10648K, committed 10752K, reserved 1048576K
Event: 14.083 GC heap after
Heap after GC invocations=12 (full 3):
 PSYoungGen      total 341504K, used 19965K [0x00000007a0000000, 0x00000007b8800000, 0x00000007c0000000)
  eden space 321536K, 0% used [0x00000007a0000000,0x00000007a0000000,0x00000007b3a00000)
  from space 19968K, 99% used [0x00000007b3a00000,0x00000007b4d7f6e8,0x00000007b4d80000)
  to   space 25088K, 0% used [0x00000007b6f80000,0x00000007b6f80000,0x00000007b8800000)
 ParOldGen       total 302592K, used 53828K [0x0000000760000000, 0x0000000772780000, 0x00000007a0000000)
  object space 302592K, 17% used [0x0000000760000000,0x0000000763491050,0x0000000772780000)
 Metaspace       used 72628K, capacity 77098K, committed 77272K, reserved 1116160K
  class space    used 9838K, capacity 10648K, committed 10752K, reserved 1048576K
}
Event: 391.891 GC heap before
{Heap before GC invocations=13 (full 3):
 PSYoungGen      total 341504K, used 341501K [0x00000007a0000000, 0x00000007b8800000, 0x00000007c0000000)
  eden space 321536K, 100% used [0x00000007a0000000,0x00000007b3a00000,0x00000007b3a00000)
  from space 19968K, 99% used [0x00000007b3a00000,0x00000007b4d7f6e8,0x00000007b4d80000)
  to   space 25088K, 0% used [0x00000007b6f80000,0x00000007b6f80000,0x00000007b8800000)
 ParOldGen       total 302592K, used 53828K [0x0000000760000000, 0x0000000772780000, 0x00000007a0000000)
  object space 302592K, 17% used [0x0000000760000000,0x0000000763491050,0x0000000772780000)
 Metaspace       used 78286K, capacity 83698K, committed 83800K, reserved 1122304K
  class space    used 10520K, capacity 11564K, committed 11648K, reserved 1048576K
Event: 391.908 GC heap after
Heap after GC invocations=13 (full 3):
 PSYoungGen      total 332800K, used 19832K [0x00000007a0000000, 0x00000007b8300000, 0x00000007c0000000)
  eden space 312832K, 0% used [0x00000007a0000000,0x00000007a0000000,0x00000007b3180000)
  from space 19968K, 99% used [0x00000007b6f80000,0x00000007b82de160,0x00000007b8300000)
  to   space 26112K, 0% used [0x00000007b5000000,0x00000007b5000000,0x00000007b6980000)
 ParOldGen       total 302592K, used 53836K [0x0000000760000000, 0x0000000772780000, 0x00000007a0000000)
  object space 302592K, 17% used [0x0000000760000000,0x0000000763493050,0x0000000772780000)
 Metaspace       used 78286K, capacity 83698K, committed 83800K, reserved 1122304K
  class space    used 10520K, capacity 11564K, committed 11648K, reserved 1048576K
}

Deoptimization events (10 events):
Event: 391.944 Thread 0x00007ff439189800 Uncommon trap: reason=unstable_if action=reinterpret pc=0x0000000118ecb7cc method=java.util.EnumSet.noneOf(Ljava/lang/Class;)Ljava/util/EnumSet; @ 40
Event: 391.975 Thread 0x00007ff439189800 Uncommon trap: reason=unstable_if action=reinterpret pc=0x0000000118d7b6b8 method=com.sun.tools.javac.code.Types$19.visitClassType(Lcom/sun/tools/javac/code/Type$ClassType;Ljava/lang/Void;)Lcom/sun/tools/javac/util/List; @ 22
Event: 391.993 Thread 0x00007ff439189800 Uncommon trap: reason=unstable_if action=reinterpret pc=0x0000000118e49578 method=com.sun.tools.javac.code.Lint$AugmentVisitor.initSyms()V @ 4
Event: 391.998 Thread 0x00007ff439189800 Uncommon trap: reason=bimorphic action=maybe_recompile pc=0x0000000118dfc3e4 method=com.sun.tools.javac.tree.TreeInfo.flags(Lcom/sun/tools/javac/tree/JCTree;)J @ 4
Event: 391.999 Thread 0x00007ff439189800 Uncommon trap: reason=bimorphic action=maybe_recompile pc=0x0000000118dfc3e4 method=com.sun.tools.javac.tree.TreeInfo.flags(Lcom/sun/tools/javac/tree/JCTree;)J @ 4
Event: 391.999 Thread 0x00007ff439189800 Uncommon trap: reason=bimorphic action=maybe_recompile pc=0x0000000118dfc3e4 method=com.sun.tools.javac.tree.TreeInfo.flags(Lcom/sun/tools/javac/tree/JCTree;)J @ 4
Event: 392.000 Thread 0x00007ff439189800 Uncommon trap: reason=bimorphic action=maybe_recompile pc=0x0000000118dfc3e4 method=com.sun.tools.javac.tree.TreeInfo.flags(Lcom/sun/tools/javac/tree/JCTree;)J @ 4
Event: 392.003 Thread 0x00007ff439189800 Uncommon trap: reason=bimorphic action=maybe_recompile pc=0x0000000118b77cd4 method=com.sun.tools.javac.code.Types$UnaryVisitor.visit(Lcom/sun/tools/javac/code/Type;)Ljava/lang/Object; @ 3
Event: 392.008 Thread 0x00007ff439189800 Uncommon trap: reason=unstable_if action=reinterpret pc=0x0000000118bbd3c0 method=com.sun.tools.javac.code.Scope.lookup(Lcom/sun/tools/javac/util/Name;Lcom/sun/tools/javac/util/Filter;)Lcom/sun/tools/javac/code/Scope$Entry; @ 19
Event: 392.010 Thread 0x00007ff439189800 Uncommon trap: reason=speculate_class_check action=maybe_recompile pc=0x0000000118e9d8e4 method=com.sun.tools.javac.code.Type.hasTag(Lcom/sun/tools/javac/code/TypeTag;)Z @ 2

Classes redefined (0 events):
No events

Internal exceptions (10 events):
Event: 15.327 Thread 0x00007ff432e7b000 Exception <a 'java/lang/NoSuchMethodError': <clinit>> (0x00000007abf31668) thrown at [/Volumes/android/AOSP-openjdk-git/jdk8u/hotspot/src/share/vm/prims/jni.cpp, line 1613]
Event: 15.327 Thread 0x00007ff432e7b000 Exception <a 'java/lang/NoSuchMethodError': <clinit>> (0x00000007abf3bfd0) thrown at [/Volumes/android/AOSP-openjdk-git/jdk8u/hotspot/src/share/vm/prims/jni.cpp, line 1613]
Event: 15.328 Thread 0x00007ff432e7b000 Exception <a 'java/lang/NoSuchMethodError': <clinit>> (0x00000007abf452e8) thrown at [/Volumes/android/AOSP-openjdk-git/jdk8u/hotspot/src/share/vm/prims/jni.cpp, line 1613]
Event: 15.329 Thread 0x00007ff432e7b000 Exception <a 'java/lang/NoSuchMethodError': <clinit>> (0x00000007abf60288) thrown at [/Volumes/android/AOSP-openjdk-git/jdk8u/hotspot/src/share/vm/prims/jni.cpp, line 1613]
Event: 15.330 Thread 0x00007ff432e7b000 Exception <a 'java/lang/NoSuchMethodError': <clinit>> (0x00000007abf70638) thrown at [/Volumes/android/AOSP-openjdk-git/jdk8u/hotspot/src/share/vm/prims/jni.cpp, line 1613]
Event: 15.331 Thread 0x00007ff432e7b000 Exception <a 'java/lang/NoSuchMethodError': <clinit>> (0x00000007abf750b0) thrown at [/Volumes/android/AOSP-openjdk-git/jdk8u/hotspot/src/share/vm/prims/jni.cpp, line 1613]
Event: 15.344 Thread 0x00007ff43341a000 Exception <a 'java/lang/NoSuchMethodError': <clinit>> (0x00000007ac32f1b0) thrown at [/Volumes/android/AOSP-openjdk-git/jdk8u/hotspot/src/share/vm/prims/jni.cpp, line 1613]
Event: 390.869 Thread 0x00007ff43581e000 Implicit null exception at 0x00000001183a8f52 to 0x00000001183a9081
Event: 390.896 Thread 0x00007ff43581e000 Exception <a 'java/lang/ClassNotFoundException': sync_local_repo1_31y5l87vk0gpqpk5ocgli7s9kBeanInfo> (0x00000007ad095248) thrown at [/Volumes/android/AOSP-openjdk-git/jdk8u/hotspot/src/share/vm/classfile/systemDictionary.cpp, line 210]
Event: 390.896 Thread 0x00007ff43581e000 Exception <a 'java/lang/ClassNotFoundException': sync_local_repo1_31y5l87vk0gpqpk5ocgli7s9kCustomizer> (0x00000007ad0a0c70) thrown at [/Volumes/android/AOSP-openjdk-git/jdk8u/hotspot/src/share/vm/classfile/systemDictionary.cpp, line 210]

Events (10 events):
Event: 392.000 Thread 0x00007ff439189800 DEOPT UNPACKING pc=0x00000001174e647a sp=0x0000700010a245b8 mode 2
Event: 392.003 Thread 0x00007ff439189800 Uncommon trap: trap_request=0xffffffc6 fr.pc=0x0000000118b77cd4
Event: 392.003 Thread 0x00007ff439189800 DEOPT PACKING pc=0x0000000118b77cd4 sp=0x0000700010a23bb0
Event: 392.003 Thread 0x00007ff439189800 DEOPT UNPACKING pc=0x00000001174e647a sp=0x0000700010a23b38 mode 2
Event: 392.008 Thread 0x00007ff439189800 Uncommon trap: trap_request=0xffffff65 fr.pc=0x0000000118bbd3c0
Event: 392.008 Thread 0x00007ff439189800 DEOPT PACKING pc=0x0000000118bbd3c0 sp=0x0000700010a23870
Event: 392.008 Thread 0x00007ff439189800 DEOPT UNPACKING pc=0x00000001174e647a sp=0x0000700010a23840 mode 2
Event: 392.010 Thread 0x00007ff439189800 Uncommon trap: trap_request=0xffffff76 fr.pc=0x0000000118e9d8e4
Event: 392.010 Thread 0x00007ff439189800 DEOPT PACKING pc=0x0000000118e9d8e4 sp=0x0000700010a23840
Event: 392.010 Thread 0x00007ff439189800 DEOPT UNPACKING pc=0x00000001174e647a sp=0x0000700010a23820 mode 2


Dynamic libraries:
0x0000000022ba4000 	/System/Library/Frameworks/Cocoa.framework/Versions/A/Cocoa
0x0000000022ba4000 	/System/Library/Frameworks/Security.framework/Versions/A/Security
0x0000000022ba4000 	/System/Library/Frameworks/ApplicationServices.framework/Versions/A/ApplicationServices
0x0000000022ba4000 	/usr/lib/libz.1.dylib
0x0000000022ba4000 	/usr/lib/libSystem.B.dylib
0x0000000022ba4000 	/System/Library/Frameworks/CoreFoundation.framework/Versions/A/CoreFoundation
0x0000000022ba4000 	/System/Library/Frameworks/Foundation.framework/Versions/C/Foundation
0x0000000022ba4000 	/usr/lib/libobjc.A.dylib
0x0000000022ba4000 	/System/Library/Frameworks/AppKit.framework/Versions/C/AppKit
0x0000000022ba4000 	/System/Library/Frameworks/CoreData.framework/Versions/A/CoreData
0x0000000022ba4000 	/System/Library/PrivateFrameworks/RemoteViewServices.framework/Versions/A/RemoteViewServices
0x0000000022ba4000 	/System/Library/PrivateFrameworks/UIFoundation.framework/Versions/A/UIFoundation
0x0000000022ba4000 	/System/Library/PrivateFrameworks/DFRFoundation.framework/Versions/A/DFRFoundation
0x0000000022ba4000 	/System/Library/Frameworks/Metal.framework/Versions/A/Metal
0x0000000022ba4000 	/System/Library/PrivateFrameworks/DesktopServicesPriv.framework/Versions/A/DesktopServicesPriv
0x0000000022ba4000 	/usr/lib/libenergytrace.dylib
0x0000000022ba4000 	/System/Library/PrivateFrameworks/SkyLight.framework/Versions/A/SkyLight
0x0000000022ba4000 	/System/Library/Frameworks/CoreGraphics.framework/Versions/A/CoreGraphics
0x0000000022ba4000 	/usr/lib/libScreenReader.dylib
0x0000000022ba4000 	/System/Library/Frameworks/Accelerate.framework/Versions/A/Accelerate
0x0000000022ba4000 	/System/Library/Frameworks/IOSurface.framework/Versions/A/IOSurface
0x0000000022ba4000 	/System/Library/Frameworks/AudioToolbox.framework/Versions/A/AudioToolbox
0x0000000022ba4000 	/System/Library/Frameworks/AudioUnit.framework/Versions/A/AudioUnit
0x0000000022ba4000 	/System/Library/PrivateFrameworks/DataDetectorsCore.framework/Versions/A/DataDetectorsCore
0x0000000022ba4000 	/System/Library/Frameworks/Carbon.framework/Versions/A/Frameworks/HIToolbox.framework/Versions/A/HIToolbox
0x0000000022ba4000 	/usr/lib/libicucore.A.dylib
0x0000000022ba4000 	/System/Library/Frameworks/QuartzCore.framework/Versions/A/QuartzCore
0x0000000022ba4000 	/System/Library/Frameworks/Carbon.framework/Versions/A/Frameworks/SpeechRecognition.framework/Versions/A/SpeechRecognition
0x0000000022ba4000 	/usr/lib/libauto.dylib
0x0000000022ba4000 	/usr/lib/libxml2.2.dylib
0x0000000022ba4000 	/System/Library/PrivateFrameworks/CoreUI.framework/Versions/A/CoreUI
0x0000000022ba4000 	/System/Library/Frameworks/CoreAudio.framework/Versions/A/CoreAudio
0x0000000022ba4000 	/System/Library/Frameworks/DiskArbitration.framework/Versions/A/DiskArbitration
0x0000000022ba4000 	/usr/lib/liblangid.dylib
0x0000000022ba4000 	/System/Library/PrivateFrameworks/MultitouchSupport.framework/Versions/A/MultitouchSupport
0x0000000022ba4000 	/System/Library/Frameworks/IOKit.framework/Versions/A/IOKit
0x0000000022ba4000 	/usr/lib/libDiagnosticMessagesClient.dylib
0x0000000022ba4000 	/System/Library/Frameworks/CoreServices.framework/Versions/A/CoreServices
0x0000000022ba4000 	/System/Library/PrivateFrameworks/PerformanceAnalysis.framework/Versions/A/PerformanceAnalysis
0x0000000022ba4000 	/System/Library/Frameworks/OpenGL.framework/Versions/A/OpenGL
0x0000000022ba4000 	/System/Library/Frameworks/ColorSync.framework/Versions/A/ColorSync
0x0000000022ba4000 	/System/Library/Frameworks/CoreImage.framework/Versions/A/CoreImage
0x0000000022ba4000 	/System/Library/Frameworks/CoreText.framework/Versions/A/CoreText
0x0000000022ba4000 	/System/Library/Frameworks/ImageIO.framework/Versions/A/ImageIO
0x0000000022ba4000 	/System/Library/PrivateFrameworks/Backup.framework/Versions/A/Backup
0x0000000022ba4000 	/usr/lib/libarchive.2.dylib
0x0000000022ba4000 	/System/Library/Frameworks/CFNetwork.framework/Versions/A/CFNetwork
0x0000000022ba4000 	/System/Library/Frameworks/SystemConfiguration.framework/Versions/A/SystemConfiguration
0x0000000022ba4000 	/usr/lib/libCRFSuite.dylib
0x0000000022ba4000 	/usr/lib/libc++.1.dylib
0x0000000022ba4000 	/usr/lib/libc++abi.dylib
0x0000000022ba4000 	/usr/lib/system/libcache.dylib
0x0000000022ba4000 	/usr/lib/system/libcommonCrypto.dylib
0x0000000022ba4000 	/usr/lib/system/libcompiler_rt.dylib
0x0000000022ba4000 	/usr/lib/system/libcopyfile.dylib
0x0000000022ba4000 	/usr/lib/system/libcorecrypto.dylib
0x0000000022ba4000 	/usr/lib/system/libdispatch.dylib
0x0000000022ba4000 	/usr/lib/system/libdyld.dylib
0x0000000022ba4000 	/usr/lib/system/libkeymgr.dylib
0x0000000022ba4000 	/usr/lib/system/liblaunch.dylib
0x0000000022ba4000 	/usr/lib/system/libmacho.dylib
0x0000000022ba4000 	/usr/lib/system/libquarantine.dylib
0x0000000022ba4000 	/usr/lib/system/libremovefile.dylib
0x0000000022ba4000 	/usr/lib/system/libsystem_asl.dylib
0x0000000022ba4000 	/usr/lib/system/libsystem_blocks.dylib
0x0000000022ba4000 	/usr/lib/system/libsystem_c.dylib
0x0000000022ba4000 	/usr/lib/system/libsystem_configuration.dylib
0x0000000022ba4000 	/usr/lib/system/libsystem_coreservices.dylib
0x0000000022ba4000 	/usr/lib/system/libsystem_darwin.dylib
0x0000000022ba4000 	/usr/lib/system/libsystem_dnssd.dylib
0x0000000022ba4000 	/usr/lib/system/libsystem_info.dylib
0x0000000022ba4000 	/usr/lib/system/libsystem_m.dylib
0x0000000022ba4000 	/usr/lib/system/libsystem_malloc.dylib
0x0000000022ba4000 	/usr/lib/system/libsystem_network.dylib
0x0000000022ba4000 	/usr/lib/system/libsystem_networkextension.dylib
0x0000000022ba4000 	/usr/lib/system/libsystem_notify.dylib
0x0000000022ba4000 	/usr/lib/system/libsystem_sandbox.dylib
0x0000000022ba4000 	/usr/lib/system/libsystem_secinit.dylib
0x0000000022ba4000 	/usr/lib/system/libsystem_kernel.dylib
0x0000000022ba4000 	/usr/lib/system/libsystem_platform.dylib
0x0000000022ba4000 	/usr/lib/system/libsystem_pthread.dylib
0x0000000022ba4000 	/usr/lib/system/libsystem_symptoms.dylib
0x0000000022ba4000 	/usr/lib/system/libsystem_trace.dylib
0x0000000022ba4000 	/usr/lib/system/libunwind.dylib
0x0000000022ba4000 	/usr/lib/system/libxpc.dylib
0x0000000022ba4000 	/usr/lib/closure/libclosured.dylib
0x0000000022ba4000 	/usr/lib/libbsm.0.dylib
0x0000000022ba4000 	/usr/lib/system/libkxld.dylib
0x0000000022ba4000 	/usr/lib/libOpenScriptingUtil.dylib
0x0000000022ba4000 	/usr/lib/libcoretls.dylib
0x0000000022ba4000 	/usr/lib/libcoretls_cfhelpers.dylib
0x0000000022ba4000 	/usr/lib/libpam.2.dylib
0x0000000022ba4000 	/usr/lib/libsqlite3.dylib
0x0000000022ba4000 	/usr/lib/libxar.1.dylib
0x0000000022ba4000 	/usr/lib/libbz2.1.0.dylib
0x0000000022ba4000 	/usr/lib/liblzma.5.dylib
0x0000000022ba4000 	/usr/lib/libnetwork.dylib
0x0000000022ba4000 	/usr/lib/libapple_nghttp2.dylib
0x0000000022ba4000 	/usr/lib/libpcap.A.dylib
0x0000000022ba4000 	/usr/lib/libboringssl.dylib
0x0000000022ba4000 	/usr/lib/libusrtcp.dylib
0x0000000022ba4000 	/usr/lib/libapple_crypto.dylib
0x0000000022ba4000 	/System/Library/Frameworks/CoreServices.framework/Versions/A/Frameworks/FSEvents.framework/Versions/A/FSEvents
0x0000000022ba4000 	/System/Library/Frameworks/CoreServices.framework/Versions/A/Frameworks/CarbonCore.framework/Versions/A/CarbonCore
0x0000000022ba4000 	/System/Library/Frameworks/CoreServices.framework/Versions/A/Frameworks/Metadata.framework/Versions/A/Metadata
0x0000000022ba4000 	/System/Library/Frameworks/CoreServices.framework/Versions/A/Frameworks/OSServices.framework/Versions/A/OSServices
0x0000000022ba4000 	/System/Library/Frameworks/CoreServices.framework/Versions/A/Frameworks/SearchKit.framework/Versions/A/SearchKit
0x0000000022ba4000 	/System/Library/Frameworks/CoreServices.framework/Versions/A/Frameworks/AE.framework/Versions/A/AE
0x0000000022ba4000 	/System/Library/Frameworks/CoreServices.framework/Versions/A/Frameworks/LaunchServices.framework/Versions/A/LaunchServices
0x0000000022ba4000 	/System/Library/Frameworks/CoreServices.framework/Versions/A/Frameworks/DictionaryServices.framework/Versions/A/DictionaryServices
0x0000000022ba4000 	/System/Library/Frameworks/CoreServices.framework/Versions/A/Frameworks/SharedFileList.framework/Versions/A/SharedFileList
0x0000000022ba4000 	/System/Library/Frameworks/NetFS.framework/Versions/A/NetFS
0x0000000022ba4000 	/System/Library/PrivateFrameworks/NetAuth.framework/Versions/A/NetAuth
0x0000000022ba4000 	/System/Library/PrivateFrameworks/login.framework/Versions/A/Frameworks/loginsupport.framework/Versions/A/loginsupport
0x0000000022ba4000 	/System/Library/PrivateFrameworks/TCC.framework/Versions/A/TCC
0x0000000022ba4000 	/usr/lib/libmecabra.dylib
0x0000000022ba4000 	/System/Library/Frameworks/ApplicationServices.framework/Versions/A/Frameworks/ATS.framework/Versions/A/ATS
0x0000000022ba4000 	/System/Library/Frameworks/ApplicationServices.framework/Versions/A/Frameworks/ColorSyncLegacy.framework/Versions/A/ColorSyncLegacy
0x0000000022ba4000 	/System/Library/Frameworks/ApplicationServices.framework/Versions/A/Frameworks/HIServices.framework/Versions/A/HIServices
0x0000000022ba4000 	/System/Library/Frameworks/ApplicationServices.framework/Versions/A/Frameworks/LangAnalysis.framework/Versions/A/LangAnalysis
0x0000000022ba4000 	/System/Library/Frameworks/ApplicationServices.framework/Versions/A/Frameworks/PrintCore.framework/Versions/A/PrintCore
0x0000000022ba4000 	/System/Library/Frameworks/ApplicationServices.framework/Versions/A/Frameworks/QD.framework/Versions/A/QD
0x0000000022ba4000 	/System/Library/Frameworks/ApplicationServices.framework/Versions/A/Frameworks/SpeechSynthesis.framework/Versions/A/SpeechSynthesis
0x0000000022ba4000 	/System/Library/Frameworks/CoreDisplay.framework/Versions/A/CoreDisplay
0x0000000022ba4000 	/System/Library/Frameworks/Accelerate.framework/Versions/A/Frameworks/vImage.framework/Versions/A/vImage
0x0000000022ba4000 	/System/Library/Frameworks/Accelerate.framework/Versions/A/Frameworks/vecLib.framework/Versions/A/vecLib
0x0000000022ba4000 	/System/Library/Frameworks/Accelerate.framework/Versions/A/Frameworks/vecLib.framework/Versions/A/libvDSP.dylib
0x0000000022ba4000 	/System/Library/Frameworks/Accelerate.framework/Versions/A/Frameworks/vecLib.framework/Versions/A/libBNNS.dylib
0x0000000022ba4000 	/System/Library/Frameworks/Accelerate.framework/Versions/A/Frameworks/vecLib.framework/Versions/A/libQuadrature.dylib
0x0000000022ba4000 	/System/Library/Frameworks/Accelerate.framework/Versions/A/Frameworks/vecLib.framework/Versions/A/libvMisc.dylib
0x0000000022ba4000 	/System/Library/Frameworks/Accelerate.framework/Versions/A/Frameworks/vecLib.framework/Versions/A/libLAPACK.dylib
0x0000000022ba4000 	/System/Library/Frameworks/Accelerate.framework/Versions/A/Frameworks/vecLib.framework/Versions/A/libBLAS.dylib
0x0000000022ba4000 	/System/Library/Frameworks/Accelerate.framework/Versions/A/Frameworks/vecLib.framework/Versions/A/libLinearAlgebra.dylib
0x0000000022ba4000 	/System/Library/Frameworks/Accelerate.framework/Versions/A/Frameworks/vecLib.framework/Versions/A/libSparse.dylib
0x0000000022ba4000 	/System/Library/Frameworks/Accelerate.framework/Versions/A/Frameworks/vecLib.framework/Versions/A/libSparseBLAS.dylib
0x0000000022ba4000 	/System/Library/PrivateFrameworks/IOAccelerator.framework/Versions/A/IOAccelerator
0x0000000022ba4000 	/System/Library/PrivateFrameworks/IOPresentment.framework/Versions/A/IOPresentment
0x0000000022ba4000 	/System/Library/PrivateFrameworks/DSExternalDisplay.framework/Versions/A/DSExternalDisplay
0x0000000022ba4000 	/System/Library/Frameworks/OpenGL.framework/Versions/A/Libraries/libCoreFSCache.dylib
0x0000000022ba4000 	/System/Library/Frameworks/CoreVideo.framework/Versions/A/CoreVideo
0x0000000022ba4000 	/System/Library/PrivateFrameworks/GraphVisualizer.framework/Versions/A/GraphVisualizer
0x0000000022ba4000 	/System/Library/Frameworks/MetalPerformanceShaders.framework/Versions/A/MetalPerformanceShaders
0x0000000022ba4000 	/usr/lib/libFosl_dynamic.dylib
0x0000000022ba4000 	/System/Library/PrivateFrameworks/FaceCore.framework/Versions/A/FaceCore
0x0000000022ba4000 	/System/Library/Frameworks/OpenCL.framework/Versions/A/OpenCL
0x0000000022ba4000 	/usr/lib/libcompression.dylib
0x0000000022ba4000 	/System/Library/Frameworks/ApplicationServices.framework/Versions/A/Frameworks/ATS.framework/Versions/A/Resources/libFontParser.dylib
0x0000000022ba4000 	/System/Library/Frameworks/ApplicationServices.framework/Versions/A/Frameworks/ATS.framework/Versions/A/Resources/libFontRegistry.dylib
0x0000000022ba4000 	/System/Library/Frameworks/ImageIO.framework/Versions/A/Resources/libJPEG.dylib
0x0000000022ba4000 	/System/Library/Frameworks/ImageIO.framework/Versions/A/Resources/libTIFF.dylib
0x0000000022ba4000 	/System/Library/Frameworks/ImageIO.framework/Versions/A/Resources/libPng.dylib
0x0000000022ba4000 	/System/Library/Frameworks/ImageIO.framework/Versions/A/Resources/libGIF.dylib
0x0000000022ba4000 	/System/Library/Frameworks/ImageIO.framework/Versions/A/Resources/libJP2.dylib
0x0000000022ba4000 	/System/Library/Frameworks/ImageIO.framework/Versions/A/Resources/libRadiance.dylib
0x0000000022ba4000 	/System/Library/PrivateFrameworks/AppleJPEG.framework/Versions/A/AppleJPEG
0x0000000022ba4000 	/System/Library/PrivateFrameworks/MetalTools.framework/Versions/A/MetalTools
0x0000000022ba4000 	/System/Library/Frameworks/MetalPerformanceShaders.framework/Frameworks/MPSCore.framework/Versions/A/MPSCore
0x0000000022ba4000 	/System/Library/Frameworks/MetalPerformanceShaders.framework/Frameworks/MPSImage.framework/Versions/A/MPSImage
0x0000000022ba4000 	/System/Library/Frameworks/MetalPerformanceShaders.framework/Frameworks/MPSMatrix.framework/Versions/A/MPSMatrix
0x0000000022ba4000 	/System/Library/Frameworks/MetalPerformanceShaders.framework/Frameworks/MPSNeuralNetwork.framework/Versions/A/MPSNeuralNetwork
0x0000000022ba4000 	/System/Library/Frameworks/OpenGL.framework/Versions/A/Libraries/libGLU.dylib
0x0000000022ba4000 	/System/Library/Frameworks/OpenGL.framework/Versions/A/Libraries/libGFXShared.dylib
0x0000000022ba4000 	/System/Library/Frameworks/OpenGL.framework/Versions/A/Libraries/libGL.dylib
0x0000000022ba4000 	/System/Library/Frameworks/OpenGL.framework/Versions/A/Libraries/libGLImage.dylib
0x0000000022ba4000 	/System/Library/Frameworks/OpenGL.framework/Versions/A/Libraries/libCVMSPluginSupport.dylib
0x0000000022ba4000 	/System/Library/Frameworks/OpenGL.framework/Versions/A/Libraries/libCoreVMClient.dylib
0x0000000022ba4000 	/usr/lib/libcups.2.dylib
0x0000000022ba4000 	/System/Library/Frameworks/Kerberos.framework/Versions/A/Kerberos
0x0000000022ba4000 	/System/Library/Frameworks/GSS.framework/Versions/A/GSS
0x0000000022ba4000 	/usr/lib/libresolv.9.dylib
0x0000000022ba4000 	/usr/lib/libiconv.2.dylib
0x0000000022ba4000 	/System/Library/PrivateFrameworks/Heimdal.framework/Versions/A/Heimdal
0x0000000022ba4000 	/usr/lib/libheimdal-asn1.dylib
0x0000000022ba4000 	/System/Library/Frameworks/OpenDirectory.framework/Versions/A/OpenDirectory
0x0000000022ba4000 	/System/Library/PrivateFrameworks/CommonAuth.framework/Versions/A/CommonAuth
0x0000000022ba4000 	/System/Library/Frameworks/OpenDirectory.framework/Versions/A/Frameworks/CFOpenDirectory.framework/Versions/A/CFOpenDirectory
0x0000000022ba4000 	/System/Library/Frameworks/SecurityFoundation.framework/Versions/A/SecurityFoundation
0x0000000022ba4000 	/System/Library/PrivateFrameworks/APFS.framework/Versions/A/APFS
0x0000000022ba4000 	/usr/lib/libutil.dylib
0x0000000022ba4000 	/System/Library/PrivateFrameworks/AppleSauce.framework/Versions/A/AppleSauce
0x0000000022ba4000 	/System/Library/PrivateFrameworks/LinguisticData.framework/Versions/A/LinguisticData
0x0000000022ba4000 	/usr/lib/libmarisa.dylib
0x0000000022ba4000 	/System/Library/PrivateFrameworks/Lexicon.framework/Versions/A/Lexicon
0x0000000022ba4000 	/usr/lib/libChineseTokenizer.dylib
0x0000000022ba4000 	/usr/lib/libcmph.dylib
0x0000000022ba4000 	/System/Library/PrivateFrameworks/LanguageModeling.framework/Versions/A/LanguageModeling
0x0000000022ba4000 	/System/Library/PrivateFrameworks/CoreEmoji.framework/Versions/A/CoreEmoji
0x0000000022ba4000 	/System/Library/Frameworks/ServiceManagement.framework/Versions/A/ServiceManagement
0x0000000022ba4000 	/System/Library/PrivateFrameworks/BackgroundTaskManagement.framework/Versions/A/BackgroundTaskManagement
0x0000000022ba4000 	/usr/lib/libxslt.1.dylib
0x0000000022ba4000 	/System/Library/Frameworks/Carbon.framework/Versions/A/Frameworks/Ink.framework/Versions/A/Ink
0x0000000022ba4000 	/System/Library/PrivateFrameworks/TextureIO.framework/Versions/A/TextureIO
0x0000000022ba4000 	/usr/lib/libate.dylib
0x0000000022ba4000 	/System/Library/PrivateFrameworks/CrashReporterSupport.framework/Versions/A/CrashReporterSupport
0x0000000022ba4000 	/System/Library/PrivateFrameworks/Sharing.framework/Versions/A/Sharing
0x0000000022ba4000 	/System/Library/PrivateFrameworks/IconServices.framework/Versions/A/IconServices
0x0000000022ba4000 	/System/Library/PrivateFrameworks/ProtocolBuffer.framework/Versions/A/ProtocolBuffer
0x0000000022ba4000 	/System/Library/PrivateFrameworks/Apple80211.framework/Versions/A/Apple80211
0x0000000022ba4000 	/System/Library/Frameworks/CoreWLAN.framework/Versions/A/CoreWLAN
0x0000000022ba4000 	/System/Library/PrivateFrameworks/CoreUtils.framework/Versions/A/CoreUtils
0x0000000022ba4000 	/System/Library/Frameworks/IOBluetooth.framework/Versions/A/IOBluetooth
0x0000000022ba4000 	/System/Library/PrivateFrameworks/CoreWiFi.framework/Versions/A/CoreWiFi
0x0000000022ba4000 	/System/Library/Frameworks/CoreBluetooth.framework/Versions/A/CoreBluetooth
0x0000000022ba4000 	/System/Library/PrivateFrameworks/SignpostNotification.framework/Versions/A/SignpostNotification
0x0000000022ba4000 	/System/Library/PrivateFrameworks/DebugSymbols.framework/Versions/A/DebugSymbols
0x0000000022ba4000 	/System/Library/PrivateFrameworks/CoreSymbolication.framework/Versions/A/CoreSymbolication
0x0000000022ba4000 	/System/Library/PrivateFrameworks/Symbolication.framework/Versions/A/Symbolication
0x0000000022ba4000 	/System/Library/PrivateFrameworks/AppleFSCompression.framework/Versions/A/AppleFSCompression
0x0000000022ba4000 	/System/Library/PrivateFrameworks/SpeechRecognitionCore.framework/Versions/A/SpeechRecognitionCore
0x000000010bc00000 	/Applications/Android Studio.app/Contents/jre/jdk/Contents/Home/jre/lib/server/libjvm.dylib
0x0000000022ba4000 	/usr/lib/libstdc++.6.0.9.dylib
0x000000010abed000 	/Applications/Android Studio.app/Contents/jre/jdk/Contents/Home/jre/lib/libverify.dylib
0x000000010c668000 	/Applications/Android Studio.app/Contents/jre/jdk/Contents/Home/jre/lib/libjava.dylib
0x000000010c6e4000 	/Applications/Android Studio.app/Contents/jre/jdk/Contents/Home/jre/lib/libzip.dylib
0x0000000112f68000 	/Applications/Android Studio.app/Contents/jre/jdk/Contents/Home/jre/lib/libnet.dylib
0x0000000113004000 	/Applications/Android Studio.app/Contents/jre/jdk/Contents/Home/jre/lib/libnio.dylib
0x00000001131ec000 	/Users/annascott/.gradle/native/25/osx-amd64/libnative-platform.dylib
0x00000001135b2000 	/Applications/Android Studio.app/Contents/jre/jdk/Contents/Home/jre/lib/libmanagement.dylib

VM Arguments:
jvm_args: -Xmx1536m -Dfile.encoding=UTF-8 -Duser.country=US -Duser.language=en -Duser.variant 
java_command: org.gradle.launcher.daemon.bootstrap.GradleDaemon 4.4
java_class_path (initial): /Users/annascott/.gradle/wrapper/dists/gradle-4.4-all/9br9xq1tocpiv8o6njlyu5op1/gradle-4.4/lib/gradle-launcher-4.4.jar
Launcher Type: SUN_STANDARD

Environment Variables:
PATH=/usr/local/bin:/usr/bin:/bin:/usr/sbin:/sbin
SHELL=/bin/bash

Signal Handlers:
SIGSEGV: [libjvm.dylib+0x53f567], sa_mask[0]=11111111011111110111111111111111, sa_flags=SA_ONSTACK|SA_RESTART|SA_SIGINFO
SIGBUS: [libjvm.dylib+0x53f567], sa_mask[0]=11111111011111110111111111111111, sa_flags=SA_RESTART|SA_SIGINFO
SIGFPE: [libjvm.dylib+0x437adf], sa_mask[0]=11111111011111110111111111111111, sa_flags=SA_RESTART|SA_SIGINFO
SIGPIPE: [libjvm.dylib+0x437adf], sa_mask[0]=11111111011111110111111111111111, sa_flags=SA_RESTART|SA_SIGINFO
SIGXFSZ: [libjvm.dylib+0x437adf], sa_mask[0]=11111111011111110111111111111111, sa_flags=SA_RESTART|SA_SIGINFO
SIGILL: [libjvm.dylib+0x437adf], sa_mask[0]=11111111011111110111111111111111, sa_flags=SA_RESTART|SA_SIGINFO
SIGUSR1: SIG_DFL, sa_mask[0]=00000000000000000000000000000000, sa_flags=none
SIGUSR2: [libjvm.dylib+0x438404], sa_mask[0]=00100000000000000000000000000000, sa_flags=SA_RESTART|SA_SIGINFO
SIGHUP: [libjvm.dylib+0x4365f9], sa_mask[0]=11111111011111110111111111111111, sa_flags=SA_RESTART|SA_SIGINFO
SIGINT: [libjvm.dylib+0x4365f9], sa_mask[0]=11111111011111110111111111111111, sa_flags=SA_RESTART|SA_SIGINFO
SIGTERM: [libjvm.dylib+0x4365f9], sa_mask[0]=11111111011111110111111111111111, sa_flags=SA_RESTART|SA_SIGINFO
SIGQUIT: [libjvm.dylib+0x4365f9], sa_mask[0]=11111111011111110111111111111111, sa_flags=SA_RESTART|SA_SIGINFO


---------------  S Y S T E M  ---------------

OS:Bsduname:Darwin 17.3.0 Darwin Kernel Version 17.3.0: Thu Nov  9 18:09:22 PST 2017; root:xnu-4570.31.3~1/RELEASE_X86_64 x86_64
rlimit: STACK 8192k, CORE 0k, NPROC 1418, NOFILE 10240, AS infinity
load average:2.03 1.76 1.66

CPU:total 8 (initial active 8) (4 cores per cpu, 2 threads per core) family 6 model 94 stepping 3, cmov, cx8, fxsr, mmx, sse, sse2, sse3, ssse3, sse4.1, sse4.2, popcnt, avx, avx2, aes, clmul, erms, rtm, 3dnowpref, lzcnt, ht, tsc, tscinvbit, bmi1, bmi2, adx

Memory: 4k page, physical 16777216k(522032k free)

/proc/meminfo:


vm_info: OpenJDK 64-Bit Server VM (25.152-b01) for bsd-amd64 JRE (1.8.0_152-release-1024-b01), built by "builder" with gcc 4.2.1 Compatible Apple LLVM 8.1.0 (clang-802.0.42)

time: Fri Oct 12 15:14:00 2018
elapsed time: 392 seconds (0d 0h 6m 32s)

