#
# A fatal error has been detected by the Java Runtime Environment:
#
#  SIGSEGV (0xb) at pc=0x00000001086e1262, pid=1263, tid=0x0000000000008003
#
# JRE version: OpenJDK Runtime Environment (8.0_152-b01) (build 1.8.0_152-release-1024-b01)
# Java VM: OpenJDK 64-Bit Server VM (25.152-b01 mixed mode bsd-amd64 compressed oops)
# Problematic frame:
# V  [libjvm.dylib+0x4e1262]  SystemDictionary::find_method_handle_type(Symbol*, KlassHandle, Thread*)+0x3c0
#
# Failed to write core dump. Core dumps have been disabled. To enable core dumping, try "ulimit -c unlimited" before starting Java again
#
# If you would like to submit a bug report, please visit:
#   http://bugreport.java.com/bugreport/crash.jsp
#

---------------  T H R E A D  ---------------

Current thread (0x00007fd8e4ece000):  JavaThread "ForkJoinPool.commonPool-worker-6" daemon [_thread_in_vm, id=32771, stack(0x000070000a23d000,0x000070000a33d000)]

siginfo: si_signo: 11 (SIGSEGV), si_code: 0 (unknown), si_addr: 0x0000000000000000

Registers:
RAX=0x80000007c091db20, RBX=0x00000007c091cc68, RCX=0x00000007af225303, RDX=0x00000001089e1df0
RSP=0x000070000a33bc10, RBP=0x000070000a33bd60, RSI=0x00000007af20e000, RDI=0x00000007af20e000
R8 =0x00000001089f2df8, R9 =0x00000001089f2df9, R10=0x0000000000000000, R11=0x00000001089f2dfb
R12=0x00007fd8e4ece000, R13=0x0000000000000000, R14=0x00000007af20e000, R15=0x000070000a33bcb8
RIP=0x00000001086e1262, EFLAGS=0x0000000000010202, ERR=0x0000000000000000
  TRAPNO=0x000000000000000d

Top of Stack: (sp=0x000070000a33bc10)
0x000070000a33bc10:   00000001089df950 00007fd8defce020
0x000070000a33bc20:   000000000000005a 0000000100000063
0x000070000a33bc30:   00007fd800000002 00007fd8e6a86670
0x000070000a33bc40:   00007fd8e17e1e60 00007fd8e17e1e70
0x000070000a33bc50:   00007fd8e17e2248 00000000000003d8
0x000070000a33bc60:   00000007c000b898 00000007c000b898
0x000070000a33bc70:   00007fd8defce020 0000000000000001
0x000070000a33bc80:   061e33100c8e5540 00007fd8e58d3668
0x000070000a33bc90:   00007fd8e58d3670 00000007c091cc68
0x000070000a33bca0:   00007fd8e58d3678 0000000000000000
0x000070000a33bcb0:   000070000000007a 00007fd8defce020
0x000070000a33bcc0:   0000002d00000001 00007f000000000c
0x000070000a33bcd0:   00007fd8e17e1e70 00007fd8e4ece000
0x000070000a33bce0:   00000007af225390 00000007af225390
0x000070000a33bcf0:   0000000000000018 00007fd8e58d3660
0x000070000a33bd00:   000070000a33bd30 00000001084c1123
0x000070000a33bd10:   00007fd8e4ece000 00007fd8defce0f8
0x000070000a33bd20:   00007fd8e4ece000 00007fd8e58d3660
0x000070000a33bd30:   eb35979660e700a5 00000007c091e178
0x000070000a33bd40:   00007fd8e58d3660 00007fd8e4ece000
0x000070000a33bd50:   00007fd8defce020 00007fd8e4ece000
0x000070000a33bd60:   000070000a33be60 00000001086e1695
0x000070000a33bd70:   00007fd8defce020 0000000000000002
0x000070000a33bd80:   061e331060144860 00007fd8e6a86828
0x000070000a33bd90:   00007fd8e6a86830 00000007c091cc68
0x000070000a33bda0:   00007fd8e6a86838 00000006e6a86878
0x000070000a33bdb0:   00000007c091cc68 00007fd8defce020
0x000070000a33bdc0:   00000007af20e000 00000007af1f38b8
0x000070000a33bdd0:   00000001142c55b8 00007fd8e4ece000
0x000070000a33bde0:   00000007600073a0 00000001142c66e0
0x000070000a33bdf0:   eb35979660e700a5 00000007c091cc68
0x000070000a33be00:   0000010101010100 0000000000000000 

Instructions: (pc=0x00000001086e1262)
0x00000001086e1242:   48 8b 9d 38 ff ff ff 4c 89 ff e8 17 80 fc ff 48
0x00000001086e1252:   85 db 74 3b 84 c0 74 37 4c 89 f7 e8 96 18 de ff
0x00000001086e1262:   8b 48 08 81 f9 ff ff ff bf 7f 0a 48 8b 80 e8 00
0x00000001086e1272:   00 00 8b 48 08 85 c9 7e 16 48 89 df 48 89 c6 4c 

Register to memory mapping:

RAX=0x80000007c091db20 is an unknown value
RBX=0x00000007c091cc68 is pointing into metadata
RCX=0x00000007af225303 is an unknown value
RDX=0x00000001089e1df0: _ZN8Universe11_narrow_oopE+0 in /Applications/Android Studio.app/Contents/jre/jdk/Contents/Home/jre/lib/server/libjvm.dylib at 0x0000000108200000
RSP=0x000070000a33bc10 is pointing into the stack for thread: 0x00007fd8e4ece000
RBP=0x000070000a33bd60 is pointing into the stack for thread: 0x00007fd8e4ece000
RSI=0x00000007af20e000 is an oop
java.lang.Class 
 - klass: 'java/lang/Class'
RDI=0x00000007af20e000 is an oop
java.lang.Class 
 - klass: 'java/lang/Class'
R8 =0x00000001089f2df8: UseCompressedOops+0 in /Applications/Android Studio.app/Contents/jre/jdk/Contents/Home/jre/lib/server/libjvm.dylib at 0x0000000108200000
R9 =0x00000001089f2df9: UseCompressedClassPointers+0 in /Applications/Android Studio.app/Contents/jre/jdk/Contents/Home/jre/lib/server/libjvm.dylib at 0x0000000108200000
R10=0x0000000000000000 is an unknown value
R11=0x00000001089f2dfb: AssumeMP+0 in /Applications/Android Studio.app/Contents/jre/jdk/Contents/Home/jre/lib/server/libjvm.dylib at 0x0000000108200000
R12=0x00007fd8e4ece000 is a thread
R13=0x0000000000000000 is an unknown value
R14=0x00000007af20e000 is an oop
java.lang.Class 
 - klass: 'java/lang/Class'
R15=0x000070000a33bcb8 is pointing into the stack for thread: 0x00007fd8e4ece000


Stack: [0x000070000a23d000,0x000070000a33d000],  sp=0x000070000a33bc10,  free space=1019k
Native frames: (J=compiled Java code, j=interpreted, Vv=VM code, C=native code)
V  [libjvm.dylib+0x4e1262]  SystemDictionary::find_method_handle_type(Symbol*, KlassHandle, Thread*)+0x3c0
V  [libjvm.dylib+0x4e1695]  SystemDictionary::link_method_handle_constant(KlassHandle, int, KlassHandle, Symbol*, Symbol*, Thread*)+0x9f
V  [libjvm.dylib+0x1c8b6b]  ConstantPool::resolve_constant_at_impl(constantPoolHandle, int, int, Thread*)+0x581
V  [libjvm.dylib+0x1c916d]  ConstantPool::resolve_possibly_cached_constant_at(int, Thread*)+0x8f
V  [libjvm.dylib+0x1c90a2]  ConstantPool::resolve_bootstrap_specifier_at_impl(constantPoolHandle, int, Thread*)+0x1a6
V  [libjvm.dylib+0x3875e8]  ConstantPool::resolve_bootstrap_specifier_at(int, Thread*)+0x8a
V  [libjvm.dylib+0x386ed6]  LinkResolver::resolve_invokedynamic(CallInfo&, constantPoolHandle, int, Thread*)+0xde
V  [libjvm.dylib+0x38681f]  LinkResolver::resolve_invoke(CallInfo&, Handle, constantPoolHandle, int, Bytecodes::Code, Thread*)+0x357
V  [libjvm.dylib+0x2bac71]  InterpreterRuntime::resolve_invokedynamic(JavaThread*)+0x10b
j  com.android.tools.r8.dex.ApplicationReader.read(Ljava/util/concurrent/ExecutorService;)Lcom/android/tools/r8/graph/DexApplication;+3
j  com.android.tools.r8.D8.run(Lcom/android/tools/r8/utils/AndroidApp;Lcom/android/tools/r8/utils/InternalOptions;Ljava/util/concurrent/ExecutorService;)V+40
j  com.android.tools.r8.D8.lambda$run$1(Lcom/android/tools/r8/utils/AndroidApp;Lcom/android/tools/r8/utils/InternalOptions;Ljava/util/concurrent/ExecutorService;)V+3
j  com.android.tools.r8.D8$$Lambda$383.run()V+12
j  com.android.tools.r8.utils.ExceptionUtils.withCompilationHandler(Lcom/android/tools/r8/utils/Reporter;Lcom/android/tools/r8/utils/ExceptionUtils$CompileAction;Lcom/android/tools/r8/utils/ExceptionUtils$Compiler;)V+1
j  com.android.tools.r8.utils.ExceptionUtils.withD8CompilationHandler(Lcom/android/tools/r8/utils/Reporter;Lcom/android/tools/r8/utils/ExceptionUtils$CompileAction;)V+5
j  com.android.tools.r8.D8.run(Lcom/android/tools/r8/D8Command;Ljava/util/concurrent/ExecutorService;)V+22
j  com.android.builder.dexing.D8DexArchiveBuilder.convert(Ljava/util/stream/Stream;Ljava/nio/file/Path;Z)V+311
j  com.android.build.gradle.internal.transforms.DexArchiveBuilderTransform.launchProcessing(Lcom/android/build/gradle/internal/transforms/DexArchiveBuilderTransform$DexConversionParameters;Ljava/io/OutputStream;Ljava/io/OutputStream;Lcom/android/ide/common/blame/MessageReceiver;)V+227
j  com.android.build.gradle.internal.transforms.DexArchiveBuilderTransform.lambda$convertToDexArchive$8(Lcom/android/build/gradle/internal/transforms/DexArchiveBuilderTransform$DexConversionParameters;)Ljava/lang/Object;+88
j  com.android.build.gradle.internal.transforms.DexArchiveBuilderTransform$$Lambda$329.call()Ljava/lang/Object;+8
j  java.util.concurrent.ForkJoinTask$AdaptedCallable.exec()Z+5
j  java.util.concurrent.ForkJoinTask.doExec()I+10
j  java.util.concurrent.ForkJoinPool$WorkQueue.runTask(Ljava/util/concurrent/ForkJoinTask;)V+21
j  java.util.concurrent.ForkJoinPool.runWorker(Ljava/util/concurrent/ForkJoinPool$WorkQueue;)V+35
j  java.util.concurrent.ForkJoinWorkerThread.run()V+24
v  ~StubRoutines::call_stub
V  [libjvm.dylib+0x2c062b]  JavaCalls::call_helper(JavaValue*, methodHandle*, JavaCallArguments*, Thread*)+0x597
V  [libjvm.dylib+0x2bf754]  JavaCalls::call_virtual(JavaValue*, KlassHandle, Symbol*, Symbol*, JavaCallArguments*, Thread*)+0x13e
V  [libjvm.dylib+0x2bf893]  JavaCalls::call_virtual(JavaValue*, Handle, KlassHandle, Symbol*, Symbol*, Thread*)+0x57
V  [libjvm.dylib+0x30410a]  thread_entry(JavaThread*, Thread*)+0x78
V  [libjvm.dylib+0x505e88]  JavaThread::thread_main_inner()+0x82
V  [libjvm.dylib+0x505d4d]  JavaThread::run()+0x199
V  [libjvm.dylib+0x435709]  java_start(Thread*)+0xfa
C  [libsystem_pthread.dylib+0x36c1]  _pthread_body+0x154
C  [libsystem_pthread.dylib+0x356d]  _pthread_body+0x0
C  [libsystem_pthread.dylib+0x2c5d]  thread_start+0xd
C  0x0000000000000000

Java frames: (J=compiled Java code, j=interpreted, Vv=VM code)
j  com.android.tools.r8.dex.ApplicationReader.read(Ljava/util/concurrent/ExecutorService;)Lcom/android/tools/r8/graph/DexApplication;+3
j  com.android.tools.r8.D8.run(Lcom/android/tools/r8/utils/AndroidApp;Lcom/android/tools/r8/utils/InternalOptions;Ljava/util/concurrent/ExecutorService;)V+40
j  com.android.tools.r8.D8.lambda$run$1(Lcom/android/tools/r8/utils/AndroidApp;Lcom/android/tools/r8/utils/InternalOptions;Ljava/util/concurrent/ExecutorService;)V+3
j  com.android.tools.r8.D8$$Lambda$383.run()V+12
j  com.android.tools.r8.utils.ExceptionUtils.withCompilationHandler(Lcom/android/tools/r8/utils/Reporter;Lcom/android/tools/r8/utils/ExceptionUtils$CompileAction;Lcom/android/tools/r8/utils/ExceptionUtils$Compiler;)V+1
j  com.android.tools.r8.utils.ExceptionUtils.withD8CompilationHandler(Lcom/android/tools/r8/utils/Reporter;Lcom/android/tools/r8/utils/ExceptionUtils$CompileAction;)V+5
j  com.android.tools.r8.D8.run(Lcom/android/tools/r8/D8Command;Ljava/util/concurrent/ExecutorService;)V+22
j  com.android.builder.dexing.D8DexArchiveBuilder.convert(Ljava/util/stream/Stream;Ljava/nio/file/Path;Z)V+311
j  com.android.build.gradle.internal.transforms.DexArchiveBuilderTransform.launchProcessing(Lcom/android/build/gradle/internal/transforms/DexArchiveBuilderTransform$DexConversionParameters;Ljava/io/OutputStream;Ljava/io/OutputStream;Lcom/android/ide/common/blame/MessageReceiver;)V+227
j  com.android.build.gradle.internal.transforms.DexArchiveBuilderTransform.lambda$convertToDexArchive$8(Lcom/android/build/gradle/internal/transforms/DexArchiveBuilderTransform$DexConversionParameters;)Ljava/lang/Object;+88
j  com.android.build.gradle.internal.transforms.DexArchiveBuilderTransform$$Lambda$329.call()Ljava/lang/Object;+8
j  java.util.concurrent.ForkJoinTask$AdaptedCallable.exec()Z+5
j  java.util.concurrent.ForkJoinTask.doExec()I+10
j  java.util.concurrent.ForkJoinPool$WorkQueue.runTask(Ljava/util/concurrent/ForkJoinTask;)V+21
j  java.util.concurrent.ForkJoinPool.runWorker(Ljava/util/concurrent/ForkJoinPool$WorkQueue;)V+35
j  java.util.concurrent.ForkJoinWorkerThread.run()V+24
v  ~StubRoutines::call_stub

---------------  P R O C E S S  ---------------

Java Threads: ( => current thread )
  0x00007fd8e584e000 JavaThread "ForkJoinPool.commonPool-worker-0" daemon [_thread_blocked, id=32003, stack(0x000070000a443000,0x000070000a543000)]
  0x00007fd8e21d8800 JavaThread "ForkJoinPool.commonPool-worker-7" daemon [_thread_blocked, id=29187, stack(0x000070000a340000,0x000070000a440000)]
=>0x00007fd8e4ece000 JavaThread "ForkJoinPool.commonPool-worker-6" daemon [_thread_in_vm, id=32771, stack(0x000070000a23d000,0x000070000a33d000)]
  0x00007fd8df51b800 JavaThread "ForkJoinPool.commonPool-worker-5" daemon [_thread_blocked, id=28675, stack(0x000070000a13a000,0x000070000a23a000)]
  0x00007fd8e584d800 JavaThread "ForkJoinPool.commonPool-worker-4" daemon [_thread_blocked, id=33283, stack(0x000070000a037000,0x000070000a137000)]
  0x00007fd8df51b000 JavaThread "ForkJoinPool.commonPool-worker-3" daemon [_thread_blocked, id=33539, stack(0x0000700009f34000,0x000070000a034000)]
  0x00007fd8e06c3800 JavaThread "ForkJoinPool.commonPool-worker-2" daemon [_thread_blocked, id=28163, stack(0x0000700009e31000,0x0000700009f31000)]
  0x00007fd8e5975800 JavaThread "Cache worker for Java compile cache (/Users/annascott/ApacheLanguage/.gradle/4.4/javaCompile)" [_thread_blocked, id=34307, stack(0x0000700009d2e000,0x0000700009e2e000)]
  0x00007fd8e58aa000 JavaThread "Task worker for ':' Thread 7" [_thread_blocked, id=35079, stack(0x0000700009c2b000,0x0000700009d2b000)]
  0x00007fd8e5b65000 JavaThread "Task worker for ':' Thread 6" [_thread_blocked, id=35847, stack(0x0000700009b28000,0x0000700009c28000)]
  0x00007fd8e04b9800 JavaThread "Task worker for ':' Thread 5" [_thread_blocked, id=27655, stack(0x0000700009a25000,0x0000700009b25000)]
  0x00007fd8e03c8000 JavaThread "Task worker for ':' Thread 4" [_thread_blocked, id=36871, stack(0x0000700009922000,0x0000700009a22000)]
  0x00007fd8e6169800 JavaThread "Task worker for ':' Thread 3" [_thread_blocked, id=34567, stack(0x000070000981f000,0x000070000991f000)]
  0x00007fd8e490c000 JavaThread "Task worker for ':' Thread 2" [_thread_blocked, id=27399, stack(0x000070000971c000,0x000070000981c000)]
  0x00007fd8e6168800 JavaThread "Task worker for ':'" [_thread_blocked, id=2827, stack(0x0000700009619000,0x0000700009719000)]
  0x00007fd8e1efb800 JavaThread "Cache worker for Build Output Cleanup Cache (/Users/annascott/ApacheLanguage/.gradle/buildOutputCleanup)" [_thread_blocked, id=37383, stack(0x0000700009516000,0x0000700009616000)]
  0x00007fd8e055f800 JavaThread "Cache worker for task history cache (/Users/annascott/ApacheLanguage/.gradle/4.4/taskHistory)" [_thread_blocked, id=3851, stack(0x0000700009413000,0x0000700009513000)]
  0x00007fd8e52f4800 JavaThread "Cache worker for file content cache (/Users/annascott/ApacheLanguage/.gradle/4.4/fileContent)" [_thread_blocked, id=40967, stack(0x000070000920d000,0x000070000930d000)]
  0x00007fd8e5137000 JavaThread "build operations Thread 8" [_thread_blocked, id=39687, stack(0x000070000910a000,0x000070000920a000)]
  0x00007fd8e5136000 JavaThread "build operations Thread 7" [_thread_blocked, id=25351, stack(0x0000700009007000,0x0000700009107000)]
  0x00007fd8e5484800 JavaThread "build operations Thread 6" [_thread_blocked, id=38919, stack(0x0000700008f04000,0x0000700009004000)]
  0x00007fd8e5653800 JavaThread "build operations Thread 5" [_thread_blocked, id=38663, stack(0x0000700008e01000,0x0000700008f01000)]
  0x00007fd8e3292800 JavaThread "build operations Thread 4" [_thread_blocked, id=40199, stack(0x0000700008cfe000,0x0000700008dfe000)]
  0x00007fd8e326e000 JavaThread "build operations Thread 3" [_thread_blocked, id=26119, stack(0x0000700008bfb000,0x0000700008cfb000)]
  0x00007fd8e0773000 JavaThread "build operations Thread 2" [_thread_blocked, id=39431, stack(0x0000700008af8000,0x0000700008bf8000)]
  0x00007fd8e60e3800 JavaThread "build operations" [_thread_blocked, id=26887, stack(0x00007000089f5000,0x0000700008af5000)]
  0x00007fd8e3093800 JavaThread "Cache worker for Artifact transforms cache (/Users/annascott/.gradle/caches/transforms-1)" [_thread_blocked, id=41479, stack(0x00007000088f2000,0x00007000089f2000)]
  0x00007fd8e49e8000 JavaThread "Cache worker for file hash cache (/Users/annascott/ApacheLanguage/.gradle/4.4/fileHashes)" [_thread_blocked, id=24583, stack(0x00007000085e9000,0x00007000086e9000)]
  0x00007fd8e4c22000 JavaThread "Stdin handler" [_thread_blocked, id=42759, stack(0x00007000084e6000,0x00007000085e6000)]
  0x00007fd8e4c21000 JavaThread "Asynchronous log dispatcher for DefaultDaemonConnection: socket connection from /127.0.0.1:53265 to /127.0.0.1:53490" [_thread_blocked, id=43271, stack(0x00007000083e3000,0x00007000084e3000)]
  0x00007fd8e1de6800 JavaThread "Daemon worker Thread 2" [_thread_blocked, id=23559, stack(0x00007000082e0000,0x00007000083e0000)]
  0x00007fd8e0153800 JavaThread "Cancel handler" [_thread_blocked, id=36363, stack(0x00007000081dd000,0x00007000082dd000)]
  0x00007fd8e1ce7000 JavaThread "Handler for socket connection from /127.0.0.1:53265 to /127.0.0.1:53490" [_thread_in_native, id=24071, stack(0x00007000080da000,0x00007000081da000)]
  0x00007fd8e566c000 JavaThread "Daemon Thread 2" [_thread_blocked, id=23047, stack(0x0000700006a95000,0x0000700006b95000)]
  0x00007fd8e5361000 JavaThread "Memory manager" [_thread_blocked, id=38147, stack(0x0000700009310000,0x0000700009410000)]
  0x00007fd8e1d13000 JavaThread "File lock request listener" [_thread_in_native, id=25091, stack(0x00007000087ef000,0x00007000088ef000)]
  0x00007fd8df44d000 JavaThread "Cache worker for file hash cache (/Users/annascott/.gradle/caches/4.4/fileHashes)" [_thread_blocked, id=24835, stack(0x00007000086ec000,0x00007000087ec000)]
  0x00007fd8e20ba000 JavaThread "Daemon periodic checks" [_thread_blocked, id=22531, stack(0x0000700007fd7000,0x00007000080d7000)]
  0x00007fd8e20b9000 JavaThread "Incoming local TCP Connector on port 53265" [_thread_in_native, id=22019, stack(0x0000700007ed4000,0x0000700007fd4000)]
  0x00007fd8e0808000 JavaThread "Service Thread" daemon [_thread_blocked, id=15107, stack(0x0000700007cce000,0x0000700007dce000)]
  0x00007fd8e0010000 JavaThread "C1 CompilerThread3" daemon [_thread_blocked, id=16131, stack(0x0000700007bcb000,0x0000700007ccb000)]
  0x00007fd8df824800 JavaThread "C2 CompilerThread2" daemon [_thread_in_vm, id=16387, stack(0x0000700007ac8000,0x0000700007bc8000)]
  0x00007fd8df823800 JavaThread "C2 CompilerThread1" daemon [_thread_blocked, id=16643, stack(0x00007000079c5000,0x0000700007ac5000)]
  0x00007fd8e182c000 JavaThread "C2 CompilerThread0" daemon [_thread_blocked, id=17155, stack(0x00007000078c2000,0x00007000079c2000)]
  0x00007fd8e1842800 JavaThread "Signal Dispatcher" daemon [_thread_blocked, id=17419, stack(0x00007000077bf000,0x00007000078bf000)]
  0x00007fd8df016800 JavaThread "Finalizer" daemon [_thread_blocked, id=12547, stack(0x00007000076bc000,0x00007000077bc000)]
  0x00007fd8df003800 JavaThread "Reference Handler" daemon [_thread_blocked, id=19459, stack(0x00007000075b9000,0x00007000076b9000)]
  0x00007fd8df000000 JavaThread "main" [_thread_blocked, id=9987, stack(0x0000700006b9b000,0x0000700006c9b000)]

Other Threads:
  0x00007fd8df814800 VMThread [stack: 0x00007000074b6000,0x00007000075b6000] [id=12291]
  0x00007fd8e2808000 WatcherThread [stack: 0x0000700007dd1000,0x0000700007ed1000] [id=15363]

VM state:not at safepoint (normal execution)

VM Mutex/Monitor currently owned by a thread: None

Heap:
 PSYoungGen      total 289280K, used 248286K [0x00000007a0000000, 0x00000007b9980000, 0x00000007c0000000)
  eden space 267776K, 92% used [0x00000007a0000000,0x00000007af277b60,0x00000007b0580000)
  from space 21504K, 0% used [0x00000007b0580000,0x00000007b0580000,0x00000007b1a80000)
  to   space 24064K, 0% used [0x00000007b8200000,0x00000007b8200000,0x00000007b9980000)
 ParOldGen       total 263168K, used 34931K [0x0000000760000000, 0x0000000770100000, 0x00000007a0000000)
  object space 263168K, 13% used [0x0000000760000000,0x000000076221ccb0,0x0000000770100000)
 Metaspace       used 66047K, capacity 68388K, committed 68440K, reserved 1107968K
  class space    used 8786K, capacity 9341K, committed 9344K, reserved 1048576K

Card table byte_map: [0x0000000109068000,0x0000000109369000] byte_map_base: 0x0000000105568000

Marking Bits: (ParMarkBitMap*) 0x00000001089f81c8
 Begin Bits: [0x0000000109569000, 0x000000010ad69000)
 End Bits:   [0x000000010ad69000, 0x000000010c569000)

Polling page: 0x00000001071ea000

CodeCache: size=245760Kb used=26441Kb max_used=26441Kb free=219318Kb
 bounds [0x0000000117196000, 0x0000000118b96000, 0x0000000126196000]
 total_blobs=8870 nmethods=8064 adapters=717
 compilation: enabled

Compilation events (10 events):
Event: 198.425 Thread 0x00007fd8e0010000 9502       3       com.android.tools.r8.utils.IdentifierUtils::isSimpleNameChar (139 bytes)
Event: 198.425 Thread 0x00007fd8e0010000 nmethod 9502 0x0000000118b76190 code [0x0000000118b76320, 0x0000000118b76950]
Event: 198.426 Thread 0x00007fd8e182c000 nmethod 9499 0x0000000118b7ba10 code [0x0000000118b7bc20, 0x0000000118b7cbf0]
Event: 198.429 Thread 0x00007fd8df823800 nmethod 9469 0x0000000118b81050 code [0x0000000118b81460, 0x0000000118b83470]
Event: 198.435 Thread 0x00007fd8e0010000 9503       3       com.android.tools.r8.shaking.ProguardKeepAttributes::matches (108 bytes)
Event: 198.435 Thread 0x00007fd8e0010000 nmethod 9503 0x0000000118b7f8d0 code [0x0000000118b7fb00, 0x0000000118b80928]
Event: 198.436 Thread 0x00007fd8e0010000 9504       3       jdk.internal.org.objectweb.asm.MethodVisitor::visitCode (15 bytes)
Event: 198.436 Thread 0x00007fd8e0010000 nmethod 9504 0x0000000118b7f450 code [0x0000000118b7f5c0, 0x0000000118b7f828]
Event: 198.436 Thread 0x00007fd8e0010000 9505       3       java.lang.invoke.MethodHandles$Lookup::findStatic (27 bytes)
Event: 198.436 Thread 0x00007fd8e0010000 nmethod 9505 0x0000000118b7edd0 code [0x0000000118b7ef60, 0x0000000118b7f308]

GC Heap History (10 events):
Event: 4.393 GC heap before
{Heap before GC invocations=6 (full 1):
 PSYoungGen      total 202240K, used 100070K [0x00000007a0000000, 0x00000007b1500000, 0x00000007c0000000)
  eden space 191488K, 46% used [0x00000007a0000000,0x00000007a5740020,0x00000007abb00000)
  from space 10752K, 99% used [0x00000007b0a80000,0x00000007b14f9ab8,0x00000007b1500000)
  to   space 10752K, 0% used [0x00000007b0000000,0x00000007b0000000,0x00000007b0a80000)
 ParOldGen       total 107520K, used 9733K [0x0000000760000000, 0x0000000766900000, 0x00000007a0000000)
  object space 107520K, 9% used [0x0000000760000000,0x00000007609814c0,0x0000000766900000)
 Metaspace       used 34502K, capacity 35186K, committed 35416K, reserved 1079296K
  class space    used 4726K, capacity 4965K, committed 4992K, reserved 1048576K
Event: 4.404 GC heap after
Heap after GC invocations=6 (full 1):
 PSYoungGen      total 272896K, used 9804K [0x00000007a0000000, 0x00000007b2680000, 0x00000007c0000000)
  eden space 262144K, 0% used [0x00000007a0000000,0x00000007a0000000,0x00000007b0000000)
  from space 10752K, 91% used [0x00000007b0000000,0x00000007b0993228,0x00000007b0a80000)
  to   space 12288K, 0% used [0x00000007b1a80000,0x00000007b1a80000,0x00000007b2680000)
 ParOldGen       total 107520K, used 9805K [0x0000000760000000, 0x0000000766900000, 0x00000007a0000000)
  object space 107520K, 9% used [0x0000000760000000,0x00000007609934d0,0x0000000766900000)
 Metaspace       used 34502K, capacity 35186K, committed 35416K, reserved 1079296K
  class space    used 4726K, capacity 4965K, committed 4992K, reserved 1048576K
}
Event: 4.404 GC heap before
{Heap before GC invocations=7 (full 2):
 PSYoungGen      total 272896K, used 9804K [0x00000007a0000000, 0x00000007b2680000, 0x00000007c0000000)
  eden space 262144K, 0% used [0x00000007a0000000,0x00000007a0000000,0x00000007b0000000)
  from space 10752K, 91% used [0x00000007b0000000,0x00000007b0993228,0x00000007b0a80000)
  to   space 12288K, 0% used [0x00000007b1a80000,0x00000007b1a80000,0x00000007b2680000)
 ParOldGen       total 107520K, used 9805K [0x0000000760000000, 0x0000000766900000, 0x00000007a0000000)
  object space 107520K, 9% used [0x0000000760000000,0x00000007609934d0,0x0000000766900000)
 Metaspace       used 34502K, capacity 35186K, committed 35416K, reserved 1079296K
  class space    used 4726K, capacity 4965K, committed 4992K, reserved 1048576K
Event: 4.454 GC heap after
Heap after GC invocations=7 (full 2):
 PSYoungGen      total 272896K, used 0K [0x00000007a0000000, 0x00000007b2680000, 0x00000007c0000000)
  eden space 262144K, 0% used [0x00000007a0000000,0x00000007a0000000,0x00000007b0000000)
  from space 10752K, 0% used [0x00000007b0000000,0x00000007b0000000,0x00000007b0a80000)
  to   space 12288K, 0% used [0x00000007b1a80000,0x00000007b1a80000,0x00000007b2680000)
 ParOldGen       total 173056K, used 16437K [0x0000000760000000, 0x000000076a900000, 0x00000007a0000000)
  object space 173056K, 9% used [0x0000000760000000,0x000000076100d5c0,0x000000076a900000)
 Metaspace       used 34502K, capacity 35186K, committed 35416K, reserved 1079296K
  class space    used 4726K, capacity 4965K, committed 4992K, reserved 1048576K
}
Event: 7.028 GC heap before
{Heap before GC invocations=8 (full 2):
 PSYoungGen      total 272896K, used 262144K [0x00000007a0000000, 0x00000007b2680000, 0x00000007c0000000)
  eden space 262144K, 100% used [0x00000007a0000000,0x00000007b0000000,0x00000007b0000000)
  from space 10752K, 0% used [0x00000007b0000000,0x00000007b0000000,0x00000007b0a80000)
  to   space 12288K, 0% used [0x00000007b1a80000,0x00000007b1a80000,0x00000007b2680000)
 ParOldGen       total 173056K, used 16437K [0x0000000760000000, 0x000000076a900000, 0x00000007a0000000)
  object space 173056K, 9% used [0x0000000760000000,0x000000076100d5c0,0x000000076a900000)
 Metaspace       used 53516K, capacity 55222K, committed 55384K, reserved 1097728K
  class space    used 7336K, capacity 7776K, committed 7808K, reserved 1048576K
Event: 7.055 GC heap after
Heap after GC invocations=8 (full 2):
 PSYoungGen      total 280064K, used 12278K [0x00000007a0000000, 0x00000007b9180000, 0x00000007c0000000)
  eden space 267776K, 0% used [0x00000007a0000000,0x00000007a0000000,0x00000007b0580000)
  from space 12288K, 99% used [0x00000007b1a80000,0x00000007b267dbb8,0x00000007b2680000)
  to   space 21504K, 0% used [0x00000007b0580000,0x00000007b0580000,0x00000007b1a80000)
 ParOldGen       total 173056K, used 30934K [0x0000000760000000, 0x000000076a900000, 0x00000007a0000000)
  object space 173056K, 17% used [0x0000000760000000,0x0000000761e35818,0x000000076a900000)
 Metaspace       used 53516K, capacity 55222K, committed 55384K, reserved 1097728K
  class space    used 7336K, capacity 7776K, committed 7808K, reserved 1048576K
}
Event: 8.322 GC heap before
{Heap before GC invocations=9 (full 2):
 PSYoungGen      total 280064K, used 126813K [0x00000007a0000000, 0x00000007b9180000, 0x00000007c0000000)
  eden space 267776K, 42% used [0x00000007a0000000,0x00000007a6fd9a08,0x00000007b0580000)
  from space 12288K, 99% used [0x00000007b1a80000,0x00000007b267dbb8,0x00000007b2680000)
  to   space 21504K, 0% used [0x00000007b0580000,0x00000007b0580000,0x00000007b1a80000)
 ParOldGen       total 173056K, used 30934K [0x0000000760000000, 0x000000076a900000, 0x00000007a0000000)
  object space 173056K, 17% used [0x0000000760000000,0x0000000761e35818,0x000000076a900000)
 Metaspace       used 57179K, capacity 58972K, committed 59028K, reserved 1099776K
  class space    used 7721K, capacity 8165K, committed 8192K, reserved 1048576K
Event: 8.335 GC heap after
Heap after GC invocations=9 (full 2):
 PSYoungGen      total 289280K, used 20256K [0x00000007a0000000, 0x00000007b9980000, 0x00000007c0000000)
  eden space 267776K, 0% used [0x00000007a0000000,0x00000007a0000000,0x00000007b0580000)
  from space 21504K, 94% used [0x00000007b0580000,0x00000007b1948388,0x00000007b1a80000)
  to   space 24064K, 0% used [0x00000007b8200000,0x00000007b8200000,0x00000007b9980000)
 ParOldGen       total 173056K, used 30942K [0x0000000760000000, 0x000000076a900000, 0x00000007a0000000)
  object space 173056K, 17% used [0x0000000760000000,0x0000000761e37818,0x000000076a900000)
 Metaspace       used 57179K, capacity 58972K, committed 59028K, reserved 1099776K
  class space    used 7721K, capacity 8165K, committed 8192K, reserved 1048576K
}
Event: 8.335 GC heap before
{Heap before GC invocations=10 (full 3):
 PSYoungGen      total 289280K, used 20256K [0x00000007a0000000, 0x00000007b9980000, 0x00000007c0000000)
  eden space 267776K, 0% used [0x00000007a0000000,0x00000007a0000000,0x00000007b0580000)
  from space 21504K, 94% used [0x00000007b0580000,0x00000007b1948388,0x00000007b1a80000)
  to   space 24064K, 0% used [0x00000007b8200000,0x00000007b8200000,0x00000007b9980000)
 ParOldGen       total 173056K, used 30942K [0x0000000760000000, 0x000000076a900000, 0x00000007a0000000)
  object space 173056K, 17% used [0x0000000760000000,0x0000000761e37818,0x000000076a900000)
 Metaspace       used 57179K, capacity 58972K, committed 59028K, reserved 1099776K
  class space    used 7721K, capacity 8165K, committed 8192K, reserved 1048576K
Event: 8.503 GC heap after
Heap after GC invocations=10 (full 3):
 PSYoungGen      total 289280K, used 0K [0x00000007a0000000, 0x00000007b9980000, 0x00000007c0000000)
  eden space 267776K, 0% used [0x00000007a0000000,0x00000007a0000000,0x00000007b0580000)
  from space 21504K, 0% used [0x00000007b0580000,0x00000007b0580000,0x00000007b1a80000)
  to   space 24064K, 0% used [0x00000007b8200000,0x00000007b8200000,0x00000007b9980000)
 ParOldGen       total 263168K, used 34931K [0x0000000760000000, 0x0000000770100000, 0x00000007a0000000)
  object space 263168K, 13% used [0x0000000760000000,0x000000076221ccb0,0x0000000770100000)
 Metaspace       used 57179K, capacity 58972K, committed 59028K, reserved 1099776K
  class space    used 7721K, capacity 8165K, committed 8192K, reserved 1048576K
}

Deoptimization events (10 events):
Event: 198.112 Thread 0x00007fd8e06c3800 Uncommon trap: reason=unstable_if action=reinterpret pc=0x0000000117d6079c method=java.util.zip.InflaterInputStream.read()I @ 15
Event: 198.176 Thread 0x00007fd8e06c3800 Uncommon trap: reason=unstable_if action=reinterpret pc=0x0000000117ec15e4 method=java.lang.String.trim()Ljava/lang/String; @ 44
Event: 198.328 Thread 0x00007fd8e584d800 Uncommon trap: reason=unstable_if action=reinterpret pc=0x0000000117590190 method=java.util.concurrent.ConcurrentHashMap.transfer([Ljava/util/concurrent/ConcurrentHashMap$Node;[Ljava/util/concurrent/ConcurrentHashMap$Node;)V @ 34
Event: 198.328 Thread 0x00007fd8e06c3800 Uncommon trap: reason=unstable_if action=reinterpret pc=0x00000001175901c8 method=java.util.concurrent.ConcurrentHashMap.transfer([Ljava/util/concurrent/ConcurrentHashMap$Node;[Ljava/util/concurrent/ConcurrentHashMap$Node;)V @ 277
Event: 198.330 Thread 0x00007fd8e4ece000 Uncommon trap: reason=unstable_if action=reinterpret pc=0x0000000118b3e358 method=sun.nio.fs.Util.followLinks([Ljava/nio/file/LinkOption;)Z @ 13
Event: 198.331 Thread 0x00007fd8e21d8800 Uncommon trap: reason=unstable_if action=reinterpret pc=0x0000000118adf71c method=sun.nio.fs.Util.followLinks([Ljava/nio/file/LinkOption;)Z @ 13
Event: 198.331 Thread 0x00007fd8e06c3800 Uncommon trap: reason=unstable_if action=reinterpret pc=0x0000000118adf71c method=sun.nio.fs.Util.followLinks([Ljava/nio/file/LinkOption;)Z @ 13
Event: 198.356 Thread 0x00007fd8e584d800 Uncommon trap: reason=unstable_if action=reinterpret pc=0x0000000118a619fc method=sun.nio.fs.Util.followLinks([Ljava/nio/file/LinkOption;)Z @ 13
Event: 198.356 Thread 0x00007fd8e584e000 Uncommon trap: reason=unstable_if action=reinterpret pc=0x0000000118a619fc method=sun.nio.fs.Util.followLinks([Ljava/nio/file/LinkOption;)Z @ 13
Event: 198.356 Thread 0x00007fd8df51b000 Uncommon trap: reason=unstable_if action=reinterpret pc=0x0000000118a619fc method=sun.nio.fs.Util.followLinks([Ljava/nio/file/LinkOption;)Z @ 13

Classes redefined (0 events):
No events

Internal exceptions (10 events):
Event: 196.314 Thread 0x00007fd8e1de6800 Exception <a 'java/lang/ClassNotFoundException': sync_local_repo398_29bodadldq040nb23cqadj1svCustomizer> (0x00000007a21aaff8) thrown at [/Volumes/android/AOSP-openjdk-git/jdk8u/hotspot/src/share/vm/classfile/systemDictionary.cpp, line 210]
Event: 196.739 Thread 0x00007fd8e1de6800 Implicit null exception at 0x000000011846e80a to 0x000000011846eb2a
Event: 198.327 Thread 0x00007fd8e584e000 Exception <a 'java/lang/NoSuchMethodError': java.lang.Object.lambda$and$0(Ljava/util/function/Predicate;Ljava/lang/Object;)Z> (0x00000007ae97d080) thrown at [/Volumes/android/AOSP-openjdk-git/jdk8u/hotspot/src/share/vm/interpreter/linkResolver.cpp, line 5
Event: 198.327 Thread 0x00007fd8df51b800 Exception <a 'java/lang/NoSuchMethodError': java.lang.Object.lambda$and$0(Ljava/util/function/Predicate;Ljava/lang/Object;)Z> (0x00000007ae8654c0) thrown at [/Volumes/android/AOSP-openjdk-git/jdk8u/hotspot/src/share/vm/interpreter/linkResolver.cpp, line 5
Event: 198.327 Thread 0x00007fd8e06c3800 Exception <a 'java/lang/NoSuchMethodError': java.lang.Object.lambda$and$0(Ljava/util/function/Predicate;Ljava/lang/Object;)Z> (0x00000007ade63440) thrown at [/Volumes/android/AOSP-openjdk-git/jdk8u/hotspot/src/share/vm/interpreter/linkResolver.cpp, line 5
Event: 198.327 Thread 0x00007fd8df51b000 Exception <a 'java/lang/NoSuchMethodError': java.lang.Object.lambda$and$0(Ljava/util/function/Predicate;Ljava/lang/Object;)Z> (0x00000007ae79e4a8) thrown at [/Volumes/android/AOSP-openjdk-git/jdk8u/hotspot/src/share/vm/interpreter/linkResolver.cpp, line 5
Event: 198.327 Thread 0x00007fd8e21d8800 Exception <a 'java/lang/NoSuchMethodError': java.lang.Object.lambda$and$0(Ljava/util/function/Predicate;Ljava/lang/Object;)Z> (0x00000007ae923a10) thrown at [/Volumes/android/AOSP-openjdk-git/jdk8u/hotspot/src/share/vm/interpreter/linkResolver.cpp, line 5
Event: 198.327 Thread 0x00007fd8e584d800 Exception <a 'java/lang/NoSuchMethodError': java.lang.Object.lambda$and$0(Ljava/util/function/Predicate;Ljava/lang/Object;)Z> (0x00000007ae7dc870) thrown at [/Volumes/android/AOSP-openjdk-git/jdk8u/hotspot/src/share/vm/interpreter/linkResolver.cpp, line 5
Event: 198.328 Thread 0x00007fd8e4ece000 Exception <a 'java/lang/NoSuchMethodError': java.lang.Object.lambda$and$0(Ljava/util/function/Predicate;Ljava/lang/Object;)Z> (0x00000007ae8ac7e0) thrown at [/Volumes/android/AOSP-openjdk-git/jdk8u/hotspot/src/share/vm/interpreter/linkResolver.cpp, line 5
Event: 198.330 Thread 0x00007fd8df51b000 Exception <a 'java/lang/NoSuchMethodError': java.lang.Object.lambda$static$0(Ljava/lang/String;)Z> (0x00000007ae7b1050) thrown at [/Volumes/android/AOSP-openjdk-git/jdk8u/hotspot/src/share/vm/interpreter/linkResolver.cpp, line 584]

Events (10 events):
Event: 198.439 loading class com/android/tools/r8/graph/DexProgramClass
Event: 198.439 loading class com/android/tools/r8/graph/DexProgramClass done
Event: 198.440 loading class com/android/tools/r8/graph/DexClass
Event: 198.440 loading class com/android/tools/r8/graph/DexClass done
Event: 198.440 loading class com/android/tools/r8/utils/ProgramClassCollection
Event: 198.440 loading class com/android/tools/r8/utils/ProgramClassCollection done
Event: 198.441 loading class com/android/tools/r8/utils/ClassMap
Event: 198.441 loading class com/android/tools/r8/utils/ClassMap done
Event: 198.441 loading class com/android/tools/r8/graph/DexProgramClass
Event: 198.441 loading class com/android/tools/r8/graph/DexProgramClass done


Dynamic libraries:
0x000000000f099000 	/System/Library/Frameworks/Cocoa.framework/Versions/A/Cocoa
0x000000000f099000 	/System/Library/Frameworks/Security.framework/Versions/A/Security
0x000000000f099000 	/System/Library/Frameworks/ApplicationServices.framework/Versions/A/ApplicationServices
0x000000000f099000 	/usr/lib/libz.1.dylib
0x000000000f099000 	/usr/lib/libSystem.B.dylib
0x000000000f099000 	/System/Library/Frameworks/CoreFoundation.framework/Versions/A/CoreFoundation
0x000000000f099000 	/System/Library/Frameworks/Foundation.framework/Versions/C/Foundation
0x000000000f099000 	/usr/lib/libobjc.A.dylib
0x000000000f099000 	/System/Library/Frameworks/AppKit.framework/Versions/C/AppKit
0x000000000f099000 	/System/Library/Frameworks/CoreData.framework/Versions/A/CoreData
0x000000000f099000 	/System/Library/PrivateFrameworks/RemoteViewServices.framework/Versions/A/RemoteViewServices
0x000000000f099000 	/System/Library/PrivateFrameworks/UIFoundation.framework/Versions/A/UIFoundation
0x000000000f099000 	/System/Library/PrivateFrameworks/DFRFoundation.framework/Versions/A/DFRFoundation
0x000000000f099000 	/System/Library/Frameworks/Metal.framework/Versions/A/Metal
0x000000000f099000 	/System/Library/PrivateFrameworks/DesktopServicesPriv.framework/Versions/A/DesktopServicesPriv
0x000000000f099000 	/usr/lib/libenergytrace.dylib
0x000000000f099000 	/System/Library/PrivateFrameworks/SkyLight.framework/Versions/A/SkyLight
0x000000000f099000 	/System/Library/Frameworks/CoreGraphics.framework/Versions/A/CoreGraphics
0x000000000f099000 	/usr/lib/libScreenReader.dylib
0x000000000f099000 	/System/Library/Frameworks/Accelerate.framework/Versions/A/Accelerate
0x000000000f099000 	/System/Library/Frameworks/IOSurface.framework/Versions/A/IOSurface
0x000000000f099000 	/System/Library/Frameworks/AudioToolbox.framework/Versions/A/AudioToolbox
0x000000000f099000 	/System/Library/Frameworks/AudioUnit.framework/Versions/A/AudioUnit
0x000000000f099000 	/System/Library/PrivateFrameworks/DataDetectorsCore.framework/Versions/A/DataDetectorsCore
0x000000000f099000 	/System/Library/Frameworks/Carbon.framework/Versions/A/Frameworks/HIToolbox.framework/Versions/A/HIToolbox
0x000000000f099000 	/usr/lib/libicucore.A.dylib
0x000000000f099000 	/System/Library/Frameworks/QuartzCore.framework/Versions/A/QuartzCore
0x000000000f099000 	/System/Library/Frameworks/Carbon.framework/Versions/A/Frameworks/SpeechRecognition.framework/Versions/A/SpeechRecognition
0x000000000f099000 	/usr/lib/libauto.dylib
0x000000000f099000 	/usr/lib/libxml2.2.dylib
0x000000000f099000 	/System/Library/PrivateFrameworks/CoreUI.framework/Versions/A/CoreUI
0x000000000f099000 	/System/Library/Frameworks/CoreAudio.framework/Versions/A/CoreAudio
0x000000000f099000 	/System/Library/Frameworks/DiskArbitration.framework/Versions/A/DiskArbitration
0x000000000f099000 	/usr/lib/liblangid.dylib
0x000000000f099000 	/System/Library/PrivateFrameworks/MultitouchSupport.framework/Versions/A/MultitouchSupport
0x000000000f099000 	/System/Library/Frameworks/IOKit.framework/Versions/A/IOKit
0x000000000f099000 	/usr/lib/libDiagnosticMessagesClient.dylib
0x000000000f099000 	/System/Library/Frameworks/CoreServices.framework/Versions/A/CoreServices
0x000000000f099000 	/System/Library/PrivateFrameworks/PerformanceAnalysis.framework/Versions/A/PerformanceAnalysis
0x000000000f099000 	/System/Library/Frameworks/OpenGL.framework/Versions/A/OpenGL
0x000000000f099000 	/System/Library/Frameworks/ColorSync.framework/Versions/A/ColorSync
0x000000000f099000 	/System/Library/Frameworks/CoreImage.framework/Versions/A/CoreImage
0x000000000f099000 	/System/Library/Frameworks/CoreText.framework/Versions/A/CoreText
0x000000000f099000 	/System/Library/Frameworks/ImageIO.framework/Versions/A/ImageIO
0x000000000f099000 	/System/Library/PrivateFrameworks/Backup.framework/Versions/A/Backup
0x000000000f099000 	/usr/lib/libarchive.2.dylib
0x000000000f099000 	/System/Library/Frameworks/CFNetwork.framework/Versions/A/CFNetwork
0x000000000f099000 	/System/Library/Frameworks/SystemConfiguration.framework/Versions/A/SystemConfiguration
0x000000000f099000 	/usr/lib/libCRFSuite.dylib
0x000000000f099000 	/usr/lib/libc++.1.dylib
0x000000000f099000 	/usr/lib/libc++abi.dylib
0x000000000f099000 	/usr/lib/system/libcache.dylib
0x000000000f099000 	/usr/lib/system/libcommonCrypto.dylib
0x000000000f099000 	/usr/lib/system/libcompiler_rt.dylib
0x000000000f099000 	/usr/lib/system/libcopyfile.dylib
0x000000000f099000 	/usr/lib/system/libcorecrypto.dylib
0x000000000f099000 	/usr/lib/system/libdispatch.dylib
0x000000000f099000 	/usr/lib/system/libdyld.dylib
0x000000000f099000 	/usr/lib/system/libkeymgr.dylib
0x000000000f099000 	/usr/lib/system/liblaunch.dylib
0x000000000f099000 	/usr/lib/system/libmacho.dylib
0x000000000f099000 	/usr/lib/system/libquarantine.dylib
0x000000000f099000 	/usr/lib/system/libremovefile.dylib
0x000000000f099000 	/usr/lib/system/libsystem_asl.dylib
0x000000000f099000 	/usr/lib/system/libsystem_blocks.dylib
0x000000000f099000 	/usr/lib/system/libsystem_c.dylib
0x000000000f099000 	/usr/lib/system/libsystem_configuration.dylib
0x000000000f099000 	/usr/lib/system/libsystem_coreservices.dylib
0x000000000f099000 	/usr/lib/system/libsystem_darwin.dylib
0x000000000f099000 	/usr/lib/system/libsystem_dnssd.dylib
0x000000000f099000 	/usr/lib/system/libsystem_info.dylib
0x000000000f099000 	/usr/lib/system/libsystem_m.dylib
0x000000000f099000 	/usr/lib/system/libsystem_malloc.dylib
0x000000000f099000 	/usr/lib/system/libsystem_network.dylib
0x000000000f099000 	/usr/lib/system/libsystem_networkextension.dylib
0x000000000f099000 	/usr/lib/system/libsystem_notify.dylib
0x000000000f099000 	/usr/lib/system/libsystem_sandbox.dylib
0x000000000f099000 	/usr/lib/system/libsystem_secinit.dylib
0x000000000f099000 	/usr/lib/system/libsystem_kernel.dylib
0x000000000f099000 	/usr/lib/system/libsystem_platform.dylib
0x000000000f099000 	/usr/lib/system/libsystem_pthread.dylib
0x000000000f099000 	/usr/lib/system/libsystem_symptoms.dylib
0x000000000f099000 	/usr/lib/system/libsystem_trace.dylib
0x000000000f099000 	/usr/lib/system/libunwind.dylib
0x000000000f099000 	/usr/lib/system/libxpc.dylib
0x000000000f099000 	/usr/lib/closure/libclosured.dylib
0x000000000f099000 	/usr/lib/libbsm.0.dylib
0x000000000f099000 	/usr/lib/system/libkxld.dylib
0x000000000f099000 	/usr/lib/libOpenScriptingUtil.dylib
0x000000000f099000 	/usr/lib/libcoretls.dylib
0x000000000f099000 	/usr/lib/libcoretls_cfhelpers.dylib
0x000000000f099000 	/usr/lib/libpam.2.dylib
0x000000000f099000 	/usr/lib/libsqlite3.dylib
0x000000000f099000 	/usr/lib/libxar.1.dylib
0x000000000f099000 	/usr/lib/libbz2.1.0.dylib
0x000000000f099000 	/usr/lib/liblzma.5.dylib
0x000000000f099000 	/usr/lib/libnetwork.dylib
0x000000000f099000 	/usr/lib/libapple_nghttp2.dylib
0x000000000f099000 	/usr/lib/libpcap.A.dylib
0x000000000f099000 	/usr/lib/libboringssl.dylib
0x000000000f099000 	/usr/lib/libusrtcp.dylib
0x000000000f099000 	/usr/lib/libapple_crypto.dylib
0x000000000f099000 	/System/Library/Frameworks/CoreServices.framework/Versions/A/Frameworks/FSEvents.framework/Versions/A/FSEvents
0x000000000f099000 	/System/Library/Frameworks/CoreServices.framework/Versions/A/Frameworks/CarbonCore.framework/Versions/A/CarbonCore
0x000000000f099000 	/System/Library/Frameworks/CoreServices.framework/Versions/A/Frameworks/Metadata.framework/Versions/A/Metadata
0x000000000f099000 	/System/Library/Frameworks/CoreServices.framework/Versions/A/Frameworks/OSServices.framework/Versions/A/OSServices
0x000000000f099000 	/System/Library/Frameworks/CoreServices.framework/Versions/A/Frameworks/SearchKit.framework/Versions/A/SearchKit
0x000000000f099000 	/System/Library/Frameworks/CoreServices.framework/Versions/A/Frameworks/AE.framework/Versions/A/AE
0x000000000f099000 	/System/Library/Frameworks/CoreServices.framework/Versions/A/Frameworks/LaunchServices.framework/Versions/A/LaunchServices
0x000000000f099000 	/System/Library/Frameworks/CoreServices.framework/Versions/A/Frameworks/DictionaryServices.framework/Versions/A/DictionaryServices
0x000000000f099000 	/System/Library/Frameworks/CoreServices.framework/Versions/A/Frameworks/SharedFileList.framework/Versions/A/SharedFileList
0x000000000f099000 	/System/Library/Frameworks/NetFS.framework/Versions/A/NetFS
0x000000000f099000 	/System/Library/PrivateFrameworks/NetAuth.framework/Versions/A/NetAuth
0x000000000f099000 	/System/Library/PrivateFrameworks/login.framework/Versions/A/Frameworks/loginsupport.framework/Versions/A/loginsupport
0x000000000f099000 	/System/Library/PrivateFrameworks/TCC.framework/Versions/A/TCC
0x000000000f099000 	/usr/lib/libmecabra.dylib
0x000000000f099000 	/System/Library/Frameworks/ApplicationServices.framework/Versions/A/Frameworks/ATS.framework/Versions/A/ATS
0x000000000f099000 	/System/Library/Frameworks/ApplicationServices.framework/Versions/A/Frameworks/ColorSyncLegacy.framework/Versions/A/ColorSyncLegacy
0x000000000f099000 	/System/Library/Frameworks/ApplicationServices.framework/Versions/A/Frameworks/HIServices.framework/Versions/A/HIServices
0x000000000f099000 	/System/Library/Frameworks/ApplicationServices.framework/Versions/A/Frameworks/LangAnalysis.framework/Versions/A/LangAnalysis
0x000000000f099000 	/System/Library/Frameworks/ApplicationServices.framework/Versions/A/Frameworks/PrintCore.framework/Versions/A/PrintCore
0x000000000f099000 	/System/Library/Frameworks/ApplicationServices.framework/Versions/A/Frameworks/QD.framework/Versions/A/QD
0x000000000f099000 	/System/Library/Frameworks/ApplicationServices.framework/Versions/A/Frameworks/SpeechSynthesis.framework/Versions/A/SpeechSynthesis
0x000000000f099000 	/System/Library/Frameworks/CoreDisplay.framework/Versions/A/CoreDisplay
0x000000000f099000 	/System/Library/Frameworks/Accelerate.framework/Versions/A/Frameworks/vImage.framework/Versions/A/vImage
0x000000000f099000 	/System/Library/Frameworks/Accelerate.framework/Versions/A/Frameworks/vecLib.framework/Versions/A/vecLib
0x000000000f099000 	/System/Library/Frameworks/Accelerate.framework/Versions/A/Frameworks/vecLib.framework/Versions/A/libvDSP.dylib
0x000000000f099000 	/System/Library/Frameworks/Accelerate.framework/Versions/A/Frameworks/vecLib.framework/Versions/A/libBNNS.dylib
0x000000000f099000 	/System/Library/Frameworks/Accelerate.framework/Versions/A/Frameworks/vecLib.framework/Versions/A/libQuadrature.dylib
0x000000000f099000 	/System/Library/Frameworks/Accelerate.framework/Versions/A/Frameworks/vecLib.framework/Versions/A/libvMisc.dylib
0x000000000f099000 	/System/Library/Frameworks/Accelerate.framework/Versions/A/Frameworks/vecLib.framework/Versions/A/libLAPACK.dylib
0x000000000f099000 	/System/Library/Frameworks/Accelerate.framework/Versions/A/Frameworks/vecLib.framework/Versions/A/libBLAS.dylib
0x000000000f099000 	/System/Library/Frameworks/Accelerate.framework/Versions/A/Frameworks/vecLib.framework/Versions/A/libLinearAlgebra.dylib
0x000000000f099000 	/System/Library/Frameworks/Accelerate.framework/Versions/A/Frameworks/vecLib.framework/Versions/A/libSparse.dylib
0x000000000f099000 	/System/Library/Frameworks/Accelerate.framework/Versions/A/Frameworks/vecLib.framework/Versions/A/libSparseBLAS.dylib
0x000000000f099000 	/System/Library/PrivateFrameworks/IOAccelerator.framework/Versions/A/IOAccelerator
0x000000000f099000 	/System/Library/PrivateFrameworks/IOPresentment.framework/Versions/A/IOPresentment
0x000000000f099000 	/System/Library/PrivateFrameworks/DSExternalDisplay.framework/Versions/A/DSExternalDisplay
0x000000000f099000 	/System/Library/Frameworks/OpenGL.framework/Versions/A/Libraries/libCoreFSCache.dylib
0x000000000f099000 	/System/Library/Frameworks/CoreVideo.framework/Versions/A/CoreVideo
0x000000000f099000 	/System/Library/PrivateFrameworks/GraphVisualizer.framework/Versions/A/GraphVisualizer
0x000000000f099000 	/System/Library/Frameworks/MetalPerformanceShaders.framework/Versions/A/MetalPerformanceShaders
0x000000000f099000 	/usr/lib/libFosl_dynamic.dylib
0x000000000f099000 	/System/Library/PrivateFrameworks/FaceCore.framework/Versions/A/FaceCore
0x000000000f099000 	/System/Library/Frameworks/OpenCL.framework/Versions/A/OpenCL
0x000000000f099000 	/usr/lib/libcompression.dylib
0x000000000f099000 	/System/Library/Frameworks/ApplicationServices.framework/Versions/A/Frameworks/ATS.framework/Versions/A/Resources/libFontParser.dylib
0x000000000f099000 	/System/Library/Frameworks/ApplicationServices.framework/Versions/A/Frameworks/ATS.framework/Versions/A/Resources/libFontRegistry.dylib
0x000000000f099000 	/System/Library/Frameworks/ImageIO.framework/Versions/A/Resources/libJPEG.dylib
0x000000000f099000 	/System/Library/Frameworks/ImageIO.framework/Versions/A/Resources/libTIFF.dylib
0x000000000f099000 	/System/Library/Frameworks/ImageIO.framework/Versions/A/Resources/libPng.dylib
0x000000000f099000 	/System/Library/Frameworks/ImageIO.framework/Versions/A/Resources/libGIF.dylib
0x000000000f099000 	/System/Library/Frameworks/ImageIO.framework/Versions/A/Resources/libJP2.dylib
0x000000000f099000 	/System/Library/Frameworks/ImageIO.framework/Versions/A/Resources/libRadiance.dylib
0x000000000f099000 	/System/Library/PrivateFrameworks/AppleJPEG.framework/Versions/A/AppleJPEG
0x000000000f099000 	/System/Library/PrivateFrameworks/MetalTools.framework/Versions/A/MetalTools
0x000000000f099000 	/System/Library/Frameworks/MetalPerformanceShaders.framework/Frameworks/MPSCore.framework/Versions/A/MPSCore
0x000000000f099000 	/System/Library/Frameworks/MetalPerformanceShaders.framework/Frameworks/MPSImage.framework/Versions/A/MPSImage
0x000000000f099000 	/System/Library/Frameworks/MetalPerformanceShaders.framework/Frameworks/MPSMatrix.framework/Versions/A/MPSMatrix
0x000000000f099000 	/System/Library/Frameworks/MetalPerformanceShaders.framework/Frameworks/MPSNeuralNetwork.framework/Versions/A/MPSNeuralNetwork
0x000000000f099000 	/System/Library/Frameworks/OpenGL.framework/Versions/A/Libraries/libGLU.dylib
0x000000000f099000 	/System/Library/Frameworks/OpenGL.framework/Versions/A/Libraries/libGFXShared.dylib
0x000000000f099000 	/System/Library/Frameworks/OpenGL.framework/Versions/A/Libraries/libGL.dylib
0x000000000f099000 	/System/Library/Frameworks/OpenGL.framework/Versions/A/Libraries/libGLImage.dylib
0x000000000f099000 	/System/Library/Frameworks/OpenGL.framework/Versions/A/Libraries/libCVMSPluginSupport.dylib
0x000000000f099000 	/System/Library/Frameworks/OpenGL.framework/Versions/A/Libraries/libCoreVMClient.dylib
0x000000000f099000 	/usr/lib/libcups.2.dylib
0x000000000f099000 	/System/Library/Frameworks/Kerberos.framework/Versions/A/Kerberos
0x000000000f099000 	/System/Library/Frameworks/GSS.framework/Versions/A/GSS
0x000000000f099000 	/usr/lib/libresolv.9.dylib
0x000000000f099000 	/usr/lib/libiconv.2.dylib
0x000000000f099000 	/System/Library/PrivateFrameworks/Heimdal.framework/Versions/A/Heimdal
0x000000000f099000 	/usr/lib/libheimdal-asn1.dylib
0x000000000f099000 	/System/Library/Frameworks/OpenDirectory.framework/Versions/A/OpenDirectory
0x000000000f099000 	/System/Library/PrivateFrameworks/CommonAuth.framework/Versions/A/CommonAuth
0x000000000f099000 	/System/Library/Frameworks/OpenDirectory.framework/Versions/A/Frameworks/CFOpenDirectory.framework/Versions/A/CFOpenDirectory
0x000000000f099000 	/System/Library/Frameworks/SecurityFoundation.framework/Versions/A/SecurityFoundation
0x000000000f099000 	/System/Library/PrivateFrameworks/APFS.framework/Versions/A/APFS
0x000000000f099000 	/usr/lib/libutil.dylib
0x000000000f099000 	/System/Library/PrivateFrameworks/AppleSauce.framework/Versions/A/AppleSauce
0x000000000f099000 	/System/Library/PrivateFrameworks/LinguisticData.framework/Versions/A/LinguisticData
0x000000000f099000 	/usr/lib/libmarisa.dylib
0x000000000f099000 	/System/Library/PrivateFrameworks/Lexicon.framework/Versions/A/Lexicon
0x000000000f099000 	/usr/lib/libChineseTokenizer.dylib
0x000000000f099000 	/usr/lib/libcmph.dylib
0x000000000f099000 	/System/Library/PrivateFrameworks/LanguageModeling.framework/Versions/A/LanguageModeling
0x000000000f099000 	/System/Library/PrivateFrameworks/CoreEmoji.framework/Versions/A/CoreEmoji
0x000000000f099000 	/System/Library/Frameworks/ServiceManagement.framework/Versions/A/ServiceManagement
0x000000000f099000 	/System/Library/PrivateFrameworks/BackgroundTaskManagement.framework/Versions/A/BackgroundTaskManagement
0x000000000f099000 	/usr/lib/libxslt.1.dylib
0x000000000f099000 	/System/Library/Frameworks/Carbon.framework/Versions/A/Frameworks/Ink.framework/Versions/A/Ink
0x000000000f099000 	/System/Library/PrivateFrameworks/TextureIO.framework/Versions/A/TextureIO
0x000000000f099000 	/usr/lib/libate.dylib
0x000000000f099000 	/System/Library/PrivateFrameworks/CrashReporterSupport.framework/Versions/A/CrashReporterSupport
0x000000000f099000 	/System/Library/PrivateFrameworks/Sharing.framework/Versions/A/Sharing
0x000000000f099000 	/System/Library/PrivateFrameworks/IconServices.framework/Versions/A/IconServices
0x000000000f099000 	/System/Library/PrivateFrameworks/ProtocolBuffer.framework/Versions/A/ProtocolBuffer
0x000000000f099000 	/System/Library/PrivateFrameworks/Apple80211.framework/Versions/A/Apple80211
0x000000000f099000 	/System/Library/Frameworks/CoreWLAN.framework/Versions/A/CoreWLAN
0x000000000f099000 	/System/Library/PrivateFrameworks/CoreUtils.framework/Versions/A/CoreUtils
0x000000000f099000 	/System/Library/Frameworks/IOBluetooth.framework/Versions/A/IOBluetooth
0x000000000f099000 	/System/Library/PrivateFrameworks/CoreWiFi.framework/Versions/A/CoreWiFi
0x000000000f099000 	/System/Library/Frameworks/CoreBluetooth.framework/Versions/A/CoreBluetooth
0x000000000f099000 	/System/Library/PrivateFrameworks/SignpostNotification.framework/Versions/A/SignpostNotification
0x000000000f099000 	/System/Library/PrivateFrameworks/DebugSymbols.framework/Versions/A/DebugSymbols
0x000000000f099000 	/System/Library/PrivateFrameworks/CoreSymbolication.framework/Versions/A/CoreSymbolication
0x000000000f099000 	/System/Library/PrivateFrameworks/Symbolication.framework/Versions/A/Symbolication
0x000000000f099000 	/System/Library/PrivateFrameworks/AppleFSCompression.framework/Versions/A/AppleFSCompression
0x000000000f099000 	/System/Library/PrivateFrameworks/SpeechRecognitionCore.framework/Versions/A/SpeechRecognitionCore
0x0000000108200000 	/Applications/Android Studio.app/Contents/jre/jdk/Contents/Home/jre/lib/server/libjvm.dylib
0x000000000f099000 	/usr/lib/libstdc++.6.0.9.dylib
0x00000001071aa000 	/Applications/Android Studio.app/Contents/jre/jdk/Contents/Home/jre/lib/libverify.dylib
0x00000001071b6000 	/Applications/Android Studio.app/Contents/jre/jdk/Contents/Home/jre/lib/libjava.dylib
0x00000001071f4000 	/Applications/Android Studio.app/Contents/jre/jdk/Contents/Home/jre/lib/libzip.dylib
0x000000010f4ae000 	/Applications/Android Studio.app/Contents/jre/jdk/Contents/Home/jre/lib/libnet.dylib
0x000000010f584000 	/Applications/Android Studio.app/Contents/jre/jdk/Contents/Home/jre/lib/libnio.dylib
0x000000010f7e8000 	/Users/annascott/.gradle/native/25/osx-amd64/libnative-platform.dylib
0x000000010fb6f000 	/Applications/Android Studio.app/Contents/jre/jdk/Contents/Home/jre/lib/libmanagement.dylib

VM Arguments:
jvm_args: -Xmx1536m -Dfile.encoding=UTF-8 -Duser.country=US -Duser.language=en -Duser.variant 
java_command: org.gradle.launcher.daemon.bootstrap.GradleDaemon 4.4
java_class_path (initial): /Users/annascott/.gradle/wrapper/dists/gradle-4.4-all/9br9xq1tocpiv8o6njlyu5op1/gradle-4.4/lib/gradle-launcher-4.4.jar
Launcher Type: SUN_STANDARD

Environment Variables:
PATH=/usr/local/bin:/usr/bin:/bin:/usr/sbin:/sbin
SHELL=/bin/bash

Signal Handlers:
SIGSEGV: [libjvm.dylib+0x53f567], sa_mask[0]=11111111011111110111111111111111, sa_flags=SA_ONSTACK|SA_RESTART|SA_SIGINFO
SIGBUS: [libjvm.dylib+0x53f567], sa_mask[0]=11111111011111110111111111111111, sa_flags=SA_RESTART|SA_SIGINFO
SIGFPE: [libjvm.dylib+0x437adf], sa_mask[0]=11111111011111110111111111111111, sa_flags=SA_RESTART|SA_SIGINFO
SIGPIPE: [libjvm.dylib+0x437adf], sa_mask[0]=11111111011111110111111111111111, sa_flags=SA_RESTART|SA_SIGINFO
SIGXFSZ: [libjvm.dylib+0x437adf], sa_mask[0]=11111111011111110111111111111111, sa_flags=SA_RESTART|SA_SIGINFO
SIGILL: [libjvm.dylib+0x437adf], sa_mask[0]=11111111011111110111111111111111, sa_flags=SA_RESTART|SA_SIGINFO
SIGUSR1: SIG_DFL, sa_mask[0]=00000000000000000000000000000000, sa_flags=none
SIGUSR2: [libjvm.dylib+0x438404], sa_mask[0]=00100000000000000000000000000000, sa_flags=SA_RESTART|SA_SIGINFO
SIGHUP: [libjvm.dylib+0x4365f9], sa_mask[0]=11111111011111110111111111111111, sa_flags=SA_RESTART|SA_SIGINFO
SIGINT: [libjvm.dylib+0x4365f9], sa_mask[0]=11111111011111110111111111111111, sa_flags=SA_RESTART|SA_SIGINFO
SIGTERM: [libjvm.dylib+0x4365f9], sa_mask[0]=11111111011111110111111111111111, sa_flags=SA_RESTART|SA_SIGINFO
SIGQUIT: [libjvm.dylib+0x4365f9], sa_mask[0]=11111111011111110111111111111111, sa_flags=SA_RESTART|SA_SIGINFO


---------------  S Y S T E M  ---------------

OS:Bsduname:Darwin 17.3.0 Darwin Kernel Version 17.3.0: Thu Nov  9 18:09:22 PST 2017; root:xnu-4570.31.3~1/RELEASE_X86_64 x86_64
rlimit: STACK 8192k, CORE 0k, NPROC 1418, NOFILE 10240, AS infinity
load average:2.73 2.19 1.89

CPU:total 8 (initial active 8) (4 cores per cpu, 2 threads per core) family 6 model 94 stepping 3, cmov, cx8, fxsr, mmx, sse, sse2, sse3, ssse3, sse4.1, sse4.2, popcnt, avx, avx2, aes, clmul, erms, rtm, 3dnowpref, lzcnt, ht, tsc, tscinvbit, bmi1, bmi2, adx

Memory: 4k page, physical 16777216k(3644332k free)

/proc/meminfo:


vm_info: OpenJDK 64-Bit Server VM (25.152-b01) for bsd-amd64 JRE (1.8.0_152-release-1024-b01), built by "builder" with gcc 4.2.1 Compatible Apple LLVM 8.1.0 (clang-802.0.42)

time: Fri Oct 12 11:45:17 2018
elapsed time: 198 seconds (0d 0h 3m 18s)

