#
# A fatal error has been detected by the Java Runtime Environment:
#
#  SIGSEGV (0xb) at pc=0x000000011ef49d1e, pid=582, tid=0x0000000000014f27
#
# JRE version: OpenJDK Runtime Environment (8.0_152-b06) (build 1.8.0_152-release-1136-b06)
# Java VM: OpenJDK 64-Bit Server VM (25.152-b06 mixed mode bsd-amd64 compressed oops)
# Problematic frame:
# J 8338 C2 java.util.HashSet.remove(Ljava/lang/Object;)Z (20 bytes) @ 0x000000011ef49d1e [0x000000011ef49a80+0x29e]
#
# Failed to write core dump. Core dumps have been disabled. To enable core dumping, try "ulimit -c unlimited" before starting Java again
#
# If you would like to submit a bug report, please visit:
#   http://bugreport.java.com/bugreport/crash.jsp
#

---------------  T H R E A D  ---------------

Current thread (0x00007fd22a250000):  JavaThread "Task worker for ':'" [_thread_in_Java, id=85799, stack(0x000070000d07d000,0x000070000d17d000)]

siginfo: si_signo: 11 (SIGSEGV), si_code: 1 (SEGV_MAPERR), si_addr: 0x00000003a29f416c

Registers:
RAX=0x0000000091d1b50e, RBX=0x00000007a29edec0, RCX=0x00000000f453dbd8, RDX=0x0000000761237608
RSP=0x000070000d17b320, RBP=0x000000007453e82c, RSI=0x00000007a29ef24c, RDI=0x0000000761237608
R8 =0x00000000000004df, R9 =0x0000000091d124df, R10=0x00000007a29ede68, R11=0x0000000000000800
R12=0x0000000000000000, R13=0x0000000761237608, R14=0x0000000000000000, R15=0x00007fd22a250000
RIP=0x000000011ef49d1e, EFLAGS=0x0000000000010202, ERR=0x0000000000000004
  TRAPNO=0x000000000000000e

Top of Stack: (sp=0x000070000d17b320)
0x000070000d17b320:   00000007a29ede68 00000007a29e91b0
0x000070000d17b330:   00000007b5269a38 000000011e4e52d8
0x000070000d17b340:   0000000000000180 00000000ffffffff
0x000070000d17b350:   00000007612377f8 000000011d9553e0
0x000070000d17b360:   00000007a29ede68 00000007a29e9070
0x000070000d17b370:   000070000d17b510 00000007a29edd58
0x000070000d17b380:   000070000d17b4d8 000000011fcc3d9c
0x000070000d17b390:   00000007a29e82a0 00000007b5269a10
0x000070000d17b3a0:   00000007a29eddf8 00000007a29e9168
0x000070000d17b3b0:   000070000d17b6a0 000000011f6f4594
0x000070000d17b3c0:   000070000d17b510 000000011fbfe8c4
0x000070000d17b3d0:   000070000d17b4c0 0000000000000000
0x000070000d17b3e0:   0000700000000003 000000011d80ba19
0x000070000d17b3f0:   00000007b52042a0 00000007a29f6c40
0x000070000d17b400:   00000007a29e3e78 0000000761237608
0x000070000d17b410:   00000007a297f178 00000007b5280b20
0x000070000d17b420:   000070000d17b488 000000011d706ffd
0x000070000d17b430:   000070000d17b4a0 00000007b5269900
0x000070000d17b440:   00000007a29e9180 00000007a29e9198
0x000070000d17b450:   00000007a29e91b0 00000007608eba20
0x000070000d17b460:   00000007a29e91c8 00000007a29edd40
0x000070000d17b470:   000070000d17b4d8 000000011d706d80
0x000070000d17b480:   00000007a15a7818 000000011d706d80
0x000070000d17b490:   00000007a29f6c40 000070000d17b498
0x000070000d17b4a0:   000000011a08a3a1 000070000d17b4e8
0x000070000d17b4b0:   000000011a08a448 0000000000000000
0x000070000d17b4c0:   000000011a08a3b8 000070000d17b490
0x000070000d17b4d0:   000070000d17b4f0 000000010bb65000
0x000070000d17b4e0:   000000011d85122c 00000007a29f6c40
0x000070000d17b4f0:   00000007a29f6c40 000000011a068b20
0x000070000d17b500:   0000000000000000 000070000d17b528
0x000070000d17b510:   000000010bb65000 000000011e0a5c34 

Instructions: (pc=0x000000011ef49d1e)
0x000000011ef49cfe:   c8 45 23 c1 45 3b c3 0f 83 ba 06 00 00 49 8d 1c
0x000000011ef49d0e:   cc 4a 8d 74 83 10 8b 2e 85 ed 0f 84 77 03 00 00
0x000000011ef49d1e:   45 8b 54 ec 0c 49 8d 3c ec 45 3b d1 0f 85 e5 02
0x000000011ef49d2e:   00 00 45 8b 54 ec 10 49 8b d2 48 c1 e2 03 49 3b 

Register to memory mapping:

RAX=0x0000000091d1b50e is an unknown value
RBX=0x00000007a29edec0 is an oop
[Ljava.util.HashMap$Node; 
 - klass: 'java/util/HashMap$Node'[]
 - length: 2048
RCX=0x00000000f453dbd8 is an unknown value
RDX=0x0000000761237608 is an oop
java.lang.String 
 - klass: 'java/lang/String'
RSP=0x000070000d17b320 is pointing into the stack for thread: 0x00007fd22a250000
RBP=0x000000007453e82c is an unknown value
RSI=0x00000007a29ef24c is an unknown value
RDI=0x0000000761237608 is an oop
java.lang.String 
 - klass: 'java/lang/String'
R8 =0x00000000000004df is an unknown value
R9 =0x0000000091d124df is an unknown value
R10=0x00000007a29ede68 is an oop
java.util.LinkedHashMap 
 - klass: 'java/util/LinkedHashMap'
R11=0x0000000000000800 is an unknown value
R12=0x0000000000000000 is an unknown value
R13=0x0000000761237608 is an oop
java.lang.String 
 - klass: 'java/lang/String'
R14=0x0000000000000000 is an unknown value
R15=0x00007fd22a250000 is a thread


Stack: [0x000070000d07d000,0x000070000d17d000],  sp=0x000070000d17b320,  free space=1016k
Native frames: (J=compiled Java code, j=interpreted, Vv=VM code, C=native code)
J 8338 C2 java.util.HashSet.remove(Ljava/lang/Object;)Z (20 bytes) @ 0x000000011ef49d1e [0x000000011ef49a80+0x29e]
J 15186 C1 org.gradle.api.internal.changedetection.state.OrderInsensitiveTaskFilePropertyCompareStrategy$2.computeNext()Lorg/gradle/api/internal/changedetection/rules/TaskStateChange; (311 bytes) @ 0x000000011fcc3d9c [0x000000011fcc3600+0x79c]
j  org.gradle.api.internal.changedetection.state.OrderInsensitiveTaskFilePropertyCompareStrategy$2.computeNext()Ljava/lang/Object;+1
J 15041 C2 com.google.common.collect.AbstractIterator.hasNext()Z (65 bytes) @ 0x000000011d85122c [0x000000011d851180+0xac]
J 2787 C1 com.google.common.collect.Iterators$5.hasNext()Z (53 bytes) @ 0x000000011e0a5c34 [0x000000011e0a5b20+0x114]
J 15135 C1 org.gradle.api.internal.changedetection.rules.CachingTaskStateChanges$1.computeNext()Lorg/gradle/api/internal/changedetection/rules/TaskStateChange; (74 bytes) @ 0x000000011fad269c [0x000000011fad2480+0x21c]
J 15134 C1 org.gradle.api.internal.changedetection.rules.CachingTaskStateChanges$1.computeNext()Ljava/lang/Object; (5 bytes) @ 0x000000011fad328c [0x000000011fad3200+0x8c]
J 15041 C2 com.google.common.collect.AbstractIterator.hasNext()Z (65 bytes) @ 0x000000011d85122c [0x000000011d851180+0xac]
j  org.gradle.api.internal.changedetection.rules.SummaryTaskStateChanges.firstDirtyIterator()Ljava/util/Iterator;+37
J 18588 C1 org.gradle.api.internal.changedetection.rules.SummaryTaskStateChanges$1.computeNext()Lorg/gradle/api/internal/changedetection/rules/TaskStateChange; (82 bytes) @ 0x0000000120604bf4 [0x0000000120604ae0+0x114]
J 18587 C1 org.gradle.api.internal.changedetection.rules.SummaryTaskStateChanges$1.computeNext()Ljava/lang/Object; (5 bytes) @ 0x00000001206055cc [0x0000000120605540+0x8c]
J 15041 C2 com.google.common.collect.AbstractIterator.hasNext()Z (65 bytes) @ 0x000000011d85122c [0x000000011d851180+0xac]
J 16036 C1 org.gradle.api.internal.changedetection.rules.ErrorHandlingTaskStateChanges$1.computeNext()Lorg/gradle/api/internal/changedetection/rules/TaskStateChange; (65 bytes) @ 0x000000011f548ffc [0x000000011f548ee0+0x11c]
J 16035 C1 org.gradle.api.internal.changedetection.rules.ErrorHandlingTaskStateChanges$1.computeNext()Ljava/lang/Object; (5 bytes) @ 0x000000011ead97cc [0x000000011ead9740+0x8c]
J 15041 C2 com.google.common.collect.AbstractIterator.hasNext()Z (65 bytes) @ 0x000000011d85122c [0x000000011d851180+0xac]
j  org.gradle.api.internal.changedetection.changes.DefaultTaskArtifactStateRepository$TaskArtifactStateImpl.isUpToDate(Ljava/util/Collection;)Z+21
j  org.gradle.api.internal.tasks.execution.SkipUpToDateTaskExecuter.execute(Lorg/gradle/api/internal/TaskInternal;Lorg/gradle/api/internal/tasks/TaskStateInternal;Lorg/gradle/api/internal/tasks/TaskExecutionContext;)V+33
j  org.gradle.api.internal.tasks.execution.ResolveTaskOutputCachingStateExecuter.execute(Lorg/gradle/api/internal/TaskInternal;Lorg/gradle/api/internal/tasks/TaskStateInternal;Lorg/gradle/api/internal/tasks/TaskExecutionContext;)V+102
j  org.gradle.api.internal.tasks.execution.ValidatingTaskExecuter.execute(Lorg/gradle/api/internal/TaskInternal;Lorg/gradle/api/internal/tasks/TaskStateInternal;Lorg/gradle/api/internal/tasks/TaskExecutionContext;)V+119
j  org.gradle.api.internal.tasks.execution.SkipEmptySourceFilesTaskExecuter.execute(Lorg/gradle/api/internal/TaskInternal;Lorg/gradle/api/internal/tasks/TaskStateInternal;Lorg/gradle/api/internal/tasks/TaskExecutionContext;)V+353
j  org.gradle.api.internal.tasks.execution.FinalizeInputFilePropertiesTaskExecuter.execute(Lorg/gradle/api/internal/TaskInternal;Lorg/gradle/api/internal/tasks/TaskStateInternal;Lorg/gradle/api/internal/tasks/TaskExecutionContext;)V+59
j  org.gradle.api.internal.tasks.execution.CleanupStaleOutputsExecuter.execute(Lorg/gradle/api/internal/TaskInternal;Lorg/gradle/api/internal/tasks/TaskStateInternal;Lorg/gradle/api/internal/tasks/TaskExecutionContext;)V+188
j  org.gradle.api.internal.tasks.execution.ResolveTaskArtifactStateTaskExecuter.execute(Lorg/gradle/api/internal/TaskInternal;Lorg/gradle/api/internal/tasks/TaskStateInternal;Lorg/gradle/api/internal/tasks/TaskExecutionContext;)V+96
j  org.gradle.api.internal.tasks.execution.SkipTaskWithNoActionsExecuter.execute(Lorg/gradle/api/internal/TaskInternal;Lorg/gradle/api/internal/tasks/TaskStateInternal;Lorg/gradle/api/internal/tasks/TaskExecutionContext;)V+135
j  org.gradle.api.internal.tasks.execution.SkipOnlyIfTaskExecuter.execute(Lorg/gradle/api/internal/TaskInternal;Lorg/gradle/api/internal/tasks/TaskStateInternal;Lorg/gradle/api/internal/tasks/TaskExecutionContext;)V+85
j  org.gradle.api.internal.tasks.execution.ExecuteAtMostOnceTaskExecuter.execute(Lorg/gradle/api/internal/TaskInternal;Lorg/gradle/api/internal/tasks/TaskStateInternal;Lorg/gradle/api/internal/tasks/TaskExecutionContext;)V+26
j  org.gradle.api.internal.tasks.execution.CatchExceptionTaskExecuter.execute(Lorg/gradle/api/internal/TaskInternal;Lorg/gradle/api/internal/tasks/TaskStateInternal;Lorg/gradle/api/internal/tasks/TaskExecutionContext;)V+7
j  org.gradle.execution.taskgraph.DefaultTaskGraphExecuter$EventFiringTaskWorker$1.run(Lorg/gradle/internal/operations/BuildOperationContext;)V+56
J 18811 C2 org.gradle.internal.progress.DefaultBuildOperationExecutor$RunnableBuildOperationWorker.execute(Lorg/gradle/internal/operations/BuildOperation;Lorg/gradle/internal/operations/BuildOperationContext;)V (10 bytes) @ 0x00000001206c97cc [0x00000001206c9760+0x6c]
J 19870 C1 org.gradle.internal.progress.DefaultBuildOperationExecutor.execute(Lorg/gradle/internal/operations/BuildOperation;Lorg/gradle/internal/operations/BuildOperationWorker;Lorg/gradle/internal/progress/DefaultBuildOperationExecutor$DefaultBuildOperationState;)V (394 bytes) @ 0x000000012076d5d4 [0x000000012076ad80+0x2854]
J 15661 C1 org.gradle.internal.progress.DefaultBuildOperationExecutor.run(Lorg/gradle/internal/operations/RunnableBuildOperation;)V (38 bytes) @ 0x000000011ebe1d5c [0x000000011ebe1a20+0x33c]
j  org.gradle.execution.taskgraph.DefaultTaskGraphExecuter$EventFiringTaskWorker.execute(Lorg/gradle/api/internal/TaskInternal;)V+16
j  org.gradle.execution.taskgraph.DefaultTaskGraphExecuter$EventFiringTaskWorker.execute(Ljava/lang/Object;)V+5
j  org.gradle.execution.taskgraph.DefaultTaskPlanExecutor$TaskExecutorWorker.processTask(Lorg/gradle/execution/taskgraph/TaskInfo;)V+8
j  org.gradle.execution.taskgraph.DefaultTaskPlanExecutor$TaskExecutorWorker.access$200(Lorg/gradle/execution/taskgraph/DefaultTaskPlanExecutor$TaskExecutorWorker;Lorg/gradle/execution/taskgraph/TaskInfo;)V+2
j  org.gradle.execution.taskgraph.DefaultTaskPlanExecutor$TaskExecutorWorker$1.execute(Lorg/gradle/execution/taskgraph/TaskInfo;)V+38
j  org.gradle.execution.taskgraph.DefaultTaskPlanExecutor$TaskExecutorWorker$1.execute(Ljava/lang/Object;)V+5
j  org.gradle.execution.taskgraph.DefaultTaskExecutionPlan.execute(Lorg/gradle/execution/taskgraph/TaskInfo;Lorg/gradle/internal/work/WorkerLeaseRegistry$WorkerLease;Lorg/gradle/api/Action;)V+14
J 18187 C1 org.gradle.execution.taskgraph.DefaultTaskExecutionPlan.executeWithTask(Lorg/gradle/internal/work/WorkerLeaseRegistry$WorkerLease;Lorg/gradle/api/Action;)Z (62 bytes) @ 0x0000000120495154 [0x0000000120494be0+0x574]
j  org.gradle.execution.taskgraph.DefaultTaskPlanExecutor$TaskExecutorWorker.run()V+52
J 17047 C2 org.gradle.internal.concurrent.ManagedExecutorImpl$1.run()V (57 bytes) @ 0x000000011fce9eb8 [0x000000011fce9d80+0x138]
J 17037 C1 java.util.concurrent.ThreadPoolExecutor.runWorker(Ljava/util/concurrent/ThreadPoolExecutor$Worker;)V (225 bytes) @ 0x000000011e8fd654 [0x000000011e8fc620+0x1034]
J 19443 C1 java.util.concurrent.ThreadPoolExecutor$Worker.run()V (9 bytes) @ 0x000000012092f444 [0x000000012092f340+0x104]
j  org.gradle.internal.concurrent.ThreadFactoryImpl$ManagedThreadRunnable.run()V+7
J 19442 C1 java.lang.Thread.run()V (17 bytes) @ 0x000000012091fac4 [0x000000012091f980+0x144]
v  ~StubRoutines::call_stub
V  [libjvm.dylib+0x2cd8c8]
V  [libjvm.dylib+0x2cc5cd]
V  [libjvm.dylib+0x2cc7eb]
V  [libjvm.dylib+0x31c59a]
V  [libjvm.dylib+0x5326e8]
V  [libjvm.dylib+0x5325ad]
V  [libjvm.dylib+0x45fb89]
C  [libsystem_pthread.dylib+0x3661]  _pthread_body+0x154
C  [libsystem_pthread.dylib+0x350d]  _pthread_body+0x0
C  [libsystem_pthread.dylib+0x2bf9]  thread_start+0xd
C  0x0000000000000000


---------------  P R O C E S S  ---------------

Java Threads: ( => current thread )
  0x00007fd22e562000 JavaThread "Task worker for ':' Thread 7" [_thread_blocked, id=22807, stack(0x000070000d68f000,0x000070000d78f000)]
  0x00007fd22f1c7800 JavaThread "Task worker for ':' Thread 6" [_thread_blocked, id=22551, stack(0x000070000d58c000,0x000070000d68c000)]
  0x00007fd22af16000 JavaThread "Task worker for ':' Thread 5" [_thread_blocked, id=33831, stack(0x000070000d489000,0x000070000d589000)]
  0x00007fd22e77d800 JavaThread "Task worker for ':' Thread 4" [_thread_blocked, id=47899, stack(0x000070000d386000,0x000070000d486000)]
  0x00007fd22f23f000 JavaThread "Task worker for ':' Thread 3" [_thread_blocked, id=48155, stack(0x000070000d283000,0x000070000d383000)]
  0x00007fd228df5000 JavaThread "Task worker for ':' Thread 2" [_thread_blocked, id=33047, stack(0x000070000d180000,0x000070000d280000)]
=>0x00007fd22a250000 JavaThread "Task worker for ':'" [_thread_in_Java, id=85799, stack(0x000070000d07d000,0x000070000d17d000)]
  0x00007fd22fa08800 JavaThread "Cache worker for Build Output Cleanup Cache (/Volumes/Macintosh HD/Users/annascott/ApacheLanguage/.gradle/buildOutputCleanup)" [_thread_blocked, id=42275, stack(0x000070000cf7a000,0x000070000d07a000)]
  0x00007fd22a4a4800 JavaThread "Cache worker for task history cache (/Volumes/Macintosh HD/Users/annascott/ApacheLanguage/.gradle/4.6/taskHistory)" [_thread_blocked, id=82715, stack(0x000070000ce77000,0x000070000cf77000)]
  0x00007fd2284b4800 JavaThread "Cache worker for file content cache (/Volumes/Macintosh HD/Users/annascott/ApacheLanguage/.gradle/4.6/fileContent)" [_thread_blocked, id=83739, stack(0x000070000cd74000,0x000070000ce74000)]
  0x00007fd22e729800 JavaThread "Build operations Thread 8" [_thread_blocked, id=48411, stack(0x000070000ca6b000,0x000070000cb6b000)]
  0x00007fd22f101000 JavaThread "Build operations Thread 7" [_thread_blocked, id=33319, stack(0x000070000c968000,0x000070000ca68000)]
  0x00007fd22f62f800 JavaThread "Build operations Thread 6" [_thread_blocked, id=31267, stack(0x000070000c865000,0x000070000c965000)]
  0x00007fd22f258000 JavaThread "Build operations Thread 5" [_thread_blocked, id=42787, stack(0x000070000c762000,0x000070000c862000)]
  0x00007fd22f78b800 JavaThread "Build operations Thread 4" [_thread_blocked, id=23075, stack(0x000070000c65f000,0x000070000c75f000)]
  0x00007fd22f275800 JavaThread "Build operations Thread 3" [_thread_blocked, id=27939, stack(0x000070000c55c000,0x000070000c65c000)]
  0x00007fd22a0bc000 JavaThread "Build operations Thread 2" [_thread_blocked, id=39715, stack(0x000070000c459000,0x000070000c559000)]
  0x00007fd22bc8d000 JavaThread "Build operations" [_thread_blocked, id=86311, stack(0x000070000c356000,0x000070000c456000)]
  0x00007fd22f51d800 JavaThread "Cache worker for Artifact transforms cache (/Users/annascott/.gradle/caches/transforms-1)" [_thread_blocked, id=28199, stack(0x000070000c253000,0x000070000c353000)]
  0x00007fd22954b000 JavaThread "Cache worker for file hash cache (/Volumes/Macintosh HD/Users/annascott/ApacheLanguage/.gradle/4.6/fileHashes)" [_thread_blocked, id=30231, stack(0x000070000c150000,0x000070000c250000)]
  0x00007fd228db5000 JavaThread "Stdin handler" [_thread_blocked, id=36887, stack(0x000070000be47000,0x000070000bf47000)]
  0x00007fd22e76b800 JavaThread "Asynchronous log dispatcher for DefaultDaemonConnection: socket connection from /127.0.0.1:49277 to /127.0.0.1:55470" [_thread_blocked, id=28951, stack(0x000070000bd44000,0x000070000be44000)]
  0x00007fd22afd7000 JavaThread "Cancel handler" [_thread_blocked, id=46095, stack(0x000070000bb3e000,0x000070000bc3e000)]
  0x00007fd22b668800 JavaThread "Handler for socket connection from /127.0.0.1:49277 to /127.0.0.1:55470" [_thread_in_native, id=39447, stack(0x000070000ba3b000,0x000070000bb3b000)]
  0x00007fd22e72c800 JavaThread "process reaper" daemon [_thread_blocked, id=44307, stack(0x000070000edd4000,0x000070000edfc000)]
  0x00007fd22e72a800 JavaThread "process reaper" daemon [_thread_blocked, id=86547, stack(0x000070000aff0000,0x000070000b018000)]
  0x00007fd22d717800 JavaThread "process reaper" daemon [_thread_blocked, id=29715, stack(0x000070000afc5000,0x000070000afed000)]
  0x00007fd227959800 JavaThread "process reaper" daemon [_thread_blocked, id=24079, stack(0x000070000af9a000,0x000070000afc2000)]
  0x00007fd22fca0800 JavaThread "process reaper" daemon [_thread_blocked, id=41743, stack(0x000070000a349000,0x000070000a371000)]
  0x00007fd22e729000 JavaThread "process reaper" daemon [_thread_blocked, id=46343, stack(0x000070000a31e000,0x000070000a346000)]
  0x00007fd22e0eb800 JavaThread "process reaper" daemon [_thread_blocked, id=40207, stack(0x000070000a2f3000,0x000070000a31b000)]
  0x00007fd22e75b000 JavaThread "MarlinRenderer Disposer" daemon [_thread_blocked, id=45083, stack(0x000070000dea7000,0x000070000dfa7000)]
  0x00007fd22e747800 JavaThread "Java2D Disposer" daemon [_thread_blocked, id=37655, stack(0x000070000dda4000,0x000070000dea4000)]
  0x00007fd227da3000 JavaThread "AWT-AppKit" daemon [_thread_in_native, id=775, stack(0x00007ffee1ccc000,0x00007ffee24cc000)]
  0x00007fd22b667000 JavaThread "ForkJoinPool.commonPool-worker-3" daemon [_thread_blocked, id=37139, stack(0x000070000d895000,0x000070000d995000)]
  0x00007fd22b988800 JavaThread "Daemon worker Thread 7" [_thread_blocked, id=85303, stack(0x000070000bc41000,0x000070000bd41000)]
  0x00007fd22b83f000 JavaThread "Daemon Thread 7" [_thread_blocked, id=16179, stack(0x000070000b938000,0x000070000ba38000)]
  0x00007fd228d72000 JavaThread "pool-1-thread-1" [_thread_blocked, id=34823, stack(0x000070000cc71000,0x000070000cd71000)]
  0x00007fd228c4b800 JavaThread "Memory manager" [_thread_blocked, id=27395, stack(0x000070000cb6e000,0x000070000cc6e000)]
  0x00007fd2293ee000 JavaThread "File lock request listener" [_thread_in_native, id=24579, stack(0x000070000c04d000,0x000070000c14d000)]
  0x00007fd229418000 JavaThread "Cache worker for file hash cache (/Users/annascott/.gradle/caches/4.6/fileHashes)" [_thread_blocked, id=41475, stack(0x000070000bf4a000,0x000070000c04a000)]
  0x00007fd227a57000 JavaThread "Daemon periodic checks" [_thread_blocked, id=22275, stack(0x000070000b835000,0x000070000b935000)]
  0x00007fd228bfc000 JavaThread "Incoming local TCP Connector on port 49277" [_thread_in_native, id=43267, stack(0x000070000b732000,0x000070000b832000)]
  0x00007fd22903b000 JavaThread "Service Thread" daemon [_thread_blocked, id=14083, stack(0x000070000b52c000,0x000070000b62c000)]
  0x00007fd228004800 JavaThread "C1 CompilerThread3" daemon [_thread_blocked, id=14339, stack(0x000070000b429000,0x000070000b529000)]
  0x00007fd22b000000 JavaThread "C2 CompilerThread2" daemon [_thread_in_native, id=14851, stack(0x000070000b326000,0x000070000b426000)]
  0x00007fd22782e800 JavaThread "C2 CompilerThread1" daemon [_thread_in_native, id=13059, stack(0x000070000b223000,0x000070000b323000)]
  0x00007fd229037800 JavaThread "C2 CompilerThread0" daemon [_thread_in_native, id=15619, stack(0x000070000b120000,0x000070000b220000)]
  0x00007fd227804000 JavaThread "Signal Dispatcher" daemon [_thread_blocked, id=12811, stack(0x000070000b01d000,0x000070000b11d000)]
  0x00007fd229011000 JavaThread "Finalizer" daemon [_thread_blocked, id=18691, stack(0x000070000ae97000,0x000070000af97000)]
  0x00007fd22900a800 JavaThread "Reference Handler" daemon [_thread_blocked, id=19203, stack(0x000070000ad94000,0x000070000ae94000)]
  0x00007fd22a801800 JavaThread "main" [_thread_blocked, id=10499, stack(0x000070000a376000,0x000070000a476000)]

Other Threads:
  0x00007fd22a82a800 VMThread [stack: 0x000070000ac91000,0x000070000ad91000] [id=19715]
  0x00007fd22b011000 WatcherThread [stack: 0x000070000b62f000,0x000070000b72f000] [id=13827]

VM state:not at safepoint (normal execution)

VM Mutex/Monitor currently owned by a thread: None

Heap:
 PSYoungGen      total 337408K, used 64153K [0x00000007a0000000, 0x00000007b7e80000, 0x00000007c0000000)
  eden space 315904K, 13% used [0x00000007a0000000,0x00000007a2a15380,0x00000007b3480000)
  from space 21504K, 97% used [0x00000007b4300000,0x00000007b5791140,0x00000007b5800000)
  to   space 37888K, 0% used [0x00000007b5980000,0x00000007b5980000,0x00000007b7e80000)
 ParOldGen       total 254464K, used 59825K [0x0000000760000000, 0x000000076f880000, 0x00000007a0000000)
  object space 254464K, 23% used [0x0000000760000000,0x0000000763a6c5a8,0x000000076f880000)
 Metaspace       used 84819K, capacity 88973K, committed 89176K, reserved 1126400K
  class space    used 10759K, capacity 11572K, committed 11648K, reserved 1048576K

Card table byte_map: [0x000000010f665000,0x000000010f966000] byte_map_base: 0x000000010bb65000

Marking Bits: (ParMarkBitMap*) 0x000000010f02c8f8
 Begin Bits: [0x000000010fb66000, 0x0000000111366000)
 End Bits:   [0x0000000111366000, 0x0000000112b66000)

Polling page: 0x000000010d7b2000

CodeCache: size=245760Kb used=51854Kb max_used=52136Kb free=193905Kb
 bounds [0x000000011d6ff000, 0x0000000120a3f000, 0x000000012c6ff000]
 total_blobs=16568 nmethods=15611 adapters=869
 compilation: enabled

Compilation events (10 events):
Event: 10502.057 Thread 0x00007fd228004800 19892       3       org.gradle.api.internal.changedetection.state.DefaultTaskOutputFilesRepository::isGeneratedByGradle (27 bytes)
Event: 10502.058 Thread 0x00007fd22782e800 nmethod 19839 0x000000011f70ae90 code [0x000000011f70afe0, 0x000000011f70b158]
Event: 10502.059 Thread 0x00007fd22782e800 19894   !   4       org.gradle.api.internal.file.FileOrUriNotationConverter::convert (352 bytes)
Event: 10502.059 Thread 0x00007fd228004800 nmethod 19892 0x0000000120a37810 code [0x0000000120a37a40, 0x0000000120a38548]
Event: 10502.059 Thread 0x00007fd228004800 19895       3       org.gradle.api.internal.artifacts.ivyservice.ivyresolve.BaseModuleComponentRepository::<init> (30 bytes)
Event: 10502.060 Thread 0x00007fd228004800 nmethod 19895 0x0000000120795c50 code [0x0000000120795de0, 0x0000000120796178]
Event: 10502.060 Thread 0x00007fd228004800 19893       3       org.gradle.api.internal.changedetection.state.DefaultTaskOutputFilesRepository::containsFilesGeneratedByGradle (22 bytes)
Event: 10502.060 Thread 0x00007fd228004800 nmethod 19893 0x0000000120a37310 code [0x0000000120a37480, 0x0000000120a37728]
Event: 10502.126 Thread 0x00007fd228004800 19897       3       org.gradle.api.internal.changedetection.rules.SummaryTaskStateChanges::<init> (18 bytes)
Event: 10502.131 Thread 0x00007fd228004800 nmethod 19897 0x00000001207a9290 code [0x00000001207a9440, 0x00000001207a99c8]

GC Heap History (10 events):
Event: 1903.081 GC heap before
{Heap before GC invocations=12 (full 3):
 PSYoungGen      total 390656K, used 390359K [0x00000007a0000000, 0x00000007bad00000, 0x00000007c0000000)
  eden space 368640K, 100% used [0x00000007a0000000,0x00000007b6800000,0x00000007b6800000)
  from space 22016K, 98% used [0x00000007b9780000,0x00000007bacb5e38,0x00000007bad00000)
  to   space 26112K, 0% used [0x00000007b7a00000,0x00000007b7a00000,0x00000007b9380000)
 ParOldGen       total 254464K, used 34795K [0x0000000760000000, 0x000000076f880000, 0x00000007a0000000)
  object space 254464K, 13% used [0x0000000760000000,0x00000007621facb8,0x000000076f880000)
 Metaspace       used 78532K, capacity 81821K, committed 82136K, reserved 1120256K
  class space    used 10233K, capacity 10896K, committed 11008K, reserved 1048576K
Event: 1903.130 GC heap after
Heap after GC invocations=12 (full 3):
 PSYoungGen      total 383488K, used 26106K [0x00000007a0000000, 0x00000007ba400000, 0x00000007c0000000)
  eden space 357376K, 0% used [0x00000007a0000000,0x00000007a0000000,0x00000007b5d00000)
  from space 26112K, 99% used [0x00000007b7a00000,0x00000007b937e810,0x00000007b9380000)
  to   space 16896K, 0% used [0x00000007b9380000,0x00000007b9380000,0x00000007ba400000)
 ParOldGen       total 254464K, used 50681K [0x0000000760000000, 0x000000076f880000, 0x00000007a0000000)
  object space 254464K, 19% used [0x0000000760000000,0x000000076317e600,0x000000076f880000)
 Metaspace       used 78532K, capacity 81821K, committed 82136K, reserved 1120256K
  class space    used 10233K, capacity 10896K, committed 11008K, reserved 1048576K
}
Event: 7239.249 GC heap before
{Heap before GC invocations=13 (full 3):
 PSYoungGen      total 383488K, used 383482K [0x00000007a0000000, 0x00000007ba400000, 0x00000007c0000000)
  eden space 357376K, 100% used [0x00000007a0000000,0x00000007b5d00000,0x00000007b5d00000)
  from space 26112K, 99% used [0x00000007b7a00000,0x00000007b937e810,0x00000007b9380000)
  to   space 16896K, 0% used [0x00000007b9380000,0x00000007b9380000,0x00000007ba400000)
 ParOldGen       total 254464K, used 50681K [0x0000000760000000, 0x000000076f880000, 0x00000007a0000000)
  object space 254464K, 19% used [0x0000000760000000,0x000000076317e600,0x000000076f880000)
 Metaspace       used 79270K, capacity 82605K, committed 82904K, reserved 1122304K
  class space    used 10271K, capacity 10926K, committed 11008K, reserved 1048576K
Event: 7239.272 GC heap after
Heap after GC invocations=13 (full 3):
 PSYoungGen      total 363520K, used 16881K [0x00000007a0000000, 0x00000007ba400000, 0x00000007c0000000)
  eden space 346624K, 0% used [0x00000007a0000000,0x00000007a0000000,0x00000007b5280000)
  from space 16896K, 99% used [0x00000007b9380000,0x00000007ba3fc560,0x00000007ba400000)
  to   space 37376K, 0% used [0x00000007b5b00000,0x00000007b5b00000,0x00000007b7f80000)
 ParOldGen       total 254464K, used 59801K [0x0000000760000000, 0x000000076f880000, 0x00000007a0000000)
  object space 254464K, 23% used [0x0000000760000000,0x0000000763a665a8,0x000000076f880000)
 Metaspace       used 79270K, capacity 82605K, committed 82904K, reserved 1122304K
  class space    used 10271K, capacity 10926K, committed 11008K, reserved 1048576K
}
Event: 7804.313 GC heap before
{Heap before GC invocations=14 (full 3):
 PSYoungGen      total 363520K, used 363179K [0x00000007a0000000, 0x00000007ba400000, 0x00000007c0000000)
  eden space 346624K, 99% used [0x00000007a0000000,0x00000007b522e890,0x00000007b5280000)
  from space 16896K, 99% used [0x00000007b9380000,0x00000007ba3fc560,0x00000007ba400000)
  to   space 37376K, 0% used [0x00000007b5b00000,0x00000007b5b00000,0x00000007b7f80000)
 ParOldGen       total 254464K, used 59801K [0x0000000760000000, 0x000000076f880000, 0x00000007a0000000)
  object space 254464K, 23% used [0x0000000760000000,0x0000000763a665a8,0x000000076f880000)
 Metaspace       used 80071K, capacity 83433K, committed 83672K, reserved 1122304K
  class space    used 10288K, capacity 10954K, committed 11008K, reserved 1048576K
Event: 7804.340 GC heap after
Heap after GC invocations=14 (full 3):
 PSYoungGen      total 364544K, used 28385K [0x00000007a0000000, 0x00000007b9500000, 0x00000007c0000000)
  eden space 335872K, 0% used [0x00000007a0000000,0x00000007a0000000,0x00000007b4800000)
  from space 28672K, 99% used [0x00000007b5b00000,0x00000007b76b8630,0x00000007b7700000)
  to   space 30720K, 0% used [0x00000007b7700000,0x00000007b7700000,0x00000007b9500000)
 ParOldGen       total 254464K, used 59809K [0x0000000760000000, 0x000000076f880000, 0x00000007a0000000)
  object space 254464K, 23% used [0x0000000760000000,0x0000000763a685a8,0x000000076f880000)
 Metaspace       used 80071K, capacity 83433K, committed 83672K, reserved 1122304K
  class space    used 10288K, capacity 10954K, committed 11008K, reserved 1048576K
}
Event: 10336.059 GC heap before
{Heap before GC invocations=15 (full 3):
 PSYoungGen      total 364544K, used 364257K [0x00000007a0000000, 0x00000007b9500000, 0x00000007c0000000)
  eden space 335872K, 100% used [0x00000007a0000000,0x00000007b4800000,0x00000007b4800000)
  from space 28672K, 99% used [0x00000007b5b00000,0x00000007b76b8630,0x00000007b7700000)
  to   space 30720K, 0% used [0x00000007b7700000,0x00000007b7700000,0x00000007b9500000)
 ParOldGen       total 254464K, used 59809K [0x0000000760000000, 0x000000076f880000, 0x00000007a0000000)
  object space 254464K, 23% used [0x0000000760000000,0x0000000763a685a8,0x000000076f880000)
 Metaspace       used 81000K, capacity 84579K, committed 84824K, reserved 1122304K
  class space    used 10343K, capacity 11061K, committed 11136K, reserved 1048576K
Event: 10336.096 GC heap after
Heap after GC invocations=15 (full 3):
 PSYoungGen      total 351232K, used 25308K [0x00000007a0000000, 0x00000007b9000000, 0x00000007c0000000)
  eden space 325632K, 0% used [0x00000007a0000000,0x00000007a0000000,0x00000007b3e00000)
  from space 25600K, 98% used [0x00000007b7700000,0x00000007b8fb7250,0x00000007b9000000)
  to   space 39424K, 0% used [0x00000007b4300000,0x00000007b4300000,0x00000007b6980000)
 ParOldGen       total 254464K, used 59817K [0x0000000760000000, 0x000000076f880000, 0x00000007a0000000)
  object space 254464K, 23% used [0x0000000760000000,0x0000000763a6a5a8,0x000000076f880000)
 Metaspace       used 81000K, capacity 84579K, committed 84824K, reserved 1122304K
  class space    used 10343K, capacity 11061K, committed 11136K, reserved 1048576K
}
Event: 10501.659 GC heap before
{Heap before GC invocations=16 (full 3):
 PSYoungGen      total 351232K, used 350940K [0x00000007a0000000, 0x00000007b9000000, 0x00000007c0000000)
  eden space 325632K, 100% used [0x00000007a0000000,0x00000007b3e00000,0x00000007b3e00000)
  from space 25600K, 98% used [0x00000007b7700000,0x00000007b8fb7250,0x00000007b9000000)
  to   space 39424K, 0% used [0x00000007b4300000,0x00000007b4300000,0x00000007b6980000)
 ParOldGen       total 254464K, used 59817K [0x0000000760000000, 0x000000076f880000, 0x00000007a0000000)
  object space 254464K, 23% used [0x0000000760000000,0x0000000763a6a5a8,0x000000076f880000)
 Metaspace       used 84773K, capacity 88973K, committed 89176K, reserved 1126400K
  class space    used 10759K, capacity 11572K, committed 11648K, reserved 1048576K
Event: 10501.685 GC heap after
Heap after GC invocations=16 (full 3):
 PSYoungGen      total 337408K, used 21060K [0x00000007a0000000, 0x00000007b7e80000, 0x00000007c0000000)
  eden space 315904K, 0% used [0x00000007a0000000,0x00000007a0000000,0x00000007b3480000)
  from space 21504K, 97% used [0x00000007b4300000,0x00000007b5791140,0x00000007b5800000)
  to   space 37888K, 0% used [0x00000007b5980000,0x00000007b5980000,0x00000007b7e80000)
 ParOldGen       total 254464K, used 59825K [0x0000000760000000, 0x000000076f880000, 0x00000007a0000000)
  object space 254464K, 23% used [0x0000000760000000,0x0000000763a6c5a8,0x000000076f880000)
 Metaspace       used 84773K, capacity 88973K, committed 89176K, reserved 1126400K
  class space    used 10759K, capacity 11572K, committed 11648K, reserved 1048576K
}

Deoptimization events (10 events):
Event: 10447.282 Thread 0x00007fd231323000 Uncommon trap: reason=unstable_if action=reinterpret pc=0x000000011f805464 method=java.lang.String.trim()Ljava/lang/String; @ 44
Event: 10447.305 Thread 0x00007fd231323000 Uncommon trap: reason=bimorphic action=maybe_recompile pc=0x0000000120874348 method=com.google.common.collect.AbstractMapBasedMultimap.put(Ljava/lang/Object;Ljava/lang/Object;)Z @ 5
Event: 10447.305 Thread 0x00007fd231323000 Uncommon trap: reason=bimorphic action=maybe_recompile pc=0x0000000120874348 method=com.google.common.collect.AbstractMapBasedMultimap.put(Ljava/lang/Object;Ljava/lang/Object;)Z @ 5
Event: 10447.305 Thread 0x00007fd231323000 Uncommon trap: reason=bimorphic action=maybe_recompile pc=0x0000000120874348 method=com.google.common.collect.AbstractMapBasedMultimap.put(Ljava/lang/Object;Ljava/lang/Object;)Z @ 5
Event: 10447.305 Thread 0x00007fd231323000 Uncommon trap: reason=bimorphic action=maybe_recompile pc=0x0000000120874348 method=com.google.common.collect.AbstractMapBasedMultimap.put(Ljava/lang/Object;Ljava/lang/Object;)Z @ 5
Event: 10447.327 Thread 0x00007fd231323000 Uncommon trap: reason=unstable_if action=reinterpret pc=0x000000011e476240 method=java.lang.ref.SoftReference.get()Ljava/lang/Object; @ 6
Event: 10447.327 Thread 0x00007fd231323000 Uncommon trap: reason=unstable_if action=reinterpret pc=0x000000011dc652d0 method=java.lang.ref.SoftReference.get()Ljava/lang/Object; @ 6
Event: 10447.969 Thread 0x00007fd231745000 Uncommon trap: reason=unstable_if action=reinterpret pc=0x000000011fda9964 method=java.util.concurrent.locks.AbstractQueuedSynchronizer$ConditionObject.awaitNanos(J)J @ 115
Event: 10501.694 Thread 0x00007fd22b988800 Uncommon trap: reason=null_check action=make_not_entrant pc=0x000000011ea4d420 method=java.lang.ThreadLocal$ThreadLocalMap.set(Ljava/lang/ThreadLocal;Ljava/lang/Object;)V @ 36
Event: 10501.695 Thread 0x00007fd22b988800 Uncommon trap: reason=null_check action=make_not_entrant pc=0x0000000120805d04 method=java.lang.ThreadLocal$ThreadLocalMap.set(Ljava/lang/ThreadLocal;Ljava/lang/Object;)V @ 36

Classes redefined (0 events):
No events

Internal exceptions (10 events):
Event: 10501.735 Thread 0x00007fd22b988800 Exception <a 'sun/nio/fs/UnixException'> (0x00000007a0421840) thrown at [/Volumes/android/AOSP-openjdk-git/jdk8u/hotspot/src/share/vm/prims/jni.cpp, line 709]
Event: 10501.735 Thread 0x00007fd22b988800 Exception <a 'sun/nio/fs/UnixException'> (0x00000007a0422be0) thrown at [/Volumes/android/AOSP-openjdk-git/jdk8u/hotspot/src/share/vm/prims/jni.cpp, line 709]
Event: 10501.735 Thread 0x00007fd22b988800 Exception <a 'sun/nio/fs/UnixException'> (0x00000007a0425370) thrown at [/Volumes/android/AOSP-openjdk-git/jdk8u/hotspot/src/share/vm/prims/jni.cpp, line 709]
Event: 10501.735 Thread 0x00007fd22b988800 Exception <a 'sun/nio/fs/UnixException'> (0x00000007a04266e0) thrown at [/Volumes/android/AOSP-openjdk-git/jdk8u/hotspot/src/share/vm/prims/jni.cpp, line 709]
Event: 10501.735 Thread 0x00007fd22b988800 Exception <a 'sun/nio/fs/UnixException'> (0x00000007a0428590) thrown at [/Volumes/android/AOSP-openjdk-git/jdk8u/hotspot/src/share/vm/prims/jni.cpp, line 709]
Event: 10501.736 Thread 0x00007fd22b988800 Exception <a 'sun/nio/fs/UnixException'> (0x00000007a0429940) thrown at [/Volumes/android/AOSP-openjdk-git/jdk8u/hotspot/src/share/vm/prims/jni.cpp, line 709]
Event: 10501.736 Thread 0x00007fd22b988800 Exception <a 'sun/nio/fs/UnixException'> (0x00000007a042bda0) thrown at [/Volumes/android/AOSP-openjdk-git/jdk8u/hotspot/src/share/vm/prims/jni.cpp, line 709]
Event: 10501.736 Thread 0x00007fd22b988800 Exception <a 'sun/nio/fs/UnixException'> (0x00000007a042d150) thrown at [/Volumes/android/AOSP-openjdk-git/jdk8u/hotspot/src/share/vm/prims/jni.cpp, line 709]
Event: 10501.738 Thread 0x00007fd22b988800 Exception <a 'sun/nio/fs/UnixException'> (0x00000007a042f408) thrown at [/Volumes/android/AOSP-openjdk-git/jdk8u/hotspot/src/share/vm/prims/jni.cpp, line 709]
Event: 10501.739 Thread 0x00007fd22b988800 Exception <a 'sun/nio/fs/UnixException'> (0x00000007a04307c8) thrown at [/Volumes/android/AOSP-openjdk-git/jdk8u/hotspot/src/share/vm/prims/jni.cpp, line 709]

Events (10 events):
Event: 10501.954 Executing VM operation: RevokeBias
Event: 10501.954 Executing VM operation: RevokeBias done
Event: 10501.956 Thread 0x00007fd228004800 flushing nmethod 0x000000011f74cb90
Event: 10501.956 Thread 0x00007fd228004800 flushing nmethod 0x000000011f74d890
Event: 10501.956 Thread 0x00007fd228004800 flushing nmethod 0x000000011f752ed0
Event: 10501.956 Thread 0x00007fd228004800 flushing nmethod 0x000000011f753f10
Event: 10501.956 Thread 0x00007fd228004800 flushing nmethod 0x000000011f756590
Event: 10501.956 Thread 0x00007fd228004800 flushing nmethod 0x000000011f774410
Event: 10501.988 Thread 0x00007fd228004800 flushing nmethod 0x00000001207a9490
Event: 10501.989 Thread 0x00007fd228004800 flushing nmethod 0x00000001207b0fd0


Dynamic libraries:
0x000000001d28c000 	/System/Library/Frameworks/Cocoa.framework/Versions/A/Cocoa
0x000000001d28c000 	/System/Library/Frameworks/Security.framework/Versions/A/Security
0x000000001d28c000 	/System/Library/Frameworks/ApplicationServices.framework/Versions/A/ApplicationServices
0x000000001d28c000 	/usr/lib/libz.1.dylib
0x000000001d28c000 	/usr/lib/libSystem.B.dylib
0x000000001d28c000 	/System/Library/Frameworks/CoreFoundation.framework/Versions/A/CoreFoundation
0x000000001d28c000 	/System/Library/Frameworks/Foundation.framework/Versions/C/Foundation
0x000000001d28c000 	/usr/lib/libobjc.A.dylib
0x000000001d28c000 	/System/Library/Frameworks/AppKit.framework/Versions/C/AppKit
0x000000001d28c000 	/System/Library/Frameworks/CoreData.framework/Versions/A/CoreData
0x000000001d28c000 	/System/Library/PrivateFrameworks/RemoteViewServices.framework/Versions/A/RemoteViewServices
0x000000001d28c000 	/System/Library/PrivateFrameworks/UIFoundation.framework/Versions/A/UIFoundation
0x000000001d28c000 	/System/Library/PrivateFrameworks/DFRFoundation.framework/Versions/A/DFRFoundation
0x000000001d28c000 	/System/Library/Frameworks/Metal.framework/Versions/A/Metal
0x000000001d28c000 	/System/Library/PrivateFrameworks/DesktopServicesPriv.framework/Versions/A/DesktopServicesPriv
0x000000001d28c000 	/usr/lib/libenergytrace.dylib
0x000000001d28c000 	/System/Library/PrivateFrameworks/SkyLight.framework/Versions/A/SkyLight
0x000000001d28c000 	/System/Library/Frameworks/CoreGraphics.framework/Versions/A/CoreGraphics
0x000000001d28c000 	/usr/lib/libScreenReader.dylib
0x000000001d28c000 	/System/Library/Frameworks/Accelerate.framework/Versions/A/Accelerate
0x000000001d28c000 	/System/Library/Frameworks/IOSurface.framework/Versions/A/IOSurface
0x000000001d28c000 	/System/Library/Frameworks/AudioToolbox.framework/Versions/A/AudioToolbox
0x000000001d28c000 	/System/Library/Frameworks/AudioUnit.framework/Versions/A/AudioUnit
0x000000001d28c000 	/System/Library/PrivateFrameworks/DataDetectorsCore.framework/Versions/A/DataDetectorsCore
0x000000001d28c000 	/System/Library/Frameworks/Carbon.framework/Versions/A/Frameworks/HIToolbox.framework/Versions/A/HIToolbox
0x000000001d28c000 	/usr/lib/libicucore.A.dylib
0x000000001d28c000 	/System/Library/Frameworks/QuartzCore.framework/Versions/A/QuartzCore
0x000000001d28c000 	/System/Library/PrivateFrameworks/SignpostNotification.framework/Versions/A/SignpostNotification
0x000000001d28c000 	/System/Library/Frameworks/Carbon.framework/Versions/A/Frameworks/SpeechRecognition.framework/Versions/A/SpeechRecognition
0x000000001d28c000 	/usr/lib/libauto.dylib
0x000000001d28c000 	/usr/lib/libxml2.2.dylib
0x000000001d28c000 	/System/Library/PrivateFrameworks/CoreUI.framework/Versions/A/CoreUI
0x000000001d28c000 	/System/Library/Frameworks/CoreAudio.framework/Versions/A/CoreAudio
0x000000001d28c000 	/System/Library/Frameworks/DiskArbitration.framework/Versions/A/DiskArbitration
0x000000001d28c000 	/usr/lib/liblangid.dylib
0x000000001d28c000 	/System/Library/PrivateFrameworks/MultitouchSupport.framework/Versions/A/MultitouchSupport
0x000000001d28c000 	/System/Library/Frameworks/IOKit.framework/Versions/A/IOKit
0x000000001d28c000 	/usr/lib/libDiagnosticMessagesClient.dylib
0x000000001d28c000 	/System/Library/Frameworks/CoreServices.framework/Versions/A/CoreServices
0x000000001d28c000 	/System/Library/PrivateFrameworks/PerformanceAnalysis.framework/Versions/A/PerformanceAnalysis
0x000000001d28c000 	/System/Library/Frameworks/OpenGL.framework/Versions/A/OpenGL
0x000000001d28c000 	/System/Library/Frameworks/ColorSync.framework/Versions/A/ColorSync
0x000000001d28c000 	/System/Library/Frameworks/CoreImage.framework/Versions/A/CoreImage
0x000000001d28c000 	/System/Library/Frameworks/CoreText.framework/Versions/A/CoreText
0x000000001d28c000 	/System/Library/Frameworks/ImageIO.framework/Versions/A/ImageIO
0x000000001d28c000 	/System/Library/PrivateFrameworks/Backup.framework/Versions/A/Backup
0x000000001d28c000 	/usr/lib/libarchive.2.dylib
0x000000001d28c000 	/System/Library/Frameworks/CFNetwork.framework/Versions/A/CFNetwork
0x000000001d28c000 	/System/Library/Frameworks/SystemConfiguration.framework/Versions/A/SystemConfiguration
0x000000001d28c000 	/usr/lib/libCRFSuite.dylib
0x000000001d28c000 	/usr/lib/libc++.1.dylib
0x000000001d28c000 	/usr/lib/libc++abi.dylib
0x000000001d28c000 	/usr/lib/system/libcache.dylib
0x000000001d28c000 	/usr/lib/system/libcommonCrypto.dylib
0x000000001d28c000 	/usr/lib/system/libcompiler_rt.dylib
0x000000001d28c000 	/usr/lib/system/libcopyfile.dylib
0x000000001d28c000 	/usr/lib/system/libcorecrypto.dylib
0x000000001d28c000 	/usr/lib/system/libdispatch.dylib
0x000000001d28c000 	/usr/lib/system/libdyld.dylib
0x000000001d28c000 	/usr/lib/system/libkeymgr.dylib
0x000000001d28c000 	/usr/lib/system/liblaunch.dylib
0x000000001d28c000 	/usr/lib/system/libmacho.dylib
0x000000001d28c000 	/usr/lib/system/libquarantine.dylib
0x000000001d28c000 	/usr/lib/system/libremovefile.dylib
0x000000001d28c000 	/usr/lib/system/libsystem_asl.dylib
0x000000001d28c000 	/usr/lib/system/libsystem_blocks.dylib
0x000000001d28c000 	/usr/lib/system/libsystem_c.dylib
0x000000001d28c000 	/usr/lib/system/libsystem_configuration.dylib
0x000000001d28c000 	/usr/lib/system/libsystem_coreservices.dylib
0x000000001d28c000 	/usr/lib/system/libsystem_darwin.dylib
0x000000001d28c000 	/usr/lib/system/libsystem_dnssd.dylib
0x000000001d28c000 	/usr/lib/system/libsystem_info.dylib
0x000000001d28c000 	/usr/lib/system/libsystem_m.dylib
0x000000001d28c000 	/usr/lib/system/libsystem_malloc.dylib
0x000000001d28c000 	/usr/lib/system/libsystem_network.dylib
0x000000001d28c000 	/usr/lib/system/libsystem_networkextension.dylib
0x000000001d28c000 	/usr/lib/system/libsystem_notify.dylib
0x000000001d28c000 	/usr/lib/system/libsystem_sandbox.dylib
0x000000001d28c000 	/usr/lib/system/libsystem_secinit.dylib
0x000000001d28c000 	/usr/lib/system/libsystem_kernel.dylib
0x000000001d28c000 	/usr/lib/system/libsystem_platform.dylib
0x000000001d28c000 	/usr/lib/system/libsystem_pthread.dylib
0x000000001d28c000 	/usr/lib/system/libsystem_symptoms.dylib
0x000000001d28c000 	/usr/lib/system/libsystem_trace.dylib
0x000000001d28c000 	/usr/lib/system/libunwind.dylib
0x000000001d28c000 	/usr/lib/system/libxpc.dylib
0x000000001d28c000 	/usr/lib/closure/libclosured.dylib
0x000000001d28c000 	/usr/lib/libbsm.0.dylib
0x000000001d28c000 	/usr/lib/system/libkxld.dylib
0x000000001d28c000 	/usr/lib/libOpenScriptingUtil.dylib
0x000000001d28c000 	/usr/lib/libcoretls.dylib
0x000000001d28c000 	/usr/lib/libcoretls_cfhelpers.dylib
0x000000001d28c000 	/usr/lib/libpam.2.dylib
0x000000001d28c000 	/usr/lib/libsqlite3.dylib
0x000000001d28c000 	/usr/lib/libxar.1.dylib
0x000000001d28c000 	/usr/lib/libbz2.1.0.dylib
0x000000001d28c000 	/usr/lib/liblzma.5.dylib
0x000000001d28c000 	/usr/lib/libnetwork.dylib
0x000000001d28c000 	/usr/lib/libapple_nghttp2.dylib
0x000000001d28c000 	/usr/lib/libpcap.A.dylib
0x000000001d28c000 	/usr/lib/libboringssl.dylib
0x000000001d28c000 	/usr/lib/libusrtcp.dylib
0x000000001d28c000 	/usr/lib/libapple_crypto.dylib
0x000000001d28c000 	/System/Library/Frameworks/CoreServices.framework/Versions/A/Frameworks/FSEvents.framework/Versions/A/FSEvents
0x000000001d28c000 	/System/Library/Frameworks/CoreServices.framework/Versions/A/Frameworks/CarbonCore.framework/Versions/A/CarbonCore
0x000000001d28c000 	/System/Library/Frameworks/CoreServices.framework/Versions/A/Frameworks/Metadata.framework/Versions/A/Metadata
0x000000001d28c000 	/System/Library/Frameworks/CoreServices.framework/Versions/A/Frameworks/OSServices.framework/Versions/A/OSServices
0x000000001d28c000 	/System/Library/Frameworks/CoreServices.framework/Versions/A/Frameworks/SearchKit.framework/Versions/A/SearchKit
0x000000001d28c000 	/System/Library/Frameworks/CoreServices.framework/Versions/A/Frameworks/AE.framework/Versions/A/AE
0x000000001d28c000 	/System/Library/Frameworks/CoreServices.framework/Versions/A/Frameworks/LaunchServices.framework/Versions/A/LaunchServices
0x000000001d28c000 	/System/Library/Frameworks/CoreServices.framework/Versions/A/Frameworks/DictionaryServices.framework/Versions/A/DictionaryServices
0x000000001d28c000 	/System/Library/Frameworks/CoreServices.framework/Versions/A/Frameworks/SharedFileList.framework/Versions/A/SharedFileList
0x000000001d28c000 	/System/Library/Frameworks/NetFS.framework/Versions/A/NetFS
0x000000001d28c000 	/System/Library/PrivateFrameworks/NetAuth.framework/Versions/A/NetAuth
0x000000001d28c000 	/System/Library/PrivateFrameworks/login.framework/Versions/A/Frameworks/loginsupport.framework/Versions/A/loginsupport
0x000000001d28c000 	/System/Library/PrivateFrameworks/TCC.framework/Versions/A/TCC
0x000000001d28c000 	/usr/lib/libmecabra.dylib
0x000000001d28c000 	/System/Library/Frameworks/ApplicationServices.framework/Versions/A/Frameworks/ATS.framework/Versions/A/ATS
0x000000001d28c000 	/System/Library/Frameworks/ApplicationServices.framework/Versions/A/Frameworks/ColorSyncLegacy.framework/Versions/A/ColorSyncLegacy
0x000000001d28c000 	/System/Library/Frameworks/ApplicationServices.framework/Versions/A/Frameworks/HIServices.framework/Versions/A/HIServices
0x000000001d28c000 	/System/Library/Frameworks/ApplicationServices.framework/Versions/A/Frameworks/LangAnalysis.framework/Versions/A/LangAnalysis
0x000000001d28c000 	/System/Library/Frameworks/ApplicationServices.framework/Versions/A/Frameworks/PrintCore.framework/Versions/A/PrintCore
0x000000001d28c000 	/System/Library/Frameworks/ApplicationServices.framework/Versions/A/Frameworks/QD.framework/Versions/A/QD
0x000000001d28c000 	/System/Library/Frameworks/ApplicationServices.framework/Versions/A/Frameworks/SpeechSynthesis.framework/Versions/A/SpeechSynthesis
0x000000001d28c000 	/System/Library/Frameworks/CoreDisplay.framework/Versions/A/CoreDisplay
0x000000001d28c000 	/System/Library/Frameworks/Accelerate.framework/Versions/A/Frameworks/vImage.framework/Versions/A/vImage
0x000000001d28c000 	/System/Library/Frameworks/Accelerate.framework/Versions/A/Frameworks/vecLib.framework/Versions/A/vecLib
0x000000001d28c000 	/System/Library/Frameworks/Accelerate.framework/Versions/A/Frameworks/vecLib.framework/Versions/A/libvDSP.dylib
0x000000001d28c000 	/System/Library/Frameworks/Accelerate.framework/Versions/A/Frameworks/vecLib.framework/Versions/A/libBNNS.dylib
0x000000001d28c000 	/System/Library/Frameworks/Accelerate.framework/Versions/A/Frameworks/vecLib.framework/Versions/A/libQuadrature.dylib
0x000000001d28c000 	/System/Library/Frameworks/Accelerate.framework/Versions/A/Frameworks/vecLib.framework/Versions/A/libvMisc.dylib
0x000000001d28c000 	/System/Library/Frameworks/Accelerate.framework/Versions/A/Frameworks/vecLib.framework/Versions/A/libLAPACK.dylib
0x000000001d28c000 	/System/Library/Frameworks/Accelerate.framework/Versions/A/Frameworks/vecLib.framework/Versions/A/libBLAS.dylib
0x000000001d28c000 	/System/Library/Frameworks/Accelerate.framework/Versions/A/Frameworks/vecLib.framework/Versions/A/libLinearAlgebra.dylib
0x000000001d28c000 	/System/Library/Frameworks/Accelerate.framework/Versions/A/Frameworks/vecLib.framework/Versions/A/libSparse.dylib
0x000000001d28c000 	/System/Library/Frameworks/Accelerate.framework/Versions/A/Frameworks/vecLib.framework/Versions/A/libSparseBLAS.dylib
0x000000001d28c000 	/System/Library/PrivateFrameworks/GPUWrangler.framework/Versions/A/GPUWrangler
0x000000001d28c000 	/System/Library/PrivateFrameworks/IOAccelerator.framework/Versions/A/IOAccelerator
0x000000001d28c000 	/System/Library/PrivateFrameworks/IOPresentment.framework/Versions/A/IOPresentment
0x000000001d28c000 	/System/Library/PrivateFrameworks/DSExternalDisplay.framework/Versions/A/DSExternalDisplay
0x000000001d28c000 	/System/Library/Frameworks/OpenGL.framework/Versions/A/Libraries/libCoreFSCache.dylib
0x000000001d28c000 	/System/Library/Frameworks/CoreVideo.framework/Versions/A/CoreVideo
0x000000001d28c000 	/System/Library/PrivateFrameworks/GraphVisualizer.framework/Versions/A/GraphVisualizer
0x000000001d28c000 	/System/Library/Frameworks/MetalPerformanceShaders.framework/Versions/A/MetalPerformanceShaders
0x000000001d28c000 	/usr/lib/libFosl_dynamic.dylib
0x000000001d28c000 	/System/Library/PrivateFrameworks/FaceCore.framework/Versions/A/FaceCore
0x000000001d28c000 	/System/Library/Frameworks/OpenCL.framework/Versions/A/OpenCL
0x000000001d28c000 	/usr/lib/libcompression.dylib
0x000000001d28c000 	/System/Library/Frameworks/ApplicationServices.framework/Versions/A/Frameworks/ATS.framework/Versions/A/Resources/libFontParser.dylib
0x000000001d28c000 	/System/Library/Frameworks/ApplicationServices.framework/Versions/A/Frameworks/ATS.framework/Versions/A/Resources/libFontRegistry.dylib
0x000000001d28c000 	/System/Library/Frameworks/ImageIO.framework/Versions/A/Resources/libJPEG.dylib
0x000000001d28c000 	/System/Library/Frameworks/ImageIO.framework/Versions/A/Resources/libTIFF.dylib
0x000000001d28c000 	/System/Library/Frameworks/ImageIO.framework/Versions/A/Resources/libPng.dylib
0x000000001d28c000 	/System/Library/Frameworks/ImageIO.framework/Versions/A/Resources/libGIF.dylib
0x000000001d28c000 	/System/Library/Frameworks/ImageIO.framework/Versions/A/Resources/libJP2.dylib
0x000000001d28c000 	/System/Library/Frameworks/ImageIO.framework/Versions/A/Resources/libRadiance.dylib
0x000000001d28c000 	/System/Library/PrivateFrameworks/AppleJPEG.framework/Versions/A/AppleJPEG
0x000000001d28c000 	/System/Library/Frameworks/MetalPerformanceShaders.framework/Frameworks/MPSCore.framework/Versions/A/MPSCore
0x000000001d28c000 	/System/Library/Frameworks/MetalPerformanceShaders.framework/Frameworks/MPSImage.framework/Versions/A/MPSImage
0x000000001d28c000 	/System/Library/Frameworks/MetalPerformanceShaders.framework/Frameworks/MPSNeuralNetwork.framework/Versions/A/MPSNeuralNetwork
0x000000001d28c000 	/System/Library/Frameworks/MetalPerformanceShaders.framework/Frameworks/MPSMatrix.framework/Versions/A/MPSMatrix
0x000000001d28c000 	/System/Library/PrivateFrameworks/MetalTools.framework/Versions/A/MetalTools
0x000000001d28c000 	/System/Library/Frameworks/OpenGL.framework/Versions/A/Libraries/libGLU.dylib
0x000000001d28c000 	/System/Library/Frameworks/OpenGL.framework/Versions/A/Libraries/libGFXShared.dylib
0x000000001d28c000 	/System/Library/Frameworks/OpenGL.framework/Versions/A/Libraries/libGL.dylib
0x000000001d28c000 	/System/Library/Frameworks/OpenGL.framework/Versions/A/Libraries/libGLImage.dylib
0x000000001d28c000 	/System/Library/Frameworks/OpenGL.framework/Versions/A/Libraries/libCVMSPluginSupport.dylib
0x000000001d28c000 	/System/Library/Frameworks/OpenGL.framework/Versions/A/Libraries/libCoreVMClient.dylib
0x000000001d28c000 	/usr/lib/libcups.2.dylib
0x000000001d28c000 	/System/Library/Frameworks/Kerberos.framework/Versions/A/Kerberos
0x000000001d28c000 	/System/Library/Frameworks/GSS.framework/Versions/A/GSS
0x000000001d28c000 	/usr/lib/libresolv.9.dylib
0x000000001d28c000 	/usr/lib/libiconv.2.dylib
0x000000001d28c000 	/System/Library/PrivateFrameworks/Heimdal.framework/Versions/A/Heimdal
0x000000001d28c000 	/usr/lib/libheimdal-asn1.dylib
0x000000001d28c000 	/System/Library/Frameworks/OpenDirectory.framework/Versions/A/OpenDirectory
0x000000001d28c000 	/System/Library/PrivateFrameworks/CommonAuth.framework/Versions/A/CommonAuth
0x000000001d28c000 	/System/Library/Frameworks/OpenDirectory.framework/Versions/A/Frameworks/CFOpenDirectory.framework/Versions/A/CFOpenDirectory
0x000000001d28c000 	/System/Library/Frameworks/SecurityFoundation.framework/Versions/A/SecurityFoundation
0x000000001d28c000 	/System/Library/PrivateFrameworks/APFS.framework/Versions/A/APFS
0x000000001d28c000 	/usr/lib/libutil.dylib
0x000000001d28c000 	/System/Library/PrivateFrameworks/AppleSauce.framework/Versions/A/AppleSauce
0x000000001d28c000 	/System/Library/PrivateFrameworks/LinguisticData.framework/Versions/A/LinguisticData
0x000000001d28c000 	/usr/lib/libmarisa.dylib
0x000000001d28c000 	/System/Library/PrivateFrameworks/Lexicon.framework/Versions/A/Lexicon
0x000000001d28c000 	/usr/lib/libChineseTokenizer.dylib
0x000000001d28c000 	/usr/lib/libcmph.dylib
0x000000001d28c000 	/System/Library/PrivateFrameworks/LanguageModeling.framework/Versions/A/LanguageModeling
0x000000001d28c000 	/System/Library/PrivateFrameworks/CoreEmoji.framework/Versions/A/CoreEmoji
0x000000001d28c000 	/System/Library/Frameworks/ServiceManagement.framework/Versions/A/ServiceManagement
0x000000001d28c000 	/System/Library/PrivateFrameworks/BackgroundTaskManagement.framework/Versions/A/BackgroundTaskManagement
0x000000001d28c000 	/usr/lib/libxslt.1.dylib
0x000000001d28c000 	/System/Library/Frameworks/Carbon.framework/Versions/A/Frameworks/Ink.framework/Versions/A/Ink
0x000000001d28c000 	/System/Library/PrivateFrameworks/TextureIO.framework/Versions/A/TextureIO
0x000000001d28c000 	/usr/lib/libate.dylib
0x000000001d28c000 	/System/Library/PrivateFrameworks/CrashReporterSupport.framework/Versions/A/CrashReporterSupport
0x000000001d28c000 	/System/Library/PrivateFrameworks/Sharing.framework/Versions/A/Sharing
0x000000001d28c000 	/System/Library/PrivateFrameworks/IconServices.framework/Versions/A/IconServices
0x000000001d28c000 	/System/Library/PrivateFrameworks/AuthKit.framework/Versions/A/AuthKit
0x000000001d28c000 	/System/Library/PrivateFrameworks/Apple80211.framework/Versions/A/Apple80211
0x000000001d28c000 	/System/Library/PrivateFrameworks/CoreUtils.framework/Versions/A/CoreUtils
0x000000001d28c000 	/System/Library/Frameworks/CoreWLAN.framework/Versions/A/CoreWLAN
0x000000001d28c000 	/System/Library/Frameworks/IOBluetooth.framework/Versions/A/IOBluetooth
0x000000001d28c000 	/System/Library/PrivateFrameworks/ProtocolBuffer.framework/Versions/A/ProtocolBuffer
0x000000001d28c000 	/System/Library/PrivateFrameworks/MobileKeyBag.framework/Versions/A/MobileKeyBag
0x000000001d28c000 	/System/Library/PrivateFrameworks/CorePhoneNumbers.framework/Versions/A/CorePhoneNumbers
0x000000001d28c000 	/System/Library/PrivateFrameworks/AppleIDAuthSupport.framework/Versions/A/AppleIDAuthSupport
0x000000001d28c000 	/System/Library/PrivateFrameworks/KeychainCircle.framework/Versions/A/KeychainCircle
0x000000001d28c000 	/System/Library/PrivateFrameworks/CoreWiFi.framework/Versions/A/CoreWiFi
0x000000001d28c000 	/System/Library/Frameworks/CoreBluetooth.framework/Versions/A/CoreBluetooth
0x000000001d28c000 	/System/Library/PrivateFrameworks/DebugSymbols.framework/Versions/A/DebugSymbols
0x000000001d28c000 	/System/Library/PrivateFrameworks/CoreSymbolication.framework/Versions/A/CoreSymbolication
0x000000001d28c000 	/System/Library/PrivateFrameworks/Symbolication.framework/Versions/A/Symbolication
0x000000001d28c000 	/System/Library/PrivateFrameworks/AppleFSCompression.framework/Versions/A/AppleFSCompression
0x000000001d28c000 	/System/Library/PrivateFrameworks/SpeechRecognitionCore.framework/Versions/A/SpeechRecognitionCore
0x000000010e800000 	/Applications/Android Studio.app/Contents/jre/jdk/Contents/Home/jre/lib/server/libjvm.dylib
0x000000001d28c000 	/usr/lib/libstdc++.6.0.9.dylib
0x000000010d772000 	/Applications/Android Studio.app/Contents/jre/jdk/Contents/Home/jre/lib/libverify.dylib
0x000000010d77e000 	/Applications/Android Studio.app/Contents/jre/jdk/Contents/Home/jre/lib/libjava.dylib
0x000000010f29c000 	/Applications/Android Studio.app/Contents/jre/jdk/Contents/Home/jre/lib/libzip.dylib
0x0000000115c2c000 	/Applications/Android Studio.app/Contents/jre/jdk/Contents/Home/jre/lib/libnet.dylib
0x0000000115c8b000 	/Applications/Android Studio.app/Contents/jre/jdk/Contents/Home/jre/lib/libnio.dylib
0x0000000115d6e000 	/Users/annascott/.gradle/native/25/osx-amd64/libnative-platform.dylib
0x0000000116166000 	/Applications/Android Studio.app/Contents/jre/jdk/Contents/Home/jre/lib/libmanagement.dylib
0x0000000117a60000 	/Applications/Android Studio.app/Contents/jre/jdk/Contents/Home/jre/lib/libawt.dylib
0x0000000118148000 	/Applications/Android Studio.app/Contents/jre/jdk/Contents/Home/jre/lib/./libmlib_image.dylib
0x000000001d28c000 	/System/Library/Frameworks/JavaVM.framework/Versions/A/Frameworks/JavaNativeFoundation.framework/Versions/A/JavaNativeFoundation
0x000000001d28c000 	/System/Library/Frameworks/JavaVM.framework/Versions/A/Frameworks/JavaRuntimeSupport.framework/Versions/A/JavaRuntimeSupport
0x000000001d28c000 	/System/Library/Frameworks/JavaVM.framework/Versions/A/JavaVM
0x000000001d28c000 	/System/Library/PrivateFrameworks/JavaLaunching.framework/Versions/A/JavaLaunching
0x000000001d28c000 	/System/Library/Frameworks/Carbon.framework/Versions/A/Carbon
0x000000001d28c000 	/System/Library/Frameworks/Carbon.framework/Versions/A/Frameworks/CommonPanels.framework/Versions/A/CommonPanels
0x000000001d28c000 	/System/Library/Frameworks/Carbon.framework/Versions/A/Frameworks/Help.framework/Versions/A/Help
0x000000001d28c000 	/System/Library/Frameworks/Carbon.framework/Versions/A/Frameworks/ImageCapture.framework/Versions/A/ImageCapture
0x000000001d28c000 	/System/Library/Frameworks/Carbon.framework/Versions/A/Frameworks/OpenScripting.framework/Versions/A/OpenScripting
0x000000001d28c000 	/System/Library/Frameworks/Carbon.framework/Versions/A/Frameworks/Print.framework/Versions/A/Print
0x000000001d28c000 	/System/Library/Frameworks/Carbon.framework/Versions/A/Frameworks/SecurityHI.framework/Versions/A/SecurityHI
0x0000000118874000 	/Applications/Android Studio.app/Contents/jre/jdk/Contents/Home/jre/lib/libawt_lwawt.dylib
0x0000000115b21000 	/Applications/Android Studio.app/Contents/jre/jdk/Contents/Home/jre/lib/./libosxapp.dylib
0x000000001d28c000 	/System/Library/Frameworks/ExceptionHandling.framework/Versions/A/ExceptionHandling

VM Arguments:
jvm_args: -Xmx1536m -Dfile.encoding=UTF-8 -Duser.country=US -Duser.language=en -Duser.variant 
java_command: org.gradle.launcher.daemon.bootstrap.GradleDaemon 4.6
java_class_path (initial): /Users/annascott/.gradle/wrapper/dists/gradle-4.6-all/bcst21l2brirad8k2ben1letg/gradle-4.6/lib/gradle-launcher-4.6.jar
Launcher Type: SUN_STANDARD

Environment Variables:
PATH=/Users/annascott/miniconda3/bin:/usr/local/bin:/usr/bin:/bin:/usr/sbin:/sbin
SHELL=/bin/bash

Signal Handlers:
SIGSEGV: [libjvm.dylib+0x570b99], sa_mask[0]=11111111011111110111111111111111, sa_flags=SA_ONSTACK|SA_RESTART|SA_SIGINFO
SIGBUS: [libjvm.dylib+0x570b99], sa_mask[0]=11111111011111110111111111111111, sa_flags=SA_RESTART|SA_SIGINFO
SIGFPE: [libjvm.dylib+0x461f7d], sa_mask[0]=11111111011111110111111111111111, sa_flags=SA_RESTART|SA_SIGINFO
SIGPIPE: [libjvm.dylib+0x461f7d], sa_mask[0]=11111111011111110111111111111111, sa_flags=SA_RESTART|SA_SIGINFO
SIGXFSZ: [libjvm.dylib+0x461f7d], sa_mask[0]=11111111011111110111111111111111, sa_flags=SA_RESTART|SA_SIGINFO
SIGILL: [libjvm.dylib+0x461f7d], sa_mask[0]=11111111011111110111111111111111, sa_flags=SA_RESTART|SA_SIGINFO
SIGUSR1: SIG_DFL, sa_mask[0]=00000000000000000000000000000000, sa_flags=none
SIGUSR2: [libjvm.dylib+0x46288e], sa_mask[0]=00100000000000000000000000000000, sa_flags=SA_RESTART|SA_SIGINFO
SIGHUP: [libjvm.dylib+0x460a77], sa_mask[0]=11111111011111110111111111111111, sa_flags=SA_RESTART|SA_SIGINFO
SIGINT: [libjvm.dylib+0x460a77], sa_mask[0]=11111111011111110111111111111111, sa_flags=SA_RESTART|SA_SIGINFO
SIGTERM: [libjvm.dylib+0x460a77], sa_mask[0]=11111111011111110111111111111111, sa_flags=SA_RESTART|SA_SIGINFO
SIGQUIT: [libjvm.dylib+0x460a77], sa_mask[0]=11111111011111110111111111111111, sa_flags=SA_RESTART|SA_SIGINFO


---------------  S Y S T E M  ---------------

OS:Bsduname:Darwin 17.7.0 Darwin Kernel Version 17.7.0: Thu Jun 21 22:53:14 PDT 2018; root:xnu-4570.71.2~1/RELEASE_X86_64 x86_64
rlimit: STACK 8192k, CORE 0k, NPROC 1418, NOFILE 10240, AS infinity
load average:1.81 1.81 1.77

CPU:total 8 (initial active 8) (4 cores per cpu, 2 threads per core) family 6 model 94 stepping 3, cmov, cx8, fxsr, mmx, sse, sse2, sse3, ssse3, sse4.1, sse4.2, popcnt, avx, avx2, aes, clmul, erms, rtm, 3dnowpref, lzcnt, ht, tsc, tscinvbit, bmi1, bmi2, adx

Memory: 4k page, physical 16777216k(2280440k free)

/proc/meminfo:


vm_info: OpenJDK 64-Bit Server VM (25.152-b06) for bsd-amd64 JRE (1.8.0_152-release-1136-b06), built by "builder" with gcc 4.2.1 Compatible Apple LLVM 9.1.0 (clang-902.0.39.2)

time: Thu Jan 17 14:49:11 2019
elapsed time: 10502 seconds (0d 2h 55m 2s)

